[0.033s] Invoking command in '/home/farog/ros2_ws/build/car_gazebo_plugin': CMAKE_PREFIX_PATH=${CMAKE_PREFIX_PATH}:/opt/ros/humble /usr/bin/cmake --build /home/farog/ros2_ws/build/car_gazebo_plugin -- -j20 -l20
[0.049s] [33mCMake Warning (dev) at /usr/share/cmake-3.22/Modules/FindPackageHandleStandardArgs.cmake:438 (message):
[0.050s]   The package name passed to `find_package_handle_standard_args` (PkgConfig)
[0.050s]   does not match the name of the calling package (gazebo).  This can lead to
[0.050s]   problems in calling code that expects `find_package` result variables
[0.050s]   (e.g., `_FOUND`) to follow a certain pattern.
[0.050s] Call Stack (most recent call first):
[0.050s]   /usr/share/cmake-3.22/Modules/FindPkgConfig.cmake:99 (find_package_handle_standard_args)
[0.050s]   /usr/lib/x86_64-linux-gnu/cmake/gazebo/gazebo-config.cmake:72 (include)
[0.050s]   CMakeLists.txt:9 (find_package)
[0.050s] This warning is for project developers.  Use -Wno-dev to suppress it.
[0.050s] [0m
[0.062s] -- Found DART: /usr/include (Required is at least version "6.6") found components: dart 
[0.078s] -- Found Protobuf: /usr/lib/x86_64-linux-gnu/libprotobuf.so (found version "3.12.4") 
[0.079s] -- Looking for ignition-math6 -- found version 6.15.0
[0.082s] -- Searching for dependencies of ignition-math6
[0.082s] -- Looking for OGRE...
[0.085s] -- Found Ogre Ghadamon (1.9.0)
[0.085s] -- Found OGRE: optimized;/usr/lib/x86_64-linux-gnu/libOgreMain.so;debug;/usr/lib/x86_64-linux-gnu/libOgreMain.so
[0.091s] -- Looking for OGRE_Paging...
[0.091s] -- Found OGRE_Paging: optimized;/usr/lib/x86_64-linux-gnu/libOgrePaging.so;debug;/usr/lib/x86_64-linux-gnu/libOgrePaging.so
[0.091s] -- Looking for OGRE_Terrain...
[0.091s] -- Found OGRE_Terrain: optimized;/usr/lib/x86_64-linux-gnu/libOgreTerrain.so;debug;/usr/lib/x86_64-linux-gnu/libOgreTerrain.so
[0.091s] -- Looking for OGRE_Property...
[0.091s] -- Found OGRE_Property: optimized;/usr/lib/x86_64-linux-gnu/libOgreProperty.so;debug;/usr/lib/x86_64-linux-gnu/libOgreProperty.so
[0.091s] -- Looking for OGRE_RTShaderSystem...
[0.091s] -- Found OGRE_RTShaderSystem: optimized;/usr/lib/x86_64-linux-gnu/libOgreRTShaderSystem.so;debug;/usr/lib/x86_64-linux-gnu/libOgreRTShaderSystem.so
[0.091s] -- Looking for OGRE_Volume...
[0.091s] -- Found OGRE_Volume: optimized;/usr/lib/x86_64-linux-gnu/libOgreVolume.so;debug;/usr/lib/x86_64-linux-gnu/libOgreVolume.so
[0.091s] -- Looking for OGRE_Overlay...
[0.091s] -- Found OGRE_Overlay: optimized;/usr/lib/x86_64-linux-gnu/libOgreOverlay.so;debug;/usr/lib/x86_64-linux-gnu/libOgreOverlay.so
[0.154s] -- Looking for ignition-math6 -- found version 6.15.0
[0.154s] -- Looking for ignition-transport8 -- found version 8.2.1
[0.154s] -- Searching for dependencies of ignition-transport8
[0.164s] -- Found Protobuf: /usr/lib/x86_64-linux-gnu/libprotobuf.so (found suitable version "3.12.4", minimum required is "3") 
[0.170s] -- Config-file not installed for ZeroMQ -- checking for pkg-config
[0.172s] -- Checking for module 'libzmq >= 4'
[0.178s] --   Found libzmq , version 4.3.4
[0.198s] -- Checking for module 'uuid'
[0.204s] --   Found uuid, version 2.37.2
[0.221s] -- Looking for ignition-msgs5 -- found version 5.8.1
[0.221s] -- Searching for dependencies of ignition-msgs5
[0.231s] -- Looking for ignition-math6 -- found version 6.15.0
[0.234s] -- Checking for module 'tinyxml2'
[0.240s] --   Found tinyxml2, version 9.0.0
[0.255s] -- Looking for ignition-msgs5 -- found version 5.8.1
[0.255s] -- Looking for ignition-common3 -- found version 3.14.0
[0.255s] -- Searching for dependencies of ignition-common3
[0.255s] -- Looking for dlfcn.h - found
[0.255s] -- Looking for libdl - found
[0.261s] -- Searching for <ignition-common3> component [graphics]
[0.261s] -- Looking for ignition-common3-graphics -- found version 3.14.0
[0.262s] -- Searching for dependencies of ignition-common3-graphics
[0.262s] -- Looking for ignition-math6 -- found version 6.15.0
[0.262s] -- Looking for ignition-fuel_tools4 -- found version 4.4.0
[0.263s] -- Searching for dependencies of ignition-fuel_tools4
[0.282s] -- Checking for module 'jsoncpp'
[0.288s] --   Found jsoncpp, version 1.9.5
[0.305s] -- Checking for module 'libzip'
[0.311s] --   Found libzip, version 1.7.3
[0.329s] -- Looking for ignition-common3 -- found version 3.14.0
[0.329s] -- Looking for ignition-math6 -- found version 6.15.0
[0.330s] -- Looking for ignition-msgs5 -- found version 5.8.1
[0.331s] -- Found gazebo_ros: 3.7.0 (/opt/ros/humble/share/gazebo_ros/cmake)
[0.430s] -- Found rosidl_generator_c: 3.1.5 (/opt/ros/humble/share/rosidl_generator_c/cmake)
[0.431s] -- Found rosidl_adapter: 3.1.5 (/opt/ros/humble/share/rosidl_adapter/cmake)
[0.434s] -- Found rosidl_generator_cpp: 3.1.5 (/opt/ros/humble/share/rosidl_generator_cpp/cmake)
[0.440s] -- Using all available rosidl_typesupport_c: rosidl_typesupport_fastrtps_c;rosidl_typesupport_introspection_c
[0.448s] -- Using all available rosidl_typesupport_cpp: rosidl_typesupport_fastrtps_cpp;rosidl_typesupport_introspection_cpp
[0.478s] -- Found rmw_implementation_cmake: 6.1.1 (/opt/ros/humble/share/rmw_implementation_cmake/cmake)
[0.479s] -- Found rmw_cyclonedds_cpp: 1.3.4 (/opt/ros/humble/share/rmw_cyclonedds_cpp/cmake)
[0.494s] -- Using RMW implementation 'rmw_cyclonedds_cpp' as default
[0.578s] -- Gazebo version: 11.10
[0.583s] -- Found gazebo_ros_pkgs: 3.7.0 (/opt/ros/humble/share/gazebo_ros_pkgs/cmake)
[0.583s] -- Found sensor_msgs: 4.2.3 (/opt/ros/humble/share/sensor_msgs/cmake)
[0.648s] -- Found nav_msgs: 4.2.3 (/opt/ros/humble/share/nav_msgs/cmake)
[0.692s] -- Found ackermann_msgs: 2.0.2 (/opt/ros/humble/share/ackermann_msgs/cmake)
[0.715s] -- Found tf2: 0.25.4 (/opt/ros/humble/share/tf2/cmake)
[0.719s] -- Found tf2_ros: 0.25.4 (/opt/ros/humble/share/tf2_ros/cmake)
[0.912s] -- Found ament_lint_auto: 0.12.8 (/opt/ros/humble/share/ament_lint_auto/cmake)
[0.951s] -- Added test 'cppcheck' to perform static code analysis on C / C++ code
[0.951s] -- Configured cppcheck include dirs: $<BUILD_INTERFACE:/home/farog/ros2_ws/src/car_gazebo_plugin/include>
[0.951s] -- Configured cppcheck exclude dirs and/or files: 
[0.951s] -- Added test 'cpplint' to check C / C++ code against the Google style
[0.951s] -- Configured cpplint exclude dirs and/or files: 
[0.951s] -- Added test 'lint_cmake' to check CMake code style
[0.952s] -- Added test 'uncrustify' to check C / C++ code style
[0.952s] -- Configured uncrustify additional arguments: 
[0.952s] -- Added test 'xmllint' to check XML markup files
[0.952s] -- Configuring done
[0.966s] -- Generating done
[0.967s] -- Build files have been written to: /home/farog/ros2_ws/build/car_gazebo_plugin
[0.985s] [35m[1mConsolidate compiler generated dependencies of target car_gazebo_plugin[0m
[1.004s] [ 33%] [32mBuilding CXX object CMakeFiles/car_gazebo_plugin.dir/src/obstacle_avoidance.cpp.o[0m
[2.099s] [01m[K/home/farog/ros2_ws/src/car_gazebo_plugin/src/obstacle_avoidance.cpp:43:66:[m[K [01;31m[Kerror: [m[Kredeclaration of ‘[01m[Krclcpp::Subscription<sensor_msgs::msg::LaserScan_<std::allocator<void> > >::SharedPtr ObstacleAvoidance::subscription_[m[K’
[2.099s]    43 |     rclcpp::Subscription<sensor_msgs::msg::LaserScan>::SharedPtr [01;31m[Ksubscription_[m[K;
[2.099s]       |                                                                  [01;31m[K^~~~~~~~~~~~~[m[K
[2.099s] [01m[K/home/farog/ros2_ws/src/car_gazebo_plugin/src/obstacle_avoidance.cpp:18:66:[m[K [01;36m[Knote: [m[Kprevious declaration ‘[01m[Krclcpp::Subscription<sensor_msgs::msg::LaserScan_<std::allocator<void> > >::SharedPtr ObstacleAvoidance::subscription_[m[K’
[2.099s]    18 |     rclcpp::Subscription<sensor_msgs::msg::LaserScan>::SharedPtr [01;36m[Ksubscription_[m[K =
[2.099s]       |                                                                  [01;36m[K^~~~~~~~~~~~~[m[K
[2.099s] [01m[K/home/farog/ros2_ws/src/car_gazebo_plugin/src/obstacle_avoidance.cpp:22:18:[m[K [01;31m[Kerror: [m[KISO C++ forbids taking the address of an unqualified or parenthesized non-static member function to form a pointer to member function.  Say ‘[01m[K&ObstacleAvoidance::topic_callback[m[K’ [[01;31m[K]8;;https://gcc.gnu.org/onlinedocs/gcc/Warning-Options.html#index-fpermissive-fpermissive]8;;[m[K]
[2.099s]    22 |       std::bind(&[01;31m[Ktopic_callback[m[K, std::placeholders::_1));
[2.099s]       |                  [01;31m[K^~~~~~~~~~~~~~[m[K
[2.100s] In file included from [01m[K/usr/include/c++/11/pstl/glue_algorithm_defs.h:13[m[K,
[2.100s]                  from [01m[K/usr/include/c++/11/algorithm:74[m[K,
[2.100s]                  from [01m[K/opt/ros/humble/include/rclcpp/rclcpp/executor.hpp:18[m[K,
[2.100s]                  from [01m[K/opt/ros/humble/include/rclcpp/rclcpp/executors/multi_threaded_executor.hpp:25[m[K,
[2.100s]                  from [01m[K/opt/ros/humble/include/rclcpp/rclcpp/executors.hpp:21[m[K,
[2.100s]                  from [01m[K/opt/ros/humble/include/rclcpp/rclcpp/rclcpp.hpp:155[m[K,
[2.100s]                  from [01m[K/home/farog/ros2_ws/src/car_gazebo_plugin/src/obstacle_avoidance.cpp:1[m[K:
[2.100s] /usr/include/c++/11/functional: In instantiation of ‘[01m[Kstruct std::_Bind_check_arity<void (ObstacleAvoidance::*)(std::shared_ptr<sensor_msgs::msg::LaserScan_<std::allocator<void> > >), const std::_Placeholder<1>&>[m[K’:
[2.100s] [01m[K/usr/include/c++/11/functional:768:12:[m[K   required from ‘[01m[Kstruct std::_Bind_helper<false, void (ObstacleAvoidance::*)(std::shared_ptr<sensor_msgs::msg::LaserScan_<std::allocator<void> > >), const std::_Placeholder<1>&>[m[K’
[2.100s] [01m[K/usr/include/c++/11/functional:789:5:[m[K   required by substitution of ‘[01m[Ktemplate<class _Func, class ... _BoundArgs> typename std::_Bind_helper<std::__is_socketlike<_Func>::value, _Func, _BoundArgs ...>::type std::bind(_Func&&, _BoundArgs&& ...) [with _Func = void (ObstacleAvoidance::*)(std::shared_ptr<sensor_msgs::msg::LaserScan_<std::allocator<void> > >); _BoundArgs = {const std::_Placeholder<1>&}][m[K’
[2.100s] [01m[K/home/farog/ros2_ws/src/car_gazebo_plugin/src/obstacle_avoidance.cpp:22:16:[m[K   required from here
[2.100s] [01m[K/usr/include/c++/11/functional:756:21:[m[K [01;31m[Kerror: [m[Kstatic assertion failed: Wrong number of arguments for pointer-to-member
[2.100s]   755 |       static_assert(_Varargs::[01;31m[Kvalue[m[K
[2.100s]       |                               [01;31m[K~~~~~[m[K
[2.100s]   756 | [01;31m[K                    ? sizeof...(_BoundArgs) >= _Arity::value + 1[m[K
[2.100s]       |                     [01;31m[K^~~~~~~~~~~~~~~~~~~~~~~~~~~~~~~~~~~~~~~~~~~~[m[K
[2.100s]   757 | [01;31m[K                    : sizeof...(_BoundArgs) == _Arity::value + 1[m[K,
[2.100s]       |                     [01;31m[K~~~~~~~~~~~~~~~~~~~~~~~~~~~~~~~~~~~~~~~~~~~~[m[K
[2.100s] [01m[K/usr/include/c++/11/functional:756:21:[m[K [01;36m[Knote: [m[K‘[01m[K(false ? (1 >= (((long unsigned int)std::integral_constant<long unsigned int, 1>::value) + 1)) : (1 == (((long unsigned int)std::integral_constant<long unsigned int, 1>::value) + 1)))[m[K’ evaluates to false
[2.313s] In file included from [01m[K/opt/ros/humble/include/rclcpp/rclcpp/subscription_base.hpp:32[m[K,
[2.313s]                  from [01m[K/opt/ros/humble/include/rclcpp/rclcpp/callback_group.hpp:29[m[K,
[2.313s]                  from [01m[K/opt/ros/humble/include/rclcpp/rclcpp/any_executable.hpp:20[m[K,
[2.314s]                  from [01m[K/opt/ros/humble/include/rclcpp/rclcpp/memory_strategy.hpp:25[m[K,
[2.314s]                  from [01m[K/opt/ros/humble/include/rclcpp/rclcpp/memory_strategies.hpp:18[m[K,
[2.314s]                  from [01m[K/opt/ros/humble/include/rclcpp/rclcpp/executor_options.hpp:20[m[K,
[2.314s]                  from [01m[K/opt/ros/humble/include/rclcpp/rclcpp/executor.hpp:37[m[K,
[2.314s]                  from [01m[K/opt/ros/humble/include/rclcpp/rclcpp/executors/multi_threaded_executor.hpp:25[m[K,
[2.314s]                  from [01m[K/opt/ros/humble/include/rclcpp/rclcpp/executors.hpp:21[m[K,
[2.314s]                  from [01m[K/opt/ros/humble/include/rclcpp/rclcpp/rclcpp.hpp:155[m[K,
[2.314s]                  from [01m[K/home/farog/ros2_ws/src/car_gazebo_plugin/src/obstacle_avoidance.cpp:1[m[K:
[2.314s] /opt/ros/humble/include/rclcpp/rclcpp/any_subscription_callback.hpp: In instantiation of ‘[01m[Krclcpp::AnySubscriptionCallback<MessageT, AllocatorT> rclcpp::AnySubscriptionCallback<MessageT, AllocatorT>::set(CallbackT) [with CallbackT = std::_Bind<void (ObstacleAvoidance::*(std::_Placeholder<1>))(std::shared_ptr<sensor_msgs::msg::LaserScan_<std::allocator<void> > >)>; MessageT = sensor_msgs::msg::LaserScan_<std::allocator<void> >; AllocatorT = std::allocator<void>][m[K’:
[2.314s] [01m[K/opt/ros/humble/include/rclcpp/rclcpp/subscription_factory.hpp:94:32:[m[K   required from ‘[01m[Krclcpp::SubscriptionFactory rclcpp::create_subscription_factory(CallbackT&&, const rclcpp::SubscriptionOptionsWithAllocator<AllocatorT>&, typename MessageMemoryStrategyT::SharedPtr, std::shared_ptr<rclcpp::topic_statistics::SubscriptionTopicStatistics<ROSMessageType> >) [with MessageT = sensor_msgs::msg::LaserScan_<std::allocator<void> >; CallbackT = std::_Bind<void (ObstacleAvoidance::*(std::_Placeholder<1>))(std::shared_ptr<sensor_msgs::msg::LaserScan_<std::allocator<void> > >)>; AllocatorT = std::allocator<void>; SubscriptionT = rclcpp::Subscription<sensor_msgs::msg::LaserScan_<std::allocator<void> > >; MessageMemoryStrategyT = rclcpp::message_memory_strategy::MessageMemoryStrategy<sensor_msgs::msg::LaserScan_<std::allocator<void> >, std::allocator<void> >; ROSMessageType = sensor_msgs::msg::LaserScan_<std::allocator<void> >; typename MessageMemoryStrategyT::SharedPtr = std::shared_ptr<rclcpp::message_memory_strategy::MessageMemoryStrategy<sensor_msgs::msg::LaserScan_<std::allocator<void> >, std::allocator<void> > >][m[K’
[2.314s] [01m[K/opt/ros/humble/include/rclcpp/rclcpp/create_subscription.hpp:122:63:[m[K   required from ‘[01m[Kstd::shared_ptr<ROSMessageT> rclcpp::detail::create_subscription(NodeParametersT&, NodeTopicsT&, const string&, const rclcpp::QoS&, CallbackT&&, const rclcpp::SubscriptionOptionsWithAllocator<AllocatorT>&, typename MessageMemoryStrategyT::SharedPtr) [with MessageT = sensor_msgs::msg::LaserScan_<std::allocator<void> >; CallbackT = std::_Bind<void (ObstacleAvoidance::*(std::_Placeholder<1>))(std::shared_ptr<sensor_msgs::msg::LaserScan_<std::allocator<void> > >)>; AllocatorT = std::allocator<void>; SubscriptionT = rclcpp::Subscription<sensor_msgs::msg::LaserScan_<std::allocator<void> > >; MessageMemoryStrategyT = rclcpp::message_memory_strategy::MessageMemoryStrategy<sensor_msgs::msg::LaserScan_<std::allocator<void> >, std::allocator<void> >; NodeParametersT = rclcpp::Node; NodeTopicsT = rclcpp::Node; ROSMessageType = sensor_msgs::msg::LaserScan_<std::allocator<void> >; std::string = std::__cxx11::basic_string<char>; typename MessageMemoryStrategyT::SharedPtr = std::shared_ptr<rclcpp::message_memory_strategy::MessageMemoryStrategy<sensor_msgs::msg::LaserScan_<std::allocator<void> >, std::allocator<void> > >][m[K’
[2.314s] [01m[K/opt/ros/humble/include/rclcpp/rclcpp/create_subscription.hpp:191:76:[m[K   required from ‘[01m[Kstd::shared_ptr<ROSMessageT> rclcpp::create_subscription(NodeT&, const string&, const rclcpp::QoS&, CallbackT&&, const rclcpp::SubscriptionOptionsWithAllocator<AllocatorT>&, typename MessageMemoryStrategyT::SharedPtr) [with MessageT = sensor_msgs::msg::LaserScan_<std::allocator<void> >; CallbackT = std::_Bind<void (ObstacleAvoidance::*(std::_Placeholder<1>))(std::shared_ptr<sensor_msgs::msg::LaserScan_<std::allocator<void> > >)>; AllocatorT = std::allocator<void>; SubscriptionT = rclcpp::Subscription<sensor_msgs::msg::LaserScan_<std::allocator<void> > >; MessageMemoryStrategyT = rclcpp::message_memory_strategy::MessageMemoryStrategy<sensor_msgs::msg::LaserScan_<std::allocator<void> >, std::allocator<void> >; NodeT = rclcpp::Node; std::string = std::__cxx11::basic_string<char>; typename MessageMemoryStrategyT::SharedPtr = std::shared_ptr<rclcpp::message_memory_strategy::MessageMemoryStrategy<sensor_msgs::msg::LaserScan_<std::allocator<void> >, std::allocator<void> > >][m[K’
[2.314s] [01m[K/opt/ros/humble/include/rclcpp/rclcpp/node_impl.hpp:99:47:[m[K   required from ‘[01m[Kstd::shared_ptr<ROSMessageT> rclcpp::Node::create_subscription(const string&, const rclcpp::QoS&, CallbackT&&, const rclcpp::SubscriptionOptionsWithAllocator<AllocatorT>&, typename MessageMemoryStrategyT::SharedPtr) [with MessageT = sensor_msgs::msg::LaserScan_<std::allocator<void> >; CallbackT = std::_Bind<void (ObstacleAvoidance::*(std::_Placeholder<1>))(std::shared_ptr<sensor_msgs::msg::LaserScan_<std::allocator<void> > >)>; AllocatorT = std::allocator<void>; SubscriptionT = rclcpp::Subscription<sensor_msgs::msg::LaserScan_<std::allocator<void> > >; MessageMemoryStrategyT = rclcpp::message_memory_strategy::MessageMemoryStrategy<sensor_msgs::msg::LaserScan_<std::allocator<void> >, std::allocator<void> >; std::string = std::__cxx11::basic_string<char>; typename MessageMemoryStrategyT::SharedPtr = std::shared_ptr<rclcpp::message_memory_strategy::MessageMemoryStrategy<sensor_msgs::msg::LaserScan_<std::allocator<void> >, std::allocator<void> > >][m[K’
[2.314s] [01m[K/home/farog/ros2_ws/src/car_gazebo_plugin/src/obstacle_avoidance.cpp:19:59:[m[K   required from here
[2.314s] [01m[K/opt/ros/humble/include/rclcpp/rclcpp/any_subscription_callback.hpp:391:22:[m[K [01;31m[Kerror: [m[Kno matching function for call to ‘[01m[Kstd::function<void(std::shared_ptr<sensor_msgs::msg::LaserScan_<std::allocator<void> > >)>::function(std::_Bind<void (ObstacleAvoidance::*(std::_Placeholder<1>))(std::shared_ptr<sensor_msgs::msg::LaserScan_<std::allocator<void> > >)>&)[m[K’
[2.314s]   391 |       set_deprecated([01;31m[Kstatic_cast<typename scbth::callback_type>(callback)[m[K);
[2.314s]       |                      [01;31m[K^~~~~~~~~~~~~~~~~~~~~~~~~~~~~~~~~~~~~~~~~~~~~~~~~~~~[m[K
[2.314s] In file included from [01m[K/usr/include/c++/11/future:47[m[K,
[2.314s]                  from [01m[K/opt/ros/humble/include/rclcpp/rclcpp/executors.hpp:18[m[K,
[2.314s]                  from [01m[K/opt/ros/humble/include/rclcpp/rclcpp/rclcpp.hpp:155[m[K,
[2.314s]                  from [01m[K/home/farog/ros2_ws/src/car_gazebo_plugin/src/obstacle_avoidance.cpp:1[m[K:
[2.314s] [01m[K/usr/include/c++/11/bits/std_function.h:435:9:[m[K [01;36m[Knote: [m[Kcandidate: ‘[01m[Ktemplate<class _Functor, class _Constraints> std::function<_Res(_ArgTypes ...)>::function(_Functor&&) [with _Functor = _Functor; _Constraints = _Constraints; _Res = void; _ArgTypes = {std::shared_ptr<sensor_msgs::msg::LaserScan_<std::allocator<void> > >}][m[K’
[2.314s]   435 |         [01;36m[Kfunction[m[K(_Functor&& __f)
[2.314s]       |         [01;36m[K^~~~~~~~[m[K
[2.314s] [01m[K/usr/include/c++/11/bits/std_function.h:435:9:[m[K [01;36m[Knote: [m[K  template argument deduction/substitution failed:
[2.314s] In file included from [01m[K/usr/include/c++/11/bits/move.h:57[m[K,
[2.314s]                  from [01m[K/usr/include/c++/11/bits/stl_pair.h:59[m[K,
[2.314s]                  from [01m[K/usr/include/c++/11/bits/stl_algobase.h:64[m[K,
[2.314s]                  from [01m[K/usr/include/c++/11/memory:63[m[K,
[2.314s]                  from [01m[K/opt/ros/humble/include/rclcpp/rclcpp/rclcpp.hpp:153[m[K,
[2.314s]                  from [01m[K/home/farog/ros2_ws/src/car_gazebo_plugin/src/obstacle_avoidance.cpp:1[m[K:
[2.314s] /usr/include/c++/11/type_traits: In substitution of ‘[01m[Ktemplate<bool _Cond, class _Tp> using __enable_if_t = typename std::enable_if::type [with bool _Cond = false; _Tp = void][m[K’:
[2.314s] [01m[K/usr/include/c++/11/bits/std_function.h:353:8:[m[K   required by substitution of ‘[01m[Ktemplate<class _Res, class ... _ArgTypes> template<class _Cond, class _Tp> using _Requires = std::__enable_if_t<_Cond::value, _Tp> [with _Cond = std::function<void(std::shared_ptr<sensor_msgs::msg::LaserScan_<std::allocator<void> > >)>::_Callable<std::_Bind<void (ObstacleAvoidance::*(std::_Placeholder<1>))(std::shared_ptr<sensor_msgs::msg::LaserScan_<std::allocator<void> > >)>&, std::_Bind<void (ObstacleAvoidance::*(std::_Placeholder<1>))(std::shared_ptr<sensor_msgs::msg::LaserScan_<std::allocator<void> > >)>, std::__invoke_result<std::_Bind<void (ObstacleAvoidance::*(std::_Placeholder<1>))(std::shared_ptr<sensor_msgs::msg::LaserScan_<std::allocator<void> > >)>&, std::shared_ptr<sensor_msgs::msg::LaserScan_<std::allocator<void> > > > >; _Tp = void; _Res = void; _ArgTypes = {std::shared_ptr<sensor_msgs::msg::LaserScan_<std::allocator<void> > >}][m[K’
[2.314s] [01m[K/usr/include/c++/11/bits/std_function.h:434:9:[m[K   required from ‘[01m[Krclcpp::AnySubscriptionCallback<MessageT, AllocatorT> rclcpp::AnySubscriptionCallback<MessageT, AllocatorT>::set(CallbackT) [with CallbackT = std::_Bind<void (ObstacleAvoidance::*(std::_Placeholder<1>))(std::shared_ptr<sensor_msgs::msg::LaserScan_<std::allocator<void> > >)>; MessageT = sensor_msgs::msg::LaserScan_<std::allocator<void> >; AllocatorT = std::allocator<void>][m[K’
[2.314s] [01m[K/opt/ros/humble/include/rclcpp/rclcpp/subscription_factory.hpp:94:32:[m[K   required from ‘[01m[Krclcpp::SubscriptionFactory rclcpp::create_subscription_factory(CallbackT&&, const rclcpp::SubscriptionOptionsWithAllocator<AllocatorT>&, typename MessageMemoryStrategyT::SharedPtr, std::shared_ptr<rclcpp::topic_statistics::SubscriptionTopicStatistics<ROSMessageType> >) [with MessageT = sensor_msgs::msg::LaserScan_<std::allocator<void> >; CallbackT = std::_Bind<void (ObstacleAvoidance::*(std::_Placeholder<1>))(std::shared_ptr<sensor_msgs::msg::LaserScan_<std::allocator<void> > >)>; AllocatorT = std::allocator<void>; SubscriptionT = rclcpp::Subscription<sensor_msgs::msg::LaserScan_<std::allocator<void> > >; MessageMemoryStrategyT = rclcpp::message_memory_strategy::MessageMemoryStrategy<sensor_msgs::msg::LaserScan_<std::allocator<void> >, std::allocator<void> >; ROSMessageType = sensor_msgs::msg::LaserScan_<std::allocator<void> >; typename MessageMemoryStrategyT::SharedPtr = std::shared_ptr<rclcpp::message_memory_strategy::MessageMemoryStrategy<sensor_msgs::msg::LaserScan_<std::allocator<void> >, std::allocator<void> > >][m[K’
[2.314s] [01m[K/opt/ros/humble/include/rclcpp/rclcpp/create_subscription.hpp:122:63:[m[K   required from ‘[01m[Kstd::shared_ptr<ROSMessageT> rclcpp::detail::create_subscription(NodeParametersT&, NodeTopicsT&, const string&, const rclcpp::QoS&, CallbackT&&, const rclcpp::SubscriptionOptionsWithAllocator<AllocatorT>&, typename MessageMemoryStrategyT::SharedPtr) [with MessageT = sensor_msgs::msg::LaserScan_<std::allocator<void> >; CallbackT = std::_Bind<void (ObstacleAvoidance::*(std::_Placeholder<1>))(std::shared_ptr<sensor_msgs::msg::LaserScan_<std::allocator<void> > >)>; AllocatorT = std::allocator<void>; SubscriptionT = rclcpp::Subscription<sensor_msgs::msg::LaserScan_<std::allocator<void> > >; MessageMemoryStrategyT = rclcpp::message_memory_strategy::MessageMemoryStrategy<sensor_msgs::msg::LaserScan_<std::allocator<void> >, std::allocator<void> >; NodeParametersT = rclcpp::Node; NodeTopicsT = rclcpp::Node; ROSMessageType = sensor_msgs::msg::LaserScan_<std::allocator<void> >; std::string = std::__cxx11::basic_string<char>; typename MessageMemoryStrategyT::SharedPtr = std::shared_ptr<rclcpp::message_memory_strategy::MessageMemoryStrategy<sensor_msgs::msg::LaserScan_<std::allocator<void> >, std::allocator<void> > >][m[K’
[2.314s] [01m[K/opt/ros/humble/include/rclcpp/rclcpp/create_subscription.hpp:191:76:[m[K   required from ‘[01m[Kstd::shared_ptr<ROSMessageT> rclcpp::create_subscription(NodeT&, const string&, const rclcpp::QoS&, CallbackT&&, const rclcpp::SubscriptionOptionsWithAllocator<AllocatorT>&, typename MessageMemoryStrategyT::SharedPtr) [with MessageT = sensor_msgs::msg::LaserScan_<std::allocator<void> >; CallbackT = std::_Bind<void (ObstacleAvoidance::*(std::_Placeholder<1>))(std::shared_ptr<sensor_msgs::msg::LaserScan_<std::allocator<void> > >)>; AllocatorT = std::allocator<void>; SubscriptionT = rclcpp::Subscription<sensor_msgs::msg::LaserScan_<std::allocator<void> > >; MessageMemoryStrategyT = rclcpp::message_memory_strategy::MessageMemoryStrategy<sensor_msgs::msg::LaserScan_<std::allocator<void> >, std::allocator<void> >; NodeT = rclcpp::Node; std::string = std::__cxx11::basic_string<char>; typename MessageMemoryStrategyT::SharedPtr = std::shared_ptr<rclcpp::message_memory_strategy::MessageMemoryStrategy<sensor_msgs::msg::LaserScan_<std::allocator<void> >, std::allocator<void> > >][m[K’
[2.314s] [01m[K/opt/ros/humble/include/rclcpp/rclcpp/node_impl.hpp:99:47:[m[K   required from ‘[01m[Kstd::shared_ptr<ROSMessageT> rclcpp::Node::create_subscription(const string&, const rclcpp::QoS&, CallbackT&&, const rclcpp::SubscriptionOptionsWithAllocator<AllocatorT>&, typename MessageMemoryStrategyT::SharedPtr) [with MessageT = sensor_msgs::msg::LaserScan_<std::allocator<void> >; CallbackT = std::_Bind<void (ObstacleAvoidance::*(std::_Placeholder<1>))(std::shared_ptr<sensor_msgs::msg::LaserScan_<std::allocator<void> > >)>; AllocatorT = std::allocator<void>; SubscriptionT = rclcpp::Subscription<sensor_msgs::msg::LaserScan_<std::allocator<void> > >; MessageMemoryStrategyT = rclcpp::message_memory_strategy::MessageMemoryStrategy<sensor_msgs::msg::LaserScan_<std::allocator<void> >, std::allocator<void> >; std::string = std::__cxx11::basic_string<char>; typename MessageMemoryStrategyT::SharedPtr = std::shared_ptr<rclcpp::message_memory_strategy::MessageMemoryStrategy<sensor_msgs::msg::LaserScan_<std::allocator<void> >, std::allocator<void> > >][m[K’
[2.314s] [01m[K/home/farog/ros2_ws/src/car_gazebo_plugin/src/obstacle_avoidance.cpp:19:59:[m[K   required from here
[2.314s] [01m[K/usr/include/c++/11/type_traits:2205:11:[m[K [01;31m[Kerror: [m[Kno type named ‘[01m[Ktype[m[K’ in ‘[01m[Kstruct std::enable_if<false, void>[m[K’
[2.315s]  2205 |     using [01;31m[K__enable_if_t[m[K = typename enable_if<_Cond, _Tp>::type;
[2.315s]       |           [01;31m[K^~~~~~~~~~~~~[m[K
[2.315s] In file included from [01m[K/usr/include/c++/11/future:47[m[K,
[2.315s]                  from [01m[K/opt/ros/humble/include/rclcpp/rclcpp/executors.hpp:18[m[K,
[2.315s]                  from [01m[K/opt/ros/humble/include/rclcpp/rclcpp/rclcpp.hpp:155[m[K,
[2.315s]                  from [01m[K/home/farog/ros2_ws/src/car_gazebo_plugin/src/obstacle_avoidance.cpp:1[m[K:
[2.315s] /opt/ros/humble/include/rclcpp/rclcpp/any_subscription_callback.hpp: In instantiation of ‘[01m[Krclcpp::AnySubscriptionCallback<MessageT, AllocatorT> rclcpp::AnySubscriptionCallback<MessageT, AllocatorT>::set(CallbackT) [with CallbackT = std::_Bind<void (ObstacleAvoidance::*(std::_Placeholder<1>))(std::shared_ptr<sensor_msgs::msg::LaserScan_<std::allocator<void> > >)>; MessageT = sensor_msgs::msg::LaserScan_<std::allocator<void> >; AllocatorT = std::allocator<void>][m[K’:
[2.315s] [01m[K/opt/ros/humble/include/rclcpp/rclcpp/subscription_factory.hpp:94:32:[m[K   required from ‘[01m[Krclcpp::SubscriptionFactory rclcpp::create_subscription_factory(CallbackT&&, const rclcpp::SubscriptionOptionsWithAllocator<AllocatorT>&, typename MessageMemoryStrategyT::SharedPtr, std::shared_ptr<rclcpp::topic_statistics::SubscriptionTopicStatistics<ROSMessageType> >) [with MessageT = sensor_msgs::msg::LaserScan_<std::allocator<void> >; CallbackT = std::_Bind<void (ObstacleAvoidance::*(std::_Placeholder<1>))(std::shared_ptr<sensor_msgs::msg::LaserScan_<std::allocator<void> > >)>; AllocatorT = std::allocator<void>; SubscriptionT = rclcpp::Subscription<sensor_msgs::msg::LaserScan_<std::allocator<void> > >; MessageMemoryStrategyT = rclcpp::message_memory_strategy::MessageMemoryStrategy<sensor_msgs::msg::LaserScan_<std::allocator<void> >, std::allocator<void> >; ROSMessageType = sensor_msgs::msg::LaserScan_<std::allocator<void> >; typename MessageMemoryStrategyT::SharedPtr = std::shared_ptr<rclcpp::message_memory_strategy::MessageMemoryStrategy<sensor_msgs::msg::LaserScan_<std::allocator<void> >, std::allocator<void> > >][m[K’
[2.315s] [01m[K/opt/ros/humble/include/rclcpp/rclcpp/create_subscription.hpp:122:63:[m[K   required from ‘[01m[Kstd::shared_ptr<ROSMessageT> rclcpp::detail::create_subscription(NodeParametersT&, NodeTopicsT&, const string&, const rclcpp::QoS&, CallbackT&&, const rclcpp::SubscriptionOptionsWithAllocator<AllocatorT>&, typename MessageMemoryStrategyT::SharedPtr) [with MessageT = sensor_msgs::msg::LaserScan_<std::allocator<void> >; CallbackT = std::_Bind<void (ObstacleAvoidance::*(std::_Placeholder<1>))(std::shared_ptr<sensor_msgs::msg::LaserScan_<std::allocator<void> > >)>; AllocatorT = std::allocator<void>; SubscriptionT = rclcpp::Subscription<sensor_msgs::msg::LaserScan_<std::allocator<void> > >; MessageMemoryStrategyT = rclcpp::message_memory_strategy::MessageMemoryStrategy<sensor_msgs::msg::LaserScan_<std::allocator<void> >, std::allocator<void> >; NodeParametersT = rclcpp::Node; NodeTopicsT = rclcpp::Node; ROSMessageType = sensor_msgs::msg::LaserScan_<std::allocator<void> >; std::string = std::__cxx11::basic_string<char>; typename MessageMemoryStrategyT::SharedPtr = std::shared_ptr<rclcpp::message_memory_strategy::MessageMemoryStrategy<sensor_msgs::msg::LaserScan_<std::allocator<void> >, std::allocator<void> > >][m[K’
[2.315s] [01m[K/opt/ros/humble/include/rclcpp/rclcpp/create_subscription.hpp:191:76:[m[K   required from ‘[01m[Kstd::shared_ptr<ROSMessageT> rclcpp::create_subscription(NodeT&, const string&, const rclcpp::QoS&, CallbackT&&, const rclcpp::SubscriptionOptionsWithAllocator<AllocatorT>&, typename MessageMemoryStrategyT::SharedPtr) [with MessageT = sensor_msgs::msg::LaserScan_<std::allocator<void> >; CallbackT = std::_Bind<void (ObstacleAvoidance::*(std::_Placeholder<1>))(std::shared_ptr<sensor_msgs::msg::LaserScan_<std::allocator<void> > >)>; AllocatorT = std::allocator<void>; SubscriptionT = rclcpp::Subscription<sensor_msgs::msg::LaserScan_<std::allocator<void> > >; MessageMemoryStrategyT = rclcpp::message_memory_strategy::MessageMemoryStrategy<sensor_msgs::msg::LaserScan_<std::allocator<void> >, std::allocator<void> >; NodeT = rclcpp::Node; std::string = std::__cxx11::basic_string<char>; typename MessageMemoryStrategyT::SharedPtr = std::shared_ptr<rclcpp::message_memory_strategy::MessageMemoryStrategy<sensor_msgs::msg::LaserScan_<std::allocator<void> >, std::allocator<void> > >][m[K’
[2.315s] [01m[K/opt/ros/humble/include/rclcpp/rclcpp/node_impl.hpp:99:47:[m[K   required from ‘[01m[Kstd::shared_ptr<ROSMessageT> rclcpp::Node::create_subscription(const string&, const rclcpp::QoS&, CallbackT&&, const rclcpp::SubscriptionOptionsWithAllocator<AllocatorT>&, typename MessageMemoryStrategyT::SharedPtr) [with MessageT = sensor_msgs::msg::LaserScan_<std::allocator<void> >; CallbackT = std::_Bind<void (ObstacleAvoidance::*(std::_Placeholder<1>))(std::shared_ptr<sensor_msgs::msg::LaserScan_<std::allocator<void> > >)>; AllocatorT = std::allocator<void>; SubscriptionT = rclcpp::Subscription<sensor_msgs::msg::LaserScan_<std::allocator<void> > >; MessageMemoryStrategyT = rclcpp::message_memory_strategy::MessageMemoryStrategy<sensor_msgs::msg::LaserScan_<std::allocator<void> >, std::allocator<void> >; std::string = std::__cxx11::basic_string<char>; typename MessageMemoryStrategyT::SharedPtr = std::shared_ptr<rclcpp::message_memory_strategy::MessageMemoryStrategy<sensor_msgs::msg::LaserScan_<std::allocator<void> >, std::allocator<void> > >][m[K’
[2.315s] [01m[K/home/farog/ros2_ws/src/car_gazebo_plugin/src/obstacle_avoidance.cpp:19:59:[m[K   required from here
[2.315s] [01m[K/usr/include/c++/11/bits/std_function.h:404:7:[m[K [01;36m[Knote: [m[Kcandidate: ‘[01m[Kstd::function<_Res(_ArgTypes ...)>::function(std::function<_Res(_ArgTypes ...)>&&) [with _Res = void; _ArgTypes = {std::shared_ptr<sensor_msgs::msg::LaserScan_<std::allocator<void> > >}][m[K’
[2.315s]   404 |       [01;36m[Kfunction[m[K(function&& __x) noexcept
[2.315s]       |       [01;36m[K^~~~~~~~[m[K
[2.315s] [01m[K/usr/include/c++/11/bits/std_function.h:404:27:[m[K [01;36m[Knote: [m[K  no known conversion for argument 1 from ‘[01m[Kstd::_Bind<void (ObstacleAvoidance::*(std::_Placeholder<1>))(std::shared_ptr<sensor_msgs::msg::LaserScan_<std::allocator<void> > >)>[m[K’ to ‘[01m[Kstd::function<void(std::shared_ptr<sensor_msgs::msg::LaserScan_<std::allocator<void> > >)>&&[m[K’
[2.315s]   404 |       function([01;36m[Kfunction&& __x[m[K) noexcept
[2.315s]       |                [01;36m[K~~~~~~~~~~~^~~[m[K
[2.315s] [01m[K/usr/include/c++/11/bits/std_function.h:386:7:[m[K [01;36m[Knote: [m[Kcandidate: ‘[01m[Kstd::function<_Res(_ArgTypes ...)>::function(const std::function<_Res(_ArgTypes ...)>&) [with _Res = void; _ArgTypes = {std::shared_ptr<sensor_msgs::msg::LaserScan_<std::allocator<void> > >}][m[K’
[2.315s]   386 |       [01;36m[Kfunction[m[K(const function& __x)
[2.315s]       |       [01;36m[K^~~~~~~~[m[K
[2.315s] [01m[K/usr/include/c++/11/bits/std_function.h:386:32:[m[K [01;36m[Knote: [m[K  no known conversion for argument 1 from ‘[01m[Kstd::_Bind<void (ObstacleAvoidance::*(std::_Placeholder<1>))(std::shared_ptr<sensor_msgs::msg::LaserScan_<std::allocator<void> > >)>[m[K’ to ‘[01m[Kconst std::function<void(std::shared_ptr<sensor_msgs::msg::LaserScan_<std::allocator<void> > >)>&[m[K’
[2.315s]   386 |       function([01;36m[Kconst function& __x[m[K)
[2.315s]       |                [01;36m[K~~~~~~~~~~~~~~~~^~~[m[K
[2.315s] [01m[K/usr/include/c++/11/bits/std_function.h:375:7:[m[K [01;36m[Knote: [m[Kcandidate: ‘[01m[Kstd::function<_Res(_ArgTypes ...)>::function(std::nullptr_t) [with _Res = void; _ArgTypes = {std::shared_ptr<sensor_msgs::msg::LaserScan_<std::allocator<void> > >}; std::nullptr_t = std::nullptr_t][m[K’
[2.315s]   375 |       [01;36m[Kfunction[m[K(nullptr_t) noexcept
[2.315s]       |       [01;36m[K^~~~~~~~[m[K
[2.315s] [01m[K/usr/include/c++/11/bits/std_function.h:375:16:[m[K [01;36m[Knote: [m[K  no known conversion for argument 1 from ‘[01m[Kstd::_Bind<void (ObstacleAvoidance::*(std::_Placeholder<1>))(std::shared_ptr<sensor_msgs::msg::LaserScan_<std::allocator<void> > >)>[m[K’ to ‘[01m[Kstd::nullptr_t[m[K’
[2.315s]   375 |       function([01;36m[Knullptr_t[m[K) noexcept
[2.315s]       |                [01;36m[K^~~~~~~~~[m[K
[2.315s] [01m[K/usr/include/c++/11/bits/std_function.h:368:7:[m[K [01;36m[Knote: [m[Kcandidate: ‘[01m[Kstd::function<_Res(_ArgTypes ...)>::function() [with _Res = void; _ArgTypes = {std::shared_ptr<sensor_msgs::msg::LaserScan_<std::allocator<void> > >}][m[K’
[2.315s]   368 |       [01;36m[Kfunction[m[K() noexcept
[2.315s]       |       [01;36m[K^~~~~~~~[m[K
[2.315s] [01m[K/usr/include/c++/11/bits/std_function.h:368:7:[m[K [01;36m[Knote: [m[K  candidate expects 0 arguments, 1 provided
[3.270s] gmake[2]: *** [CMakeFiles/car_gazebo_plugin.dir/build.make:90: CMakeFiles/car_gazebo_plugin.dir/src/obstacle_avoidance.cpp.o] Error 1
[3.271s] gmake[1]: *** [CMakeFiles/Makefile2:137: CMakeFiles/car_gazebo_plugin.dir/all] Error 2
[3.271s] gmake: *** [Makefile:146: all] Error 2
[3.273s] Invoked command in '/home/farog/ros2_ws/build/car_gazebo_plugin' returned '2': CMAKE_PREFIX_PATH=${CMAKE_PREFIX_PATH}:/opt/ros/humble /usr/bin/cmake --build /home/farog/ros2_ws/build/car_gazebo_plugin -- -j20 -l20
