[0.011s] Invoking command in '/home/farog/ros2_ws/build/my_robot_description': CMAKE_PREFIX_PATH=${CMAKE_PREFIX_PATH}:/opt/ros/humble /usr/bin/cmake --build /home/farog/ros2_ws/build/my_robot_description -- -j20 -l20
[0.031s] Invoked command in '/home/farog/ros2_ws/build/my_robot_description' returned '0': CMAKE_PREFIX_PATH=${CMAKE_PREFIX_PATH}:/opt/ros/humble /usr/bin/cmake --build /home/farog/ros2_ws/build/my_robot_description -- -j20 -l20
[0.078s] Invoking command in '/home/farog/ros2_ws/build/my_robot_description': CMAKE_PREFIX_PATH=${CMAKE_PREFIX_PATH}:/opt/ros/humble /usr/bin/cmake --install /home/farog/ros2_ws/build/my_robot_description
[0.089s] -- Install configuration: ""
[0.089s] -- Up-to-date: /home/farog/ros2_ws/install/my_robot_description/share/my_robot_description//urdf
[0.089s] -- Installing: /home/farog/ros2_ws/install/my_robot_description/share/my_robot_description//urdf/ugv.urdf
[0.090s] -- Up-to-date: /home/farog/ros2_ws/install/my_robot_description/share/my_robot_description//launch
[0.090s] -- Up-to-date: /home/farog/ros2_ws/install/my_robot_description/share/my_robot_description//launch/display.launch.xml
[0.090s] -- Up-to-date: /home/farog/ros2_ws/install/my_robot_description/share/my_robot_description//meshes
[0.090s] -- Up-to-date: /home/farog/ros2_ws/install/my_robot_description/share/my_robot_description//meshes/wheel1.dae
[0.090s] -- Up-to-date: /home/farog/ros2_ws/install/my_robot_description/share/my_robot_description//meshes/body.dae
[0.090s] -- Up-to-date: /home/farog/ros2_ws/install/my_robot_description/share/my_robot_description//meshes/wheel2.dae
[0.090s] -- Up-to-date: /home/farog/ros2_ws/install/my_robot_description/share/ament_index/resource_index/package_run_dependencies/my_robot_description
[0.091s] -- Up-to-date: /home/farog/ros2_ws/install/my_robot_description/share/ament_index/resource_index/parent_prefix_path/my_robot_description
[0.091s] -- Up-to-date: /home/farog/ros2_ws/install/my_robot_description/share/my_robot_description/environment/ament_prefix_path.sh
[0.091s] -- Up-to-date: /home/farog/ros2_ws/install/my_robot_description/share/my_robot_description/environment/ament_prefix_path.dsv
[0.091s] -- Up-to-date: /home/farog/ros2_ws/install/my_robot_description/share/my_robot_description/environment/path.sh
[0.091s] -- Up-to-date: /home/farog/ros2_ws/install/my_robot_description/share/my_robot_description/environment/path.dsv
[0.091s] -- Up-to-date: /home/farog/ros2_ws/install/my_robot_description/share/my_robot_description/local_setup.bash
[0.091s] -- Up-to-date: /home/farog/ros2_ws/install/my_robot_description/share/my_robot_description/local_setup.sh
[0.091s] -- Up-to-date: /home/farog/ros2_ws/install/my_robot_description/share/my_robot_description/local_setup.zsh
[0.091s] -- Up-to-date: /home/farog/ros2_ws/install/my_robot_description/share/my_robot_description/local_setup.dsv
[0.091s] -- Installing: /home/farog/ros2_ws/install/my_robot_description/share/my_robot_description/package.dsv
[0.091s] -- Up-to-date: /home/farog/ros2_ws/install/my_robot_description/share/ament_index/resource_index/packages/my_robot_description
[0.092s] -- Up-to-date: /home/farog/ros2_ws/install/my_robot_description/share/my_robot_description/cmake/my_robot_descriptionConfig.cmake
[0.092s] -- Up-to-date: /home/farog/ros2_ws/install/my_robot_description/share/my_robot_description/cmake/my_robot_descriptionConfig-version.cmake
[0.092s] -- Up-to-date: /home/farog/ros2_ws/install/my_robot_description/share/my_robot_description/package.xml
[0.095s] Invoked command in '/home/farog/ros2_ws/build/my_robot_description' returned '0': CMAKE_PREFIX_PATH=${CMAKE_PREFIX_PATH}:/opt/ros/humble /usr/bin/cmake --install /home/farog/ros2_ws/build/my_robot_description
