[0.081s] Invoking command in '/home/farog/ros2_ws/src/build/turtlebot3_gazebo': CMAKE_PREFIX_PATH=${CMAKE_PREFIX_PATH}:/opt/ros/humble /usr/bin/cmake /home/farog/ros2_ws/src/turtlebot3_simulations/turtlebot3_gazebo -DCMAKE_INSTALL_PREFIX=/home/farog/ros2_ws/src/install/turtlebot3_gazebo
[0.577s] -- The C compiler identification is GNU 11.4.0
[0.670s] -- The CXX compiler identification is GNU 11.4.0
[0.686s] -- Detecting C compiler ABI info
[0.743s] -- Detecting C compiler ABI info - done
[0.752s] -- Check for working C compiler: /usr/bin/cc - skipped
[0.754s] -- Detecting C compile features
[0.755s] -- Detecting C compile features - done
[0.760s] -- Detecting CXX compiler ABI info
[0.823s] -- Detecting CXX compiler ABI info - done
[0.835s] -- Check for working CXX compiler: /usr/bin/c++ - skipped
[0.836s] -- Detecting CXX compile features
[0.836s] -- Detecting CXX compile features - done
[0.842s] -- Found ament_cmake: 1.3.5 (/opt/ros/humble/share/ament_cmake/cmake)
[0.943s] -- Found Python3: /usr/bin/python3.10 (found version "3.10.12") found components: Interpreter 
[1.026s] [33mCMake Warning (dev) at /usr/share/cmake-3.22/Modules/FindPackageHandleStandardArgs.cmake:438 (message):
[1.026s]   The package name passed to `find_package_handle_standard_args` (PkgConfig)
[1.026s]   does not match the name of the calling package (gazebo).  This can lead to
[1.026s]   problems in calling code that expects `find_package` result variables
[1.026s]   (e.g., `_FOUND`) to follow a certain pattern.
[1.026s] Call Stack (most recent call first):
[1.026s]   /usr/share/cmake-3.22/Modules/FindPkgConfig.cmake:99 (find_package_handle_standard_args)
[1.026s]   /usr/lib/x86_64-linux-gnu/cmake/gazebo/gazebo-config.cmake:72 (include)
[1.026s]   CMakeLists.txt:23 (find_package)
[1.026s] This warning is for project developers.  Use -Wno-dev to suppress it.
[1.026s] [0m
[1.026s] -- Found PkgConfig: /usr/bin/pkg-config (found version "0.29.2") 
[1.029s] -- Checking for module 'bullet>=2.82'
[1.037s] --   Found bullet, version 3.05
[1.108s] -- Found fcl: /usr/include (found suitable version "0.7.0", minimum required is "0.5.0") 
[1.149s] -- Found assimp: /usr/include (found version "5.2.0") 
[1.217s] -- Found DART: /usr/include (Required is at least version "6.6") found components: dart 
[1.395s] -- Found Boost: /usr/lib/x86_64-linux-gnu/cmake/Boost-1.74.0/BoostConfig.cmake (found suitable version "1.74.0", minimum required is "1.40.0") found components: thread system filesystem program_options regex iostreams date_time 
[1.470s] -- Found Protobuf: /usr/lib/x86_64-linux-gnu/libprotobuf.so (found version "3.12.4") 
[1.478s] -- Looking for ignition-math6 -- found version 6.15.0
[1.501s] -- Searching for dependencies of ignition-math6
[1.507s] -- Looking for OGRE...
[1.507s] -- OGRE_PREFIX_WATCH changed.
[1.510s] -- Checking for module 'OGRE'
[1.516s] --   Found OGRE, version 1.9.0
[1.532s] -- Found Ogre Ghadamon (1.9.0)
[1.538s] -- Found OGRE: optimized;/usr/lib/x86_64-linux-gnu/libOgreMain.so;debug;/usr/lib/x86_64-linux-gnu/libOgreMain.so
[1.544s] -- Looking for OGRE_Paging...
[1.547s] -- Found OGRE_Paging: optimized;/usr/lib/x86_64-linux-gnu/libOgrePaging.so;debug;/usr/lib/x86_64-linux-gnu/libOgrePaging.so
[1.547s] -- Looking for OGRE_Terrain...
[1.550s] -- Found OGRE_Terrain: optimized;/usr/lib/x86_64-linux-gnu/libOgreTerrain.so;debug;/usr/lib/x86_64-linux-gnu/libOgreTerrain.so
[1.550s] -- Looking for OGRE_Property...
[1.552s] -- Found OGRE_Property: optimized;/usr/lib/x86_64-linux-gnu/libOgreProperty.so;debug;/usr/lib/x86_64-linux-gnu/libOgreProperty.so
[1.552s] -- Looking for OGRE_RTShaderSystem...
[1.555s] -- Found OGRE_RTShaderSystem: optimized;/usr/lib/x86_64-linux-gnu/libOgreRTShaderSystem.so;debug;/usr/lib/x86_64-linux-gnu/libOgreRTShaderSystem.so
[1.555s] -- Looking for OGRE_Volume...
[1.558s] -- Found OGRE_Volume: optimized;/usr/lib/x86_64-linux-gnu/libOgreVolume.so;debug;/usr/lib/x86_64-linux-gnu/libOgreVolume.so
[1.558s] -- Looking for OGRE_Overlay...
[1.561s] -- Found OGRE_Overlay: optimized;/usr/lib/x86_64-linux-gnu/libOgreOverlay.so;debug;/usr/lib/x86_64-linux-gnu/libOgreOverlay.so
[1.619s] -- Looking for ignition-math6 -- found version 6.15.0
[1.622s] -- Looking for ignition-transport8 -- found version 8.2.1
[1.622s] -- Searching for dependencies of ignition-transport8
[1.633s] -- Found Protobuf: /usr/lib/x86_64-linux-gnu/libprotobuf.so (found suitable version "3.12.4", minimum required is "3") 
[1.640s] -- Config-file not installed for ZeroMQ -- checking for pkg-config
[1.642s] -- Checking for module 'libzmq >= 4'
[1.654s] --   Found libzmq , version 4.3.4
[1.670s] -- Found ZeroMQ: TRUE (Required is at least version "4") 
[1.677s] -- Checking for module 'uuid'
[1.685s] --   Found uuid, version 2.37.2
[1.704s] -- Found UUID: TRUE  
[1.708s] -- Looking for ignition-msgs5 -- found version 5.8.1
[1.708s] -- Searching for dependencies of ignition-msgs5
[1.720s] -- Looking for ignition-math6 -- found version 6.15.0
[1.723s] -- Checking for module 'tinyxml2'
[1.732s] --   Found tinyxml2, version 9.0.0
[1.753s] -- Looking for ignition-msgs5 -- found version 5.8.1
[1.756s] -- Looking for ignition-common3 -- found version 3.14.0
[1.757s] -- Searching for dependencies of ignition-common3
[1.758s] -- Looking for dlfcn.h - found
[1.758s] -- Looking for libdl - found
[1.759s] -- Found DL: TRUE  
[1.769s] -- Found tinyobjloader: /usr/lib/x86_64-linux-gnu/cmake/tinyobjloader/tinyobjloader-config.cmake (found version "2.0.0") 
[1.770s] -- Searching for <ignition-common3> component [graphics]
[1.773s] -- Looking for ignition-common3-graphics -- found version 3.14.0
[1.774s] -- Searching for dependencies of ignition-common3-graphics
[1.774s] -- Looking for ignition-math6 -- found version 6.15.0
[1.779s] -- Looking for ignition-fuel_tools4 -- found version 4.4.0
[1.780s] -- Searching for dependencies of ignition-fuel_tools4
[1.820s] -- Found CURL: /usr/lib/x86_64-linux-gnu/libcurl.so (found version "7.81.0")  
[1.829s] -- Checking for module 'jsoncpp'
[1.836s] --   Found jsoncpp, version 1.9.5
[1.851s] -- Found JSONCPP: TRUE  
[1.856s] -- Checking for module 'libzip'
[1.863s] --   Found libzip, version 1.7.3
[1.878s] -- Found ZIP: TRUE  
[1.878s] -- Looking for ignition-common3 -- found version 3.14.0
[1.878s] -- Looking for ignition-math6 -- found version 6.15.0
[1.878s] -- Looking for ignition-msgs5 -- found version 5.8.1
[1.887s] -- Found gazebo_ros_pkgs: 3.7.0 (/opt/ros/humble/share/gazebo_ros_pkgs/cmake)
[1.888s] -- Found geometry_msgs: 4.2.3 (/opt/ros/humble/share/geometry_msgs/cmake)
[1.905s] -- Found rosidl_generator_c: 3.1.5 (/opt/ros/humble/share/rosidl_generator_c/cmake)
[1.908s] -- Found rosidl_adapter: 3.1.5 (/opt/ros/humble/share/rosidl_adapter/cmake)
[1.913s] -- Found rosidl_generator_cpp: 3.1.5 (/opt/ros/humble/share/rosidl_generator_cpp/cmake)
[1.921s] -- Using all available rosidl_typesupport_c: rosidl_typesupport_fastrtps_c;rosidl_typesupport_introspection_c
[1.932s] -- Using all available rosidl_typesupport_cpp: rosidl_typesupport_fastrtps_cpp;rosidl_typesupport_introspection_cpp
[2.001s] -- Found nav_msgs: 4.2.3 (/opt/ros/humble/share/nav_msgs/cmake)
[2.050s] -- Found rclcpp: 16.0.5 (/opt/ros/humble/share/rclcpp/cmake)
[2.083s] -- Found rmw_implementation_cmake: 6.1.1 (/opt/ros/humble/share/rmw_implementation_cmake/cmake)
[2.085s] -- Found rmw_cyclonedds_cpp: 1.3.4 (/opt/ros/humble/share/rmw_cyclonedds_cpp/cmake)
[2.104s] -- Using RMW implementation 'rmw_cyclonedds_cpp' as default
[2.109s] -- Found Threads: TRUE  
[2.181s] -- Found sensor_msgs: 4.2.3 (/opt/ros/humble/share/sensor_msgs/cmake)
[2.230s] -- Found tf2: 0.25.3 (/opt/ros/humble/share/tf2/cmake)
[2.306s] -- Configuring done
[2.355s] -- Generating done
[2.366s] -- Build files have been written to: /home/farog/ros2_ws/src/build/turtlebot3_gazebo
[2.373s] Invoked command in '/home/farog/ros2_ws/src/build/turtlebot3_gazebo' returned '0': CMAKE_PREFIX_PATH=${CMAKE_PREFIX_PATH}:/opt/ros/humble /usr/bin/cmake /home/farog/ros2_ws/src/turtlebot3_simulations/turtlebot3_gazebo -DCMAKE_INSTALL_PREFIX=/home/farog/ros2_ws/src/install/turtlebot3_gazebo
[2.379s] Invoking command in '/home/farog/ros2_ws/src/build/turtlebot3_gazebo': CMAKE_PREFIX_PATH=${CMAKE_PREFIX_PATH}:/opt/ros/humble /usr/bin/cmake --build /home/farog/ros2_ws/src/build/turtlebot3_gazebo -- -j20 -l20
[2.412s] [ 50%] [32mBuilding CXX object CMakeFiles/turtlebot3_drive.dir/src/turtlebot3_drive.cpp.o[0m
[2.412s] [ 50%] [32mBuilding CXX object CMakeFiles/obstacles.dir/models/turtlebot3_dqn_world/obstacle_plugin/obstacles.cc.o[0m
[2.412s] [ 50%] [32mBuilding CXX object CMakeFiles/obstacle2.dir/models/turtlebot3_dqn_world/obstacle_plugin/obstacle2.cc.o[0m
[2.412s] [ 50%] [32mBuilding CXX object CMakeFiles/obstacle1.dir/models/turtlebot3_dqn_world/obstacle_plugin/obstacle1.cc.o[0m
[9.441s] [ 62%] [32m[1mLinking CXX executable turtlebot3_drive[0m
[9.807s] [ 62%] Built target turtlebot3_drive
[10.622s] [ 75%] [32m[1mLinking CXX shared library libobstacle2.so[0m
[10.625s] [ 87%] [32m[1mLinking CXX shared library libobstacles.so[0m
[10.628s] [100%] [32m[1mLinking CXX shared library libobstacle1.so[0m
[10.800s] [100%] Built target obstacles
[10.801s] [100%] Built target obstacle1
[10.805s] [100%] Built target obstacle2
[10.811s] Invoked command in '/home/farog/ros2_ws/src/build/turtlebot3_gazebo' returned '0': CMAKE_PREFIX_PATH=${CMAKE_PREFIX_PATH}:/opt/ros/humble /usr/bin/cmake --build /home/farog/ros2_ws/src/build/turtlebot3_gazebo -- -j20 -l20
[10.831s] Invoking command in '/home/farog/ros2_ws/src/build/turtlebot3_gazebo': CMAKE_PREFIX_PATH=${CMAKE_PREFIX_PATH}:/opt/ros/humble /usr/bin/cmake --install /home/farog/ros2_ws/src/build/turtlebot3_gazebo
[10.835s] -- Install configuration: ""
[10.835s] -- Installing: /home/farog/ros2_ws/src/install/turtlebot3_gazebo/lib/turtlebot3_gazebo/turtlebot3_drive
[10.885s] -- Set runtime path of "/home/farog/ros2_ws/src/install/turtlebot3_gazebo/lib/turtlebot3_gazebo/turtlebot3_drive" to ""
[10.885s] -- Installing: /home/farog/ros2_ws/src/install/turtlebot3_gazebo/share/turtlebot3_gazebo//launch
[10.885s] -- Installing: /home/farog/ros2_ws/src/install/turtlebot3_gazebo/share/turtlebot3_gazebo//launch/turtlebot3_dqn_stage2.launch.py
[10.886s] -- Installing: /home/farog/ros2_ws/src/install/turtlebot3_gazebo/share/turtlebot3_gazebo//launch/turtlebot3_dqn_stage1.launch.py
[10.887s] -- Installing: /home/farog/ros2_ws/src/install/turtlebot3_gazebo/share/turtlebot3_gazebo//launch/turtlebot3_dqn_stage3.launch.py
[10.887s] -- Installing: /home/farog/ros2_ws/src/install/turtlebot3_gazebo/share/turtlebot3_gazebo//launch/turtlebot3_dqn_stage4.launch.py
[10.888s] -- Installing: /home/farog/ros2_ws/src/install/turtlebot3_gazebo/share/turtlebot3_gazebo//launch/empty_world.launch.py
[10.888s] -- Installing: /home/farog/ros2_ws/src/install/turtlebot3_gazebo/share/turtlebot3_gazebo//launch/robot_state_publisher.launch.py
[10.889s] -- Installing: /home/farog/ros2_ws/src/install/turtlebot3_gazebo/share/turtlebot3_gazebo//launch/turtlebot3_world.launch.py
[10.890s] -- Installing: /home/farog/ros2_ws/src/install/turtlebot3_gazebo/share/turtlebot3_gazebo//launch/turtlebot3_house.launch.py
[10.890s] -- Installing: /home/farog/ros2_ws/src/install/turtlebot3_gazebo/share/turtlebot3_gazebo//launch/spawn_turtlebot3.launch.py
[10.891s] -- Installing: /home/farog/ros2_ws/src/install/turtlebot3_gazebo/share/turtlebot3_gazebo//models
[10.891s] -- Installing: /home/farog/ros2_ws/src/install/turtlebot3_gazebo/share/turtlebot3_gazebo//models/turtlebot3_burger
[10.891s] -- Installing: /home/farog/ros2_ws/src/install/turtlebot3_gazebo/share/turtlebot3_gazebo//models/turtlebot3_burger/model.config
[10.892s] -- Installing: /home/farog/ros2_ws/src/install/turtlebot3_gazebo/share/turtlebot3_gazebo//models/turtlebot3_burger/model-1_4.sdf
[10.892s] -- Installing: /home/farog/ros2_ws/src/install/turtlebot3_gazebo/share/turtlebot3_gazebo//models/turtlebot3_burger/model.sdf
[10.893s] -- Installing: /home/farog/ros2_ws/src/install/turtlebot3_gazebo/share/turtlebot3_gazebo//models/turtlebot3_waffle_pi
[10.893s] -- Installing: /home/farog/ros2_ws/src/install/turtlebot3_gazebo/share/turtlebot3_gazebo//models/turtlebot3_waffle_pi/model.config
[10.894s] -- Installing: /home/farog/ros2_ws/src/install/turtlebot3_gazebo/share/turtlebot3_gazebo//models/turtlebot3_waffle_pi/model-1_4_.sdf
[10.895s] -- Installing: /home/farog/ros2_ws/src/install/turtlebot3_gazebo/share/turtlebot3_gazebo//models/turtlebot3_waffle_pi/model.sdf
[10.895s] -- Installing: /home/farog/ros2_ws/src/install/turtlebot3_gazebo/share/turtlebot3_gazebo//models/turtlebot3_house
[10.895s] -- Installing: /home/farog/ros2_ws/src/install/turtlebot3_gazebo/share/turtlebot3_gazebo//models/turtlebot3_house/model.config
[10.896s] -- Installing: /home/farog/ros2_ws/src/install/turtlebot3_gazebo/share/turtlebot3_gazebo//models/turtlebot3_house/model.sdf
[10.899s] -- Installing: /home/farog/ros2_ws/src/install/turtlebot3_gazebo/share/turtlebot3_gazebo//models/turtlebot3_dqn_world
[10.899s] -- Installing: /home/farog/ros2_ws/src/install/turtlebot3_gazebo/share/turtlebot3_gazebo//models/turtlebot3_dqn_world/obstacle1
[10.899s] -- Installing: /home/farog/ros2_ws/src/install/turtlebot3_gazebo/share/turtlebot3_gazebo//models/turtlebot3_dqn_world/obstacle1/model.config
[10.899s] -- Installing: /home/farog/ros2_ws/src/install/turtlebot3_gazebo/share/turtlebot3_gazebo//models/turtlebot3_dqn_world/obstacle1/model.sdf
[10.900s] -- Installing: /home/farog/ros2_ws/src/install/turtlebot3_gazebo/share/turtlebot3_gazebo//models/turtlebot3_dqn_world/obstacle2
[10.900s] -- Installing: /home/farog/ros2_ws/src/install/turtlebot3_gazebo/share/turtlebot3_gazebo//models/turtlebot3_dqn_world/obstacle2/model.config
[10.901s] -- Installing: /home/farog/ros2_ws/src/install/turtlebot3_gazebo/share/turtlebot3_gazebo//models/turtlebot3_dqn_world/obstacle2/model.sdf
[10.901s] -- Installing: /home/farog/ros2_ws/src/install/turtlebot3_gazebo/share/turtlebot3_gazebo//models/turtlebot3_dqn_world/model.config
[10.902s] -- Installing: /home/farog/ros2_ws/src/install/turtlebot3_gazebo/share/turtlebot3_gazebo//models/turtlebot3_dqn_world/obstacles
[10.902s] -- Installing: /home/farog/ros2_ws/src/install/turtlebot3_gazebo/share/turtlebot3_gazebo//models/turtlebot3_dqn_world/obstacles/model.config
[10.902s] -- Installing: /home/farog/ros2_ws/src/install/turtlebot3_gazebo/share/turtlebot3_gazebo//models/turtlebot3_dqn_world/obstacles/model.sdf
[10.904s] -- Installing: /home/farog/ros2_ws/src/install/turtlebot3_gazebo/share/turtlebot3_gazebo//models/turtlebot3_dqn_world/inner_walls
[10.904s] -- Installing: /home/farog/ros2_ws/src/install/turtlebot3_gazebo/share/turtlebot3_gazebo//models/turtlebot3_dqn_world/inner_walls/model.config
[10.905s] -- Installing: /home/farog/ros2_ws/src/install/turtlebot3_gazebo/share/turtlebot3_gazebo//models/turtlebot3_dqn_world/inner_walls/model.sdf
[10.906s] -- Installing: /home/farog/ros2_ws/src/install/turtlebot3_gazebo/share/turtlebot3_gazebo//models/turtlebot3_dqn_world/goal_box
[10.906s] -- Installing: /home/farog/ros2_ws/src/install/turtlebot3_gazebo/share/turtlebot3_gazebo//models/turtlebot3_dqn_world/goal_box/model.config
[10.907s] -- Installing: /home/farog/ros2_ws/src/install/turtlebot3_gazebo/share/turtlebot3_gazebo//models/turtlebot3_dqn_world/goal_box/model.sdf
[10.908s] -- Installing: /home/farog/ros2_ws/src/install/turtlebot3_gazebo/share/turtlebot3_gazebo//models/turtlebot3_dqn_world/model.sdf
[10.909s] -- Installing: /home/farog/ros2_ws/src/install/turtlebot3_gazebo/share/turtlebot3_gazebo//models/turtlebot3_dqn_world/obstacle_plugin
[10.909s] -- Installing: /home/farog/ros2_ws/src/install/turtlebot3_gazebo/share/turtlebot3_gazebo//models/turtlebot3_dqn_world/obstacle_plugin/obstacle1.cc
[10.910s] -- Installing: /home/farog/ros2_ws/src/install/turtlebot3_gazebo/share/turtlebot3_gazebo//models/turtlebot3_dqn_world/obstacle_plugin/obstacle2.cc
[10.910s] -- Installing: /home/farog/ros2_ws/src/install/turtlebot3_gazebo/share/turtlebot3_gazebo//models/turtlebot3_dqn_world/obstacle_plugin/obstacles.cc
[10.911s] -- Installing: /home/farog/ros2_ws/src/install/turtlebot3_gazebo/share/turtlebot3_gazebo//models/turtlebot3_dqn_world/obstacle_plugin/CMakeLists.txt
[10.912s] -- Installing: /home/farog/ros2_ws/src/install/turtlebot3_gazebo/share/turtlebot3_gazebo//models/turtlebot3_common
[10.912s] -- Installing: /home/farog/ros2_ws/src/install/turtlebot3_gazebo/share/turtlebot3_gazebo//models/turtlebot3_common/model.config
[10.912s] -- Installing: /home/farog/ros2_ws/src/install/turtlebot3_gazebo/share/turtlebot3_gazebo//models/turtlebot3_common/meshes
[10.912s] -- Installing: /home/farog/ros2_ws/src/install/turtlebot3_gazebo/share/turtlebot3_gazebo//models/turtlebot3_common/meshes/tire.dae
[10.913s] -- Installing: /home/farog/ros2_ws/src/install/turtlebot3_gazebo/share/turtlebot3_gazebo//models/turtlebot3_common/meshes/waffle_base.dae
[10.914s] -- Installing: /home/farog/ros2_ws/src/install/turtlebot3_gazebo/share/turtlebot3_gazebo//models/turtlebot3_common/meshes/lds.dae
[10.914s] -- Installing: /home/farog/ros2_ws/src/install/turtlebot3_gazebo/share/turtlebot3_gazebo//models/turtlebot3_common/meshes/r200.dae
[10.915s] -- Installing: /home/farog/ros2_ws/src/install/turtlebot3_gazebo/share/turtlebot3_gazebo//models/turtlebot3_common/meshes/burger_base.dae
[10.916s] -- Installing: /home/farog/ros2_ws/src/install/turtlebot3_gazebo/share/turtlebot3_gazebo//models/turtlebot3_common/meshes/waffle_pi_base.dae
[10.917s] -- Installing: /home/farog/ros2_ws/src/install/turtlebot3_gazebo/share/turtlebot3_gazebo//models/turtlebot3_waffle
[10.917s] -- Installing: /home/farog/ros2_ws/src/install/turtlebot3_gazebo/share/turtlebot3_gazebo//models/turtlebot3_waffle/model.config
[10.917s] -- Installing: /home/farog/ros2_ws/src/install/turtlebot3_gazebo/share/turtlebot3_gazebo//models/turtlebot3_waffle/model-1_4.sdf
[10.918s] -- Installing: /home/farog/ros2_ws/src/install/turtlebot3_gazebo/share/turtlebot3_gazebo//models/turtlebot3_waffle/model.sdf
[10.919s] -- Installing: /home/farog/ros2_ws/src/install/turtlebot3_gazebo/share/turtlebot3_gazebo//models/turtlebot3_world
[10.919s] -- Installing: /home/farog/ros2_ws/src/install/turtlebot3_gazebo/share/turtlebot3_gazebo//models/turtlebot3_world/model.config
[10.919s] -- Installing: /home/farog/ros2_ws/src/install/turtlebot3_gazebo/share/turtlebot3_gazebo//models/turtlebot3_world/model-1_4.sdf
[10.920s] -- Installing: /home/farog/ros2_ws/src/install/turtlebot3_gazebo/share/turtlebot3_gazebo//models/turtlebot3_world/model.sdf
[10.921s] -- Installing: /home/farog/ros2_ws/src/install/turtlebot3_gazebo/share/turtlebot3_gazebo//models/turtlebot3_world/meshes
[10.921s] -- Installing: /home/farog/ros2_ws/src/install/turtlebot3_gazebo/share/turtlebot3_gazebo//models/turtlebot3_world/meshes/wall.dae
[10.922s] -- Installing: /home/farog/ros2_ws/src/install/turtlebot3_gazebo/share/turtlebot3_gazebo//models/turtlebot3_world/meshes/hexagon.dae
[10.922s] -- Installing: /home/farog/ros2_ws/src/install/turtlebot3_gazebo/share/turtlebot3_gazebo//rviz
[10.922s] -- Installing: /home/farog/ros2_ws/src/install/turtlebot3_gazebo/share/turtlebot3_gazebo//rviz/tb3_gazebo.rviz
[10.924s] -- Installing: /home/farog/ros2_ws/src/install/turtlebot3_gazebo/share/turtlebot3_gazebo//urdf
[10.924s] -- Installing: /home/farog/ros2_ws/src/install/turtlebot3_gazebo/share/turtlebot3_gazebo//urdf/common_properties.urdf
[10.925s] -- Installing: /home/farog/ros2_ws/src/install/turtlebot3_gazebo/share/turtlebot3_gazebo//urdf/turtlebot3_burger.urdf
[10.925s] -- Installing: /home/farog/ros2_ws/src/install/turtlebot3_gazebo/share/turtlebot3_gazebo//urdf/turtlebot3_waffle_pi.urdf
[10.926s] -- Installing: /home/farog/ros2_ws/src/install/turtlebot3_gazebo/share/turtlebot3_gazebo//urdf/turtlebot3_waffle.urdf
[10.927s] -- Installing: /home/farog/ros2_ws/src/install/turtlebot3_gazebo/share/turtlebot3_gazebo//worlds
[10.927s] -- Installing: /home/farog/ros2_ws/src/install/turtlebot3_gazebo/share/turtlebot3_gazebo//worlds/turtlebot3_house.world
[10.927s] -- Installing: /home/farog/ros2_ws/src/install/turtlebot3_gazebo/share/turtlebot3_gazebo//worlds/turtlebot3_dqn_stage4.world
[10.928s] -- Installing: /home/farog/ros2_ws/src/install/turtlebot3_gazebo/share/turtlebot3_gazebo//worlds/turtlebot3_dqn_stage2.world
[10.929s] -- Installing: /home/farog/ros2_ws/src/install/turtlebot3_gazebo/share/turtlebot3_gazebo//worlds/turtlebot3_dqn_stage3.world
[10.929s] -- Installing: /home/farog/ros2_ws/src/install/turtlebot3_gazebo/share/turtlebot3_gazebo//worlds/turtlebot3_world.world
[10.930s] -- Installing: /home/farog/ros2_ws/src/install/turtlebot3_gazebo/share/turtlebot3_gazebo//worlds/turtlebot3_dqn_stage1.world
[10.930s] -- Installing: /home/farog/ros2_ws/src/install/turtlebot3_gazebo/share/turtlebot3_gazebo//worlds/empty_world.world
[10.931s] -- Installing: /home/farog/ros2_ws/src/install/turtlebot3_gazebo/include/
[10.931s] -- Installing: /home/farog/ros2_ws/src/install/turtlebot3_gazebo/include//turtlebot3_gazebo
[10.931s] -- Installing: /home/farog/ros2_ws/src/install/turtlebot3_gazebo/include//turtlebot3_gazebo/turtlebot3_drive.hpp
[10.931s] -- Installing: /home/farog/ros2_ws/src/install/turtlebot3_gazebo/share/ament_index/resource_index/package_run_dependencies/turtlebot3_gazebo
[10.932s] -- Installing: /home/farog/ros2_ws/src/install/turtlebot3_gazebo/share/ament_index/resource_index/parent_prefix_path/turtlebot3_gazebo
[10.932s] -- Installing: /home/farog/ros2_ws/src/install/turtlebot3_gazebo/share/turtlebot3_gazebo/environment/ament_prefix_path.sh
[10.933s] -- Installing: /home/farog/ros2_ws/src/install/turtlebot3_gazebo/share/turtlebot3_gazebo/environment/ament_prefix_path.dsv
[10.933s] -- Installing: /home/farog/ros2_ws/src/install/turtlebot3_gazebo/share/turtlebot3_gazebo/environment/path.sh
[10.934s] -- Installing: /home/farog/ros2_ws/src/install/turtlebot3_gazebo/share/turtlebot3_gazebo/environment/path.dsv
[10.934s] -- Installing: /home/farog/ros2_ws/src/install/turtlebot3_gazebo/share/turtlebot3_gazebo/local_setup.bash
[10.935s] -- Installing: /home/farog/ros2_ws/src/install/turtlebot3_gazebo/share/turtlebot3_gazebo/local_setup.sh
[10.936s] -- Installing: /home/farog/ros2_ws/src/install/turtlebot3_gazebo/share/turtlebot3_gazebo/local_setup.zsh
[10.937s] -- Installing: /home/farog/ros2_ws/src/install/turtlebot3_gazebo/share/turtlebot3_gazebo/local_setup.dsv
[10.937s] -- Installing: /home/farog/ros2_ws/src/install/turtlebot3_gazebo/share/turtlebot3_gazebo/package.dsv
[10.938s] -- Installing: /home/farog/ros2_ws/src/install/turtlebot3_gazebo/share/ament_index/resource_index/packages/turtlebot3_gazebo
[10.938s] -- Installing: /home/farog/ros2_ws/src/install/turtlebot3_gazebo/share/turtlebot3_gazebo/cmake/ament_cmake_export_include_directories-extras.cmake
[10.938s] -- Installing: /home/farog/ros2_ws/src/install/turtlebot3_gazebo/share/turtlebot3_gazebo/cmake/ament_cmake_export_dependencies-extras.cmake
[10.939s] -- Installing: /home/farog/ros2_ws/src/install/turtlebot3_gazebo/share/turtlebot3_gazebo/cmake/turtlebot3_gazeboConfig.cmake
[10.940s] -- Installing: /home/farog/ros2_ws/src/install/turtlebot3_gazebo/share/turtlebot3_gazebo/cmake/turtlebot3_gazeboConfig-version.cmake
[10.940s] -- Installing: /home/farog/ros2_ws/src/install/turtlebot3_gazebo/share/turtlebot3_gazebo/package.xml
[10.943s] Invoked command in '/home/farog/ros2_ws/src/build/turtlebot3_gazebo' returned '0': CMAKE_PREFIX_PATH=${CMAKE_PREFIX_PATH}:/opt/ros/humble /usr/bin/cmake --install /home/farog/ros2_ws/src/build/turtlebot3_gazebo
