-- Found ament_cmake: 1.3.5 (/opt/ros/humble/share/ament_cmake/cmake)
-- Configuring done
-- Generating done
-- Build files have been written to: /home/farog/ros2_ws/build/my_robot_description
-- Install configuration: ""
-- Up-to-date: /home/farog/ros2_ws/install/my_robot_description/share/my_robot_description//urdf
-- Up-to-date: /home/farog/ros2_ws/install/my_robot_description/share/my_robot_description//urdf/config
-- Installing: /home/farog/ros2_ws/install/my_robot_description/share/my_robot_description//urdf/config/diff_drive_controller.yaml
-- Up-to-date: /home/farog/ros2_ws/install/my_robot_description/share/my_robot_description//urdf/common_properties.xacro
-- Up-to-date: /home/farog/ros2_ws/install/my_robot_description/share/my_robot_description//urdf/ultrasonic.xacro
-- Installing: /home/farog/ros2_ws/install/my_robot_description/share/my_robot_description//urdf/mobile_base_gazebo.xacro
-- Up-to-date: /home/farog/ros2_ws/install/my_robot_description/share/my_robot_description//urdf/ugv.urdf
-- Up-to-date: /home/farog/ros2_ws/install/my_robot_description/share/my_robot_description//urdf/camera.xacro
-- Up-to-date: /home/farog/ros2_ws/install/my_robot_description/share/my_robot_description//urdf/lidar.xacro
[31mCMake Error at cmake_install.cmake:46 (file):
  file INSTALL cannot find
  "/home/farog/ros2_ws/src/my_robot_description/config": No such file or
  directory.

[0m
-- Up-to-date: /home/farog/ros2_ws/install/my_robot_description/share/my_robot_description//urdf/ugv.urdf.xacro
-- Up-to-date: /home/farog/ros2_ws/install/my_robot_description/share/my_robot_description//launch
-- Up-to-date: /home/farog/ros2_ws/install/my_robot_description/share/my_robot_description//launch/display.launch.xml
-- Up-to-date: /home/farog/ros2_ws/install/my_robot_description/share/my_robot_description//meshes
-- Up-to-date: /home/farog/ros2_ws/install/my_robot_description/share/my_robot_description//meshes/wheel1.dae
-- Up-to-date: /home/farog/ros2_ws/install/my_robot_description/share/my_robot_description//meshes/body.dae
-- Up-to-date: /home/farog/ros2_ws/install/my_robot_description/share/my_robot_description//meshes/body1.dae
-- Up-to-date: /home/farog/ros2_ws/install/my_robot_description/share/my_robot_description//meshes/model.dae
-- Up-to-date: /home/farog/ros2_ws/install/my_robot_description/share/my_robot_description//rviz
-- Up-to-date: /home/farog/ros2_ws/install/my_robot_description/share/my_robot_description//rviz/urdf_config.rviz
