[0.012s] Invoking command in '/home/farog/ros2_ws/build/my_robot_description': CMAKE_PREFIX_PATH=${CMAKE_PREFIX_PATH}:/opt/ros/humble /usr/bin/cmake --build /home/farog/ros2_ws/build/my_robot_description -- -j20 -l20
[0.025s] -- Found ament_cmake: 1.3.5 (/opt/ros/humble/share/ament_cmake/cmake)
[0.157s] -- Configuring done
[0.170s] -- Generating done
[0.174s] -- Build files have been written to: /home/farog/ros2_ws/build/my_robot_description
[0.190s] Invoked command in '/home/farog/ros2_ws/build/my_robot_description' returned '0': CMAKE_PREFIX_PATH=${CMAKE_PREFIX_PATH}:/opt/ros/humble /usr/bin/cmake --build /home/farog/ros2_ws/build/my_robot_description -- -j20 -l20
[0.243s] Invoking command in '/home/farog/ros2_ws/build/my_robot_description': CMAKE_PREFIX_PATH=${CMAKE_PREFIX_PATH}:/opt/ros/humble /usr/bin/cmake --install /home/farog/ros2_ws/build/my_robot_description
[0.254s] -- Install configuration: ""
[0.254s] -- Up-to-date: /home/farog/ros2_ws/install/my_robot_description/share/my_robot_description//urdf
[0.254s] -- Up-to-date: /home/farog/ros2_ws/install/my_robot_description/share/my_robot_description//urdf/config
[0.254s] -- Installing: /home/farog/ros2_ws/install/my_robot_description/share/my_robot_description//urdf/config/diff_drive_controller.yaml
[0.255s] -- Up-to-date: /home/farog/ros2_ws/install/my_robot_description/share/my_robot_description//urdf/common_properties.xacro
[0.255s] -- Up-to-date: /home/farog/ros2_ws/install/my_robot_description/share/my_robot_description//urdf/ultrasonic.xacro
[0.256s] -- Installing: /home/farog/ros2_ws/install/my_robot_description/share/my_robot_description//urdf/mobile_base_gazebo.xacro
[0.256s] -- Up-to-date: /home/farog/ros2_ws/install/my_robot_description/share/my_robot_description//urdf/ugv.urdf
[0.256s] -- Up-to-date: /home/farog/ros2_ws/install/my_robot_description/share/my_robot_description//urdf/camera.xacro
[0.256s] -- Up-to-date: /home/farog/ros2_ws/install/my_robot_description/share/my_robot_description//urdf/lidar.xacro
[0.257s] [31mCMake Error at cmake_install.cmake:46 (file):
[0.257s]   file INSTALL cannot find
[0.257s]   "/home/farog/ros2_ws/src/my_robot_description/config": No such file or
[0.257s]   directory.
[0.257s] 
[0.257s] [0m
[0.257s] -- Up-to-date: /home/farog/ros2_ws/install/my_robot_description/share/my_robot_description//urdf/ugv.urdf.xacro
[0.257s] -- Up-to-date: /home/farog/ros2_ws/install/my_robot_description/share/my_robot_description//launch
[0.257s] -- Up-to-date: /home/farog/ros2_ws/install/my_robot_description/share/my_robot_description//launch/display.launch.xml
[0.257s] -- Up-to-date: /home/farog/ros2_ws/install/my_robot_description/share/my_robot_description//meshes
[0.257s] -- Up-to-date: /home/farog/ros2_ws/install/my_robot_description/share/my_robot_description//meshes/wheel1.dae
[0.257s] -- Up-to-date: /home/farog/ros2_ws/install/my_robot_description/share/my_robot_description//meshes/body.dae
[0.257s] -- Up-to-date: /home/farog/ros2_ws/install/my_robot_description/share/my_robot_description//meshes/body1.dae
[0.257s] -- Up-to-date: /home/farog/ros2_ws/install/my_robot_description/share/my_robot_description//meshes/model.dae
[0.257s] -- Up-to-date: /home/farog/ros2_ws/install/my_robot_description/share/my_robot_description//rviz
[0.257s] -- Up-to-date: /home/farog/ros2_ws/install/my_robot_description/share/my_robot_description//rviz/urdf_config.rviz
[0.258s] Invoked command in '/home/farog/ros2_ws/build/my_robot_description' returned '1': CMAKE_PREFIX_PATH=${CMAKE_PREFIX_PATH}:/opt/ros/humble /usr/bin/cmake --install /home/farog/ros2_ws/build/my_robot_description
