[0.065s] Invoking command in '/home/farog/ros2_ws/build/my_robot_bringup': /usr/bin/cmake /home/farog/ros2_ws/src/my_robot_bringup -DCMAKE_INSTALL_PREFIX=/home/farog/ros2_ws/install/my_robot_bringup
[0.122s] -- The C compiler identification is GNU 11.4.0
[0.169s] -- The CXX compiler identification is GNU 11.4.0
[0.180s] -- Detecting C compiler ABI info
[0.244s] -- Detecting C compiler ABI info - done
[0.256s] -- Check for working C compiler: /usr/bin/cc - skipped
[0.257s] -- Detecting C compile features
[0.259s] -- Detecting C compile features - done
[0.266s] -- Detecting CXX compiler ABI info
[0.331s] -- Detecting CXX compiler ABI info - done
[0.339s] -- Check for working CXX compiler: /usr/bin/c++ - skipped
[0.339s] -- Detecting CXX compile features
[0.339s] -- Detecting CXX compile features - done
[0.344s] -- Found ament_cmake: 1.3.5 (/opt/ros/humble/share/ament_cmake/cmake)
[0.439s] -- Found Python3: /usr/bin/python3.10 (found version "3.10.12") found components: Interpreter 
[0.526s] Error parsing '/home/farog/ros2_ws/src/my_robot_bringup/package.xml':
[0.552s] Traceback (most recent call last):
[0.553s]   File "/opt/ros/humble/share/ament_cmake_core/cmake/core/package_xml_2_cmake.py", line 150, in <module>
[0.553s]     main()
[0.553s]   File "/opt/ros/humble/share/ament_cmake_core/cmake/core/package_xml_2_cmake.py", line 53, in main
[0.553s]     raise e
[0.553s]   File "/opt/ros/humble/share/ament_cmake_core/cmake/core/package_xml_2_cmake.py", line 49, in main
[0.553s]     package = parse_package_string(
[0.553s]   File "/usr/lib/python3/dist-packages/catkin_pkg/package.py", line 786, in parse_package_string
[0.553s]     raise InvalidPackage('Error(s):%s' % (''.join(['\n- %s' % e for e in errors])), filename)
[0.553s] catkin_pkg.package.InvalidPackage: Error(s) in package '/home/farog/ros2_ws/src/my_robot_bringup/package.xml':
[0.553s] Error(s):
[0.553s] - The generic dependency on 'gazebo_ros' is redundant with: exec_depend
[0.562s] [31mCMake Error at /opt/ros/humble/share/ament_cmake_core/cmake/core/ament_package_xml.cmake:95 (message):
[0.562s]   execute_process(/usr/bin/python3.10
[0.562s]   /opt/ros/humble/share/ament_cmake_core/cmake/core/package_xml_2_cmake.py
[0.562s]   /home/farog/ros2_ws/src/my_robot_bringup/package.xml
[0.562s]   /home/farog/ros2_ws/build/my_robot_bringup/ament_cmake_core/package.cmake)
[0.562s]   returned error code 1
[0.562s] Call Stack (most recent call first):
[0.562s]   /opt/ros/humble/share/ament_cmake_core/cmake/core/ament_package_xml.cmake:49 (_ament_package_xml)
[0.562s]   /opt/ros/humble/share/ament_cmake_core/cmake/core/ament_package.cmake:63 (ament_package_xml)
[0.562s]   CMakeLists.txt:16 (ament_package)
[0.562s] 
[0.562s] [0m
[0.562s] -- Configuring incomplete, errors occurred!
[0.562s] See also "/home/farog/ros2_ws/build/my_robot_bringup/CMakeFiles/CMakeOutput.log".
[0.568s] Invoked command in '/home/farog/ros2_ws/build/my_robot_bringup' returned '1': /usr/bin/cmake /home/farog/ros2_ws/src/my_robot_bringup -DCMAKE_INSTALL_PREFIX=/home/farog/ros2_ws/install/my_robot_bringup
