[0.028s] Invoking command in '/home/farog/ros2_ws/src/build/my_robot_bringup': AMENT_PREFIX_PATH=/home/farog/ros2_ws/src/install/my_robot_description:${AMENT_PREFIX_PATH} CMAKE_PREFIX_PATH=/home/farog/ros2_ws/src/install/my_robot_description:/home/farog/ros2_ws/install/my_robot_bringup:/home/farog/ros2_ws/install/my_robot_description:/opt/ros/humble /usr/bin/cmake --build /home/farog/ros2_ws/src/build/my_robot_bringup -- -j20 -l20
[0.086s] Invoked command in '/home/farog/ros2_ws/src/build/my_robot_bringup' returned '0': AMENT_PREFIX_PATH=/home/farog/ros2_ws/src/install/my_robot_description:${AMENT_PREFIX_PATH} CMAKE_PREFIX_PATH=/home/farog/ros2_ws/src/install/my_robot_description:/home/farog/ros2_ws/install/my_robot_bringup:/home/farog/ros2_ws/install/my_robot_description:/opt/ros/humble /usr/bin/cmake --build /home/farog/ros2_ws/src/build/my_robot_bringup -- -j20 -l20
[0.128s] Invoking command in '/home/farog/ros2_ws/src/build/my_robot_bringup': AMENT_PREFIX_PATH=/home/farog/ros2_ws/src/install/my_robot_description:${AMENT_PREFIX_PATH} CMAKE_PREFIX_PATH=/home/farog/ros2_ws/src/install/my_robot_description:/home/farog/ros2_ws/install/my_robot_bringup:/home/farog/ros2_ws/install/my_robot_description:/opt/ros/humble /usr/bin/cmake --install /home/farog/ros2_ws/src/build/my_robot_bringup
[0.143s] -- Install configuration: ""
[0.143s] -- Up-to-date: /home/farog/ros2_ws/src/install/my_robot_bringup/share/my_robot_bringup//launch
[0.144s] -- Installing: /home/farog/ros2_ws/src/install/my_robot_bringup/share/my_robot_bringup//launch/my_robot_gazebo.launch.xml
[0.145s] -- Up-to-date: /home/farog/ros2_ws/src/install/my_robot_bringup/share/my_robot_bringup//rviz
[0.145s] -- Up-to-date: /home/farog/ros2_ws/src/install/my_robot_bringup/share/my_robot_bringup//rviz/urdf_config.rviz
[0.145s] -- Up-to-date: /home/farog/ros2_ws/src/install/my_robot_bringup/share/ament_index/resource_index/package_run_dependencies/my_robot_bringup
[0.145s] -- Up-to-date: /home/farog/ros2_ws/src/install/my_robot_bringup/share/ament_index/resource_index/parent_prefix_path/my_robot_bringup
[0.145s] -- Up-to-date: /home/farog/ros2_ws/src/install/my_robot_bringup/share/my_robot_bringup/environment/ament_prefix_path.sh
[0.146s] -- Up-to-date: /home/farog/ros2_ws/src/install/my_robot_bringup/share/my_robot_bringup/environment/ament_prefix_path.dsv
[0.146s] -- Up-to-date: /home/farog/ros2_ws/src/install/my_robot_bringup/share/my_robot_bringup/environment/path.sh
[0.146s] -- Up-to-date: /home/farog/ros2_ws/src/install/my_robot_bringup/share/my_robot_bringup/environment/path.dsv
[0.146s] -- Up-to-date: /home/farog/ros2_ws/src/install/my_robot_bringup/share/my_robot_bringup/local_setup.bash
[0.146s] -- Up-to-date: /home/farog/ros2_ws/src/install/my_robot_bringup/share/my_robot_bringup/local_setup.sh
[0.146s] -- Up-to-date: /home/farog/ros2_ws/src/install/my_robot_bringup/share/my_robot_bringup/local_setup.zsh
[0.146s] -- Up-to-date: /home/farog/ros2_ws/src/install/my_robot_bringup/share/my_robot_bringup/local_setup.dsv
[0.146s] -- Up-to-date: /home/farog/ros2_ws/src/install/my_robot_bringup/share/my_robot_bringup/package.dsv
[0.146s] -- Up-to-date: /home/farog/ros2_ws/src/install/my_robot_bringup/share/ament_index/resource_index/packages/my_robot_bringup
[0.146s] -- Up-to-date: /home/farog/ros2_ws/src/install/my_robot_bringup/share/my_robot_bringup/cmake/my_robot_bringupConfig.cmake
[0.146s] -- Up-to-date: /home/farog/ros2_ws/src/install/my_robot_bringup/share/my_robot_bringup/cmake/my_robot_bringupConfig-version.cmake
[0.146s] -- Up-to-date: /home/farog/ros2_ws/src/install/my_robot_bringup/share/my_robot_bringup/package.xml
[0.150s] Invoked command in '/home/farog/ros2_ws/src/build/my_robot_bringup' returned '0': AMENT_PREFIX_PATH=/home/farog/ros2_ws/src/install/my_robot_description:${AMENT_PREFIX_PATH} CMAKE_PREFIX_PATH=/home/farog/ros2_ws/src/install/my_robot_description:/home/farog/ros2_ws/install/my_robot_bringup:/home/farog/ros2_ws/install/my_robot_description:/opt/ros/humble /usr/bin/cmake --install /home/farog/ros2_ws/src/build/my_robot_bringup
