[0.039s] Invoking command in '/home/farog/ros2_ws/build/my_robot_bringup': CMAKE_PREFIX_PATH=/home/farog/ros2_ws/install/my_robot_description:/home/farog/ros2_ws/install/turtlebot3_simulations:/home/farog/ros2_ws/install/turtlebot3_gazebo:/home/farog/ros2_ws/install/turtlebot3_fake_node:/home/farog/ros2_ws/install/my_robot_bringup:/home/farog/ros2_ws/install/car_gazebo_plugin:/opt/ros/humble /usr/bin/cmake --build /home/farog/ros2_ws/build/my_robot_bringup -- -j20 -l20
[0.067s] -- Found ament_cmake: 1.3.5 (/opt/ros/humble/share/ament_cmake/cmake)
[0.249s] -- Found rclcpp: 16.0.6 (/opt/ros/humble/share/rclcpp/cmake)
[0.360s] -- Found rosidl_generator_c: 3.1.5 (/opt/ros/humble/share/rosidl_generator_c/cmake)
[0.374s] -- Found rosidl_adapter: 3.1.5 (/opt/ros/humble/share/rosidl_adapter/cmake)
[0.413s] -- Found rosidl_generator_cpp: 3.1.5 (/opt/ros/humble/share/rosidl_generator_cpp/cmake)
[0.438s] -- Using all available rosidl_typesupport_c: rosidl_typesupport_fastrtps_c;rosidl_typesupport_introspection_c
[0.463s] -- Using all available rosidl_typesupport_cpp: rosidl_typesupport_fastrtps_cpp;rosidl_typesupport_introspection_cpp
[0.565s] -- Found rmw_implementation_cmake: 6.1.1 (/opt/ros/humble/share/rmw_implementation_cmake/cmake)
[0.576s] -- Found rmw_cyclonedds_cpp: 1.3.4 (/opt/ros/humble/share/rmw_cyclonedds_cpp/cmake)
[0.665s] -- Using RMW implementation 'rmw_cyclonedds_cpp' as default
[0.857s] -- Found rclpy: 3.3.10 (/opt/ros/humble/share/rclpy/cmake)
[0.914s] -- Configuring done
[0.928s] -- Generating done
[0.934s] -- Build files have been written to: /home/farog/ros2_ws/build/my_robot_bringup
[0.953s] Invoked command in '/home/farog/ros2_ws/build/my_robot_bringup' returned '0': CMAKE_PREFIX_PATH=/home/farog/ros2_ws/install/my_robot_description:/home/farog/ros2_ws/install/turtlebot3_simulations:/home/farog/ros2_ws/install/turtlebot3_gazebo:/home/farog/ros2_ws/install/turtlebot3_fake_node:/home/farog/ros2_ws/install/my_robot_bringup:/home/farog/ros2_ws/install/car_gazebo_plugin:/opt/ros/humble /usr/bin/cmake --build /home/farog/ros2_ws/build/my_robot_bringup -- -j20 -l20
[0.969s] Invoking command in '/home/farog/ros2_ws/build/my_robot_bringup': CMAKE_PREFIX_PATH=/home/farog/ros2_ws/install/my_robot_description:/home/farog/ros2_ws/install/turtlebot3_simulations:/home/farog/ros2_ws/install/turtlebot3_gazebo:/home/farog/ros2_ws/install/turtlebot3_fake_node:/home/farog/ros2_ws/install/my_robot_bringup:/home/farog/ros2_ws/install/car_gazebo_plugin:/opt/ros/humble /usr/bin/cmake --install /home/farog/ros2_ws/build/my_robot_bringup
[0.976s] -- Install configuration: ""
[0.976s] -- Up-to-date: /home/farog/ros2_ws/install/my_robot_bringup/share/my_robot_bringup//launch
[0.976s] -- Up-to-date: /home/farog/ros2_ws/install/my_robot_bringup/share/my_robot_bringup//launch/bringup.launch.py
[0.977s] -- Up-to-date: /home/farog/ros2_ws/install/my_robot_bringup/share/my_robot_bringup//launch/ugv_test1_map.pgm
[0.977s] -- Up-to-date: /home/farog/ros2_ws/install/my_robot_bringup/share/my_robot_bringup//launch/spawn_car.launch.py
[0.977s] -- Installing: /home/farog/ros2_ws/install/my_robot_bringup/share/my_robot_bringup//launch/params
[0.977s] -- Installing: /home/farog/ros2_ws/install/my_robot_bringup/share/my_robot_bringup//launch/params/intentionally_empty
[0.977s] -- Up-to-date: /home/farog/ros2_ws/install/my_robot_bringup/share/my_robot_bringup//launch/ugv_test1_map.posegraph
[0.977s] -- Up-to-date: /home/farog/ros2_ws/install/my_robot_bringup/share/my_robot_bringup//launch/my_robot_gazebo.launch.xml
[0.977s] -- Up-to-date: /home/farog/ros2_ws/install/my_robot_bringup/share/my_robot_bringup//launch/ugv_test1_map.yaml
[0.977s] -- Up-to-date: /home/farog/ros2_ws/install/my_robot_bringup/share/my_robot_bringup//launch/ugv_test1_map.data
[0.977s] -- Up-to-date: /home/farog/ros2_ws/install/my_robot_bringup/share/my_robot_bringup//rviz
[0.977s] -- Up-to-date: /home/farog/ros2_ws/install/my_robot_bringup/share/my_robot_bringup//rviz/urdf_config.rviz
[0.977s] -- Up-to-date: /home/farog/ros2_ws/install/my_robot_bringup/share/my_robot_bringup//worlds
[0.977s] -- Up-to-date: /home/farog/ros2_ws/install/my_robot_bringup/share/my_robot_bringup//worlds/house.world
[0.977s] -- Up-to-date: /home/farog/ros2_ws/install/my_robot_bringup/share/my_robot_bringup//worlds/desert.world
[0.978s] -- Up-to-date: /home/farog/ros2_ws/install/my_robot_bringup/share/my_robot_bringup//worlds/nav1.world
[0.978s] -- Up-to-date: /home/farog/ros2_ws/install/my_robot_bringup/share/my_robot_bringup//worlds/nav2.world
[0.978s] -- Up-to-date: /home/farog/ros2_ws/install/my_robot_bringup/share/my_robot_bringup//worlds/my_world.world
[0.978s] -- Up-to-date: /home/farog/ros2_ws/install/my_robot_bringup/share/my_robot_bringup//config
[0.978s] -- Installing: /home/farog/ros2_ws/install/my_robot_bringup/share/my_robot_bringup//config/nav2_params.yaml
[0.981s] -- Up-to-date: /home/farog/ros2_ws/install/my_robot_bringup/share/my_robot_bringup//config/red-crash.rviz
[0.981s] -- Installing: /home/farog/ros2_ws/install/my_robot_bringup/share/my_robot_bringup//config/blue_params.yaml
[0.984s] -- Up-to-date: /home/farog/ros2_ws/install/my_robot_bringup/share/my_robot_bringup//config/teleop_twist_joy.yaml
[0.984s] -- Up-to-date: /home/farog/ros2_ws/install/my_robot_bringup/share/my_robot_bringup//behavior_trees
[0.984s] -- Up-to-date: /home/farog/ros2_ws/install/my_robot_bringup/share/my_robot_bringup//behavior_trees/navigate_w_replanning_time2.xml
[0.984s] [31mCMake Error at cmake_install.cmake:46 (file):
[0.984s]   file INSTALL cannot find "/home/farog/ros2_ws/src/my_robot_bringup/params":
[0.984s]   No such file or directory.
[0.984s] 
[0.985s] [0m
[0.986s] Invoked command in '/home/farog/ros2_ws/build/my_robot_bringup' returned '1': CMAKE_PREFIX_PATH=/home/farog/ros2_ws/install/my_robot_description:/home/farog/ros2_ws/install/turtlebot3_simulations:/home/farog/ros2_ws/install/turtlebot3_gazebo:/home/farog/ros2_ws/install/turtlebot3_fake_node:/home/farog/ros2_ws/install/my_robot_bringup:/home/farog/ros2_ws/install/car_gazebo_plugin:/opt/ros/humble /usr/bin/cmake --install /home/farog/ros2_ws/build/my_robot_bringup
