[0.018s] Invoking command in '/home/farog/ros2_ws/src/build/turtlebot3_simulations': AMENT_PREFIX_PATH=/home/farog/ros2_ws/src/install/turtlebot3_gazebo:/home/farog/ros2_ws/src/install/turtlebot3_fake_node:${AMENT_PREFIX_PATH} CMAKE_PREFIX_PATH=/home/farog/ros2_ws/src/install/turtlebot3_gazebo:/home/farog/ros2_ws/src/install/turtlebot3_fake_node:/home/farog/ros2_ws/install/my_robot_bringup:/home/farog/ros2_ws/install/my_robot_description:/opt/ros/humble /usr/bin/cmake /home/farog/ros2_ws/src/turtlebot3_simulations/turtlebot3_simulations -DCMAKE_INSTALL_PREFIX=/home/farog/ros2_ws/src/install/turtlebot3_simulations
[0.078s] -- The C compiler identification is GNU 11.4.0
[0.129s] -- The CXX compiler identification is GNU 11.4.0
[0.135s] -- Detecting C compiler ABI info
[0.263s] -- Detecting C compiler ABI info - done
[0.292s] -- Check for working C compiler: /usr/bin/cc - skipped
[0.292s] -- Detecting C compile features
[0.293s] -- Detecting C compile features - done
[0.309s] -- Detecting CXX compiler ABI info
[0.474s] -- Detecting CXX compiler ABI info - done
[0.483s] -- Check for working CXX compiler: /usr/bin/c++ - skipped
[0.483s] -- Detecting CXX compile features
[0.483s] -- Detecting CXX compile features - done
[0.488s] -- Found ament_cmake: 1.3.5 (/opt/ros/humble/share/ament_cmake/cmake)
[0.598s] -- Found Python3: /usr/bin/python3.10 (found version "3.10.12") found components: Interpreter 
[0.722s] -- Configuring done
[0.744s] -- Generating done
[0.757s] -- Build files have been written to: /home/farog/ros2_ws/src/build/turtlebot3_simulations
[0.763s] Invoked command in '/home/farog/ros2_ws/src/build/turtlebot3_simulations' returned '0': AMENT_PREFIX_PATH=/home/farog/ros2_ws/src/install/turtlebot3_gazebo:/home/farog/ros2_ws/src/install/turtlebot3_fake_node:${AMENT_PREFIX_PATH} CMAKE_PREFIX_PATH=/home/farog/ros2_ws/src/install/turtlebot3_gazebo:/home/farog/ros2_ws/src/install/turtlebot3_fake_node:/home/farog/ros2_ws/install/my_robot_bringup:/home/farog/ros2_ws/install/my_robot_description:/opt/ros/humble /usr/bin/cmake /home/farog/ros2_ws/src/turtlebot3_simulations/turtlebot3_simulations -DCMAKE_INSTALL_PREFIX=/home/farog/ros2_ws/src/install/turtlebot3_simulations
[0.771s] Invoking command in '/home/farog/ros2_ws/src/build/turtlebot3_simulations': AMENT_PREFIX_PATH=/home/farog/ros2_ws/src/install/turtlebot3_gazebo:/home/farog/ros2_ws/src/install/turtlebot3_fake_node:${AMENT_PREFIX_PATH} CMAKE_PREFIX_PATH=/home/farog/ros2_ws/src/install/turtlebot3_gazebo:/home/farog/ros2_ws/src/install/turtlebot3_fake_node:/home/farog/ros2_ws/install/my_robot_bringup:/home/farog/ros2_ws/install/my_robot_description:/opt/ros/humble /usr/bin/cmake --build /home/farog/ros2_ws/src/build/turtlebot3_simulations -- -j20 -l20
[0.837s] Invoked command in '/home/farog/ros2_ws/src/build/turtlebot3_simulations' returned '0': AMENT_PREFIX_PATH=/home/farog/ros2_ws/src/install/turtlebot3_gazebo:/home/farog/ros2_ws/src/install/turtlebot3_fake_node:${AMENT_PREFIX_PATH} CMAKE_PREFIX_PATH=/home/farog/ros2_ws/src/install/turtlebot3_gazebo:/home/farog/ros2_ws/src/install/turtlebot3_fake_node:/home/farog/ros2_ws/install/my_robot_bringup:/home/farog/ros2_ws/install/my_robot_description:/opt/ros/humble /usr/bin/cmake --build /home/farog/ros2_ws/src/build/turtlebot3_simulations -- -j20 -l20
[0.878s] Invoking command in '/home/farog/ros2_ws/src/build/turtlebot3_simulations': AMENT_PREFIX_PATH=/home/farog/ros2_ws/src/install/turtlebot3_gazebo:/home/farog/ros2_ws/src/install/turtlebot3_fake_node:${AMENT_PREFIX_PATH} CMAKE_PREFIX_PATH=/home/farog/ros2_ws/src/install/turtlebot3_gazebo:/home/farog/ros2_ws/src/install/turtlebot3_fake_node:/home/farog/ros2_ws/install/my_robot_bringup:/home/farog/ros2_ws/install/my_robot_description:/opt/ros/humble /usr/bin/cmake --install /home/farog/ros2_ws/src/build/turtlebot3_simulations
[0.888s] -- Install configuration: ""
[0.888s] -- Installing: /home/farog/ros2_ws/src/install/turtlebot3_simulations/share/ament_index/resource_index/package_run_dependencies/turtlebot3_simulations
[0.890s] -- Installing: /home/farog/ros2_ws/src/install/turtlebot3_simulations/share/ament_index/resource_index/parent_prefix_path/turtlebot3_simulations
[0.891s] -- Installing: /home/farog/ros2_ws/src/install/turtlebot3_simulations/share/turtlebot3_simulations/environment/ament_prefix_path.sh
[0.905s] -- Installing: /home/farog/ros2_ws/src/install/turtlebot3_simulations/share/turtlebot3_simulations/environment/ament_prefix_path.dsv
[0.907s] -- Installing: /home/farog/ros2_ws/src/install/turtlebot3_simulations/share/turtlebot3_simulations/environment/path.sh
[0.909s] -- Installing: /home/farog/ros2_ws/src/install/turtlebot3_simulations/share/turtlebot3_simulations/environment/path.dsv
[0.910s] -- Installing: /home/farog/ros2_ws/src/install/turtlebot3_simulations/share/turtlebot3_simulations/local_setup.bash
[0.912s] -- Installing: /home/farog/ros2_ws/src/install/turtlebot3_simulations/share/turtlebot3_simulations/local_setup.sh
[0.914s] -- Installing: /home/farog/ros2_ws/src/install/turtlebot3_simulations/share/turtlebot3_simulations/local_setup.zsh
[0.915s] -- Installing: /home/farog/ros2_ws/src/install/turtlebot3_simulations/share/turtlebot3_simulations/local_setup.dsv
[0.915s] -- Installing: /home/farog/ros2_ws/src/install/turtlebot3_simulations/share/turtlebot3_simulations/package.dsv
[0.916s] -- Installing: /home/farog/ros2_ws/src/install/turtlebot3_simulations/share/ament_index/resource_index/packages/turtlebot3_simulations
[0.916s] -- Installing: /home/farog/ros2_ws/src/install/turtlebot3_simulations/share/turtlebot3_simulations/cmake/turtlebot3_simulationsConfig.cmake
[0.917s] -- Installing: /home/farog/ros2_ws/src/install/turtlebot3_simulations/share/turtlebot3_simulations/cmake/turtlebot3_simulationsConfig-version.cmake
[0.918s] -- Installing: /home/farog/ros2_ws/src/install/turtlebot3_simulations/share/turtlebot3_simulations/package.xml
[0.923s] Invoked command in '/home/farog/ros2_ws/src/build/turtlebot3_simulations' returned '0': AMENT_PREFIX_PATH=/home/farog/ros2_ws/src/install/turtlebot3_gazebo:/home/farog/ros2_ws/src/install/turtlebot3_fake_node:${AMENT_PREFIX_PATH} CMAKE_PREFIX_PATH=/home/farog/ros2_ws/src/install/turtlebot3_gazebo:/home/farog/ros2_ws/src/install/turtlebot3_fake_node:/home/farog/ros2_ws/install/my_robot_bringup:/home/farog/ros2_ws/install/my_robot_description:/opt/ros/humble /usr/bin/cmake --install /home/farog/ros2_ws/src/build/turtlebot3_simulations
