[0.037s] Invoking command in '/home/farog/ros2_ws/build/car_gazebo_plugin': CMAKE_PREFIX_PATH=${CMAKE_PREFIX_PATH}:/opt/ros/humble /usr/bin/cmake --build /home/farog/ros2_ws/build/car_gazebo_plugin -- -j20 -l20
[0.053s] [33mCMake Warning (dev) at /usr/share/cmake-3.22/Modules/FindPackageHandleStandardArgs.cmake:438 (message):
[0.054s]   The package name passed to `find_package_handle_standard_args` (PkgConfig)
[0.054s]   does not match the name of the calling package (gazebo).  This can lead to
[0.054s]   problems in calling code that expects `find_package` result variables
[0.054s]   (e.g., `_FOUND`) to follow a certain pattern.
[0.054s] Call Stack (most recent call first):
[0.054s]   /usr/share/cmake-3.22/Modules/FindPkgConfig.cmake:99 (find_package_handle_standard_args)
[0.054s]   /usr/lib/x86_64-linux-gnu/cmake/gazebo/gazebo-config.cmake:72 (include)
[0.054s]   CMakeLists.txt:9 (find_package)
[0.054s] This warning is for project developers.  Use -Wno-dev to suppress it.
[0.054s] [0m
[0.066s] -- Found DART: /usr/include (Required is at least version "6.6") found components: dart 
[0.082s] -- Found Protobuf: /usr/lib/x86_64-linux-gnu/libprotobuf.so (found version "3.12.4") 
[0.083s] -- Looking for ignition-math6 -- found version 6.15.0
[0.086s] -- Searching for dependencies of ignition-math6
[0.087s] -- Looking for OGRE...
[0.090s] -- Found Ogre Ghadamon (1.9.0)
[0.090s] -- Found OGRE: optimized;/usr/lib/x86_64-linux-gnu/libOgreMain.so;debug;/usr/lib/x86_64-linux-gnu/libOgreMain.so
[0.096s] -- Looking for OGRE_Paging...
[0.097s] -- Found OGRE_Paging: optimized;/usr/lib/x86_64-linux-gnu/libOgrePaging.so;debug;/usr/lib/x86_64-linux-gnu/libOgrePaging.so
[0.097s] -- Looking for OGRE_Terrain...
[0.097s] -- Found OGRE_Terrain: optimized;/usr/lib/x86_64-linux-gnu/libOgreTerrain.so;debug;/usr/lib/x86_64-linux-gnu/libOgreTerrain.so
[0.097s] -- Looking for OGRE_Property...
[0.097s] -- Found OGRE_Property: optimized;/usr/lib/x86_64-linux-gnu/libOgreProperty.so;debug;/usr/lib/x86_64-linux-gnu/libOgreProperty.so
[0.097s] -- Looking for OGRE_RTShaderSystem...
[0.098s] -- Found OGRE_RTShaderSystem: optimized;/usr/lib/x86_64-linux-gnu/libOgreRTShaderSystem.so;debug;/usr/lib/x86_64-linux-gnu/libOgreRTShaderSystem.so
[0.098s] -- Looking for OGRE_Volume...
[0.098s] -- Found OGRE_Volume: optimized;/usr/lib/x86_64-linux-gnu/libOgreVolume.so;debug;/usr/lib/x86_64-linux-gnu/libOgreVolume.so
[0.098s] -- Looking for OGRE_Overlay...
[0.098s] -- Found OGRE_Overlay: optimized;/usr/lib/x86_64-linux-gnu/libOgreOverlay.so;debug;/usr/lib/x86_64-linux-gnu/libOgreOverlay.so
[0.160s] -- Looking for ignition-math6 -- found version 6.15.0
[0.161s] -- Looking for ignition-transport8 -- found version 8.2.1
[0.161s] -- Searching for dependencies of ignition-transport8
[0.171s] -- Found Protobuf: /usr/lib/x86_64-linux-gnu/libprotobuf.so (found suitable version "3.12.4", minimum required is "3") 
[0.177s] -- Config-file not installed for ZeroMQ -- checking for pkg-config
[0.179s] -- Checking for module 'libzmq >= 4'
[0.185s] --   Found libzmq , version 4.3.4
[0.205s] -- Checking for module 'uuid'
[0.211s] --   Found uuid, version 2.37.2
[0.242s] -- Looking for ignition-msgs5 -- found version 5.8.1
[0.243s] -- Searching for dependencies of ignition-msgs5
[0.267s] -- Looking for ignition-math6 -- found version 6.15.0
[0.271s] -- Checking for module 'tinyxml2'
[0.278s] --   Found tinyxml2, version 9.0.0
[0.293s] -- Looking for ignition-msgs5 -- found version 5.8.1
[0.293s] -- Looking for ignition-common3 -- found version 3.14.0
[0.294s] -- Searching for dependencies of ignition-common3
[0.294s] -- Looking for dlfcn.h - found
[0.294s] -- Looking for libdl - found
[0.300s] -- Searching for <ignition-common3> component [graphics]
[0.300s] -- Looking for ignition-common3-graphics -- found version 3.14.0
[0.300s] -- Searching for dependencies of ignition-common3-graphics
[0.300s] -- Looking for ignition-math6 -- found version 6.15.0
[0.301s] -- Looking for ignition-fuel_tools4 -- found version 4.4.0
[0.301s] -- Searching for dependencies of ignition-fuel_tools4
[0.322s] -- Checking for module 'jsoncpp'
[0.329s] --   Found jsoncpp, version 1.9.5
[0.347s] -- Checking for module 'libzip'
[0.353s] --   Found libzip, version 1.7.3
[0.373s] -- Looking for ignition-common3 -- found version 3.14.0
[0.373s] -- Looking for ignition-math6 -- found version 6.15.0
[0.374s] -- Looking for ignition-msgs5 -- found version 5.8.1
[0.376s] -- Found gazebo_ros: 3.7.0 (/opt/ros/humble/share/gazebo_ros/cmake)
[0.516s] -- Found rosidl_generator_c: 3.1.5 (/opt/ros/humble/share/rosidl_generator_c/cmake)
[0.518s] -- Found rosidl_adapter: 3.1.5 (/opt/ros/humble/share/rosidl_adapter/cmake)
[0.521s] -- Found rosidl_generator_cpp: 3.1.5 (/opt/ros/humble/share/rosidl_generator_cpp/cmake)
[0.528s] -- Using all available rosidl_typesupport_c: rosidl_typesupport_fastrtps_c;rosidl_typesupport_introspection_c
[0.536s] -- Using all available rosidl_typesupport_cpp: rosidl_typesupport_fastrtps_cpp;rosidl_typesupport_introspection_cpp
[0.569s] -- Found rmw_implementation_cmake: 6.1.1 (/opt/ros/humble/share/rmw_implementation_cmake/cmake)
[0.569s] -- Found rmw_cyclonedds_cpp: 1.3.4 (/opt/ros/humble/share/rmw_cyclonedds_cpp/cmake)
[0.586s] -- Using RMW implementation 'rmw_cyclonedds_cpp' as default
[0.676s] -- Gazebo version: 11.10
[0.682s] -- Found gazebo_ros_pkgs: 3.7.0 (/opt/ros/humble/share/gazebo_ros_pkgs/cmake)
[0.682s] -- Found sensor_msgs: 4.2.3 (/opt/ros/humble/share/sensor_msgs/cmake)
[0.752s] -- Found nav_msgs: 4.2.3 (/opt/ros/humble/share/nav_msgs/cmake)
[0.800s] -- Found ackermann_msgs: 2.0.2 (/opt/ros/humble/share/ackermann_msgs/cmake)
[0.824s] -- Found tf2: 0.25.4 (/opt/ros/humble/share/tf2/cmake)
[0.829s] -- Found tf2_ros: 0.25.4 (/opt/ros/humble/share/tf2_ros/cmake)
[1.025s] -- Found ament_lint_auto: 0.12.8 (/opt/ros/humble/share/ament_lint_auto/cmake)
[1.064s] -- Added test 'cppcheck' to perform static code analysis on C / C++ code
[1.064s] -- Configured cppcheck include dirs: $<BUILD_INTERFACE:/home/farog/ros2_ws/src/car_gazebo_plugin/include>
[1.064s] -- Configured cppcheck exclude dirs and/or files: 
[1.064s] -- Added test 'cpplint' to check C / C++ code against the Google style
[1.064s] -- Configured cpplint exclude dirs and/or files: 
[1.064s] -- Added test 'lint_cmake' to check CMake code style
[1.064s] -- Added test 'uncrustify' to check C / C++ code style
[1.064s] -- Configured uncrustify additional arguments: 
[1.065s] -- Added test 'xmllint' to check XML markup files
[1.065s] -- Configuring done
[1.082s] -- Generating done
[1.084s] -- Build files have been written to: /home/farog/ros2_ws/build/car_gazebo_plugin
[1.103s] [35m[1mConsolidate compiler generated dependencies of target car_gazebo_plugin[0m
[1.121s] [ 50%] [32mBuilding CXX object CMakeFiles/car_gazebo_plugin.dir/src/car_gazebo_plugin.cpp.o[0m
[13.971s] [100%] [32m[1mLinking CXX shared library libcar_gazebo_plugin.so[0m
[14.734s] [100%] Built target car_gazebo_plugin
[14.739s] Invoked command in '/home/farog/ros2_ws/build/car_gazebo_plugin' returned '0': CMAKE_PREFIX_PATH=${CMAKE_PREFIX_PATH}:/opt/ros/humble /usr/bin/cmake --build /home/farog/ros2_ws/build/car_gazebo_plugin -- -j20 -l20
[14.755s] Invoking command in '/home/farog/ros2_ws/build/car_gazebo_plugin': CMAKE_PREFIX_PATH=${CMAKE_PREFIX_PATH}:/opt/ros/humble /usr/bin/cmake --install /home/farog/ros2_ws/build/car_gazebo_plugin
[14.759s] -- Install configuration: ""
[14.759s] -- Installing: /home/farog/ros2_ws/install/car_gazebo_plugin/share/car_gazebo_plugin/libcar_gazebo_plugin.so
[14.770s] -- Set runtime path of "/home/farog/ros2_ws/install/car_gazebo_plugin/share/car_gazebo_plugin/libcar_gazebo_plugin.so" to ""
[14.771s] -- Up-to-date: /home/farog/ros2_ws/install/car_gazebo_plugin/share/ament_index/resource_index/package_run_dependencies/car_gazebo_plugin
[14.771s] -- Up-to-date: /home/farog/ros2_ws/install/car_gazebo_plugin/share/ament_index/resource_index/parent_prefix_path/car_gazebo_plugin
[14.771s] -- Up-to-date: /home/farog/ros2_ws/install/car_gazebo_plugin/share/car_gazebo_plugin/environment/ament_prefix_path.sh
[14.771s] -- Installing: /home/farog/ros2_ws/install/car_gazebo_plugin/share/car_gazebo_plugin/environment/ament_prefix_path.dsv
[14.771s] -- Up-to-date: /home/farog/ros2_ws/install/car_gazebo_plugin/share/car_gazebo_plugin/environment/path.sh
[14.771s] -- Installing: /home/farog/ros2_ws/install/car_gazebo_plugin/share/car_gazebo_plugin/environment/path.dsv
[14.771s] -- Up-to-date: /home/farog/ros2_ws/install/car_gazebo_plugin/share/car_gazebo_plugin/local_setup.bash
[14.771s] -- Up-to-date: /home/farog/ros2_ws/install/car_gazebo_plugin/share/car_gazebo_plugin/local_setup.sh
[14.771s] -- Up-to-date: /home/farog/ros2_ws/install/car_gazebo_plugin/share/car_gazebo_plugin/local_setup.zsh
[14.771s] -- Installing: /home/farog/ros2_ws/install/car_gazebo_plugin/share/car_gazebo_plugin/local_setup.dsv
[14.771s] -- Installing: /home/farog/ros2_ws/install/car_gazebo_plugin/share/car_gazebo_plugin/package.dsv
[14.771s] -- Up-to-date: /home/farog/ros2_ws/install/car_gazebo_plugin/share/ament_index/resource_index/packages/car_gazebo_plugin
[14.771s] -- Up-to-date: /home/farog/ros2_ws/install/car_gazebo_plugin/share/car_gazebo_plugin/cmake/car_gazebo_pluginConfig.cmake
[14.771s] -- Up-to-date: /home/farog/ros2_ws/install/car_gazebo_plugin/share/car_gazebo_plugin/cmake/car_gazebo_pluginConfig-version.cmake
[14.771s] -- Up-to-date: /home/farog/ros2_ws/install/car_gazebo_plugin/share/car_gazebo_plugin/package.xml
[14.772s] Invoked command in '/home/farog/ros2_ws/build/car_gazebo_plugin' returned '0': CMAKE_PREFIX_PATH=${CMAKE_PREFIX_PATH}:/opt/ros/humble /usr/bin/cmake --install /home/farog/ros2_ws/build/car_gazebo_plugin
