[0.177s] DEBUG:colcon:Command line arguments: ['/usr/bin/colcon', 'build']
[0.177s] DEBUG:colcon:Parsed command line arguments: Namespace(log_base=None, log_level=None, verb_name='build', build_base='build', install_base='install', merge_install=False, symlink_install=False, test_result_base=None, continue_on_error=False, executor='parallel', parallel_workers=20, event_handlers=None, ignore_user_meta=False, metas=['./colcon.meta'], base_paths=['.'], packages_ignore=None, packages_ignore_regex=None, paths=None, packages_up_to=None, packages_up_to_regex=None, packages_above=None, packages_above_and_dependencies=None, packages_above_depth=None, packages_select_by_dep=None, packages_skip_by_dep=None, packages_skip_up_to=None, packages_select_build_failed=False, packages_skip_build_finished=False, packages_select_test_failures=False, packages_skip_test_passed=False, packages_select=None, packages_skip=None, packages_select_regex=None, packages_skip_regex=None, packages_start=None, packages_end=None, allow_overriding=[], cmake_args=None, cmake_target=None, cmake_target_skip_unavailable=False, cmake_clean_cache=False, cmake_clean_first=False, cmake_force_configure=False, ament_cmake_args=None, catkin_cmake_args=None, catkin_skip_building_tests=False, verb_parser=<colcon_defaults.argument_parser.defaults.DefaultArgumentsDecorator object at 0x7fa663fd7dc0>, verb_extension=<colcon_core.verb.build.BuildVerb object at 0x7fa663fb4790>, main=<bound method BuildVerb.main of <colcon_core.verb.build.BuildVerb object at 0x7fa663fb4790>>)
[0.189s] Level 1:colcon.colcon_core.package_discovery:discover_packages(colcon_meta) check parameters
[0.189s] Level 1:colcon.colcon_core.package_discovery:discover_packages(recursive) check parameters
[0.189s] Level 1:colcon.colcon_core.package_discovery:discover_packages(ignore) check parameters
[0.189s] Level 1:colcon.colcon_core.package_discovery:discover_packages(path) check parameters
[0.189s] Level 1:colcon.colcon_core.package_discovery:discover_packages(colcon_meta) discover
[0.189s] Level 1:colcon.colcon_core.package_discovery:discover_packages(recursive) discover
[0.189s] INFO:colcon.colcon_core.package_discovery:Crawling recursively for packages in '/home/farog/ros2_ws'
[0.189s] Level 1:colcon.colcon_core.package_identification:_identify(.) by extensions ['ignore', 'ignore_ament_install']
[0.189s] Level 1:colcon.colcon_core.package_identification:_identify(.) by extension 'ignore'
[0.189s] Level 1:colcon.colcon_core.package_identification:_identify(.) by extension 'ignore_ament_install'
[0.189s] Level 1:colcon.colcon_core.package_identification:_identify(.) by extensions ['colcon_pkg']
[0.189s] Level 1:colcon.colcon_core.package_identification:_identify(.) by extension 'colcon_pkg'
[0.189s] Level 1:colcon.colcon_core.package_identification:_identify(.) by extensions ['colcon_meta']
[0.189s] Level 1:colcon.colcon_core.package_identification:_identify(.) by extension 'colcon_meta'
[0.189s] Level 1:colcon.colcon_core.package_identification:_identify(.) by extensions ['ros']
[0.189s] Level 1:colcon.colcon_core.package_identification:_identify(.) by extension 'ros'
[0.195s] Level 1:colcon.colcon_core.package_identification:_identify(.) by extensions ['cmake', 'python']
[0.196s] Level 1:colcon.colcon_core.package_identification:_identify(.) by extension 'cmake'
[0.196s] Level 1:colcon.colcon_core.package_identification:_identify(.) by extension 'python'
[0.196s] Level 1:colcon.colcon_core.package_identification:_identify(.) by extensions ['python_setup_py']
[0.196s] Level 1:colcon.colcon_core.package_identification:_identify(.) by extension 'python_setup_py'
[0.196s] Level 1:colcon.colcon_core.package_identification:_identify(build) by extensions ['ignore', 'ignore_ament_install']
[0.196s] Level 1:colcon.colcon_core.package_identification:_identify(build) by extension 'ignore'
[0.196s] Level 1:colcon.colcon_core.package_identification:_identify(build) ignored
[0.196s] Level 1:colcon.colcon_core.package_identification:_identify(install) by extensions ['ignore', 'ignore_ament_install']
[0.196s] Level 1:colcon.colcon_core.package_identification:_identify(install) by extension 'ignore'
[0.196s] Level 1:colcon.colcon_core.package_identification:_identify(install) ignored
[0.196s] Level 1:colcon.colcon_core.package_identification:_identify(log) by extensions ['ignore', 'ignore_ament_install']
[0.196s] Level 1:colcon.colcon_core.package_identification:_identify(log) by extension 'ignore'
[0.196s] Level 1:colcon.colcon_core.package_identification:_identify(log) ignored
[0.196s] Level 1:colcon.colcon_core.package_identification:_identify(src) by extensions ['ignore', 'ignore_ament_install']
[0.196s] Level 1:colcon.colcon_core.package_identification:_identify(src) by extension 'ignore'
[0.196s] Level 1:colcon.colcon_core.package_identification:_identify(src) by extension 'ignore_ament_install'
[0.196s] Level 1:colcon.colcon_core.package_identification:_identify(src) by extensions ['colcon_pkg']
[0.196s] Level 1:colcon.colcon_core.package_identification:_identify(src) by extension 'colcon_pkg'
[0.196s] Level 1:colcon.colcon_core.package_identification:_identify(src) by extensions ['colcon_meta']
[0.196s] Level 1:colcon.colcon_core.package_identification:_identify(src) by extension 'colcon_meta'
[0.196s] Level 1:colcon.colcon_core.package_identification:_identify(src) by extensions ['ros']
[0.196s] Level 1:colcon.colcon_core.package_identification:_identify(src) by extension 'ros'
[0.196s] Level 1:colcon.colcon_core.package_identification:_identify(src) by extensions ['cmake', 'python']
[0.196s] Level 1:colcon.colcon_core.package_identification:_identify(src) by extension 'cmake'
[0.196s] Level 1:colcon.colcon_core.package_identification:_identify(src) by extension 'python'
[0.196s] Level 1:colcon.colcon_core.package_identification:_identify(src) by extensions ['python_setup_py']
[0.196s] Level 1:colcon.colcon_core.package_identification:_identify(src) by extension 'python_setup_py'
[0.197s] Level 1:colcon.colcon_core.package_identification:_identify(src/build) by extensions ['ignore', 'ignore_ament_install']
[0.197s] Level 1:colcon.colcon_core.package_identification:_identify(src/build) by extension 'ignore'
[0.197s] Level 1:colcon.colcon_core.package_identification:_identify(src/build) ignored
[0.197s] Level 1:colcon.colcon_core.package_identification:_identify(src/install) by extensions ['ignore', 'ignore_ament_install']
[0.197s] Level 1:colcon.colcon_core.package_identification:_identify(src/install) by extension 'ignore'
[0.197s] Level 1:colcon.colcon_core.package_identification:_identify(src/install) ignored
[0.197s] Level 1:colcon.colcon_core.package_identification:_identify(src/log) by extensions ['ignore', 'ignore_ament_install']
[0.197s] Level 1:colcon.colcon_core.package_identification:_identify(src/log) by extension 'ignore'
[0.197s] Level 1:colcon.colcon_core.package_identification:_identify(src/log) ignored
[0.197s] Level 1:colcon.colcon_core.package_identification:_identify(src/my_robot_bringup) by extensions ['ignore', 'ignore_ament_install']
[0.197s] Level 1:colcon.colcon_core.package_identification:_identify(src/my_robot_bringup) by extension 'ignore'
[0.197s] Level 1:colcon.colcon_core.package_identification:_identify(src/my_robot_bringup) by extension 'ignore_ament_install'
[0.197s] Level 1:colcon.colcon_core.package_identification:_identify(src/my_robot_bringup) by extensions ['colcon_pkg']
[0.197s] Level 1:colcon.colcon_core.package_identification:_identify(src/my_robot_bringup) by extension 'colcon_pkg'
[0.197s] Level 1:colcon.colcon_core.package_identification:_identify(src/my_robot_bringup) by extensions ['colcon_meta']
[0.197s] Level 1:colcon.colcon_core.package_identification:_identify(src/my_robot_bringup) by extension 'colcon_meta'
[0.197s] Level 1:colcon.colcon_core.package_identification:_identify(src/my_robot_bringup) by extensions ['ros']
[0.197s] Level 1:colcon.colcon_core.package_identification:_identify(src/my_robot_bringup) by extension 'ros'
[0.198s] DEBUG:colcon.colcon_core.package_identification:Package 'src/my_robot_bringup' with type 'ros.ament_cmake' and name 'my_robot_bringup'
[0.198s] Level 1:colcon.colcon_core.package_identification:_identify(src/my_robot_description) by extensions ['ignore', 'ignore_ament_install']
[0.198s] Level 1:colcon.colcon_core.package_identification:_identify(src/my_robot_description) by extension 'ignore'
[0.198s] Level 1:colcon.colcon_core.package_identification:_identify(src/my_robot_description) by extension 'ignore_ament_install'
[0.198s] Level 1:colcon.colcon_core.package_identification:_identify(src/my_robot_description) by extensions ['colcon_pkg']
[0.198s] Level 1:colcon.colcon_core.package_identification:_identify(src/my_robot_description) by extension 'colcon_pkg'
[0.198s] Level 1:colcon.colcon_core.package_identification:_identify(src/my_robot_description) by extensions ['colcon_meta']
[0.198s] Level 1:colcon.colcon_core.package_identification:_identify(src/my_robot_description) by extension 'colcon_meta'
[0.198s] Level 1:colcon.colcon_core.package_identification:_identify(src/my_robot_description) by extensions ['ros']
[0.198s] Level 1:colcon.colcon_core.package_identification:_identify(src/my_robot_description) by extension 'ros'
[0.199s] DEBUG:colcon.colcon_core.package_identification:Package 'src/my_robot_description' with type 'ros.ament_cmake' and name 'my_robot_description'
[0.199s] Level 1:colcon.colcon_core.package_identification:_identify(src/turtlebot3_simulations) by extensions ['ignore', 'ignore_ament_install']
[0.199s] Level 1:colcon.colcon_core.package_identification:_identify(src/turtlebot3_simulations) by extension 'ignore'
[0.199s] Level 1:colcon.colcon_core.package_identification:_identify(src/turtlebot3_simulations) by extension 'ignore_ament_install'
[0.199s] Level 1:colcon.colcon_core.package_identification:_identify(src/turtlebot3_simulations) by extensions ['colcon_pkg']
[0.199s] Level 1:colcon.colcon_core.package_identification:_identify(src/turtlebot3_simulations) by extension 'colcon_pkg'
[0.199s] Level 1:colcon.colcon_core.package_identification:_identify(src/turtlebot3_simulations) by extensions ['colcon_meta']
[0.199s] Level 1:colcon.colcon_core.package_identification:_identify(src/turtlebot3_simulations) by extension 'colcon_meta'
[0.199s] Level 1:colcon.colcon_core.package_identification:_identify(src/turtlebot3_simulations) by extensions ['ros']
[0.199s] Level 1:colcon.colcon_core.package_identification:_identify(src/turtlebot3_simulations) by extension 'ros'
[0.199s] Level 1:colcon.colcon_core.package_identification:_identify(src/turtlebot3_simulations) by extensions ['cmake', 'python']
[0.199s] Level 1:colcon.colcon_core.package_identification:_identify(src/turtlebot3_simulations) by extension 'cmake'
[0.199s] Level 1:colcon.colcon_core.package_identification:_identify(src/turtlebot3_simulations) by extension 'python'
[0.199s] Level 1:colcon.colcon_core.package_identification:_identify(src/turtlebot3_simulations) by extensions ['python_setup_py']
[0.199s] Level 1:colcon.colcon_core.package_identification:_identify(src/turtlebot3_simulations) by extension 'python_setup_py'
[0.199s] Level 1:colcon.colcon_core.package_identification:_identify(src/turtlebot3_simulations/turtlebot3_fake_node) by extensions ['ignore', 'ignore_ament_install']
[0.199s] Level 1:colcon.colcon_core.package_identification:_identify(src/turtlebot3_simulations/turtlebot3_fake_node) by extension 'ignore'
[0.199s] Level 1:colcon.colcon_core.package_identification:_identify(src/turtlebot3_simulations/turtlebot3_fake_node) by extension 'ignore_ament_install'
[0.199s] Level 1:colcon.colcon_core.package_identification:_identify(src/turtlebot3_simulations/turtlebot3_fake_node) by extensions ['colcon_pkg']
[0.199s] Level 1:colcon.colcon_core.package_identification:_identify(src/turtlebot3_simulations/turtlebot3_fake_node) by extension 'colcon_pkg'
[0.199s] Level 1:colcon.colcon_core.package_identification:_identify(src/turtlebot3_simulations/turtlebot3_fake_node) by extensions ['colcon_meta']
[0.199s] Level 1:colcon.colcon_core.package_identification:_identify(src/turtlebot3_simulations/turtlebot3_fake_node) by extension 'colcon_meta'
[0.199s] Level 1:colcon.colcon_core.package_identification:_identify(src/turtlebot3_simulations/turtlebot3_fake_node) by extensions ['ros']
[0.199s] Level 1:colcon.colcon_core.package_identification:_identify(src/turtlebot3_simulations/turtlebot3_fake_node) by extension 'ros'
[0.200s] DEBUG:colcon.colcon_core.package_identification:Package 'src/turtlebot3_simulations/turtlebot3_fake_node' with type 'ros.ament_cmake' and name 'turtlebot3_fake_node'
[0.200s] Level 1:colcon.colcon_core.package_identification:_identify(src/turtlebot3_simulations/turtlebot3_gazebo) by extensions ['ignore', 'ignore_ament_install']
[0.200s] Level 1:colcon.colcon_core.package_identification:_identify(src/turtlebot3_simulations/turtlebot3_gazebo) by extension 'ignore'
[0.200s] Level 1:colcon.colcon_core.package_identification:_identify(src/turtlebot3_simulations/turtlebot3_gazebo) by extension 'ignore_ament_install'
[0.200s] Level 1:colcon.colcon_core.package_identification:_identify(src/turtlebot3_simulations/turtlebot3_gazebo) by extensions ['colcon_pkg']
[0.200s] Level 1:colcon.colcon_core.package_identification:_identify(src/turtlebot3_simulations/turtlebot3_gazebo) by extension 'colcon_pkg'
[0.200s] Level 1:colcon.colcon_core.package_identification:_identify(src/turtlebot3_simulations/turtlebot3_gazebo) by extensions ['colcon_meta']
[0.200s] Level 1:colcon.colcon_core.package_identification:_identify(src/turtlebot3_simulations/turtlebot3_gazebo) by extension 'colcon_meta'
[0.200s] Level 1:colcon.colcon_core.package_identification:_identify(src/turtlebot3_simulations/turtlebot3_gazebo) by extensions ['ros']
[0.200s] Level 1:colcon.colcon_core.package_identification:_identify(src/turtlebot3_simulations/turtlebot3_gazebo) by extension 'ros'
[0.200s] DEBUG:colcon.colcon_core.package_identification:Package 'src/turtlebot3_simulations/turtlebot3_gazebo' with type 'ros.ament_cmake' and name 'turtlebot3_gazebo'
[0.200s] Level 1:colcon.colcon_core.package_identification:_identify(src/turtlebot3_simulations/turtlebot3_simulations) by extensions ['ignore', 'ignore_ament_install']
[0.200s] Level 1:colcon.colcon_core.package_identification:_identify(src/turtlebot3_simulations/turtlebot3_simulations) by extension 'ignore'
[0.200s] Level 1:colcon.colcon_core.package_identification:_identify(src/turtlebot3_simulations/turtlebot3_simulations) by extension 'ignore_ament_install'
[0.200s] Level 1:colcon.colcon_core.package_identification:_identify(src/turtlebot3_simulations/turtlebot3_simulations) by extensions ['colcon_pkg']
[0.200s] Level 1:colcon.colcon_core.package_identification:_identify(src/turtlebot3_simulations/turtlebot3_simulations) by extension 'colcon_pkg'
[0.200s] Level 1:colcon.colcon_core.package_identification:_identify(src/turtlebot3_simulations/turtlebot3_simulations) by extensions ['colcon_meta']
[0.200s] Level 1:colcon.colcon_core.package_identification:_identify(src/turtlebot3_simulations/turtlebot3_simulations) by extension 'colcon_meta'
[0.200s] Level 1:colcon.colcon_core.package_identification:_identify(src/turtlebot3_simulations/turtlebot3_simulations) by extensions ['ros']
[0.200s] Level 1:colcon.colcon_core.package_identification:_identify(src/turtlebot3_simulations/turtlebot3_simulations) by extension 'ros'
[0.201s] DEBUG:colcon.colcon_core.package_identification:Package 'src/turtlebot3_simulations/turtlebot3_simulations' with type 'ros.ament_cmake' and name 'turtlebot3_simulations'
[0.201s] Level 1:colcon.colcon_core.package_discovery:discover_packages(recursive) using defaults
[0.201s] Level 1:colcon.colcon_core.package_discovery:discover_packages(ignore) discover
[0.201s] Level 1:colcon.colcon_core.package_discovery:discover_packages(ignore) using defaults
[0.201s] Level 1:colcon.colcon_core.package_discovery:discover_packages(path) discover
[0.201s] Level 1:colcon.colcon_core.package_discovery:discover_packages(path) using defaults
[0.212s] Level 1:colcon.colcon_core.package_discovery:discover_packages(prefix_path) check parameters
[0.212s] Level 1:colcon.colcon_core.package_discovery:discover_packages(prefix_path) discover
[0.214s] DEBUG:colcon.colcon_installed_package_information.package_discovery:Found 5 installed packages in /home/farog/ros2_ws/install
[0.215s] DEBUG:colcon.colcon_installed_package_information.package_discovery:Found 388 installed packages in /opt/ros/humble
[0.216s] Level 1:colcon.colcon_core.package_discovery:discover_packages(prefix_path) using defaults
[0.252s] Level 5:colcon.colcon_core.verb:set package 'my_robot_description' build argument 'cmake_args' from command line to 'None'
[0.252s] Level 5:colcon.colcon_core.verb:set package 'my_robot_description' build argument 'cmake_target' from command line to 'None'
[0.252s] Level 5:colcon.colcon_core.verb:set package 'my_robot_description' build argument 'cmake_target_skip_unavailable' from command line to 'False'
[0.252s] Level 5:colcon.colcon_core.verb:set package 'my_robot_description' build argument 'cmake_clean_cache' from command line to 'False'
[0.252s] Level 5:colcon.colcon_core.verb:set package 'my_robot_description' build argument 'cmake_clean_first' from command line to 'False'
[0.252s] Level 5:colcon.colcon_core.verb:set package 'my_robot_description' build argument 'cmake_force_configure' from command line to 'False'
[0.252s] Level 5:colcon.colcon_core.verb:set package 'my_robot_description' build argument 'ament_cmake_args' from command line to 'None'
[0.252s] Level 5:colcon.colcon_core.verb:set package 'my_robot_description' build argument 'catkin_cmake_args' from command line to 'None'
[0.252s] Level 5:colcon.colcon_core.verb:set package 'my_robot_description' build argument 'catkin_skip_building_tests' from command line to 'False'
[0.252s] DEBUG:colcon.colcon_core.verb:Building package 'my_robot_description' with the following arguments: {'ament_cmake_args': None, 'build_base': '/home/farog/ros2_ws/build/my_robot_description', 'catkin_cmake_args': None, 'catkin_skip_building_tests': False, 'cmake_args': None, 'cmake_clean_cache': False, 'cmake_clean_first': False, 'cmake_force_configure': False, 'cmake_target': None, 'cmake_target_skip_unavailable': False, 'install_base': '/home/farog/ros2_ws/install/my_robot_description', 'merge_install': False, 'path': '/home/farog/ros2_ws/src/my_robot_description', 'symlink_install': False, 'test_result_base': None}
[0.253s] Level 5:colcon.colcon_core.verb:set package 'turtlebot3_fake_node' build argument 'cmake_args' from command line to 'None'
[0.253s] Level 5:colcon.colcon_core.verb:set package 'turtlebot3_fake_node' build argument 'cmake_target' from command line to 'None'
[0.253s] Level 5:colcon.colcon_core.verb:set package 'turtlebot3_fake_node' build argument 'cmake_target_skip_unavailable' from command line to 'False'
[0.253s] Level 5:colcon.colcon_core.verb:set package 'turtlebot3_fake_node' build argument 'cmake_clean_cache' from command line to 'False'
[0.253s] Level 5:colcon.colcon_core.verb:set package 'turtlebot3_fake_node' build argument 'cmake_clean_first' from command line to 'False'
[0.253s] Level 5:colcon.colcon_core.verb:set package 'turtlebot3_fake_node' build argument 'cmake_force_configure' from command line to 'False'
[0.253s] Level 5:colcon.colcon_core.verb:set package 'turtlebot3_fake_node' build argument 'ament_cmake_args' from command line to 'None'
[0.253s] Level 5:colcon.colcon_core.verb:set package 'turtlebot3_fake_node' build argument 'catkin_cmake_args' from command line to 'None'
[0.253s] Level 5:colcon.colcon_core.verb:set package 'turtlebot3_fake_node' build argument 'catkin_skip_building_tests' from command line to 'False'
[0.253s] DEBUG:colcon.colcon_core.verb:Building package 'turtlebot3_fake_node' with the following arguments: {'ament_cmake_args': None, 'build_base': '/home/farog/ros2_ws/build/turtlebot3_fake_node', 'catkin_cmake_args': None, 'catkin_skip_building_tests': False, 'cmake_args': None, 'cmake_clean_cache': False, 'cmake_clean_first': False, 'cmake_force_configure': False, 'cmake_target': None, 'cmake_target_skip_unavailable': False, 'install_base': '/home/farog/ros2_ws/install/turtlebot3_fake_node', 'merge_install': False, 'path': '/home/farog/ros2_ws/src/turtlebot3_simulations/turtlebot3_fake_node', 'symlink_install': False, 'test_result_base': None}
[0.253s] Level 5:colcon.colcon_core.verb:set package 'turtlebot3_gazebo' build argument 'cmake_args' from command line to 'None'
[0.253s] Level 5:colcon.colcon_core.verb:set package 'turtlebot3_gazebo' build argument 'cmake_target' from command line to 'None'
[0.253s] Level 5:colcon.colcon_core.verb:set package 'turtlebot3_gazebo' build argument 'cmake_target_skip_unavailable' from command line to 'False'
[0.253s] Level 5:colcon.colcon_core.verb:set package 'turtlebot3_gazebo' build argument 'cmake_clean_cache' from command line to 'False'
[0.253s] Level 5:colcon.colcon_core.verb:set package 'turtlebot3_gazebo' build argument 'cmake_clean_first' from command line to 'False'
[0.253s] Level 5:colcon.colcon_core.verb:set package 'turtlebot3_gazebo' build argument 'cmake_force_configure' from command line to 'False'
[0.253s] Level 5:colcon.colcon_core.verb:set package 'turtlebot3_gazebo' build argument 'ament_cmake_args' from command line to 'None'
[0.253s] Level 5:colcon.colcon_core.verb:set package 'turtlebot3_gazebo' build argument 'catkin_cmake_args' from command line to 'None'
[0.253s] Level 5:colcon.colcon_core.verb:set package 'turtlebot3_gazebo' build argument 'catkin_skip_building_tests' from command line to 'False'
[0.253s] DEBUG:colcon.colcon_core.verb:Building package 'turtlebot3_gazebo' with the following arguments: {'ament_cmake_args': None, 'build_base': '/home/farog/ros2_ws/build/turtlebot3_gazebo', 'catkin_cmake_args': None, 'catkin_skip_building_tests': False, 'cmake_args': None, 'cmake_clean_cache': False, 'cmake_clean_first': False, 'cmake_force_configure': False, 'cmake_target': None, 'cmake_target_skip_unavailable': False, 'install_base': '/home/farog/ros2_ws/install/turtlebot3_gazebo', 'merge_install': False, 'path': '/home/farog/ros2_ws/src/turtlebot3_simulations/turtlebot3_gazebo', 'symlink_install': False, 'test_result_base': None}
[0.254s] Level 5:colcon.colcon_core.verb:set package 'my_robot_bringup' build argument 'cmake_args' from command line to 'None'
[0.254s] Level 5:colcon.colcon_core.verb:set package 'my_robot_bringup' build argument 'cmake_target' from command line to 'None'
[0.254s] Level 5:colcon.colcon_core.verb:set package 'my_robot_bringup' build argument 'cmake_target_skip_unavailable' from command line to 'False'
[0.254s] Level 5:colcon.colcon_core.verb:set package 'my_robot_bringup' build argument 'cmake_clean_cache' from command line to 'False'
[0.254s] Level 5:colcon.colcon_core.verb:set package 'my_robot_bringup' build argument 'cmake_clean_first' from command line to 'False'
[0.254s] Level 5:colcon.colcon_core.verb:set package 'my_robot_bringup' build argument 'cmake_force_configure' from command line to 'False'
[0.254s] Level 5:colcon.colcon_core.verb:set package 'my_robot_bringup' build argument 'ament_cmake_args' from command line to 'None'
[0.254s] Level 5:colcon.colcon_core.verb:set package 'my_robot_bringup' build argument 'catkin_cmake_args' from command line to 'None'
[0.254s] Level 5:colcon.colcon_core.verb:set package 'my_robot_bringup' build argument 'catkin_skip_building_tests' from command line to 'False'
[0.254s] DEBUG:colcon.colcon_core.verb:Building package 'my_robot_bringup' with the following arguments: {'ament_cmake_args': None, 'build_base': '/home/farog/ros2_ws/build/my_robot_bringup', 'catkin_cmake_args': None, 'catkin_skip_building_tests': False, 'cmake_args': None, 'cmake_clean_cache': False, 'cmake_clean_first': False, 'cmake_force_configure': False, 'cmake_target': None, 'cmake_target_skip_unavailable': False, 'install_base': '/home/farog/ros2_ws/install/my_robot_bringup', 'merge_install': False, 'path': '/home/farog/ros2_ws/src/my_robot_bringup', 'symlink_install': False, 'test_result_base': None}
[0.254s] Level 5:colcon.colcon_core.verb:set package 'turtlebot3_simulations' build argument 'cmake_args' from command line to 'None'
[0.254s] Level 5:colcon.colcon_core.verb:set package 'turtlebot3_simulations' build argument 'cmake_target' from command line to 'None'
[0.254s] Level 5:colcon.colcon_core.verb:set package 'turtlebot3_simulations' build argument 'cmake_target_skip_unavailable' from command line to 'False'
[0.254s] Level 5:colcon.colcon_core.verb:set package 'turtlebot3_simulations' build argument 'cmake_clean_cache' from command line to 'False'
[0.254s] Level 5:colcon.colcon_core.verb:set package 'turtlebot3_simulations' build argument 'cmake_clean_first' from command line to 'False'
[0.254s] Level 5:colcon.colcon_core.verb:set package 'turtlebot3_simulations' build argument 'cmake_force_configure' from command line to 'False'
[0.254s] Level 5:colcon.colcon_core.verb:set package 'turtlebot3_simulations' build argument 'ament_cmake_args' from command line to 'None'
[0.254s] Level 5:colcon.colcon_core.verb:set package 'turtlebot3_simulations' build argument 'catkin_cmake_args' from command line to 'None'
[0.254s] Level 5:colcon.colcon_core.verb:set package 'turtlebot3_simulations' build argument 'catkin_skip_building_tests' from command line to 'False'
[0.254s] DEBUG:colcon.colcon_core.verb:Building package 'turtlebot3_simulations' with the following arguments: {'ament_cmake_args': None, 'build_base': '/home/farog/ros2_ws/build/turtlebot3_simulations', 'catkin_cmake_args': None, 'catkin_skip_building_tests': False, 'cmake_args': None, 'cmake_clean_cache': False, 'cmake_clean_first': False, 'cmake_force_configure': False, 'cmake_target': None, 'cmake_target_skip_unavailable': False, 'install_base': '/home/farog/ros2_ws/install/turtlebot3_simulations', 'merge_install': False, 'path': '/home/farog/ros2_ws/src/turtlebot3_simulations/turtlebot3_simulations', 'symlink_install': False, 'test_result_base': None}
[0.255s] INFO:colcon.colcon_core.executor:Executing jobs using 'parallel' executor
[0.256s] DEBUG:colcon.colcon_parallel_executor.executor.parallel:run_until_complete
[0.257s] INFO:colcon.colcon_ros.task.ament_cmake.build:Building ROS package in '/home/farog/ros2_ws/src/my_robot_description' with build type 'ament_cmake'
[0.257s] INFO:colcon.colcon_cmake.task.cmake.build:Building CMake package in '/home/farog/ros2_ws/src/my_robot_description'
[0.259s] INFO:colcon.colcon_core.plugin_system:Skipping extension 'colcon_core.shell.bat': Not used on non-Windows systems
[0.259s] INFO:colcon.colcon_core.shell:Skip shell extension 'powershell' for command environment: Not usable outside of PowerShell
[0.259s] DEBUG:colcon.colcon_core.shell:Skip shell extension 'dsv' for command environment
[0.264s] INFO:colcon.colcon_ros.task.ament_cmake.build:Building ROS package in '/home/farog/ros2_ws/src/turtlebot3_simulations/turtlebot3_fake_node' with build type 'ament_cmake'
[0.264s] INFO:colcon.colcon_cmake.task.cmake.build:Building CMake package in '/home/farog/ros2_ws/src/turtlebot3_simulations/turtlebot3_fake_node'
[0.265s] INFO:colcon.colcon_core.shell:Skip shell extension 'powershell' for command environment: Not usable outside of PowerShell
[0.265s] DEBUG:colcon.colcon_core.shell:Skip shell extension 'dsv' for command environment
[0.267s] INFO:colcon.colcon_ros.task.ament_cmake.build:Building ROS package in '/home/farog/ros2_ws/src/turtlebot3_simulations/turtlebot3_gazebo' with build type 'ament_cmake'
[0.268s] INFO:colcon.colcon_cmake.task.cmake.build:Building CMake package in '/home/farog/ros2_ws/src/turtlebot3_simulations/turtlebot3_gazebo'
[0.268s] INFO:colcon.colcon_core.shell:Skip shell extension 'powershell' for command environment: Not usable outside of PowerShell
[0.268s] DEBUG:colcon.colcon_core.shell:Skip shell extension 'dsv' for command environment
[0.276s] DEBUG:colcon.colcon_core.event_handler.log_command:Invoking command in '/home/farog/ros2_ws/build/my_robot_description': CMAKE_PREFIX_PATH=${CMAKE_PREFIX_PATH}:/opt/ros/humble /usr/bin/cmake --build /home/farog/ros2_ws/build/my_robot_description -- -j20 -l20
[0.281s] DEBUG:colcon.colcon_core.event_handler.log_command:Invoking command in '/home/farog/ros2_ws/build/turtlebot3_fake_node': CMAKE_PREFIX_PATH=${CMAKE_PREFIX_PATH}:/opt/ros/humble /usr/bin/cmake --build /home/farog/ros2_ws/build/turtlebot3_fake_node -- -j20 -l20
[0.287s] DEBUG:colcon.colcon_core.event_handler.log_command:Invoking command in '/home/farog/ros2_ws/build/turtlebot3_gazebo': CMAKE_PREFIX_PATH=${CMAKE_PREFIX_PATH}:/opt/ros/humble /usr/bin/cmake --build /home/farog/ros2_ws/build/turtlebot3_gazebo -- -j20 -l20
[0.295s] DEBUG:colcon.colcon_core.event_handler.log_command:Invoked command in '/home/farog/ros2_ws/build/my_robot_description' returned '0': CMAKE_PREFIX_PATH=${CMAKE_PREFIX_PATH}:/opt/ros/humble /usr/bin/cmake --build /home/farog/ros2_ws/build/my_robot_description -- -j20 -l20
[0.315s] DEBUG:colcon.colcon_core.event_handler.log_command:Invoking command in '/home/farog/ros2_ws/build/my_robot_description': CMAKE_PREFIX_PATH=${CMAKE_PREFIX_PATH}:/opt/ros/humble /usr/bin/cmake --install /home/farog/ros2_ws/build/my_robot_description
[0.321s] DEBUG:colcon.colcon_core.event_handler.log_command:Invoked command in '/home/farog/ros2_ws/build/turtlebot3_fake_node' returned '0': CMAKE_PREFIX_PATH=${CMAKE_PREFIX_PATH}:/opt/ros/humble /usr/bin/cmake --build /home/farog/ros2_ws/build/turtlebot3_fake_node -- -j20 -l20
[0.328s] Level 1:colcon.colcon_core.environment:create_environment_scripts_only(my_robot_description)
[0.328s] DEBUG:colcon.colcon_core.event_handler.log_command:Invoked command in '/home/farog/ros2_ws/build/my_robot_description' returned '0': CMAKE_PREFIX_PATH=${CMAKE_PREFIX_PATH}:/opt/ros/humble /usr/bin/cmake --install /home/farog/ros2_ws/build/my_robot_description
[0.332s] Level 1:colcon.colcon_core.environment:checking '/home/farog/ros2_ws/install/my_robot_description' for CMake module files
[0.332s] Level 1:colcon.colcon_core.environment:checking '/home/farog/ros2_ws/install/my_robot_description' for CMake config files
[0.332s] Level 1:colcon.colcon_core.shell:create_environment_hook('my_robot_description', 'cmake_prefix_path')
[0.333s] INFO:colcon.colcon_core.shell:Creating environment hook '/home/farog/ros2_ws/install/my_robot_description/share/my_robot_description/hook/cmake_prefix_path.ps1'
[0.337s] INFO:colcon.colcon_core.shell:Creating environment descriptor '/home/farog/ros2_ws/install/my_robot_description/share/my_robot_description/hook/cmake_prefix_path.dsv'
[0.337s] INFO:colcon.colcon_core.shell:Creating environment hook '/home/farog/ros2_ws/install/my_robot_description/share/my_robot_description/hook/cmake_prefix_path.sh'
[0.338s] Level 1:colcon.colcon_core.environment:checking '/home/farog/ros2_ws/install/my_robot_description/bin'
[0.338s] Level 1:colcon.colcon_core.environment:checking '/home/farog/ros2_ws/install/my_robot_description/lib/pkgconfig/my_robot_description.pc'
[0.339s] Level 1:colcon.colcon_core.environment:checking '/home/farog/ros2_ws/install/my_robot_description/lib/python3.10/site-packages'
[0.339s] Level 1:colcon.colcon_core.environment:checking '/home/farog/ros2_ws/install/my_robot_description/bin'
[0.339s] INFO:colcon.colcon_core.shell:Creating package script '/home/farog/ros2_ws/install/my_robot_description/share/my_robot_description/package.ps1'
[0.341s] INFO:colcon.colcon_core.shell:Creating package descriptor '/home/farog/ros2_ws/install/my_robot_description/share/my_robot_description/package.dsv'
[0.341s] INFO:colcon.colcon_core.shell:Creating package script '/home/farog/ros2_ws/install/my_robot_description/share/my_robot_description/package.sh'
[0.343s] INFO:colcon.colcon_core.shell:Creating package script '/home/farog/ros2_ws/install/my_robot_description/share/my_robot_description/package.bash'
[0.343s] INFO:colcon.colcon_core.shell:Creating package script '/home/farog/ros2_ws/install/my_robot_description/share/my_robot_description/package.zsh'
[0.345s] Level 1:colcon.colcon_core.environment:create_file_with_runtime_dependencies(/home/farog/ros2_ws/install/my_robot_description/share/colcon-core/packages/my_robot_description)
[0.348s] DEBUG:colcon.colcon_core.event_handler.log_command:Invoking command in '/home/farog/ros2_ws/build/turtlebot3_fake_node': CMAKE_PREFIX_PATH=${CMAKE_PREFIX_PATH}:/opt/ros/humble /usr/bin/cmake --install /home/farog/ros2_ws/build/turtlebot3_fake_node
[0.349s] DEBUG:colcon.colcon_core.event_handler.log_command:Invoked command in '/home/farog/ros2_ws/build/turtlebot3_gazebo' returned '0': CMAKE_PREFIX_PATH=${CMAKE_PREFIX_PATH}:/opt/ros/humble /usr/bin/cmake --build /home/farog/ros2_ws/build/turtlebot3_gazebo -- -j20 -l20
[0.357s] Level 1:colcon.colcon_core.environment:create_environment_scripts_only(turtlebot3_fake_node)
[0.358s] Level 1:colcon.colcon_core.environment:checking '/home/farog/ros2_ws/install/turtlebot3_fake_node' for CMake module files
[0.359s] DEBUG:colcon.colcon_core.event_handler.log_command:Invoked command in '/home/farog/ros2_ws/build/turtlebot3_fake_node' returned '0': CMAKE_PREFIX_PATH=${CMAKE_PREFIX_PATH}:/opt/ros/humble /usr/bin/cmake --install /home/farog/ros2_ws/build/turtlebot3_fake_node
[0.359s] Level 1:colcon.colcon_core.environment:checking '/home/farog/ros2_ws/install/turtlebot3_fake_node' for CMake config files
[0.359s] Level 1:colcon.colcon_core.shell:create_environment_hook('turtlebot3_fake_node', 'cmake_prefix_path')
[0.360s] INFO:colcon.colcon_core.shell:Creating environment hook '/home/farog/ros2_ws/install/turtlebot3_fake_node/share/turtlebot3_fake_node/hook/cmake_prefix_path.ps1'
[0.360s] INFO:colcon.colcon_core.shell:Creating environment descriptor '/home/farog/ros2_ws/install/turtlebot3_fake_node/share/turtlebot3_fake_node/hook/cmake_prefix_path.dsv'
[0.361s] INFO:colcon.colcon_core.shell:Creating environment hook '/home/farog/ros2_ws/install/turtlebot3_fake_node/share/turtlebot3_fake_node/hook/cmake_prefix_path.sh'
[0.362s] Level 1:colcon.colcon_core.environment:checking '/home/farog/ros2_ws/install/turtlebot3_fake_node/lib'
[0.362s] Level 1:colcon.colcon_core.environment:checking '/home/farog/ros2_ws/install/turtlebot3_fake_node/bin'
[0.362s] Level 1:colcon.colcon_core.environment:checking '/home/farog/ros2_ws/install/turtlebot3_fake_node/lib/pkgconfig/turtlebot3_fake_node.pc'
[0.362s] Level 1:colcon.colcon_core.environment:checking '/home/farog/ros2_ws/install/turtlebot3_fake_node/lib/python3.10/site-packages'
[0.362s] Level 1:colcon.colcon_core.environment:checking '/home/farog/ros2_ws/install/turtlebot3_fake_node/bin'
[0.363s] INFO:colcon.colcon_core.shell:Creating package script '/home/farog/ros2_ws/install/turtlebot3_fake_node/share/turtlebot3_fake_node/package.ps1'
[0.364s] INFO:colcon.colcon_core.shell:Creating package descriptor '/home/farog/ros2_ws/install/turtlebot3_fake_node/share/turtlebot3_fake_node/package.dsv'
[0.365s] INFO:colcon.colcon_core.shell:Creating package script '/home/farog/ros2_ws/install/turtlebot3_fake_node/share/turtlebot3_fake_node/package.sh'
[0.366s] INFO:colcon.colcon_core.shell:Creating package script '/home/farog/ros2_ws/install/turtlebot3_fake_node/share/turtlebot3_fake_node/package.bash'
[0.366s] INFO:colcon.colcon_core.shell:Creating package script '/home/farog/ros2_ws/install/turtlebot3_fake_node/share/turtlebot3_fake_node/package.zsh'
[0.367s] Level 1:colcon.colcon_core.environment:create_file_with_runtime_dependencies(/home/farog/ros2_ws/install/turtlebot3_fake_node/share/colcon-core/packages/turtlebot3_fake_node)
[0.371s] Level 1:colcon.colcon_core.environment:create_environment_scripts_only(my_robot_description)
[0.372s] Level 1:colcon.colcon_core.environment:checking '/home/farog/ros2_ws/install/my_robot_description' for CMake module files
[0.372s] Level 1:colcon.colcon_core.environment:checking '/home/farog/ros2_ws/install/my_robot_description' for CMake config files
[0.372s] Level 1:colcon.colcon_core.shell:create_environment_hook('my_robot_description', 'cmake_prefix_path')
[0.373s] INFO:colcon.colcon_core.shell:Creating environment hook '/home/farog/ros2_ws/install/my_robot_description/share/my_robot_description/hook/cmake_prefix_path.ps1'
[0.374s] INFO:colcon.colcon_core.shell:Creating environment descriptor '/home/farog/ros2_ws/install/my_robot_description/share/my_robot_description/hook/cmake_prefix_path.dsv'
[0.374s] INFO:colcon.colcon_core.shell:Creating environment hook '/home/farog/ros2_ws/install/my_robot_description/share/my_robot_description/hook/cmake_prefix_path.sh'
[0.375s] Level 1:colcon.colcon_core.environment:checking '/home/farog/ros2_ws/install/my_robot_description/bin'
[0.375s] Level 1:colcon.colcon_core.environment:checking '/home/farog/ros2_ws/install/my_robot_description/lib/pkgconfig/my_robot_description.pc'
[0.375s] Level 1:colcon.colcon_core.environment:checking '/home/farog/ros2_ws/install/my_robot_description/lib/python3.10/site-packages'
[0.375s] Level 1:colcon.colcon_core.environment:checking '/home/farog/ros2_ws/install/my_robot_description/bin'
[0.376s] INFO:colcon.colcon_core.shell:Creating package script '/home/farog/ros2_ws/install/my_robot_description/share/my_robot_description/package.ps1'
[0.377s] INFO:colcon.colcon_core.shell:Creating package descriptor '/home/farog/ros2_ws/install/my_robot_description/share/my_robot_description/package.dsv'
[0.378s] INFO:colcon.colcon_core.shell:Creating package script '/home/farog/ros2_ws/install/my_robot_description/share/my_robot_description/package.sh'
[0.379s] INFO:colcon.colcon_core.shell:Creating package script '/home/farog/ros2_ws/install/my_robot_description/share/my_robot_description/package.bash'
[0.380s] INFO:colcon.colcon_core.shell:Creating package script '/home/farog/ros2_ws/install/my_robot_description/share/my_robot_description/package.zsh'
[0.380s] Level 1:colcon.colcon_core.environment:create_file_with_runtime_dependencies(/home/farog/ros2_ws/install/my_robot_description/share/colcon-core/packages/my_robot_description)
[0.381s] INFO:colcon.colcon_ros.task.ament_cmake.build:Building ROS package in '/home/farog/ros2_ws/src/my_robot_bringup' with build type 'ament_cmake'
[0.381s] INFO:colcon.colcon_cmake.task.cmake.build:Building CMake package in '/home/farog/ros2_ws/src/my_robot_bringup'
[0.381s] INFO:colcon.colcon_core.shell:Skip shell extension 'powershell' for command environment: Not usable outside of PowerShell
[0.382s] DEBUG:colcon.colcon_core.shell:Skip shell extension 'dsv' for command environment
[0.386s] DEBUG:colcon.colcon_core.event_handler.log_command:Invoking command in '/home/farog/ros2_ws/build/turtlebot3_gazebo': CMAKE_PREFIX_PATH=${CMAKE_PREFIX_PATH}:/opt/ros/humble /usr/bin/cmake --install /home/farog/ros2_ws/build/turtlebot3_gazebo
[0.387s] Level 1:colcon.colcon_core.environment:create_environment_scripts_only(turtlebot3_fake_node)
[0.388s] Level 1:colcon.colcon_core.environment:checking '/home/farog/ros2_ws/install/turtlebot3_fake_node' for CMake module files
[0.388s] Level 1:colcon.colcon_core.environment:checking '/home/farog/ros2_ws/install/turtlebot3_fake_node' for CMake config files
[0.388s] Level 1:colcon.colcon_core.shell:create_environment_hook('turtlebot3_fake_node', 'cmake_prefix_path')
[0.389s] INFO:colcon.colcon_core.shell:Creating environment hook '/home/farog/ros2_ws/install/turtlebot3_fake_node/share/turtlebot3_fake_node/hook/cmake_prefix_path.ps1'
[0.389s] INFO:colcon.colcon_core.shell:Creating environment descriptor '/home/farog/ros2_ws/install/turtlebot3_fake_node/share/turtlebot3_fake_node/hook/cmake_prefix_path.dsv'
[0.390s] INFO:colcon.colcon_core.shell:Creating environment hook '/home/farog/ros2_ws/install/turtlebot3_fake_node/share/turtlebot3_fake_node/hook/cmake_prefix_path.sh'
[0.391s] Level 1:colcon.colcon_core.environment:checking '/home/farog/ros2_ws/install/turtlebot3_fake_node/lib'
[0.391s] Level 1:colcon.colcon_core.environment:checking '/home/farog/ros2_ws/install/turtlebot3_fake_node/bin'
[0.391s] Level 1:colcon.colcon_core.environment:checking '/home/farog/ros2_ws/install/turtlebot3_fake_node/lib/pkgconfig/turtlebot3_fake_node.pc'
[0.391s] Level 1:colcon.colcon_core.environment:checking '/home/farog/ros2_ws/install/turtlebot3_fake_node/lib/python3.10/site-packages'
[0.391s] Level 1:colcon.colcon_core.environment:checking '/home/farog/ros2_ws/install/turtlebot3_fake_node/bin'
[0.392s] INFO:colcon.colcon_core.shell:Creating package script '/home/farog/ros2_ws/install/turtlebot3_fake_node/share/turtlebot3_fake_node/package.ps1'
[0.393s] INFO:colcon.colcon_core.shell:Creating package descriptor '/home/farog/ros2_ws/install/turtlebot3_fake_node/share/turtlebot3_fake_node/package.dsv'
[0.395s] INFO:colcon.colcon_core.shell:Creating package script '/home/farog/ros2_ws/install/turtlebot3_fake_node/share/turtlebot3_fake_node/package.sh'
[0.398s] INFO:colcon.colcon_core.shell:Creating package script '/home/farog/ros2_ws/install/turtlebot3_fake_node/share/turtlebot3_fake_node/package.bash'
[0.399s] INFO:colcon.colcon_core.shell:Creating package script '/home/farog/ros2_ws/install/turtlebot3_fake_node/share/turtlebot3_fake_node/package.zsh'
[0.400s] Level 1:colcon.colcon_core.environment:create_file_with_runtime_dependencies(/home/farog/ros2_ws/install/turtlebot3_fake_node/share/colcon-core/packages/turtlebot3_fake_node)
[0.405s] Level 1:colcon.colcon_core.environment:create_environment_scripts_only(turtlebot3_gazebo)
[0.406s] Level 1:colcon.colcon_core.environment:checking '/home/farog/ros2_ws/install/turtlebot3_gazebo' for CMake module files
[0.406s] DEBUG:colcon.colcon_core.event_handler.log_command:Invoking command in '/home/farog/ros2_ws/build/my_robot_bringup': CMAKE_PREFIX_PATH=/home/farog/ros2_ws/install/my_robot_description:/home/farog/ros2_ws/install/turtlebot3_simulations:/home/farog/ros2_ws/install/turtlebot3_gazebo:/home/farog/ros2_ws/install/turtlebot3_fake_node:/home/farog/ros2_ws/install/my_robot_bringup:/opt/ros/humble /usr/bin/cmake --build /home/farog/ros2_ws/build/my_robot_bringup -- -j20 -l20
[0.406s] DEBUG:colcon.colcon_core.event_handler.log_command:Invoked command in '/home/farog/ros2_ws/build/turtlebot3_gazebo' returned '0': CMAKE_PREFIX_PATH=${CMAKE_PREFIX_PATH}:/opt/ros/humble /usr/bin/cmake --install /home/farog/ros2_ws/build/turtlebot3_gazebo
[0.406s] Level 1:colcon.colcon_core.environment:checking '/home/farog/ros2_ws/install/turtlebot3_gazebo' for CMake config files
[0.407s] Level 1:colcon.colcon_core.shell:create_environment_hook('turtlebot3_gazebo', 'cmake_prefix_path')
[0.407s] INFO:colcon.colcon_core.shell:Creating environment hook '/home/farog/ros2_ws/install/turtlebot3_gazebo/share/turtlebot3_gazebo/hook/cmake_prefix_path.ps1'
[0.408s] INFO:colcon.colcon_core.shell:Creating environment descriptor '/home/farog/ros2_ws/install/turtlebot3_gazebo/share/turtlebot3_gazebo/hook/cmake_prefix_path.dsv'
[0.409s] INFO:colcon.colcon_core.shell:Creating environment hook '/home/farog/ros2_ws/install/turtlebot3_gazebo/share/turtlebot3_gazebo/hook/cmake_prefix_path.sh'
[0.409s] Level 1:colcon.colcon_core.environment:checking '/home/farog/ros2_ws/install/turtlebot3_gazebo/lib'
[0.409s] Level 1:colcon.colcon_core.environment:checking '/home/farog/ros2_ws/install/turtlebot3_gazebo/bin'
[0.409s] Level 1:colcon.colcon_core.environment:checking '/home/farog/ros2_ws/install/turtlebot3_gazebo/lib/pkgconfig/turtlebot3_gazebo.pc'
[0.409s] Level 1:colcon.colcon_core.environment:checking '/home/farog/ros2_ws/install/turtlebot3_gazebo/lib/python3.10/site-packages'
[0.410s] Level 1:colcon.colcon_core.environment:checking '/home/farog/ros2_ws/install/turtlebot3_gazebo/bin'
[0.410s] INFO:colcon.colcon_core.shell:Creating package script '/home/farog/ros2_ws/install/turtlebot3_gazebo/share/turtlebot3_gazebo/package.ps1'
[0.412s] INFO:colcon.colcon_core.shell:Creating package descriptor '/home/farog/ros2_ws/install/turtlebot3_gazebo/share/turtlebot3_gazebo/package.dsv'
[0.412s] INFO:colcon.colcon_core.shell:Creating package script '/home/farog/ros2_ws/install/turtlebot3_gazebo/share/turtlebot3_gazebo/package.sh'
[0.414s] INFO:colcon.colcon_core.shell:Creating package script '/home/farog/ros2_ws/install/turtlebot3_gazebo/share/turtlebot3_gazebo/package.bash'
[0.414s] INFO:colcon.colcon_core.shell:Creating package script '/home/farog/ros2_ws/install/turtlebot3_gazebo/share/turtlebot3_gazebo/package.zsh'
[0.415s] Level 1:colcon.colcon_core.environment:create_file_with_runtime_dependencies(/home/farog/ros2_ws/install/turtlebot3_gazebo/share/colcon-core/packages/turtlebot3_gazebo)
[0.426s] DEBUG:colcon.colcon_core.event_handler.log_command:Invoked command in '/home/farog/ros2_ws/build/my_robot_bringup' returned '0': CMAKE_PREFIX_PATH=/home/farog/ros2_ws/install/my_robot_description:/home/farog/ros2_ws/install/turtlebot3_simulations:/home/farog/ros2_ws/install/turtlebot3_gazebo:/home/farog/ros2_ws/install/turtlebot3_fake_node:/home/farog/ros2_ws/install/my_robot_bringup:/opt/ros/humble /usr/bin/cmake --build /home/farog/ros2_ws/build/my_robot_bringup -- -j20 -l20
[0.440s] Level 1:colcon.colcon_core.environment:create_environment_scripts_only(turtlebot3_gazebo)
[0.442s] Level 1:colcon.colcon_core.environment:checking '/home/farog/ros2_ws/install/turtlebot3_gazebo' for CMake module files
[0.443s] Level 1:colcon.colcon_core.environment:checking '/home/farog/ros2_ws/install/turtlebot3_gazebo' for CMake config files
[0.443s] Level 1:colcon.colcon_core.shell:create_environment_hook('turtlebot3_gazebo', 'cmake_prefix_path')
[0.444s] INFO:colcon.colcon_core.shell:Creating environment hook '/home/farog/ros2_ws/install/turtlebot3_gazebo/share/turtlebot3_gazebo/hook/cmake_prefix_path.ps1'
[0.446s] INFO:colcon.colcon_core.shell:Creating environment descriptor '/home/farog/ros2_ws/install/turtlebot3_gazebo/share/turtlebot3_gazebo/hook/cmake_prefix_path.dsv'
[0.447s] INFO:colcon.colcon_core.shell:Creating environment hook '/home/farog/ros2_ws/install/turtlebot3_gazebo/share/turtlebot3_gazebo/hook/cmake_prefix_path.sh'
[0.448s] Level 1:colcon.colcon_core.environment:checking '/home/farog/ros2_ws/install/turtlebot3_gazebo/lib'
[0.448s] Level 1:colcon.colcon_core.environment:checking '/home/farog/ros2_ws/install/turtlebot3_gazebo/bin'
[0.448s] Level 1:colcon.colcon_core.environment:checking '/home/farog/ros2_ws/install/turtlebot3_gazebo/lib/pkgconfig/turtlebot3_gazebo.pc'
[0.449s] Level 1:colcon.colcon_core.environment:checking '/home/farog/ros2_ws/install/turtlebot3_gazebo/lib/python3.10/site-packages'
[0.449s] Level 1:colcon.colcon_core.environment:checking '/home/farog/ros2_ws/install/turtlebot3_gazebo/bin'
[0.450s] INFO:colcon.colcon_core.shell:Creating package script '/home/farog/ros2_ws/install/turtlebot3_gazebo/share/turtlebot3_gazebo/package.ps1'
[0.452s] INFO:colcon.colcon_core.shell:Creating package descriptor '/home/farog/ros2_ws/install/turtlebot3_gazebo/share/turtlebot3_gazebo/package.dsv'
[0.453s] INFO:colcon.colcon_core.shell:Creating package script '/home/farog/ros2_ws/install/turtlebot3_gazebo/share/turtlebot3_gazebo/package.sh'
[0.455s] INFO:colcon.colcon_core.shell:Creating package script '/home/farog/ros2_ws/install/turtlebot3_gazebo/share/turtlebot3_gazebo/package.bash'
[0.456s] INFO:colcon.colcon_core.shell:Creating package script '/home/farog/ros2_ws/install/turtlebot3_gazebo/share/turtlebot3_gazebo/package.zsh'
[0.457s] Level 1:colcon.colcon_core.environment:create_file_with_runtime_dependencies(/home/farog/ros2_ws/install/turtlebot3_gazebo/share/colcon-core/packages/turtlebot3_gazebo)
[0.458s] INFO:colcon.colcon_ros.task.ament_cmake.build:Building ROS package in '/home/farog/ros2_ws/src/turtlebot3_simulations/turtlebot3_simulations' with build type 'ament_cmake'
[0.458s] INFO:colcon.colcon_cmake.task.cmake.build:Building CMake package in '/home/farog/ros2_ws/src/turtlebot3_simulations/turtlebot3_simulations'
[0.459s] INFO:colcon.colcon_core.shell:Skip shell extension 'powershell' for command environment: Not usable outside of PowerShell
[0.459s] DEBUG:colcon.colcon_core.shell:Skip shell extension 'dsv' for command environment
[0.467s] DEBUG:colcon.colcon_core.event_handler.log_command:Invoking command in '/home/farog/ros2_ws/build/my_robot_bringup': CMAKE_PREFIX_PATH=/home/farog/ros2_ws/install/my_robot_description:/home/farog/ros2_ws/install/turtlebot3_simulations:/home/farog/ros2_ws/install/turtlebot3_gazebo:/home/farog/ros2_ws/install/turtlebot3_fake_node:/home/farog/ros2_ws/install/my_robot_bringup:/opt/ros/humble /usr/bin/cmake --install /home/farog/ros2_ws/build/my_robot_bringup
[0.480s] Level 1:colcon.colcon_core.environment:create_environment_scripts_only(my_robot_bringup)
[0.482s] Level 1:colcon.colcon_core.environment:checking '/home/farog/ros2_ws/install/my_robot_bringup' for CMake module files
[0.482s] DEBUG:colcon.colcon_core.event_handler.log_command:Invoking command in '/home/farog/ros2_ws/build/turtlebot3_simulations': CMAKE_PREFIX_PATH=/home/farog/ros2_ws/install/turtlebot3_gazebo:/home/farog/ros2_ws/install/turtlebot3_fake_node:/home/farog/ros2_ws/install/turtlebot3_simulations:/home/farog/ros2_ws/install/my_robot_bringup:/home/farog/ros2_ws/install/my_robot_description:/opt/ros/humble /usr/bin/cmake --build /home/farog/ros2_ws/build/turtlebot3_simulations -- -j20 -l20
[0.483s] Level 1:colcon.colcon_core.environment:checking '/home/farog/ros2_ws/install/my_robot_bringup' for CMake config files
[0.483s] DEBUG:colcon.colcon_core.event_handler.log_command:Invoked command in '/home/farog/ros2_ws/build/my_robot_bringup' returned '0': CMAKE_PREFIX_PATH=/home/farog/ros2_ws/install/my_robot_description:/home/farog/ros2_ws/install/turtlebot3_simulations:/home/farog/ros2_ws/install/turtlebot3_gazebo:/home/farog/ros2_ws/install/turtlebot3_fake_node:/home/farog/ros2_ws/install/my_robot_bringup:/opt/ros/humble /usr/bin/cmake --install /home/farog/ros2_ws/build/my_robot_bringup
[0.483s] Level 1:colcon.colcon_core.shell:create_environment_hook('my_robot_bringup', 'cmake_prefix_path')
[0.484s] INFO:colcon.colcon_core.shell:Creating environment hook '/home/farog/ros2_ws/install/my_robot_bringup/share/my_robot_bringup/hook/cmake_prefix_path.ps1'
[0.486s] INFO:colcon.colcon_core.shell:Creating environment descriptor '/home/farog/ros2_ws/install/my_robot_bringup/share/my_robot_bringup/hook/cmake_prefix_path.dsv'
[0.487s] INFO:colcon.colcon_core.shell:Creating environment hook '/home/farog/ros2_ws/install/my_robot_bringup/share/my_robot_bringup/hook/cmake_prefix_path.sh'
[0.488s] Level 1:colcon.colcon_core.environment:checking '/home/farog/ros2_ws/install/my_robot_bringup/bin'
[0.488s] Level 1:colcon.colcon_core.environment:checking '/home/farog/ros2_ws/install/my_robot_bringup/lib/pkgconfig/my_robot_bringup.pc'
[0.488s] Level 1:colcon.colcon_core.environment:checking '/home/farog/ros2_ws/install/my_robot_bringup/lib/python3.10/site-packages'
[0.489s] Level 1:colcon.colcon_core.environment:checking '/home/farog/ros2_ws/install/my_robot_bringup/bin'
[0.490s] INFO:colcon.colcon_core.shell:Creating package script '/home/farog/ros2_ws/install/my_robot_bringup/share/my_robot_bringup/package.ps1'
[0.493s] INFO:colcon.colcon_core.shell:Creating package descriptor '/home/farog/ros2_ws/install/my_robot_bringup/share/my_robot_bringup/package.dsv'
[0.493s] INFO:colcon.colcon_core.shell:Creating package script '/home/farog/ros2_ws/install/my_robot_bringup/share/my_robot_bringup/package.sh'
[0.495s] INFO:colcon.colcon_core.shell:Creating package script '/home/farog/ros2_ws/install/my_robot_bringup/share/my_robot_bringup/package.bash'
[0.496s] INFO:colcon.colcon_core.shell:Creating package script '/home/farog/ros2_ws/install/my_robot_bringup/share/my_robot_bringup/package.zsh'
[0.497s] Level 1:colcon.colcon_core.environment:create_file_with_runtime_dependencies(/home/farog/ros2_ws/install/my_robot_bringup/share/colcon-core/packages/my_robot_bringup)
[0.510s] DEBUG:colcon.colcon_core.event_handler.log_command:Invoked command in '/home/farog/ros2_ws/build/turtlebot3_simulations' returned '0': CMAKE_PREFIX_PATH=/home/farog/ros2_ws/install/turtlebot3_gazebo:/home/farog/ros2_ws/install/turtlebot3_fake_node:/home/farog/ros2_ws/install/turtlebot3_simulations:/home/farog/ros2_ws/install/my_robot_bringup:/home/farog/ros2_ws/install/my_robot_description:/opt/ros/humble /usr/bin/cmake --build /home/farog/ros2_ws/build/turtlebot3_simulations -- -j20 -l20
[0.520s] Level 1:colcon.colcon_core.environment:create_environment_scripts_only(my_robot_bringup)
[0.522s] Level 1:colcon.colcon_core.environment:checking '/home/farog/ros2_ws/install/my_robot_bringup' for CMake module files
[0.523s] Level 1:colcon.colcon_core.environment:checking '/home/farog/ros2_ws/install/my_robot_bringup' for CMake config files
[0.523s] Level 1:colcon.colcon_core.shell:create_environment_hook('my_robot_bringup', 'cmake_prefix_path')
[0.524s] INFO:colcon.colcon_core.shell:Creating environment hook '/home/farog/ros2_ws/install/my_robot_bringup/share/my_robot_bringup/hook/cmake_prefix_path.ps1'
[0.526s] INFO:colcon.colcon_core.shell:Creating environment descriptor '/home/farog/ros2_ws/install/my_robot_bringup/share/my_robot_bringup/hook/cmake_prefix_path.dsv'
[0.527s] INFO:colcon.colcon_core.shell:Creating environment hook '/home/farog/ros2_ws/install/my_robot_bringup/share/my_robot_bringup/hook/cmake_prefix_path.sh'
[0.529s] Level 1:colcon.colcon_core.environment:checking '/home/farog/ros2_ws/install/my_robot_bringup/bin'
[0.529s] Level 1:colcon.colcon_core.environment:checking '/home/farog/ros2_ws/install/my_robot_bringup/lib/pkgconfig/my_robot_bringup.pc'
[0.529s] Level 1:colcon.colcon_core.environment:checking '/home/farog/ros2_ws/install/my_robot_bringup/lib/python3.10/site-packages'
[0.529s] Level 1:colcon.colcon_core.environment:checking '/home/farog/ros2_ws/install/my_robot_bringup/bin'
[0.531s] INFO:colcon.colcon_core.shell:Creating package script '/home/farog/ros2_ws/install/my_robot_bringup/share/my_robot_bringup/package.ps1'
[0.535s] INFO:colcon.colcon_core.shell:Creating package descriptor '/home/farog/ros2_ws/install/my_robot_bringup/share/my_robot_bringup/package.dsv'
[0.537s] INFO:colcon.colcon_core.shell:Creating package script '/home/farog/ros2_ws/install/my_robot_bringup/share/my_robot_bringup/package.sh'
[0.539s] INFO:colcon.colcon_core.shell:Creating package script '/home/farog/ros2_ws/install/my_robot_bringup/share/my_robot_bringup/package.bash'
[0.541s] INFO:colcon.colcon_core.shell:Creating package script '/home/farog/ros2_ws/install/my_robot_bringup/share/my_robot_bringup/package.zsh'
[0.543s] Level 1:colcon.colcon_core.environment:create_file_with_runtime_dependencies(/home/farog/ros2_ws/install/my_robot_bringup/share/colcon-core/packages/my_robot_bringup)
[0.553s] DEBUG:colcon.colcon_core.event_handler.log_command:Invoking command in '/home/farog/ros2_ws/build/turtlebot3_simulations': CMAKE_PREFIX_PATH=/home/farog/ros2_ws/install/turtlebot3_gazebo:/home/farog/ros2_ws/install/turtlebot3_fake_node:/home/farog/ros2_ws/install/turtlebot3_simulations:/home/farog/ros2_ws/install/my_robot_bringup:/home/farog/ros2_ws/install/my_robot_description:/opt/ros/humble /usr/bin/cmake --install /home/farog/ros2_ws/build/turtlebot3_simulations
[0.565s] Level 1:colcon.colcon_core.environment:create_environment_scripts_only(turtlebot3_simulations)
[0.566s] Level 1:colcon.colcon_core.environment:checking '/home/farog/ros2_ws/install/turtlebot3_simulations' for CMake module files
[0.567s] DEBUG:colcon.colcon_core.event_handler.log_command:Invoked command in '/home/farog/ros2_ws/build/turtlebot3_simulations' returned '0': CMAKE_PREFIX_PATH=/home/farog/ros2_ws/install/turtlebot3_gazebo:/home/farog/ros2_ws/install/turtlebot3_fake_node:/home/farog/ros2_ws/install/turtlebot3_simulations:/home/farog/ros2_ws/install/my_robot_bringup:/home/farog/ros2_ws/install/my_robot_description:/opt/ros/humble /usr/bin/cmake --install /home/farog/ros2_ws/build/turtlebot3_simulations
[0.567s] Level 1:colcon.colcon_core.environment:checking '/home/farog/ros2_ws/install/turtlebot3_simulations' for CMake config files
[0.567s] Level 1:colcon.colcon_core.shell:create_environment_hook('turtlebot3_simulations', 'cmake_prefix_path')
[0.569s] INFO:colcon.colcon_core.shell:Creating environment hook '/home/farog/ros2_ws/install/turtlebot3_simulations/share/turtlebot3_simulations/hook/cmake_prefix_path.ps1'
[0.570s] INFO:colcon.colcon_core.shell:Creating environment descriptor '/home/farog/ros2_ws/install/turtlebot3_simulations/share/turtlebot3_simulations/hook/cmake_prefix_path.dsv'
[0.571s] INFO:colcon.colcon_core.shell:Creating environment hook '/home/farog/ros2_ws/install/turtlebot3_simulations/share/turtlebot3_simulations/hook/cmake_prefix_path.sh'
[0.572s] Level 1:colcon.colcon_core.environment:checking '/home/farog/ros2_ws/install/turtlebot3_simulations/bin'
[0.573s] Level 1:colcon.colcon_core.environment:checking '/home/farog/ros2_ws/install/turtlebot3_simulations/lib/pkgconfig/turtlebot3_simulations.pc'
[0.573s] Level 1:colcon.colcon_core.environment:checking '/home/farog/ros2_ws/install/turtlebot3_simulations/lib/python3.10/site-packages'
[0.573s] Level 1:colcon.colcon_core.environment:checking '/home/farog/ros2_ws/install/turtlebot3_simulations/bin'
[0.574s] INFO:colcon.colcon_core.shell:Creating package script '/home/farog/ros2_ws/install/turtlebot3_simulations/share/turtlebot3_simulations/package.ps1'
[0.577s] INFO:colcon.colcon_core.shell:Creating package descriptor '/home/farog/ros2_ws/install/turtlebot3_simulations/share/turtlebot3_simulations/package.dsv'
[0.578s] INFO:colcon.colcon_core.shell:Creating package script '/home/farog/ros2_ws/install/turtlebot3_simulations/share/turtlebot3_simulations/package.sh'
[0.580s] INFO:colcon.colcon_core.shell:Creating package script '/home/farog/ros2_ws/install/turtlebot3_simulations/share/turtlebot3_simulations/package.bash'
[0.582s] INFO:colcon.colcon_core.shell:Creating package script '/home/farog/ros2_ws/install/turtlebot3_simulations/share/turtlebot3_simulations/package.zsh'
[0.584s] Level 1:colcon.colcon_core.environment:create_file_with_runtime_dependencies(/home/farog/ros2_ws/install/turtlebot3_simulations/share/colcon-core/packages/turtlebot3_simulations)
[0.622s] Level 1:colcon.colcon_core.environment:create_environment_scripts_only(turtlebot3_simulations)
[0.627s] Level 1:colcon.colcon_core.environment:checking '/home/farog/ros2_ws/install/turtlebot3_simulations' for CMake module files
[0.628s] Level 1:colcon.colcon_core.environment:checking '/home/farog/ros2_ws/install/turtlebot3_simulations' for CMake config files
[0.628s] Level 1:colcon.colcon_core.shell:create_environment_hook('turtlebot3_simulations', 'cmake_prefix_path')
[0.630s] INFO:colcon.colcon_core.shell:Creating environment hook '/home/farog/ros2_ws/install/turtlebot3_simulations/share/turtlebot3_simulations/hook/cmake_prefix_path.ps1'
[0.633s] INFO:colcon.colcon_core.shell:Creating environment descriptor '/home/farog/ros2_ws/install/turtlebot3_simulations/share/turtlebot3_simulations/hook/cmake_prefix_path.dsv'
[0.635s] INFO:colcon.colcon_core.shell:Creating environment hook '/home/farog/ros2_ws/install/turtlebot3_simulations/share/turtlebot3_simulations/hook/cmake_prefix_path.sh'
[0.637s] Level 1:colcon.colcon_core.environment:checking '/home/farog/ros2_ws/install/turtlebot3_simulations/bin'
[0.637s] Level 1:colcon.colcon_core.environment:checking '/home/farog/ros2_ws/install/turtlebot3_simulations/lib/pkgconfig/turtlebot3_simulations.pc'
[0.638s] Level 1:colcon.colcon_core.environment:checking '/home/farog/ros2_ws/install/turtlebot3_simulations/lib/python3.10/site-packages'
[0.638s] Level 1:colcon.colcon_core.environment:checking '/home/farog/ros2_ws/install/turtlebot3_simulations/bin'
[0.640s] INFO:colcon.colcon_core.shell:Creating package script '/home/farog/ros2_ws/install/turtlebot3_simulations/share/turtlebot3_simulations/package.ps1'
[0.643s] INFO:colcon.colcon_core.shell:Creating package descriptor '/home/farog/ros2_ws/install/turtlebot3_simulations/share/turtlebot3_simulations/package.dsv'
[0.644s] INFO:colcon.colcon_core.shell:Creating package script '/home/farog/ros2_ws/install/turtlebot3_simulations/share/turtlebot3_simulations/package.sh'
[0.646s] INFO:colcon.colcon_core.shell:Creating package script '/home/farog/ros2_ws/install/turtlebot3_simulations/share/turtlebot3_simulations/package.bash'
[0.648s] INFO:colcon.colcon_core.shell:Creating package script '/home/farog/ros2_ws/install/turtlebot3_simulations/share/turtlebot3_simulations/package.zsh'
[0.650s] Level 1:colcon.colcon_core.environment:create_file_with_runtime_dependencies(/home/farog/ros2_ws/install/turtlebot3_simulations/share/colcon-core/packages/turtlebot3_simulations)
[0.650s] DEBUG:colcon.colcon_parallel_executor.executor.parallel:closing loop
[0.651s] DEBUG:colcon.colcon_parallel_executor.executor.parallel:loop closed
[0.651s] DEBUG:colcon.colcon_parallel_executor.executor.parallel:run_until_complete finished with '0'
[0.651s] DEBUG:colcon.colcon_core.event_reactor:joining thread
[0.659s] INFO:colcon.colcon_core.plugin_system:Skipping extension 'colcon_notification.desktop_notification.terminal_notifier': Not used on non-Darwin systems
[0.659s] INFO:colcon.colcon_core.plugin_system:Skipping extension 'colcon_notification.desktop_notification.win32': Not used on non-Windows systems
[0.660s] INFO:colcon.colcon_notification.desktop_notification:Sending desktop notification using 'notify2'
[0.677s] DEBUG:colcon.colcon_core.event_reactor:joined thread
[0.680s] INFO:colcon.colcon_core.shell:Creating prefix script '/home/farog/ros2_ws/install/local_setup.ps1'
[0.684s] INFO:colcon.colcon_core.shell:Creating prefix util module '/home/farog/ros2_ws/install/_local_setup_util_ps1.py'
[0.691s] INFO:colcon.colcon_core.shell:Creating prefix chain script '/home/farog/ros2_ws/install/setup.ps1'
[0.698s] INFO:colcon.colcon_core.shell:Creating prefix script '/home/farog/ros2_ws/install/local_setup.sh'
[0.704s] INFO:colcon.colcon_core.shell:Creating prefix util module '/home/farog/ros2_ws/install/_local_setup_util_sh.py'
[0.710s] INFO:colcon.colcon_core.shell:Creating prefix chain script '/home/farog/ros2_ws/install/setup.sh'
[0.715s] INFO:colcon.colcon_core.shell:Creating prefix script '/home/farog/ros2_ws/install/local_setup.bash'
[0.720s] INFO:colcon.colcon_core.shell:Creating prefix chain script '/home/farog/ros2_ws/install/setup.bash'
[0.725s] INFO:colcon.colcon_core.shell:Creating prefix script '/home/farog/ros2_ws/install/local_setup.zsh'
[0.730s] INFO:colcon.colcon_core.shell:Creating prefix chain script '/home/farog/ros2_ws/install/setup.zsh'
