[0.031s] Invoking command in '/home/farog/ros2_ws/build/my_robot_bringup': CMAKE_PREFIX_PATH=/home/farog/ros2_ws/install/my_robot_description:/home/farog/ros2_ws/install/turtlebot3_simulations:/home/farog/ros2_ws/install/turtlebot3_gazebo:/home/farog/ros2_ws/install/turtlebot3_fake_node:/home/farog/ros2_ws/install/my_robot_bringup:/home/farog/ros2_ws/install/car_gazebo_plugin:/opt/ros/humble /usr/bin/cmake /home/farog/ros2_ws/src/my_robot_bringup -DCMAKE_INSTALL_PREFIX=/home/farog/ros2_ws/install/my_robot_bringup
[0.058s] -- The C compiler identification is GNU 11.4.0
[0.086s] -- The CXX compiler identification is GNU 11.4.0
[0.090s] -- Detecting C compiler ABI info
[0.125s] -- Detecting C compiler ABI info - done
[0.131s] -- Check for working C compiler: /usr/bin/cc - skipped
[0.131s] -- Detecting C compile features
[0.132s] -- Detecting C compile features - done
[0.134s] -- Detecting CXX compiler ABI info
[0.176s] -- Detecting CXX compiler ABI info - done
[0.180s] -- Check for working CXX compiler: /usr/bin/c++ - skipped
[0.180s] -- Detecting CXX compile features
[0.180s] -- Detecting CXX compile features - done
[0.182s] -- Found ament_cmake: 1.3.5 (/opt/ros/humble/share/ament_cmake/cmake)
[0.273s] -- Found Python3: /usr/bin/python3.10 (found version "3.10.12") found components: Interpreter 
[0.353s] -- Configuring done
[0.354s] -- Generating done
[0.354s] -- Build files have been written to: /home/farog/ros2_ws/build/my_robot_bringup
[0.357s] Invoked command in '/home/farog/ros2_ws/build/my_robot_bringup' returned '0': CMAKE_PREFIX_PATH=/home/farog/ros2_ws/install/my_robot_description:/home/farog/ros2_ws/install/turtlebot3_simulations:/home/farog/ros2_ws/install/turtlebot3_gazebo:/home/farog/ros2_ws/install/turtlebot3_fake_node:/home/farog/ros2_ws/install/my_robot_bringup:/home/farog/ros2_ws/install/car_gazebo_plugin:/opt/ros/humble /usr/bin/cmake /home/farog/ros2_ws/src/my_robot_bringup -DCMAKE_INSTALL_PREFIX=/home/farog/ros2_ws/install/my_robot_bringup
[0.357s] Invoking command in '/home/farog/ros2_ws/build/my_robot_bringup': CMAKE_PREFIX_PATH=/home/farog/ros2_ws/install/my_robot_description:/home/farog/ros2_ws/install/turtlebot3_simulations:/home/farog/ros2_ws/install/turtlebot3_gazebo:/home/farog/ros2_ws/install/turtlebot3_fake_node:/home/farog/ros2_ws/install/my_robot_bringup:/home/farog/ros2_ws/install/car_gazebo_plugin:/opt/ros/humble /usr/bin/cmake --build /home/farog/ros2_ws/build/my_robot_bringup -- -j20 -l20
[0.376s] Invoked command in '/home/farog/ros2_ws/build/my_robot_bringup' returned '0': CMAKE_PREFIX_PATH=/home/farog/ros2_ws/install/my_robot_description:/home/farog/ros2_ws/install/turtlebot3_simulations:/home/farog/ros2_ws/install/turtlebot3_gazebo:/home/farog/ros2_ws/install/turtlebot3_fake_node:/home/farog/ros2_ws/install/my_robot_bringup:/home/farog/ros2_ws/install/car_gazebo_plugin:/opt/ros/humble /usr/bin/cmake --build /home/farog/ros2_ws/build/my_robot_bringup -- -j20 -l20
[0.387s] Invoking command in '/home/farog/ros2_ws/build/my_robot_bringup': CMAKE_PREFIX_PATH=/home/farog/ros2_ws/install/my_robot_description:/home/farog/ros2_ws/install/turtlebot3_simulations:/home/farog/ros2_ws/install/turtlebot3_gazebo:/home/farog/ros2_ws/install/turtlebot3_fake_node:/home/farog/ros2_ws/install/my_robot_bringup:/home/farog/ros2_ws/install/car_gazebo_plugin:/opt/ros/humble /usr/bin/cmake --install /home/farog/ros2_ws/build/my_robot_bringup
[0.390s] -- Install configuration: ""
[0.390s] -- Up-to-date: /home/farog/ros2_ws/install/my_robot_bringup/share/my_robot_bringup//launch
[0.390s] -- Up-to-date: /home/farog/ros2_ws/install/my_robot_bringup/share/my_robot_bringup//launch/bringup.launch.py
[0.391s] -- Up-to-date: /home/farog/ros2_ws/install/my_robot_bringup/share/my_robot_bringup//launch/spawn_car.launch.py
[0.391s] -- Installing: /home/farog/ros2_ws/install/my_robot_bringup/share/my_robot_bringup//launch/my_robot_gazebo.launch.xml
[0.391s] -- Up-to-date: /home/farog/ros2_ws/install/my_robot_bringup/share/my_robot_bringup//rviz
[0.391s] -- Up-to-date: /home/farog/ros2_ws/install/my_robot_bringup/share/my_robot_bringup//rviz/urdf_config.rviz
[0.391s] -- Up-to-date: /home/farog/ros2_ws/install/my_robot_bringup/share/my_robot_bringup//worlds
[0.391s] -- Up-to-date: /home/farog/ros2_ws/install/my_robot_bringup/share/my_robot_bringup//worlds/house.world
[0.391s] -- Up-to-date: /home/farog/ros2_ws/install/my_robot_bringup/share/my_robot_bringup//worlds/desert.world
[0.391s] -- Up-to-date: /home/farog/ros2_ws/install/my_robot_bringup/share/my_robot_bringup//worlds/my_world.world
[0.391s] -- Up-to-date: /home/farog/ros2_ws/install/my_robot_bringup/share/my_robot_bringup//config
[0.391s] -- Installing: /home/farog/ros2_ws/install/my_robot_bringup/share/my_robot_bringup//config/teleop_twist_joy.yaml
[0.391s] -- Installing: /home/farog/ros2_ws/install/my_robot_bringup/share/ament_index/resource_index/package_run_dependencies/my_robot_bringup
[0.391s] -- Installing: /home/farog/ros2_ws/install/my_robot_bringup/share/ament_index/resource_index/parent_prefix_path/my_robot_bringup
[0.391s] -- Up-to-date: /home/farog/ros2_ws/install/my_robot_bringup/share/my_robot_bringup/environment/ament_prefix_path.sh
[0.391s] -- Installing: /home/farog/ros2_ws/install/my_robot_bringup/share/my_robot_bringup/environment/ament_prefix_path.dsv
[0.391s] -- Up-to-date: /home/farog/ros2_ws/install/my_robot_bringup/share/my_robot_bringup/environment/path.sh
[0.391s] -- Installing: /home/farog/ros2_ws/install/my_robot_bringup/share/my_robot_bringup/environment/path.dsv
[0.391s] -- Installing: /home/farog/ros2_ws/install/my_robot_bringup/share/my_robot_bringup/local_setup.bash
[0.391s] -- Installing: /home/farog/ros2_ws/install/my_robot_bringup/share/my_robot_bringup/local_setup.sh
[0.391s] -- Installing: /home/farog/ros2_ws/install/my_robot_bringup/share/my_robot_bringup/local_setup.zsh
[0.391s] -- Installing: /home/farog/ros2_ws/install/my_robot_bringup/share/my_robot_bringup/local_setup.dsv
[0.391s] -- Installing: /home/farog/ros2_ws/install/my_robot_bringup/share/my_robot_bringup/package.dsv
[0.391s] -- Installing: /home/farog/ros2_ws/install/my_robot_bringup/share/ament_index/resource_index/packages/my_robot_bringup
[0.391s] -- Installing: /home/farog/ros2_ws/install/my_robot_bringup/share/my_robot_bringup/cmake/my_robot_bringupConfig.cmake
[0.391s] -- Installing: /home/farog/ros2_ws/install/my_robot_bringup/share/my_robot_bringup/cmake/my_robot_bringupConfig-version.cmake
[0.391s] -- Up-to-date: /home/farog/ros2_ws/install/my_robot_bringup/share/my_robot_bringup/package.xml
[0.392s] Invoked command in '/home/farog/ros2_ws/build/my_robot_bringup' returned '0': CMAKE_PREFIX_PATH=/home/farog/ros2_ws/install/my_robot_description:/home/farog/ros2_ws/install/turtlebot3_simulations:/home/farog/ros2_ws/install/turtlebot3_gazebo:/home/farog/ros2_ws/install/turtlebot3_fake_node:/home/farog/ros2_ws/install/my_robot_bringup:/home/farog/ros2_ws/install/car_gazebo_plugin:/opt/ros/humble /usr/bin/cmake --install /home/farog/ros2_ws/build/my_robot_bringup
