[0.040s] Invoking command in '/home/farog/ros2_ws/build/car_gazebo_plugin': CMAKE_PREFIX_PATH=${CMAKE_PREFIX_PATH}:/opt/ros/humble /usr/bin/cmake --build /home/farog/ros2_ws/build/car_gazebo_plugin -- -j20 -l20
[0.076s] [100%] Built target car_gazebo_plugin
[0.108s] Invoked command in '/home/farog/ros2_ws/build/car_gazebo_plugin' returned '0': CMAKE_PREFIX_PATH=${CMAKE_PREFIX_PATH}:/opt/ros/humble /usr/bin/cmake --build /home/farog/ros2_ws/build/car_gazebo_plugin -- -j20 -l20
[0.185s] Invoking command in '/home/farog/ros2_ws/build/car_gazebo_plugin': CMAKE_PREFIX_PATH=${CMAKE_PREFIX_PATH}:/opt/ros/humble /usr/bin/cmake --install /home/farog/ros2_ws/build/car_gazebo_plugin
[0.189s] -- Install configuration: ""
[0.189s] -- Up-to-date: /home/farog/ros2_ws/install/car_gazebo_plugin/share/car_gazebo_plugin/libcar_gazebo_plugin.so
[0.190s] -- Up-to-date: /home/farog/ros2_ws/install/car_gazebo_plugin/share/ament_index/resource_index/package_run_dependencies/car_gazebo_plugin
[0.190s] -- Up-to-date: /home/farog/ros2_ws/install/car_gazebo_plugin/share/ament_index/resource_index/parent_prefix_path/car_gazebo_plugin
[0.190s] -- Up-to-date: /home/farog/ros2_ws/install/car_gazebo_plugin/share/car_gazebo_plugin/environment/ament_prefix_path.sh
[0.190s] -- Up-to-date: /home/farog/ros2_ws/install/car_gazebo_plugin/share/car_gazebo_plugin/environment/ament_prefix_path.dsv
[0.190s] -- Up-to-date: /home/farog/ros2_ws/install/car_gazebo_plugin/share/car_gazebo_plugin/environment/path.sh
[0.190s] -- Up-to-date: /home/farog/ros2_ws/install/car_gazebo_plugin/share/car_gazebo_plugin/environment/path.dsv
[0.190s] -- Up-to-date: /home/farog/ros2_ws/install/car_gazebo_plugin/share/car_gazebo_plugin/local_setup.bash
[0.190s] -- Up-to-date: /home/farog/ros2_ws/install/car_gazebo_plugin/share/car_gazebo_plugin/local_setup.sh
[0.190s] -- Up-to-date: /home/farog/ros2_ws/install/car_gazebo_plugin/share/car_gazebo_plugin/local_setup.zsh
[0.190s] -- Up-to-date: /home/farog/ros2_ws/install/car_gazebo_plugin/share/car_gazebo_plugin/local_setup.dsv
[0.190s] -- Installing: /home/farog/ros2_ws/install/car_gazebo_plugin/share/car_gazebo_plugin/package.dsv
[0.190s] -- Up-to-date: /home/farog/ros2_ws/install/car_gazebo_plugin/share/ament_index/resource_index/packages/car_gazebo_plugin
[0.190s] -- Up-to-date: /home/farog/ros2_ws/install/car_gazebo_plugin/share/car_gazebo_plugin/cmake/car_gazebo_pluginConfig.cmake
[0.190s] -- Up-to-date: /home/farog/ros2_ws/install/car_gazebo_plugin/share/car_gazebo_plugin/cmake/car_gazebo_pluginConfig-version.cmake
[0.190s] -- Up-to-date: /home/farog/ros2_ws/install/car_gazebo_plugin/share/car_gazebo_plugin/package.xml
[0.191s] Invoked command in '/home/farog/ros2_ws/build/car_gazebo_plugin' returned '0': CMAKE_PREFIX_PATH=${CMAKE_PREFIX_PATH}:/opt/ros/humble /usr/bin/cmake --install /home/farog/ros2_ws/build/car_gazebo_plugin
