[1.618s] DEBUG:colcon:Command line arguments: ['/usr/bin/colcon', 'build']
[1.618s] DEBUG:colcon:Parsed command line arguments: Namespace(log_base=None, log_level=None, verb_name='build', build_base='build', install_base='install', merge_install=False, symlink_install=False, test_result_base=None, continue_on_error=False, executor='parallel', parallel_workers=20, event_handlers=None, ignore_user_meta=False, metas=['./colcon.meta'], base_paths=['.'], packages_ignore=None, packages_ignore_regex=None, paths=None, packages_up_to=None, packages_up_to_regex=None, packages_above=None, packages_above_and_dependencies=None, packages_above_depth=None, packages_select_by_dep=None, packages_skip_by_dep=None, packages_skip_up_to=None, packages_select_build_failed=False, packages_skip_build_finished=False, packages_select_test_failures=False, packages_skip_test_passed=False, packages_select=None, packages_skip=None, packages_select_regex=None, packages_skip_regex=None, packages_start=None, packages_end=None, allow_overriding=[], cmake_args=None, cmake_target=None, cmake_target_skip_unavailable=False, cmake_clean_cache=False, cmake_clean_first=False, cmake_force_configure=False, ament_cmake_args=None, catkin_cmake_args=None, catkin_skip_building_tests=False, verb_parser=<colcon_defaults.argument_parser.defaults.DefaultArgumentsDecorator object at 0x7f38c8ed84f0>, verb_extension=<colcon_core.verb.build.BuildVerb object at 0x7f38c9064eb0>, main=<bound method BuildVerb.main of <colcon_core.verb.build.BuildVerb object at 0x7f38c9064eb0>>)
[1.832s] Level 1:colcon.colcon_core.package_discovery:discover_packages(colcon_meta) check parameters
[1.833s] Level 1:colcon.colcon_core.package_discovery:discover_packages(recursive) check parameters
[1.833s] Level 1:colcon.colcon_core.package_discovery:discover_packages(ignore) check parameters
[1.833s] Level 1:colcon.colcon_core.package_discovery:discover_packages(path) check parameters
[1.833s] Level 1:colcon.colcon_core.package_discovery:discover_packages(colcon_meta) discover
[1.833s] Level 1:colcon.colcon_core.package_discovery:discover_packages(recursive) discover
[1.833s] INFO:colcon.colcon_core.package_discovery:Crawling recursively for packages in '/home/farog/ros2_ws'
[1.833s] Level 1:colcon.colcon_core.package_identification:_identify(.) by extensions ['ignore', 'ignore_ament_install']
[1.833s] Level 1:colcon.colcon_core.package_identification:_identify(.) by extension 'ignore'
[1.834s] Level 1:colcon.colcon_core.package_identification:_identify(.) by extension 'ignore_ament_install'
[1.834s] Level 1:colcon.colcon_core.package_identification:_identify(.) by extensions ['colcon_pkg']
[1.834s] Level 1:colcon.colcon_core.package_identification:_identify(.) by extension 'colcon_pkg'
[1.834s] Level 1:colcon.colcon_core.package_identification:_identify(.) by extensions ['colcon_meta']
[1.834s] Level 1:colcon.colcon_core.package_identification:_identify(.) by extension 'colcon_meta'
[1.834s] Level 1:colcon.colcon_core.package_identification:_identify(.) by extensions ['ros']
[1.834s] Level 1:colcon.colcon_core.package_identification:_identify(.) by extension 'ros'
[1.917s] Level 1:colcon.colcon_core.package_identification:_identify(.) by extensions ['cmake', 'python']
[1.917s] Level 1:colcon.colcon_core.package_identification:_identify(.) by extension 'cmake'
[1.917s] Level 1:colcon.colcon_core.package_identification:_identify(.) by extension 'python'
[1.917s] Level 1:colcon.colcon_core.package_identification:_identify(.) by extensions ['python_setup_py']
[1.917s] Level 1:colcon.colcon_core.package_identification:_identify(.) by extension 'python_setup_py'
[1.917s] Level 1:colcon.colcon_core.package_identification:_identify(build) by extensions ['ignore', 'ignore_ament_install']
[1.917s] Level 1:colcon.colcon_core.package_identification:_identify(build) by extension 'ignore'
[1.917s] Level 1:colcon.colcon_core.package_identification:_identify(build) ignored
[1.917s] Level 1:colcon.colcon_core.package_identification:_identify(install) by extensions ['ignore', 'ignore_ament_install']
[1.917s] Level 1:colcon.colcon_core.package_identification:_identify(install) by extension 'ignore'
[1.917s] Level 1:colcon.colcon_core.package_identification:_identify(install) ignored
[1.921s] Level 1:colcon.colcon_core.package_identification:_identify(log) by extensions ['ignore', 'ignore_ament_install']
[1.921s] Level 1:colcon.colcon_core.package_identification:_identify(log) by extension 'ignore'
[1.921s] Level 1:colcon.colcon_core.package_identification:_identify(log) ignored
[1.921s] Level 1:colcon.colcon_core.package_identification:_identify(src) by extensions ['ignore', 'ignore_ament_install']
[1.921s] Level 1:colcon.colcon_core.package_identification:_identify(src) by extension 'ignore'
[1.921s] Level 1:colcon.colcon_core.package_identification:_identify(src) by extension 'ignore_ament_install'
[1.921s] Level 1:colcon.colcon_core.package_identification:_identify(src) by extensions ['colcon_pkg']
[1.921s] Level 1:colcon.colcon_core.package_identification:_identify(src) by extension 'colcon_pkg'
[1.921s] Level 1:colcon.colcon_core.package_identification:_identify(src) by extensions ['colcon_meta']
[1.921s] Level 1:colcon.colcon_core.package_identification:_identify(src) by extension 'colcon_meta'
[1.921s] Level 1:colcon.colcon_core.package_identification:_identify(src) by extensions ['ros']
[1.921s] Level 1:colcon.colcon_core.package_identification:_identify(src) by extension 'ros'
[1.921s] Level 1:colcon.colcon_core.package_identification:_identify(src) by extensions ['cmake', 'python']
[1.921s] Level 1:colcon.colcon_core.package_identification:_identify(src) by extension 'cmake'
[1.921s] Level 1:colcon.colcon_core.package_identification:_identify(src) by extension 'python'
[1.921s] Level 1:colcon.colcon_core.package_identification:_identify(src) by extensions ['python_setup_py']
[1.921s] Level 1:colcon.colcon_core.package_identification:_identify(src) by extension 'python_setup_py'
[1.921s] Level 1:colcon.colcon_core.package_identification:_identify(src/build) by extensions ['ignore', 'ignore_ament_install']
[1.921s] Level 1:colcon.colcon_core.package_identification:_identify(src/build) by extension 'ignore'
[1.921s] Level 1:colcon.colcon_core.package_identification:_identify(src/build) ignored
[1.921s] Level 1:colcon.colcon_core.package_identification:_identify(src/install) by extensions ['ignore', 'ignore_ament_install']
[1.921s] Level 1:colcon.colcon_core.package_identification:_identify(src/install) by extension 'ignore'
[1.922s] Level 1:colcon.colcon_core.package_identification:_identify(src/install) ignored
[1.922s] Level 1:colcon.colcon_core.package_identification:_identify(src/log) by extensions ['ignore', 'ignore_ament_install']
[1.922s] Level 1:colcon.colcon_core.package_identification:_identify(src/log) by extension 'ignore'
[1.922s] Level 1:colcon.colcon_core.package_identification:_identify(src/log) ignored
[1.922s] Level 1:colcon.colcon_core.package_identification:_identify(src/my_robot_bringup) by extensions ['ignore', 'ignore_ament_install']
[1.922s] Level 1:colcon.colcon_core.package_identification:_identify(src/my_robot_bringup) by extension 'ignore'
[1.922s] Level 1:colcon.colcon_core.package_identification:_identify(src/my_robot_bringup) by extension 'ignore_ament_install'
[1.922s] Level 1:colcon.colcon_core.package_identification:_identify(src/my_robot_bringup) by extensions ['colcon_pkg']
[1.922s] Level 1:colcon.colcon_core.package_identification:_identify(src/my_robot_bringup) by extension 'colcon_pkg'
[1.922s] Level 1:colcon.colcon_core.package_identification:_identify(src/my_robot_bringup) by extensions ['colcon_meta']
[1.922s] Level 1:colcon.colcon_core.package_identification:_identify(src/my_robot_bringup) by extension 'colcon_meta'
[1.922s] Level 1:colcon.colcon_core.package_identification:_identify(src/my_robot_bringup) by extensions ['ros']
[1.922s] Level 1:colcon.colcon_core.package_identification:_identify(src/my_robot_bringup) by extension 'ros'
[1.928s] DEBUG:colcon.colcon_core.package_identification:Package 'src/my_robot_bringup' with type 'ros.ament_cmake' and name 'my_robot_bringup'
[1.928s] Level 1:colcon.colcon_core.package_identification:_identify(src/my_robot_description) by extensions ['ignore', 'ignore_ament_install']
[1.928s] Level 1:colcon.colcon_core.package_identification:_identify(src/my_robot_description) by extension 'ignore'
[1.928s] Level 1:colcon.colcon_core.package_identification:_identify(src/my_robot_description) by extension 'ignore_ament_install'
[1.928s] Level 1:colcon.colcon_core.package_identification:_identify(src/my_robot_description) by extensions ['colcon_pkg']
[1.928s] Level 1:colcon.colcon_core.package_identification:_identify(src/my_robot_description) by extension 'colcon_pkg'
[1.928s] Level 1:colcon.colcon_core.package_identification:_identify(src/my_robot_description) by extensions ['colcon_meta']
[1.928s] Level 1:colcon.colcon_core.package_identification:_identify(src/my_robot_description) by extension 'colcon_meta'
[1.928s] Level 1:colcon.colcon_core.package_identification:_identify(src/my_robot_description) by extensions ['ros']
[1.928s] Level 1:colcon.colcon_core.package_identification:_identify(src/my_robot_description) by extension 'ros'
[1.929s] DEBUG:colcon.colcon_core.package_identification:Package 'src/my_robot_description' with type 'ros.ament_cmake' and name 'my_robot_description'
[1.929s] Level 1:colcon.colcon_core.package_discovery:discover_packages(recursive) using defaults
[1.929s] Level 1:colcon.colcon_core.package_discovery:discover_packages(ignore) discover
[1.929s] Level 1:colcon.colcon_core.package_discovery:discover_packages(ignore) using defaults
[1.929s] Level 1:colcon.colcon_core.package_discovery:discover_packages(path) discover
[1.929s] Level 1:colcon.colcon_core.package_discovery:discover_packages(path) using defaults
[1.996s] Level 1:colcon.colcon_core.package_discovery:discover_packages(prefix_path) check parameters
[1.996s] Level 1:colcon.colcon_core.package_discovery:discover_packages(prefix_path) discover
[2.003s] DEBUG:colcon.colcon_installed_package_information.package_discovery:Found 5 installed packages in /home/farog/ros2_ws/install
[2.004s] DEBUG:colcon.colcon_installed_package_information.package_discovery:Found 391 installed packages in /opt/ros/humble
[2.006s] Level 1:colcon.colcon_core.package_discovery:discover_packages(prefix_path) using defaults
[2.221s] Level 5:colcon.colcon_core.verb:set package 'my_robot_description' build argument 'cmake_args' from command line to 'None'
[2.221s] Level 5:colcon.colcon_core.verb:set package 'my_robot_description' build argument 'cmake_target' from command line to 'None'
[2.221s] Level 5:colcon.colcon_core.verb:set package 'my_robot_description' build argument 'cmake_target_skip_unavailable' from command line to 'False'
[2.221s] Level 5:colcon.colcon_core.verb:set package 'my_robot_description' build argument 'cmake_clean_cache' from command line to 'False'
[2.221s] Level 5:colcon.colcon_core.verb:set package 'my_robot_description' build argument 'cmake_clean_first' from command line to 'False'
[2.221s] Level 5:colcon.colcon_core.verb:set package 'my_robot_description' build argument 'cmake_force_configure' from command line to 'False'
[2.221s] Level 5:colcon.colcon_core.verb:set package 'my_robot_description' build argument 'ament_cmake_args' from command line to 'None'
[2.221s] Level 5:colcon.colcon_core.verb:set package 'my_robot_description' build argument 'catkin_cmake_args' from command line to 'None'
[2.221s] Level 5:colcon.colcon_core.verb:set package 'my_robot_description' build argument 'catkin_skip_building_tests' from command line to 'False'
[2.221s] DEBUG:colcon.colcon_core.verb:Building package 'my_robot_description' with the following arguments: {'ament_cmake_args': None, 'build_base': '/home/farog/ros2_ws/build/my_robot_description', 'catkin_cmake_args': None, 'catkin_skip_building_tests': False, 'cmake_args': None, 'cmake_clean_cache': False, 'cmake_clean_first': False, 'cmake_force_configure': False, 'cmake_target': None, 'cmake_target_skip_unavailable': False, 'install_base': '/home/farog/ros2_ws/install/my_robot_description', 'merge_install': False, 'path': '/home/farog/ros2_ws/src/my_robot_description', 'symlink_install': False, 'test_result_base': None}
[2.221s] Level 5:colcon.colcon_core.verb:set package 'my_robot_bringup' build argument 'cmake_args' from command line to 'None'
[2.221s] Level 5:colcon.colcon_core.verb:set package 'my_robot_bringup' build argument 'cmake_target' from command line to 'None'
[2.221s] Level 5:colcon.colcon_core.verb:set package 'my_robot_bringup' build argument 'cmake_target_skip_unavailable' from command line to 'False'
[2.221s] Level 5:colcon.colcon_core.verb:set package 'my_robot_bringup' build argument 'cmake_clean_cache' from command line to 'False'
[2.221s] Level 5:colcon.colcon_core.verb:set package 'my_robot_bringup' build argument 'cmake_clean_first' from command line to 'False'
[2.221s] Level 5:colcon.colcon_core.verb:set package 'my_robot_bringup' build argument 'cmake_force_configure' from command line to 'False'
[2.221s] Level 5:colcon.colcon_core.verb:set package 'my_robot_bringup' build argument 'ament_cmake_args' from command line to 'None'
[2.221s] Level 5:colcon.colcon_core.verb:set package 'my_robot_bringup' build argument 'catkin_cmake_args' from command line to 'None'
[2.221s] Level 5:colcon.colcon_core.verb:set package 'my_robot_bringup' build argument 'catkin_skip_building_tests' from command line to 'False'
[2.221s] DEBUG:colcon.colcon_core.verb:Building package 'my_robot_bringup' with the following arguments: {'ament_cmake_args': None, 'build_base': '/home/farog/ros2_ws/build/my_robot_bringup', 'catkin_cmake_args': None, 'catkin_skip_building_tests': False, 'cmake_args': None, 'cmake_clean_cache': False, 'cmake_clean_first': False, 'cmake_force_configure': False, 'cmake_target': None, 'cmake_target_skip_unavailable': False, 'install_base': '/home/farog/ros2_ws/install/my_robot_bringup', 'merge_install': False, 'path': '/home/farog/ros2_ws/src/my_robot_bringup', 'symlink_install': False, 'test_result_base': None}
[2.222s] INFO:colcon.colcon_core.executor:Executing jobs using 'parallel' executor
[2.223s] DEBUG:colcon.colcon_parallel_executor.executor.parallel:run_until_complete
[2.224s] INFO:colcon.colcon_ros.task.ament_cmake.build:Building ROS package in '/home/farog/ros2_ws/src/my_robot_description' with build type 'ament_cmake'
[2.224s] INFO:colcon.colcon_cmake.task.cmake.build:Building CMake package in '/home/farog/ros2_ws/src/my_robot_description'
[2.234s] INFO:colcon.colcon_core.plugin_system:Skipping extension 'colcon_core.shell.bat': Not used on non-Windows systems
[2.234s] INFO:colcon.colcon_core.shell:Skip shell extension 'powershell' for command environment: Not usable outside of PowerShell
[2.234s] DEBUG:colcon.colcon_core.shell:Skip shell extension 'dsv' for command environment
[2.246s] DEBUG:colcon.colcon_core.event_handler.log_command:Invoking command in '/home/farog/ros2_ws/build/my_robot_description': CMAKE_PREFIX_PATH=${CMAKE_PREFIX_PATH}:/opt/ros/humble /usr/bin/cmake --build /home/farog/ros2_ws/build/my_robot_description -- -j20 -l20
[2.395s] DEBUG:colcon.colcon_core.event_handler.log_command:Invoked command in '/home/farog/ros2_ws/build/my_robot_description' returned '0': CMAKE_PREFIX_PATH=${CMAKE_PREFIX_PATH}:/opt/ros/humble /usr/bin/cmake --build /home/farog/ros2_ws/build/my_robot_description -- -j20 -l20
[2.451s] DEBUG:colcon.colcon_core.event_handler.log_command:Invoking command in '/home/farog/ros2_ws/build/my_robot_description': CMAKE_PREFIX_PATH=${CMAKE_PREFIX_PATH}:/opt/ros/humble /usr/bin/cmake --install /home/farog/ros2_ws/build/my_robot_description
[2.498s] Level 1:colcon.colcon_core.environment:create_environment_scripts_only(my_robot_description)
[2.500s] DEBUG:colcon.colcon_core.event_handler.log_command:Invoked command in '/home/farog/ros2_ws/build/my_robot_description' returned '0': CMAKE_PREFIX_PATH=${CMAKE_PREFIX_PATH}:/opt/ros/humble /usr/bin/cmake --install /home/farog/ros2_ws/build/my_robot_description
[2.533s] Level 1:colcon.colcon_core.environment:checking '/home/farog/ros2_ws/install/my_robot_description' for CMake module files
[2.534s] Level 1:colcon.colcon_core.environment:checking '/home/farog/ros2_ws/install/my_robot_description' for CMake config files
[2.534s] Level 1:colcon.colcon_core.shell:create_environment_hook('my_robot_description', 'cmake_prefix_path')
[2.536s] INFO:colcon.colcon_core.shell:Creating environment hook '/home/farog/ros2_ws/install/my_robot_description/share/my_robot_description/hook/cmake_prefix_path.ps1'
[2.550s] INFO:colcon.colcon_core.shell:Creating environment descriptor '/home/farog/ros2_ws/install/my_robot_description/share/my_robot_description/hook/cmake_prefix_path.dsv'
[2.553s] INFO:colcon.colcon_core.shell:Creating environment hook '/home/farog/ros2_ws/install/my_robot_description/share/my_robot_description/hook/cmake_prefix_path.sh'
[2.557s] Level 1:colcon.colcon_core.environment:checking '/home/farog/ros2_ws/install/my_robot_description/bin'
[2.557s] Level 1:colcon.colcon_core.environment:checking '/home/farog/ros2_ws/install/my_robot_description/lib/pkgconfig/my_robot_description.pc'
[2.558s] Level 1:colcon.colcon_core.environment:checking '/home/farog/ros2_ws/install/my_robot_description/lib/python3.10/site-packages'
[2.558s] Level 1:colcon.colcon_core.environment:checking '/home/farog/ros2_ws/install/my_robot_description/bin'
[2.560s] INFO:colcon.colcon_core.shell:Creating package script '/home/farog/ros2_ws/install/my_robot_description/share/my_robot_description/package.ps1'
[2.564s] INFO:colcon.colcon_core.shell:Creating package descriptor '/home/farog/ros2_ws/install/my_robot_description/share/my_robot_description/package.dsv'
[2.568s] INFO:colcon.colcon_core.shell:Creating package script '/home/farog/ros2_ws/install/my_robot_description/share/my_robot_description/package.sh'
[2.576s] INFO:colcon.colcon_core.shell:Creating package script '/home/farog/ros2_ws/install/my_robot_description/share/my_robot_description/package.bash'
[2.580s] INFO:colcon.colcon_core.shell:Creating package script '/home/farog/ros2_ws/install/my_robot_description/share/my_robot_description/package.zsh'
[2.584s] Level 1:colcon.colcon_core.environment:create_file_with_runtime_dependencies(/home/farog/ros2_ws/install/my_robot_description/share/colcon-core/packages/my_robot_description)
[2.631s] Level 1:colcon.colcon_core.environment:create_environment_scripts_only(my_robot_description)
[2.635s] Level 1:colcon.colcon_core.environment:checking '/home/farog/ros2_ws/install/my_robot_description' for CMake module files
[2.636s] Level 1:colcon.colcon_core.environment:checking '/home/farog/ros2_ws/install/my_robot_description' for CMake config files
[2.637s] Level 1:colcon.colcon_core.shell:create_environment_hook('my_robot_description', 'cmake_prefix_path')
[2.640s] INFO:colcon.colcon_core.shell:Creating environment hook '/home/farog/ros2_ws/install/my_robot_description/share/my_robot_description/hook/cmake_prefix_path.ps1'
[2.642s] INFO:colcon.colcon_core.shell:Creating environment descriptor '/home/farog/ros2_ws/install/my_robot_description/share/my_robot_description/hook/cmake_prefix_path.dsv'
[2.644s] INFO:colcon.colcon_core.shell:Creating environment hook '/home/farog/ros2_ws/install/my_robot_description/share/my_robot_description/hook/cmake_prefix_path.sh'
[2.646s] Level 1:colcon.colcon_core.environment:checking '/home/farog/ros2_ws/install/my_robot_description/bin'
[2.646s] Level 1:colcon.colcon_core.environment:checking '/home/farog/ros2_ws/install/my_robot_description/lib/pkgconfig/my_robot_description.pc'
[2.647s] Level 1:colcon.colcon_core.environment:checking '/home/farog/ros2_ws/install/my_robot_description/lib/python3.10/site-packages'
[2.647s] Level 1:colcon.colcon_core.environment:checking '/home/farog/ros2_ws/install/my_robot_description/bin'
[2.649s] INFO:colcon.colcon_core.shell:Creating package script '/home/farog/ros2_ws/install/my_robot_description/share/my_robot_description/package.ps1'
[2.652s] INFO:colcon.colcon_core.shell:Creating package descriptor '/home/farog/ros2_ws/install/my_robot_description/share/my_robot_description/package.dsv'
[2.653s] INFO:colcon.colcon_core.shell:Creating package script '/home/farog/ros2_ws/install/my_robot_description/share/my_robot_description/package.sh'
[2.655s] INFO:colcon.colcon_core.shell:Creating package script '/home/farog/ros2_ws/install/my_robot_description/share/my_robot_description/package.bash'
[2.656s] INFO:colcon.colcon_core.shell:Creating package script '/home/farog/ros2_ws/install/my_robot_description/share/my_robot_description/package.zsh'
[2.657s] Level 1:colcon.colcon_core.environment:create_file_with_runtime_dependencies(/home/farog/ros2_ws/install/my_robot_description/share/colcon-core/packages/my_robot_description)
[2.657s] INFO:colcon.colcon_ros.task.ament_cmake.build:Building ROS package in '/home/farog/ros2_ws/src/my_robot_bringup' with build type 'ament_cmake'
[2.657s] INFO:colcon.colcon_cmake.task.cmake.build:Building CMake package in '/home/farog/ros2_ws/src/my_robot_bringup'
[2.658s] INFO:colcon.colcon_core.shell:Skip shell extension 'powershell' for command environment: Not usable outside of PowerShell
[2.658s] DEBUG:colcon.colcon_core.shell:Skip shell extension 'dsv' for command environment
[2.672s] DEBUG:colcon.colcon_core.event_handler.log_command:Invoking command in '/home/farog/ros2_ws/build/my_robot_bringup': CMAKE_PREFIX_PATH=/home/farog/ros2_ws/install/my_robot_description:/home/farog/ros2_ws/install/turtlebot3_simulations:/home/farog/ros2_ws/install/turtlebot3_gazebo:/home/farog/ros2_ws/install/turtlebot3_fake_node:/home/farog/ros2_ws/install/my_robot_bringup:/opt/ros/humble /usr/bin/cmake --build /home/farog/ros2_ws/build/my_robot_bringup -- -j20 -l20
[2.708s] DEBUG:colcon.colcon_core.event_handler.log_command:Invoked command in '/home/farog/ros2_ws/build/my_robot_bringup' returned '0': CMAKE_PREFIX_PATH=/home/farog/ros2_ws/install/my_robot_description:/home/farog/ros2_ws/install/turtlebot3_simulations:/home/farog/ros2_ws/install/turtlebot3_gazebo:/home/farog/ros2_ws/install/turtlebot3_fake_node:/home/farog/ros2_ws/install/my_robot_bringup:/opt/ros/humble /usr/bin/cmake --build /home/farog/ros2_ws/build/my_robot_bringup -- -j20 -l20
[2.744s] DEBUG:colcon.colcon_core.event_handler.log_command:Invoking command in '/home/farog/ros2_ws/build/my_robot_bringup': CMAKE_PREFIX_PATH=/home/farog/ros2_ws/install/my_robot_description:/home/farog/ros2_ws/install/turtlebot3_simulations:/home/farog/ros2_ws/install/turtlebot3_gazebo:/home/farog/ros2_ws/install/turtlebot3_fake_node:/home/farog/ros2_ws/install/my_robot_bringup:/opt/ros/humble /usr/bin/cmake --install /home/farog/ros2_ws/build/my_robot_bringup
[2.770s] Level 1:colcon.colcon_core.environment:create_environment_scripts_only(my_robot_bringup)
[2.774s] Level 1:colcon.colcon_core.environment:checking '/home/farog/ros2_ws/install/my_robot_bringup' for CMake module files
[2.776s] DEBUG:colcon.colcon_core.event_handler.log_command:Invoked command in '/home/farog/ros2_ws/build/my_robot_bringup' returned '0': CMAKE_PREFIX_PATH=/home/farog/ros2_ws/install/my_robot_description:/home/farog/ros2_ws/install/turtlebot3_simulations:/home/farog/ros2_ws/install/turtlebot3_gazebo:/home/farog/ros2_ws/install/turtlebot3_fake_node:/home/farog/ros2_ws/install/my_robot_bringup:/opt/ros/humble /usr/bin/cmake --install /home/farog/ros2_ws/build/my_robot_bringup
[2.776s] Level 1:colcon.colcon_core.environment:checking '/home/farog/ros2_ws/install/my_robot_bringup' for CMake config files
[2.777s] Level 1:colcon.colcon_core.shell:create_environment_hook('my_robot_bringup', 'cmake_prefix_path')
[2.780s] INFO:colcon.colcon_core.shell:Creating environment hook '/home/farog/ros2_ws/install/my_robot_bringup/share/my_robot_bringup/hook/cmake_prefix_path.ps1'
[2.782s] INFO:colcon.colcon_core.shell:Creating environment descriptor '/home/farog/ros2_ws/install/my_robot_bringup/share/my_robot_bringup/hook/cmake_prefix_path.dsv'
[2.784s] INFO:colcon.colcon_core.shell:Creating environment hook '/home/farog/ros2_ws/install/my_robot_bringup/share/my_robot_bringup/hook/cmake_prefix_path.sh'
[2.786s] Level 1:colcon.colcon_core.environment:checking '/home/farog/ros2_ws/install/my_robot_bringup/bin'
[2.786s] Level 1:colcon.colcon_core.environment:checking '/home/farog/ros2_ws/install/my_robot_bringup/lib/pkgconfig/my_robot_bringup.pc'
[2.786s] Level 1:colcon.colcon_core.environment:checking '/home/farog/ros2_ws/install/my_robot_bringup/lib/python3.10/site-packages'
[2.787s] Level 1:colcon.colcon_core.environment:checking '/home/farog/ros2_ws/install/my_robot_bringup/bin'
[2.789s] INFO:colcon.colcon_core.shell:Creating package script '/home/farog/ros2_ws/install/my_robot_bringup/share/my_robot_bringup/package.ps1'
[2.794s] INFO:colcon.colcon_core.shell:Creating package descriptor '/home/farog/ros2_ws/install/my_robot_bringup/share/my_robot_bringup/package.dsv'
[2.796s] INFO:colcon.colcon_core.shell:Creating package script '/home/farog/ros2_ws/install/my_robot_bringup/share/my_robot_bringup/package.sh'
[2.799s] INFO:colcon.colcon_core.shell:Creating package script '/home/farog/ros2_ws/install/my_robot_bringup/share/my_robot_bringup/package.bash'
[2.802s] INFO:colcon.colcon_core.shell:Creating package script '/home/farog/ros2_ws/install/my_robot_bringup/share/my_robot_bringup/package.zsh'
[2.805s] Level 1:colcon.colcon_core.environment:create_file_with_runtime_dependencies(/home/farog/ros2_ws/install/my_robot_bringup/share/colcon-core/packages/my_robot_bringup)
[2.847s] Level 1:colcon.colcon_core.environment:create_environment_scripts_only(my_robot_bringup)
[2.851s] Level 1:colcon.colcon_core.environment:checking '/home/farog/ros2_ws/install/my_robot_bringup' for CMake module files
[2.852s] Level 1:colcon.colcon_core.environment:checking '/home/farog/ros2_ws/install/my_robot_bringup' for CMake config files
[2.853s] Level 1:colcon.colcon_core.shell:create_environment_hook('my_robot_bringup', 'cmake_prefix_path')
[2.855s] INFO:colcon.colcon_core.shell:Creating environment hook '/home/farog/ros2_ws/install/my_robot_bringup/share/my_robot_bringup/hook/cmake_prefix_path.ps1'
[2.857s] INFO:colcon.colcon_core.shell:Creating environment descriptor '/home/farog/ros2_ws/install/my_robot_bringup/share/my_robot_bringup/hook/cmake_prefix_path.dsv'
[2.859s] INFO:colcon.colcon_core.shell:Creating environment hook '/home/farog/ros2_ws/install/my_robot_bringup/share/my_robot_bringup/hook/cmake_prefix_path.sh'
[2.861s] Level 1:colcon.colcon_core.environment:checking '/home/farog/ros2_ws/install/my_robot_bringup/bin'
[2.861s] Level 1:colcon.colcon_core.environment:checking '/home/farog/ros2_ws/install/my_robot_bringup/lib/pkgconfig/my_robot_bringup.pc'
[2.861s] Level 1:colcon.colcon_core.environment:checking '/home/farog/ros2_ws/install/my_robot_bringup/lib/python3.10/site-packages'
[2.861s] Level 1:colcon.colcon_core.environment:checking '/home/farog/ros2_ws/install/my_robot_bringup/bin'
[2.863s] INFO:colcon.colcon_core.shell:Creating package script '/home/farog/ros2_ws/install/my_robot_bringup/share/my_robot_bringup/package.ps1'
[2.865s] INFO:colcon.colcon_core.shell:Creating package descriptor '/home/farog/ros2_ws/install/my_robot_bringup/share/my_robot_bringup/package.dsv'
[2.867s] INFO:colcon.colcon_core.shell:Creating package script '/home/farog/ros2_ws/install/my_robot_bringup/share/my_robot_bringup/package.sh'
[2.869s] INFO:colcon.colcon_core.shell:Creating package script '/home/farog/ros2_ws/install/my_robot_bringup/share/my_robot_bringup/package.bash'
[2.870s] INFO:colcon.colcon_core.shell:Creating package script '/home/farog/ros2_ws/install/my_robot_bringup/share/my_robot_bringup/package.zsh'
[2.871s] Level 1:colcon.colcon_core.environment:create_file_with_runtime_dependencies(/home/farog/ros2_ws/install/my_robot_bringup/share/colcon-core/packages/my_robot_bringup)
[2.872s] DEBUG:colcon.colcon_parallel_executor.executor.parallel:closing loop
[2.872s] DEBUG:colcon.colcon_parallel_executor.executor.parallel:loop closed
[2.873s] DEBUG:colcon.colcon_parallel_executor.executor.parallel:run_until_complete finished with '0'
[2.873s] DEBUG:colcon.colcon_core.event_reactor:joining thread
[2.941s] INFO:colcon.colcon_core.plugin_system:Skipping extension 'colcon_notification.desktop_notification.terminal_notifier': Not used on non-Darwin systems
[2.941s] INFO:colcon.colcon_core.plugin_system:Skipping extension 'colcon_notification.desktop_notification.win32': Not used on non-Windows systems
[2.941s] INFO:colcon.colcon_notification.desktop_notification:Sending desktop notification using 'notify2'
[2.970s] DEBUG:colcon.colcon_core.event_reactor:joined thread
[2.973s] INFO:colcon.colcon_core.shell:Creating prefix script '/home/farog/ros2_ws/install/local_setup.ps1'
[2.979s] INFO:colcon.colcon_core.shell:Creating prefix util module '/home/farog/ros2_ws/install/_local_setup_util_ps1.py'
[2.985s] INFO:colcon.colcon_core.shell:Creating prefix chain script '/home/farog/ros2_ws/install/setup.ps1'
[2.989s] INFO:colcon.colcon_core.shell:Creating prefix script '/home/farog/ros2_ws/install/local_setup.sh'
[2.992s] INFO:colcon.colcon_core.shell:Creating prefix util module '/home/farog/ros2_ws/install/_local_setup_util_sh.py'
[2.995s] INFO:colcon.colcon_core.shell:Creating prefix chain script '/home/farog/ros2_ws/install/setup.sh'
[3.001s] INFO:colcon.colcon_core.shell:Creating prefix script '/home/farog/ros2_ws/install/local_setup.bash'
[3.005s] INFO:colcon.colcon_core.shell:Creating prefix chain script '/home/farog/ros2_ws/install/setup.bash'
[3.009s] INFO:colcon.colcon_core.shell:Creating prefix script '/home/farog/ros2_ws/install/local_setup.zsh'
[3.015s] INFO:colcon.colcon_core.shell:Creating prefix chain script '/home/farog/ros2_ws/install/setup.zsh'
