[0.011s] Invoking command in '/home/farog/ros2_ws/build/my_robot_description': CMAKE_PREFIX_PATH=${CMAKE_PREFIX_PATH}:/opt/ros/humble /usr/bin/cmake --build /home/farog/ros2_ws/build/my_robot_description -- -j20 -l20
[0.024s] -- Found ament_cmake: 1.3.5 (/opt/ros/humble/share/ament_cmake/cmake)
[0.167s] -- Configuring done
[0.177s] -- Generating done
[0.182s] -- Build files have been written to: /home/farog/ros2_ws/build/my_robot_description
[0.200s] Invoked command in '/home/farog/ros2_ws/build/my_robot_description' returned '0': CMAKE_PREFIX_PATH=${CMAKE_PREFIX_PATH}:/opt/ros/humble /usr/bin/cmake --build /home/farog/ros2_ws/build/my_robot_description -- -j20 -l20
[0.253s] Invoking command in '/home/farog/ros2_ws/build/my_robot_description': CMAKE_PREFIX_PATH=${CMAKE_PREFIX_PATH}:/opt/ros/humble /usr/bin/cmake --install /home/farog/ros2_ws/build/my_robot_description
[0.262s] -- Install configuration: ""
[0.263s] -- Up-to-date: /home/farog/ros2_ws/install/my_robot_description/share/my_robot_description//urdf
[0.263s] -- Up-to-date: /home/farog/ros2_ws/install/my_robot_description/share/my_robot_description//urdf/common_properties.xacro
[0.263s] -- Up-to-date: /home/farog/ros2_ws/install/my_robot_description/share/my_robot_description//urdf/ultrasonic.xacro
[0.263s] -- Up-to-date: /home/farog/ros2_ws/install/my_robot_description/share/my_robot_description//urdf/mobile_base_gazebo.xacro
[0.263s] -- Up-to-date: /home/farog/ros2_ws/install/my_robot_description/share/my_robot_description//urdf/ugv.urdf
[0.263s] -- Up-to-date: /home/farog/ros2_ws/install/my_robot_description/share/my_robot_description//urdf/camera.xacro
[0.264s] -- Up-to-date: /home/farog/ros2_ws/install/my_robot_description/share/my_robot_description//urdf/lidar.xacro
[0.264s] -- Up-to-date: /home/farog/ros2_ws/install/my_robot_description/share/my_robot_description//urdf/ugv.urdf.xacro
[0.264s] -- Up-to-date: /home/farog/ros2_ws/install/my_robot_description/share/my_robot_description//launch
[0.264s] -- Up-to-date: /home/farog/ros2_ws/install/my_robot_description/share/my_robot_description//launch/display.launch.xml
[0.264s] -- Up-to-date: /home/farog/ros2_ws/install/my_robot_description/share/my_robot_description//meshes
[0.264s] -- Up-to-date: /home/farog/ros2_ws/install/my_robot_description/share/my_robot_description//meshes/wheel1.dae
[0.264s] -- Up-to-date: /home/farog/ros2_ws/install/my_robot_description/share/my_robot_description//meshes/body.dae
[0.264s] -- Up-to-date: /home/farog/ros2_ws/install/my_robot_description/share/my_robot_description//meshes/body1.dae
[0.264s] -- Up-to-date: /home/farog/ros2_ws/install/my_robot_description/share/my_robot_description//meshes/model.dae
[0.264s] -- Up-to-date: /home/farog/ros2_ws/install/my_robot_description/share/my_robot_description//rviz
[0.264s] -- Up-to-date: /home/farog/ros2_ws/install/my_robot_description/share/my_robot_description//rviz/urdf_config.rviz
[0.264s] -- Installing: /home/farog/ros2_ws/install/my_robot_description/share/my_robot_description//config
[0.265s] -- Installing: /home/farog/ros2_ws/install/my_robot_description/share/my_robot_description//config/diff_drive_controller.yaml
[0.265s] -- Up-to-date: /home/farog/ros2_ws/install/my_robot_description/share/ament_index/resource_index/package_run_dependencies/my_robot_description
[0.265s] -- Up-to-date: /home/farog/ros2_ws/install/my_robot_description/share/ament_index/resource_index/parent_prefix_path/my_robot_description
[0.266s] -- Up-to-date: /home/farog/ros2_ws/install/my_robot_description/share/my_robot_description/environment/ament_prefix_path.sh
[0.266s] -- Installing: /home/farog/ros2_ws/install/my_robot_description/share/my_robot_description/environment/ament_prefix_path.dsv
[0.267s] -- Up-to-date: /home/farog/ros2_ws/install/my_robot_description/share/my_robot_description/environment/path.sh
[0.267s] -- Installing: /home/farog/ros2_ws/install/my_robot_description/share/my_robot_description/environment/path.dsv
[0.269s] -- Up-to-date: /home/farog/ros2_ws/install/my_robot_description/share/my_robot_description/local_setup.bash
[0.269s] -- Up-to-date: /home/farog/ros2_ws/install/my_robot_description/share/my_robot_description/local_setup.sh
[0.269s] -- Up-to-date: /home/farog/ros2_ws/install/my_robot_description/share/my_robot_description/local_setup.zsh
[0.269s] -- Installing: /home/farog/ros2_ws/install/my_robot_description/share/my_robot_description/local_setup.dsv
[0.271s] -- Installing: /home/farog/ros2_ws/install/my_robot_description/share/my_robot_description/package.dsv
[0.272s] -- Up-to-date: /home/farog/ros2_ws/install/my_robot_description/share/ament_index/resource_index/packages/my_robot_description
[0.273s] -- Up-to-date: /home/farog/ros2_ws/install/my_robot_description/share/my_robot_description/cmake/my_robot_descriptionConfig.cmake
[0.273s] -- Up-to-date: /home/farog/ros2_ws/install/my_robot_description/share/my_robot_description/cmake/my_robot_descriptionConfig-version.cmake
[0.273s] -- Up-to-date: /home/farog/ros2_ws/install/my_robot_description/share/my_robot_description/package.xml
[0.277s] Invoked command in '/home/farog/ros2_ws/build/my_robot_description' returned '0': CMAKE_PREFIX_PATH=${CMAKE_PREFIX_PATH}:/opt/ros/humble /usr/bin/cmake --install /home/farog/ros2_ws/build/my_robot_description
