[0.033s] Invoking command in '/home/farog/ros2_ws/build/car_gazebo_plugin': CMAKE_PREFIX_PATH=${CMAKE_PREFIX_PATH}:/opt/ros/humble /usr/bin/cmake --build /home/farog/ros2_ws/build/car_gazebo_plugin -- -j20 -l20
[0.050s] [33mCMake Warning (dev) at /usr/share/cmake-3.22/Modules/FindPackageHandleStandardArgs.cmake:438 (message):
[0.050s]   The package name passed to `find_package_handle_standard_args` (PkgConfig)
[0.050s]   does not match the name of the calling package (gazebo).  This can lead to
[0.050s]   problems in calling code that expects `find_package` result variables
[0.050s]   (e.g., `_FOUND`) to follow a certain pattern.
[0.050s] Call Stack (most recent call first):
[0.050s]   /usr/share/cmake-3.22/Modules/FindPkgConfig.cmake:99 (find_package_handle_standard_args)
[0.050s]   /usr/lib/x86_64-linux-gnu/cmake/gazebo/gazebo-config.cmake:72 (include)
[0.050s]   CMakeLists.txt:9 (find_package)
[0.050s] This warning is for project developers.  Use -Wno-dev to suppress it.
[0.050s] [0m
[0.063s] -- Found DART: /usr/include (Required is at least version "6.6") found components: dart 
[0.079s] -- Found Protobuf: /usr/lib/x86_64-linux-gnu/libprotobuf.so (found version "3.12.4") 
[0.080s] -- Looking for ignition-math6 -- found version 6.15.0
[0.083s] -- Searching for dependencies of ignition-math6
[0.084s] -- Looking for OGRE...
[0.087s] -- Found Ogre Ghadamon (1.9.0)
[0.087s] -- Found OGRE: optimized;/usr/lib/x86_64-linux-gnu/libOgreMain.so;debug;/usr/lib/x86_64-linux-gnu/libOgreMain.so
[0.093s] -- Looking for OGRE_Paging...
[0.093s] -- Found OGRE_Paging: optimized;/usr/lib/x86_64-linux-gnu/libOgrePaging.so;debug;/usr/lib/x86_64-linux-gnu/libOgrePaging.so
[0.093s] -- Looking for OGRE_Terrain...
[0.093s] -- Found OGRE_Terrain: optimized;/usr/lib/x86_64-linux-gnu/libOgreTerrain.so;debug;/usr/lib/x86_64-linux-gnu/libOgreTerrain.so
[0.093s] -- Looking for OGRE_Property...
[0.093s] -- Found OGRE_Property: optimized;/usr/lib/x86_64-linux-gnu/libOgreProperty.so;debug;/usr/lib/x86_64-linux-gnu/libOgreProperty.so
[0.093s] -- Looking for OGRE_RTShaderSystem...
[0.093s] -- Found OGRE_RTShaderSystem: optimized;/usr/lib/x86_64-linux-gnu/libOgreRTShaderSystem.so;debug;/usr/lib/x86_64-linux-gnu/libOgreRTShaderSystem.so
[0.093s] -- Looking for OGRE_Volume...
[0.093s] -- Found OGRE_Volume: optimized;/usr/lib/x86_64-linux-gnu/libOgreVolume.so;debug;/usr/lib/x86_64-linux-gnu/libOgreVolume.so
[0.093s] -- Looking for OGRE_Overlay...
[0.093s] -- Found OGRE_Overlay: optimized;/usr/lib/x86_64-linux-gnu/libOgreOverlay.so;debug;/usr/lib/x86_64-linux-gnu/libOgreOverlay.so
[0.156s] -- Looking for ignition-math6 -- found version 6.15.0
[0.156s] -- Looking for ignition-transport8 -- found version 8.2.1
[0.156s] -- Searching for dependencies of ignition-transport8
[0.165s] -- Found Protobuf: /usr/lib/x86_64-linux-gnu/libprotobuf.so (found suitable version "3.12.4", minimum required is "3") 
[0.172s] -- Config-file not installed for ZeroMQ -- checking for pkg-config
[0.174s] -- Checking for module 'libzmq >= 4'
[0.180s] --   Found libzmq , version 4.3.4
[0.200s] -- Checking for module 'uuid'
[0.206s] --   Found uuid, version 2.37.2
[0.222s] -- Looking for ignition-msgs5 -- found version 5.8.1
[0.222s] -- Searching for dependencies of ignition-msgs5
[0.232s] -- Looking for ignition-math6 -- found version 6.15.0
[0.235s] -- Checking for module 'tinyxml2'
[0.241s] --   Found tinyxml2, version 9.0.0
[0.257s] -- Looking for ignition-msgs5 -- found version 5.8.1
[0.257s] -- Looking for ignition-common3 -- found version 3.14.0
[0.257s] -- Searching for dependencies of ignition-common3
[0.257s] -- Looking for dlfcn.h - found
[0.257s] -- Looking for libdl - found
[0.263s] -- Searching for <ignition-common3> component [graphics]
[0.263s] -- Looking for ignition-common3-graphics -- found version 3.14.0
[0.263s] -- Searching for dependencies of ignition-common3-graphics
[0.263s] -- Looking for ignition-math6 -- found version 6.15.0
[0.264s] -- Looking for ignition-fuel_tools4 -- found version 4.4.0
[0.264s] -- Searching for dependencies of ignition-fuel_tools4
[0.284s] -- Checking for module 'jsoncpp'
[0.290s] --   Found jsoncpp, version 1.9.5
[0.308s] -- Checking for module 'libzip'
[0.314s] --   Found libzip, version 1.7.3
[0.331s] -- Looking for ignition-common3 -- found version 3.14.0
[0.331s] -- Looking for ignition-math6 -- found version 6.15.0
[0.331s] -- Looking for ignition-msgs5 -- found version 5.8.1
[0.332s] -- Found gazebo_ros: 3.7.0 (/opt/ros/humble/share/gazebo_ros/cmake)
[0.450s] -- Found rosidl_generator_c: 3.1.5 (/opt/ros/humble/share/rosidl_generator_c/cmake)
[0.451s] -- Found rosidl_adapter: 3.1.5 (/opt/ros/humble/share/rosidl_adapter/cmake)
[0.454s] -- Found rosidl_generator_cpp: 3.1.5 (/opt/ros/humble/share/rosidl_generator_cpp/cmake)
[0.460s] -- Using all available rosidl_typesupport_c: rosidl_typesupport_fastrtps_c;rosidl_typesupport_introspection_c
[0.468s] -- Using all available rosidl_typesupport_cpp: rosidl_typesupport_fastrtps_cpp;rosidl_typesupport_introspection_cpp
[0.498s] -- Found rmw_implementation_cmake: 6.1.1 (/opt/ros/humble/share/rmw_implementation_cmake/cmake)
[0.499s] -- Found rmw_cyclonedds_cpp: 1.3.4 (/opt/ros/humble/share/rmw_cyclonedds_cpp/cmake)
[0.514s] -- Using RMW implementation 'rmw_cyclonedds_cpp' as default
[0.597s] -- Gazebo version: 11.10
[0.602s] -- Found gazebo_ros_pkgs: 3.7.0 (/opt/ros/humble/share/gazebo_ros_pkgs/cmake)
[0.602s] -- Found sensor_msgs: 4.2.3 (/opt/ros/humble/share/sensor_msgs/cmake)
[0.667s] -- Found nav_msgs: 4.2.3 (/opt/ros/humble/share/nav_msgs/cmake)
[0.711s] -- Found ackermann_msgs: 2.0.2 (/opt/ros/humble/share/ackermann_msgs/cmake)
[0.733s] -- Found tf2: 0.25.4 (/opt/ros/humble/share/tf2/cmake)
[0.738s] -- Found tf2_ros: 0.25.4 (/opt/ros/humble/share/tf2_ros/cmake)
[0.911s] [33mCMake Warning at CMakeLists.txt:19 (find_package):
[0.911s]   By not providing "Findobstacle_avoidance.cmake" in CMAKE_MODULE_PATH this
[0.911s]   project has asked CMake to find a package configuration file provided by
[0.911s]   "obstacle_avoidance", but CMake did not find one.
[0.911s] 
[0.911s]   Could not find a package configuration file provided by
[0.911s]   "obstacle_avoidance" with any of the following names:
[0.911s] 
[0.911s]     obstacle_avoidanceConfig.cmake
[0.911s]     obstacle_avoidance-config.cmake
[0.911s] 
[0.911s]   Add the installation prefix of "obstacle_avoidance" to CMAKE_PREFIX_PATH or
[0.911s]   set "obstacle_avoidance_DIR" to a directory containing one of the above
[0.911s]   files.  If "obstacle_avoidance" provides a separate development package or
[0.911s]   SDK, be sure it has been installed.
[0.911s] 
[0.911s] [0m
[0.912s] -- Configuring incomplete, errors occurred!
[0.912s] See also "/home/farog/ros2_ws/build/car_gazebo_plugin/CMakeFiles/CMakeOutput.log".
[0.912s] [31mCMake Error at /opt/ros/humble/share/ament_cmake_target_dependencies/cmake/ament_target_dependencies.cmake:77 (message):
[0.912s]   ament_target_dependencies() the passed package name 'obstacle_avoidance'
[0.912s]   was not found before
[0.912s] Call Stack (most recent call first):
[0.912s]   CMakeLists.txt:30 (ament_target_dependencies)
[0.913s] 
[0.913s] [0m
[0.918s] gmake: *** [Makefile:267: cmake_check_build_system] Error 1
[0.920s] Invoked command in '/home/farog/ros2_ws/build/car_gazebo_plugin' returned '2': CMAKE_PREFIX_PATH=${CMAKE_PREFIX_PATH}:/opt/ros/humble /usr/bin/cmake --build /home/farog/ros2_ws/build/car_gazebo_plugin -- -j20 -l20
