[0.039s] Invoking command in '/home/farog/ros2_ws/build/my_robot_description': CMAKE_PREFIX_PATH=${CMAKE_PREFIX_PATH}:/opt/ros/humble /usr/bin/cmake /home/farog/ros2_ws/src/my_robot_description -DCMAKE_INSTALL_PREFIX=/home/farog/ros2_ws/install/my_robot_description
[0.076s] -- The C compiler identification is GNU 11.4.0
[0.114s] -- The CXX compiler identification is GNU 11.4.0
[0.120s] -- Detecting C compiler ABI info
[0.177s] -- Detecting C compiler ABI info - done
[0.184s] -- Check for working C compiler: /usr/bin/cc - skipped
[0.184s] -- Detecting C compile features
[0.184s] -- Detecting C compile features - done
[0.188s] -- Detecting CXX compiler ABI info
[0.244s] -- Detecting CXX compiler ABI info - done
[0.251s] -- Check for working CXX compiler: /usr/bin/c++ - skipped
[0.251s] -- Detecting CXX compile features
[0.251s] -- Detecting CXX compile features - done
[0.255s] -- Found ament_cmake: 1.3.5 (/opt/ros/humble/share/ament_cmake/cmake)
[0.349s] -- Found Python3: /usr/bin/python3.10 (found version "3.10.12") found components: Interpreter 
[0.456s] -- Configuring done
[0.466s] -- Generating done
[0.470s] -- Build files have been written to: /home/farog/ros2_ws/build/my_robot_description
[0.473s] Invoked command in '/home/farog/ros2_ws/build/my_robot_description' returned '0': CMAKE_PREFIX_PATH=${CMAKE_PREFIX_PATH}:/opt/ros/humble /usr/bin/cmake /home/farog/ros2_ws/src/my_robot_description -DCMAKE_INSTALL_PREFIX=/home/farog/ros2_ws/install/my_robot_description
[0.476s] Invoking command in '/home/farog/ros2_ws/build/my_robot_description': CMAKE_PREFIX_PATH=${CMAKE_PREFIX_PATH}:/opt/ros/humble /usr/bin/cmake --build /home/farog/ros2_ws/build/my_robot_description -- -j20 -l20
[0.497s] Invoked command in '/home/farog/ros2_ws/build/my_robot_description' returned '0': CMAKE_PREFIX_PATH=${CMAKE_PREFIX_PATH}:/opt/ros/humble /usr/bin/cmake --build /home/farog/ros2_ws/build/my_robot_description -- -j20 -l20
[0.517s] Invoking command in '/home/farog/ros2_ws/build/my_robot_description': CMAKE_PREFIX_PATH=${CMAKE_PREFIX_PATH}:/opt/ros/humble /usr/bin/cmake --install /home/farog/ros2_ws/build/my_robot_description
[0.521s] -- Install configuration: ""
[0.521s] -- Up-to-date: /home/farog/ros2_ws/install/my_robot_description/share/my_robot_description//urdf
[0.521s] -- Up-to-date: /home/farog/ros2_ws/install/my_robot_description/share/my_robot_description//urdf/common_properties.xacro
[0.521s] -- Up-to-date: /home/farog/ros2_ws/install/my_robot_description/share/my_robot_description//urdf/ultrasonic.xacro
[0.521s] -- Up-to-date: /home/farog/ros2_ws/install/my_robot_description/share/my_robot_description//urdf/ackermann_controller.xacro
[0.521s] -- Up-to-date: /home/farog/ros2_ws/install/my_robot_description/share/my_robot_description//urdf/mobile_base_gazebo.xacro
[0.521s] -- Up-to-date: /home/farog/ros2_ws/install/my_robot_description/share/my_robot_description//urdf/ugv.urdf
[0.522s] -- Up-to-date: /home/farog/ros2_ws/install/my_robot_description/share/my_robot_description//urdf/camera.xacro
[0.522s] -- Up-to-date: /home/farog/ros2_ws/install/my_robot_description/share/my_robot_description//urdf/lidar.xacro
[0.522s] -- Up-to-date: /home/farog/ros2_ws/install/my_robot_description/share/my_robot_description//urdf/ugv.urdf.xacro
[0.522s] -- Up-to-date: /home/farog/ros2_ws/install/my_robot_description/share/my_robot_description//urdf/ros2_control.xacro
[0.522s] -- Up-to-date: /home/farog/ros2_ws/install/my_robot_description/share/my_robot_description//launch
[0.522s] -- Up-to-date: /home/farog/ros2_ws/install/my_robot_description/share/my_robot_description//launch/display.launch.xml
[0.522s] -- Up-to-date: /home/farog/ros2_ws/install/my_robot_description/share/my_robot_description//launch/mapping.launch.py
[0.522s] -- Up-to-date: /home/farog/ros2_ws/install/my_robot_description/share/my_robot_description//meshes
[0.522s] -- Up-to-date: /home/farog/ros2_ws/install/my_robot_description/share/my_robot_description//meshes/wheel1.dae
[0.522s] -- Up-to-date: /home/farog/ros2_ws/install/my_robot_description/share/my_robot_description//meshes/body.dae
[0.522s] -- Up-to-date: /home/farog/ros2_ws/install/my_robot_description/share/my_robot_description//meshes/body1.dae
[0.522s] -- Up-to-date: /home/farog/ros2_ws/install/my_robot_description/share/my_robot_description//meshes/model.dae
[0.522s] -- Up-to-date: /home/farog/ros2_ws/install/my_robot_description/share/my_robot_description//rviz
[0.522s] -- Up-to-date: /home/farog/ros2_ws/install/my_robot_description/share/my_robot_description//rviz/urdf_config.rviz
[0.522s] -- Up-to-date: /home/farog/ros2_ws/install/my_robot_description/share/my_robot_description//config
[0.522s] -- Up-to-date: /home/farog/ros2_ws/install/my_robot_description/share/my_robot_description//config/map_server_params.yaml
[0.522s] -- Up-to-date: /home/farog/ros2_ws/install/my_robot_description/share/my_robot_description//config/gaz_ros2_ctl_use_sim.yaml
[0.522s] -- Up-to-date: /home/farog/ros2_ws/install/my_robot_description/share/my_robot_description//config/diff_drive_controller.yaml
[0.522s] -- Up-to-date: /home/farog/ros2_ws/install/my_robot_description/share/my_robot_description//config/ackermann_controll.yaml
[0.522s] -- Up-to-date: /home/farog/ros2_ws/install/my_robot_description/share/my_robot_description//config/mapper_params_online_async.yaml
[0.522s] -- Installing: /home/farog/ros2_ws/install/my_robot_description/share/ament_index/resource_index/package_run_dependencies/my_robot_description
[0.522s] -- Installing: /home/farog/ros2_ws/install/my_robot_description/share/ament_index/resource_index/parent_prefix_path/my_robot_description
[0.523s] -- Up-to-date: /home/farog/ros2_ws/install/my_robot_description/share/my_robot_description/environment/ament_prefix_path.sh
[0.523s] -- Installing: /home/farog/ros2_ws/install/my_robot_description/share/my_robot_description/environment/ament_prefix_path.dsv
[0.523s] -- Up-to-date: /home/farog/ros2_ws/install/my_robot_description/share/my_robot_description/environment/path.sh
[0.523s] -- Installing: /home/farog/ros2_ws/install/my_robot_description/share/my_robot_description/environment/path.dsv
[0.524s] -- Installing: /home/farog/ros2_ws/install/my_robot_description/share/my_robot_description/local_setup.bash
[0.524s] -- Installing: /home/farog/ros2_ws/install/my_robot_description/share/my_robot_description/local_setup.sh
[0.530s] -- Installing: /home/farog/ros2_ws/install/my_robot_description/share/my_robot_description/local_setup.zsh
[0.531s] -- Installing: /home/farog/ros2_ws/install/my_robot_description/share/my_robot_description/local_setup.dsv
[0.531s] -- Installing: /home/farog/ros2_ws/install/my_robot_description/share/my_robot_description/package.dsv
[0.532s] -- Installing: /home/farog/ros2_ws/install/my_robot_description/share/ament_index/resource_index/packages/my_robot_description
[0.532s] -- Installing: /home/farog/ros2_ws/install/my_robot_description/share/my_robot_description/cmake/my_robot_descriptionConfig.cmake
[0.532s] -- Installing: /home/farog/ros2_ws/install/my_robot_description/share/my_robot_description/cmake/my_robot_descriptionConfig-version.cmake
[0.533s] -- Up-to-date: /home/farog/ros2_ws/install/my_robot_description/share/my_robot_description/package.xml
