[0.011s] Invoking command in '/home/farog/ros2_ws/src/build/my_robot_bringup': AMENT_PREFIX_PATH=/home/farog/ros2_ws/src/install/my_robot_description:${AMENT_PREFIX_PATH} CMAKE_PREFIX_PATH=/home/farog/ros2_ws/src/install/my_robot_description:/home/farog/ros2_ws/install/my_robot_bringup:/home/farog/ros2_ws/install/my_robot_description:/opt/ros/humble /usr/bin/cmake --build /home/farog/ros2_ws/src/build/my_robot_bringup -- -j20 -l20
[0.041s] -- Found ament_cmake: 1.3.5 (/opt/ros/humble/share/ament_cmake/cmake)
[0.354s] -- Configuring done
[0.369s] -- Generating done
[0.375s] -- Build files have been written to: /home/farog/ros2_ws/src/build/my_robot_bringup
[0.386s] Invoked command in '/home/farog/ros2_ws/src/build/my_robot_bringup' returned '0': AMENT_PREFIX_PATH=/home/farog/ros2_ws/src/install/my_robot_description:${AMENT_PREFIX_PATH} CMAKE_PREFIX_PATH=/home/farog/ros2_ws/src/install/my_robot_description:/home/farog/ros2_ws/install/my_robot_bringup:/home/farog/ros2_ws/install/my_robot_description:/opt/ros/humble /usr/bin/cmake --build /home/farog/ros2_ws/src/build/my_robot_bringup -- -j20 -l20
[0.404s] Invoking command in '/home/farog/ros2_ws/src/build/my_robot_bringup': AMENT_PREFIX_PATH=/home/farog/ros2_ws/src/install/my_robot_description:${AMENT_PREFIX_PATH} CMAKE_PREFIX_PATH=/home/farog/ros2_ws/src/install/my_robot_description:/home/farog/ros2_ws/install/my_robot_bringup:/home/farog/ros2_ws/install/my_robot_description:/opt/ros/humble /usr/bin/cmake --install /home/farog/ros2_ws/src/build/my_robot_bringup
[0.409s] -- Install configuration: ""
[0.409s] -- Up-to-date: /home/farog/ros2_ws/src/install/my_robot_bringup/share/my_robot_bringup//launch
[0.409s] -- Installing: /home/farog/ros2_ws/src/install/my_robot_bringup/share/my_robot_bringup//launch/my_robot_gazebo.launch.xml
[0.409s] -- Up-to-date: /home/farog/ros2_ws/src/install/my_robot_bringup/share/my_robot_bringup//rviz
[0.409s] -- Installing: /home/farog/ros2_ws/src/install/my_robot_bringup/share/my_robot_bringup//rviz/urdf_config.rviz
[0.411s] -- Installing: /home/farog/ros2_ws/src/install/my_robot_bringup/share/my_robot_bringup//worlds
[0.411s] -- Installing: /home/farog/ros2_ws/src/install/my_robot_bringup/share/my_robot_bringup//worlds/house.world
[0.416s] -- Installing: /home/farog/ros2_ws/src/install/my_robot_bringup/share/my_robot_bringup//worlds/desert.world
[0.419s] -- Installing: /home/farog/ros2_ws/src/install/my_robot_bringup/share/my_robot_bringup//worlds/my_world.world
[0.423s] -- Up-to-date: /home/farog/ros2_ws/src/install/my_robot_bringup/share/ament_index/resource_index/package_run_dependencies/my_robot_bringup
[0.423s] -- Up-to-date: /home/farog/ros2_ws/src/install/my_robot_bringup/share/ament_index/resource_index/parent_prefix_path/my_robot_bringup
[0.423s] -- Up-to-date: /home/farog/ros2_ws/src/install/my_robot_bringup/share/my_robot_bringup/environment/ament_prefix_path.sh
[0.423s] -- Installing: /home/farog/ros2_ws/src/install/my_robot_bringup/share/my_robot_bringup/environment/ament_prefix_path.dsv
[0.423s] -- Up-to-date: /home/farog/ros2_ws/src/install/my_robot_bringup/share/my_robot_bringup/environment/path.sh
[0.423s] -- Installing: /home/farog/ros2_ws/src/install/my_robot_bringup/share/my_robot_bringup/environment/path.dsv
[0.424s] -- Up-to-date: /home/farog/ros2_ws/src/install/my_robot_bringup/share/my_robot_bringup/local_setup.bash
[0.424s] -- Up-to-date: /home/farog/ros2_ws/src/install/my_robot_bringup/share/my_robot_bringup/local_setup.sh
[0.424s] -- Up-to-date: /home/farog/ros2_ws/src/install/my_robot_bringup/share/my_robot_bringup/local_setup.zsh
[0.424s] -- Installing: /home/farog/ros2_ws/src/install/my_robot_bringup/share/my_robot_bringup/local_setup.dsv
[0.424s] -- Installing: /home/farog/ros2_ws/src/install/my_robot_bringup/share/my_robot_bringup/package.dsv
[0.425s] -- Up-to-date: /home/farog/ros2_ws/src/install/my_robot_bringup/share/ament_index/resource_index/packages/my_robot_bringup
[0.425s] -- Up-to-date: /home/farog/ros2_ws/src/install/my_robot_bringup/share/my_robot_bringup/cmake/my_robot_bringupConfig.cmake
[0.425s] -- Up-to-date: /home/farog/ros2_ws/src/install/my_robot_bringup/share/my_robot_bringup/cmake/my_robot_bringupConfig-version.cmake
[0.425s] -- Installing: /home/farog/ros2_ws/src/install/my_robot_bringup/share/my_robot_bringup/package.xml
[0.428s] Invoked command in '/home/farog/ros2_ws/src/build/my_robot_bringup' returned '0': AMENT_PREFIX_PATH=/home/farog/ros2_ws/src/install/my_robot_description:${AMENT_PREFIX_PATH} CMAKE_PREFIX_PATH=/home/farog/ros2_ws/src/install/my_robot_description:/home/farog/ros2_ws/install/my_robot_bringup:/home/farog/ros2_ws/install/my_robot_description:/opt/ros/humble /usr/bin/cmake --install /home/farog/ros2_ws/src/build/my_robot_bringup
