[0.487s] DEBUG:colcon:Command line arguments: ['/usr/bin/colcon', 'build']
[0.487s] DEBUG:colcon:Parsed command line arguments: Namespace(log_base=None, log_level=None, verb_name='build', build_base='build', install_base='install', merge_install=False, symlink_install=False, test_result_base=None, continue_on_error=False, executor='parallel', parallel_workers=20, event_handlers=None, ignore_user_meta=False, metas=['./colcon.meta'], base_paths=['.'], packages_ignore=None, packages_ignore_regex=None, paths=None, packages_up_to=None, packages_up_to_regex=None, packages_above=None, packages_above_and_dependencies=None, packages_above_depth=None, packages_select_by_dep=None, packages_skip_by_dep=None, packages_skip_up_to=None, packages_select_build_failed=False, packages_skip_build_finished=False, packages_select_test_failures=False, packages_skip_test_passed=False, packages_select=None, packages_skip=None, packages_select_regex=None, packages_skip_regex=None, packages_start=None, packages_end=None, allow_overriding=[], cmake_args=None, cmake_target=None, cmake_target_skip_unavailable=False, cmake_clean_cache=False, cmake_clean_first=False, cmake_force_configure=False, ament_cmake_args=None, catkin_cmake_args=None, catkin_skip_building_tests=False, verb_parser=<colcon_defaults.argument_parser.defaults.DefaultArgumentsDecorator object at 0x7f8919d73ca0>, verb_extension=<colcon_core.verb.build.BuildVerb object at 0x7f891a12f400>, main=<bound method BuildVerb.main of <colcon_core.verb.build.BuildVerb object at 0x7f891a12f400>>)
[0.508s] Level 1:colcon.colcon_core.package_discovery:discover_packages(colcon_meta) check parameters
[0.509s] Level 1:colcon.colcon_core.package_discovery:discover_packages(recursive) check parameters
[0.509s] Level 1:colcon.colcon_core.package_discovery:discover_packages(ignore) check parameters
[0.509s] Level 1:colcon.colcon_core.package_discovery:discover_packages(path) check parameters
[0.509s] Level 1:colcon.colcon_core.package_discovery:discover_packages(colcon_meta) discover
[0.509s] Level 1:colcon.colcon_core.package_discovery:discover_packages(recursive) discover
[0.509s] INFO:colcon.colcon_core.package_discovery:Crawling recursively for packages in '/home/farog/ros2_ws'
[0.509s] Level 1:colcon.colcon_core.package_identification:_identify(.) by extensions ['ignore', 'ignore_ament_install']
[0.509s] Level 1:colcon.colcon_core.package_identification:_identify(.) by extension 'ignore'
[0.509s] Level 1:colcon.colcon_core.package_identification:_identify(.) by extension 'ignore_ament_install'
[0.509s] Level 1:colcon.colcon_core.package_identification:_identify(.) by extensions ['colcon_pkg']
[0.509s] Level 1:colcon.colcon_core.package_identification:_identify(.) by extension 'colcon_pkg'
[0.509s] Level 1:colcon.colcon_core.package_identification:_identify(.) by extensions ['colcon_meta']
[0.509s] Level 1:colcon.colcon_core.package_identification:_identify(.) by extension 'colcon_meta'
[0.509s] Level 1:colcon.colcon_core.package_identification:_identify(.) by extensions ['ros']
[0.509s] Level 1:colcon.colcon_core.package_identification:_identify(.) by extension 'ros'
[0.515s] Level 1:colcon.colcon_core.package_identification:_identify(.) by extensions ['cmake', 'python']
[0.515s] Level 1:colcon.colcon_core.package_identification:_identify(.) by extension 'cmake'
[0.515s] Level 1:colcon.colcon_core.package_identification:_identify(.) by extension 'python'
[0.515s] Level 1:colcon.colcon_core.package_identification:_identify(.) by extensions ['python_setup_py']
[0.515s] Level 1:colcon.colcon_core.package_identification:_identify(.) by extension 'python_setup_py'
[0.515s] Level 1:colcon.colcon_core.package_identification:_identify(build) by extensions ['ignore', 'ignore_ament_install']
[0.515s] Level 1:colcon.colcon_core.package_identification:_identify(build) by extension 'ignore'
[0.515s] Level 1:colcon.colcon_core.package_identification:_identify(build) ignored
[0.515s] Level 1:colcon.colcon_core.package_identification:_identify(install) by extensions ['ignore', 'ignore_ament_install']
[0.515s] Level 1:colcon.colcon_core.package_identification:_identify(install) by extension 'ignore'
[0.515s] Level 1:colcon.colcon_core.package_identification:_identify(install) ignored
[0.515s] Level 1:colcon.colcon_core.package_identification:_identify(log) by extensions ['ignore', 'ignore_ament_install']
[0.515s] Level 1:colcon.colcon_core.package_identification:_identify(log) by extension 'ignore'
[0.515s] Level 1:colcon.colcon_core.package_identification:_identify(log) ignored
[0.516s] Level 1:colcon.colcon_core.package_identification:_identify(src) by extensions ['ignore', 'ignore_ament_install']
[0.516s] Level 1:colcon.colcon_core.package_identification:_identify(src) by extension 'ignore'
[0.516s] Level 1:colcon.colcon_core.package_identification:_identify(src) by extension 'ignore_ament_install'
[0.516s] Level 1:colcon.colcon_core.package_identification:_identify(src) by extensions ['colcon_pkg']
[0.516s] Level 1:colcon.colcon_core.package_identification:_identify(src) by extension 'colcon_pkg'
[0.516s] Level 1:colcon.colcon_core.package_identification:_identify(src) by extensions ['colcon_meta']
[0.516s] Level 1:colcon.colcon_core.package_identification:_identify(src) by extension 'colcon_meta'
[0.516s] Level 1:colcon.colcon_core.package_identification:_identify(src) by extensions ['ros']
[0.516s] Level 1:colcon.colcon_core.package_identification:_identify(src) by extension 'ros'
[0.516s] Level 1:colcon.colcon_core.package_identification:_identify(src) by extensions ['cmake', 'python']
[0.516s] Level 1:colcon.colcon_core.package_identification:_identify(src) by extension 'cmake'
[0.516s] Level 1:colcon.colcon_core.package_identification:_identify(src) by extension 'python'
[0.516s] Level 1:colcon.colcon_core.package_identification:_identify(src) by extensions ['python_setup_py']
[0.516s] Level 1:colcon.colcon_core.package_identification:_identify(src) by extension 'python_setup_py'
[0.516s] Level 1:colcon.colcon_core.package_identification:_identify(src/build) by extensions ['ignore', 'ignore_ament_install']
[0.516s] Level 1:colcon.colcon_core.package_identification:_identify(src/build) by extension 'ignore'
[0.516s] Level 1:colcon.colcon_core.package_identification:_identify(src/build) ignored
[0.516s] Level 1:colcon.colcon_core.package_identification:_identify(src/install) by extensions ['ignore', 'ignore_ament_install']
[0.516s] Level 1:colcon.colcon_core.package_identification:_identify(src/install) by extension 'ignore'
[0.516s] Level 1:colcon.colcon_core.package_identification:_identify(src/install) ignored
[0.516s] Level 1:colcon.colcon_core.package_identification:_identify(src/log) by extensions ['ignore', 'ignore_ament_install']
[0.516s] Level 1:colcon.colcon_core.package_identification:_identify(src/log) by extension 'ignore'
[0.516s] Level 1:colcon.colcon_core.package_identification:_identify(src/log) ignored
[0.516s] Level 1:colcon.colcon_core.package_identification:_identify(src/my_robot_bringup) by extensions ['ignore', 'ignore_ament_install']
[0.516s] Level 1:colcon.colcon_core.package_identification:_identify(src/my_robot_bringup) by extension 'ignore'
[0.516s] Level 1:colcon.colcon_core.package_identification:_identify(src/my_robot_bringup) by extension 'ignore_ament_install'
[0.516s] Level 1:colcon.colcon_core.package_identification:_identify(src/my_robot_bringup) by extensions ['colcon_pkg']
[0.516s] Level 1:colcon.colcon_core.package_identification:_identify(src/my_robot_bringup) by extension 'colcon_pkg'
[0.516s] Level 1:colcon.colcon_core.package_identification:_identify(src/my_robot_bringup) by extensions ['colcon_meta']
[0.516s] Level 1:colcon.colcon_core.package_identification:_identify(src/my_robot_bringup) by extension 'colcon_meta'
[0.516s] Level 1:colcon.colcon_core.package_identification:_identify(src/my_robot_bringup) by extensions ['ros']
[0.516s] Level 1:colcon.colcon_core.package_identification:_identify(src/my_robot_bringup) by extension 'ros'
[0.517s] DEBUG:colcon.colcon_core.package_identification:Package 'src/my_robot_bringup' with type 'ros.ament_cmake' and name 'my_robot_bringup'
[0.517s] Level 1:colcon.colcon_core.package_identification:_identify(src/my_robot_description) by extensions ['ignore', 'ignore_ament_install']
[0.517s] Level 1:colcon.colcon_core.package_identification:_identify(src/my_robot_description) by extension 'ignore'
[0.517s] Level 1:colcon.colcon_core.package_identification:_identify(src/my_robot_description) by extension 'ignore_ament_install'
[0.518s] Level 1:colcon.colcon_core.package_identification:_identify(src/my_robot_description) by extensions ['colcon_pkg']
[0.518s] Level 1:colcon.colcon_core.package_identification:_identify(src/my_robot_description) by extension 'colcon_pkg'
[0.518s] Level 1:colcon.colcon_core.package_identification:_identify(src/my_robot_description) by extensions ['colcon_meta']
[0.518s] Level 1:colcon.colcon_core.package_identification:_identify(src/my_robot_description) by extension 'colcon_meta'
[0.518s] Level 1:colcon.colcon_core.package_identification:_identify(src/my_robot_description) by extensions ['ros']
[0.518s] Level 1:colcon.colcon_core.package_identification:_identify(src/my_robot_description) by extension 'ros'
[0.518s] DEBUG:colcon.colcon_core.package_identification:Package 'src/my_robot_description' with type 'ros.ament_cmake' and name 'my_robot_description'
[0.518s] Level 1:colcon.colcon_core.package_discovery:discover_packages(recursive) using defaults
[0.518s] Level 1:colcon.colcon_core.package_discovery:discover_packages(ignore) discover
[0.518s] Level 1:colcon.colcon_core.package_discovery:discover_packages(ignore) using defaults
[0.518s] Level 1:colcon.colcon_core.package_discovery:discover_packages(path) discover
[0.518s] Level 1:colcon.colcon_core.package_discovery:discover_packages(path) using defaults
[0.566s] Level 1:colcon.colcon_core.package_discovery:discover_packages(prefix_path) check parameters
[0.567s] Level 1:colcon.colcon_core.package_discovery:discover_packages(prefix_path) discover
[0.581s] DEBUG:colcon.colcon_installed_package_information.package_discovery:Found 5 installed packages in /home/farog/ros2_ws/install
[0.588s] DEBUG:colcon.colcon_installed_package_information.package_discovery:Found 394 installed packages in /opt/ros/humble
[0.589s] Level 1:colcon.colcon_core.package_discovery:discover_packages(prefix_path) using defaults
[0.639s] Level 5:colcon.colcon_core.verb:set package 'my_robot_description' build argument 'cmake_args' from command line to 'None'
[0.639s] Level 5:colcon.colcon_core.verb:set package 'my_robot_description' build argument 'cmake_target' from command line to 'None'
[0.639s] Level 5:colcon.colcon_core.verb:set package 'my_robot_description' build argument 'cmake_target_skip_unavailable' from command line to 'False'
[0.639s] Level 5:colcon.colcon_core.verb:set package 'my_robot_description' build argument 'cmake_clean_cache' from command line to 'False'
[0.639s] Level 5:colcon.colcon_core.verb:set package 'my_robot_description' build argument 'cmake_clean_first' from command line to 'False'
[0.640s] Level 5:colcon.colcon_core.verb:set package 'my_robot_description' build argument 'cmake_force_configure' from command line to 'False'
[0.640s] Level 5:colcon.colcon_core.verb:set package 'my_robot_description' build argument 'ament_cmake_args' from command line to 'None'
[0.640s] Level 5:colcon.colcon_core.verb:set package 'my_robot_description' build argument 'catkin_cmake_args' from command line to 'None'
[0.640s] Level 5:colcon.colcon_core.verb:set package 'my_robot_description' build argument 'catkin_skip_building_tests' from command line to 'False'
[0.640s] DEBUG:colcon.colcon_core.verb:Building package 'my_robot_description' with the following arguments: {'ament_cmake_args': None, 'build_base': '/home/farog/ros2_ws/build/my_robot_description', 'catkin_cmake_args': None, 'catkin_skip_building_tests': False, 'cmake_args': None, 'cmake_clean_cache': False, 'cmake_clean_first': False, 'cmake_force_configure': False, 'cmake_target': None, 'cmake_target_skip_unavailable': False, 'install_base': '/home/farog/ros2_ws/install/my_robot_description', 'merge_install': False, 'path': '/home/farog/ros2_ws/src/my_robot_description', 'symlink_install': False, 'test_result_base': None}
[0.646s] Level 5:colcon.colcon_core.verb:set package 'my_robot_bringup' build argument 'cmake_args' from command line to 'None'
[0.646s] Level 5:colcon.colcon_core.verb:set package 'my_robot_bringup' build argument 'cmake_target' from command line to 'None'
[0.646s] Level 5:colcon.colcon_core.verb:set package 'my_robot_bringup' build argument 'cmake_target_skip_unavailable' from command line to 'False'
[0.646s] Level 5:colcon.colcon_core.verb:set package 'my_robot_bringup' build argument 'cmake_clean_cache' from command line to 'False'
[0.646s] Level 5:colcon.colcon_core.verb:set package 'my_robot_bringup' build argument 'cmake_clean_first' from command line to 'False'
[0.646s] Level 5:colcon.colcon_core.verb:set package 'my_robot_bringup' build argument 'cmake_force_configure' from command line to 'False'
[0.646s] Level 5:colcon.colcon_core.verb:set package 'my_robot_bringup' build argument 'ament_cmake_args' from command line to 'None'
[0.646s] Level 5:colcon.colcon_core.verb:set package 'my_robot_bringup' build argument 'catkin_cmake_args' from command line to 'None'
[0.646s] Level 5:colcon.colcon_core.verb:set package 'my_robot_bringup' build argument 'catkin_skip_building_tests' from command line to 'False'
[0.646s] DEBUG:colcon.colcon_core.verb:Building package 'my_robot_bringup' with the following arguments: {'ament_cmake_args': None, 'build_base': '/home/farog/ros2_ws/build/my_robot_bringup', 'catkin_cmake_args': None, 'catkin_skip_building_tests': False, 'cmake_args': None, 'cmake_clean_cache': False, 'cmake_clean_first': False, 'cmake_force_configure': False, 'cmake_target': None, 'cmake_target_skip_unavailable': False, 'install_base': '/home/farog/ros2_ws/install/my_robot_bringup', 'merge_install': False, 'path': '/home/farog/ros2_ws/src/my_robot_bringup', 'symlink_install': False, 'test_result_base': None}
[0.653s] INFO:colcon.colcon_core.executor:Executing jobs using 'parallel' executor
[0.660s] DEBUG:colcon.colcon_parallel_executor.executor.parallel:run_until_complete
[0.660s] INFO:colcon.colcon_ros.task.ament_cmake.build:Building ROS package in '/home/farog/ros2_ws/src/my_robot_description' with build type 'ament_cmake'
[0.660s] INFO:colcon.colcon_cmake.task.cmake.build:Building CMake package in '/home/farog/ros2_ws/src/my_robot_description'
[0.668s] INFO:colcon.colcon_core.plugin_system:Skipping extension 'colcon_core.shell.bat': Not used on non-Windows systems
[0.668s] INFO:colcon.colcon_core.shell:Skip shell extension 'powershell' for command environment: Not usable outside of PowerShell
[0.668s] DEBUG:colcon.colcon_core.shell:Skip shell extension 'dsv' for command environment
[0.696s] DEBUG:colcon.colcon_core.event_handler.log_command:Invoking command in '/home/farog/ros2_ws/build/my_robot_description': CMAKE_PREFIX_PATH=${CMAKE_PREFIX_PATH}:/opt/ros/humble /usr/bin/cmake --build /home/farog/ros2_ws/build/my_robot_description -- -j20 -l20
[0.717s] DEBUG:colcon.colcon_core.event_handler.log_command:Invoked command in '/home/farog/ros2_ws/build/my_robot_description' returned '0': CMAKE_PREFIX_PATH=${CMAKE_PREFIX_PATH}:/opt/ros/humble /usr/bin/cmake --build /home/farog/ros2_ws/build/my_robot_description -- -j20 -l20
[0.766s] DEBUG:colcon.colcon_core.event_handler.log_command:Invoking command in '/home/farog/ros2_ws/build/my_robot_description': CMAKE_PREFIX_PATH=${CMAKE_PREFIX_PATH}:/opt/ros/humble /usr/bin/cmake --install /home/farog/ros2_ws/build/my_robot_description
[0.791s] Level 1:colcon.colcon_core.environment:create_environment_scripts_only(my_robot_description)
[0.792s] DEBUG:colcon.colcon_core.event_handler.log_command:Invoked command in '/home/farog/ros2_ws/build/my_robot_description' returned '0': CMAKE_PREFIX_PATH=${CMAKE_PREFIX_PATH}:/opt/ros/humble /usr/bin/cmake --install /home/farog/ros2_ws/build/my_robot_description
[0.812s] Level 1:colcon.colcon_core.environment:checking '/home/farog/ros2_ws/install/my_robot_description' for CMake module files
[0.812s] Level 1:colcon.colcon_core.environment:checking '/home/farog/ros2_ws/install/my_robot_description' for CMake config files
[0.813s] Level 1:colcon.colcon_core.shell:create_environment_hook('my_robot_description', 'cmake_prefix_path')
[0.820s] INFO:colcon.colcon_core.shell:Creating environment hook '/home/farog/ros2_ws/install/my_robot_description/share/my_robot_description/hook/cmake_prefix_path.ps1'
[0.824s] INFO:colcon.colcon_core.shell:Creating environment descriptor '/home/farog/ros2_ws/install/my_robot_description/share/my_robot_description/hook/cmake_prefix_path.dsv'
[0.824s] INFO:colcon.colcon_core.shell:Creating environment hook '/home/farog/ros2_ws/install/my_robot_description/share/my_robot_description/hook/cmake_prefix_path.sh'
[0.825s] Level 1:colcon.colcon_core.environment:checking '/home/farog/ros2_ws/install/my_robot_description/bin'
[0.825s] Level 1:colcon.colcon_core.environment:checking '/home/farog/ros2_ws/install/my_robot_description/lib/pkgconfig/my_robot_description.pc'
[0.826s] Level 1:colcon.colcon_core.environment:checking '/home/farog/ros2_ws/install/my_robot_description/lib/python3.10/site-packages'
[0.826s] Level 1:colcon.colcon_core.environment:checking '/home/farog/ros2_ws/install/my_robot_description/bin'
[0.833s] INFO:colcon.colcon_core.shell:Creating package script '/home/farog/ros2_ws/install/my_robot_description/share/my_robot_description/package.ps1'
[0.834s] INFO:colcon.colcon_core.shell:Creating package descriptor '/home/farog/ros2_ws/install/my_robot_description/share/my_robot_description/package.dsv'
[0.835s] INFO:colcon.colcon_core.shell:Creating package script '/home/farog/ros2_ws/install/my_robot_description/share/my_robot_description/package.sh'
[0.836s] INFO:colcon.colcon_core.shell:Creating package script '/home/farog/ros2_ws/install/my_robot_description/share/my_robot_description/package.bash'
[0.837s] INFO:colcon.colcon_core.shell:Creating package script '/home/farog/ros2_ws/install/my_robot_description/share/my_robot_description/package.zsh'
[0.838s] Level 1:colcon.colcon_core.environment:create_file_with_runtime_dependencies(/home/farog/ros2_ws/install/my_robot_description/share/colcon-core/packages/my_robot_description)
[0.862s] Level 1:colcon.colcon_core.environment:create_environment_scripts_only(my_robot_description)
[0.871s] Level 1:colcon.colcon_core.environment:checking '/home/farog/ros2_ws/install/my_robot_description' for CMake module files
[0.871s] Level 1:colcon.colcon_core.environment:checking '/home/farog/ros2_ws/install/my_robot_description' for CMake config files
[0.871s] Level 1:colcon.colcon_core.shell:create_environment_hook('my_robot_description', 'cmake_prefix_path')
[0.878s] INFO:colcon.colcon_core.shell:Creating environment hook '/home/farog/ros2_ws/install/my_robot_description/share/my_robot_description/hook/cmake_prefix_path.ps1'
[0.880s] INFO:colcon.colcon_core.shell:Creating environment descriptor '/home/farog/ros2_ws/install/my_robot_description/share/my_robot_description/hook/cmake_prefix_path.dsv'
[0.880s] INFO:colcon.colcon_core.shell:Creating environment hook '/home/farog/ros2_ws/install/my_robot_description/share/my_robot_description/hook/cmake_prefix_path.sh'
[0.881s] Level 1:colcon.colcon_core.environment:checking '/home/farog/ros2_ws/install/my_robot_description/bin'
[0.881s] Level 1:colcon.colcon_core.environment:checking '/home/farog/ros2_ws/install/my_robot_description/lib/pkgconfig/my_robot_description.pc'
[0.881s] Level 1:colcon.colcon_core.environment:checking '/home/farog/ros2_ws/install/my_robot_description/lib/python3.10/site-packages'
[0.881s] Level 1:colcon.colcon_core.environment:checking '/home/farog/ros2_ws/install/my_robot_description/bin'
[0.888s] INFO:colcon.colcon_core.shell:Creating package script '/home/farog/ros2_ws/install/my_robot_description/share/my_robot_description/package.ps1'
[0.890s] INFO:colcon.colcon_core.shell:Creating package descriptor '/home/farog/ros2_ws/install/my_robot_description/share/my_robot_description/package.dsv'
[0.890s] INFO:colcon.colcon_core.shell:Creating package script '/home/farog/ros2_ws/install/my_robot_description/share/my_robot_description/package.sh'
[0.891s] INFO:colcon.colcon_core.shell:Creating package script '/home/farog/ros2_ws/install/my_robot_description/share/my_robot_description/package.bash'
[0.892s] INFO:colcon.colcon_core.shell:Creating package script '/home/farog/ros2_ws/install/my_robot_description/share/my_robot_description/package.zsh'
[0.893s] Level 1:colcon.colcon_core.environment:create_file_with_runtime_dependencies(/home/farog/ros2_ws/install/my_robot_description/share/colcon-core/packages/my_robot_description)
[0.893s] INFO:colcon.colcon_ros.task.ament_cmake.build:Building ROS package in '/home/farog/ros2_ws/src/my_robot_bringup' with build type 'ament_cmake'
[0.893s] INFO:colcon.colcon_cmake.task.cmake.build:Building CMake package in '/home/farog/ros2_ws/src/my_robot_bringup'
[0.900s] INFO:colcon.colcon_core.shell:Skip shell extension 'powershell' for command environment: Not usable outside of PowerShell
[0.900s] DEBUG:colcon.colcon_core.shell:Skip shell extension 'dsv' for command environment
[0.931s] DEBUG:colcon.colcon_core.event_handler.log_command:Invoking command in '/home/farog/ros2_ws/build/my_robot_bringup': CMAKE_PREFIX_PATH=/home/farog/ros2_ws/install/my_robot_description:/home/farog/ros2_ws/install/turtlebot3_simulations:/home/farog/ros2_ws/install/turtlebot3_gazebo:/home/farog/ros2_ws/install/turtlebot3_fake_node:/home/farog/ros2_ws/install/my_robot_bringup:/opt/ros/humble /usr/bin/cmake --build /home/farog/ros2_ws/build/my_robot_bringup -- -j20 -l20
[0.954s] DEBUG:colcon.colcon_core.event_handler.log_command:Invoked command in '/home/farog/ros2_ws/build/my_robot_bringup' returned '0': CMAKE_PREFIX_PATH=/home/farog/ros2_ws/install/my_robot_description:/home/farog/ros2_ws/install/turtlebot3_simulations:/home/farog/ros2_ws/install/turtlebot3_gazebo:/home/farog/ros2_ws/install/turtlebot3_fake_node:/home/farog/ros2_ws/install/my_robot_bringup:/opt/ros/humble /usr/bin/cmake --build /home/farog/ros2_ws/build/my_robot_bringup -- -j20 -l20
[0.992s] DEBUG:colcon.colcon_core.event_handler.log_command:Invoking command in '/home/farog/ros2_ws/build/my_robot_bringup': CMAKE_PREFIX_PATH=/home/farog/ros2_ws/install/my_robot_description:/home/farog/ros2_ws/install/turtlebot3_simulations:/home/farog/ros2_ws/install/turtlebot3_gazebo:/home/farog/ros2_ws/install/turtlebot3_fake_node:/home/farog/ros2_ws/install/my_robot_bringup:/opt/ros/humble /usr/bin/cmake --install /home/farog/ros2_ws/build/my_robot_bringup
[1.014s] Level 1:colcon.colcon_core.environment:create_environment_scripts_only(my_robot_bringup)
[1.015s] DEBUG:colcon.colcon_core.event_handler.log_command:Invoked command in '/home/farog/ros2_ws/build/my_robot_bringup' returned '0': CMAKE_PREFIX_PATH=/home/farog/ros2_ws/install/my_robot_description:/home/farog/ros2_ws/install/turtlebot3_simulations:/home/farog/ros2_ws/install/turtlebot3_gazebo:/home/farog/ros2_ws/install/turtlebot3_fake_node:/home/farog/ros2_ws/install/my_robot_bringup:/opt/ros/humble /usr/bin/cmake --install /home/farog/ros2_ws/build/my_robot_bringup
[1.034s] Level 1:colcon.colcon_core.environment:checking '/home/farog/ros2_ws/install/my_robot_bringup' for CMake module files
[1.035s] Level 1:colcon.colcon_core.environment:checking '/home/farog/ros2_ws/install/my_robot_bringup' for CMake config files
[1.035s] Level 1:colcon.colcon_core.shell:create_environment_hook('my_robot_bringup', 'cmake_prefix_path')
[1.042s] INFO:colcon.colcon_core.shell:Creating environment hook '/home/farog/ros2_ws/install/my_robot_bringup/share/my_robot_bringup/hook/cmake_prefix_path.ps1'
[1.043s] INFO:colcon.colcon_core.shell:Creating environment descriptor '/home/farog/ros2_ws/install/my_robot_bringup/share/my_robot_bringup/hook/cmake_prefix_path.dsv'
[1.043s] INFO:colcon.colcon_core.shell:Creating environment hook '/home/farog/ros2_ws/install/my_robot_bringup/share/my_robot_bringup/hook/cmake_prefix_path.sh'
[1.044s] Level 1:colcon.colcon_core.environment:checking '/home/farog/ros2_ws/install/my_robot_bringup/bin'
[1.044s] Level 1:colcon.colcon_core.environment:checking '/home/farog/ros2_ws/install/my_robot_bringup/lib/pkgconfig/my_robot_bringup.pc'
[1.044s] Level 1:colcon.colcon_core.environment:checking '/home/farog/ros2_ws/install/my_robot_bringup/lib/python3.10/site-packages'
[1.044s] Level 1:colcon.colcon_core.environment:checking '/home/farog/ros2_ws/install/my_robot_bringup/bin'
[1.052s] INFO:colcon.colcon_core.shell:Creating package script '/home/farog/ros2_ws/install/my_robot_bringup/share/my_robot_bringup/package.ps1'
[1.053s] INFO:colcon.colcon_core.shell:Creating package descriptor '/home/farog/ros2_ws/install/my_robot_bringup/share/my_robot_bringup/package.dsv'
[1.054s] INFO:colcon.colcon_core.shell:Creating package script '/home/farog/ros2_ws/install/my_robot_bringup/share/my_robot_bringup/package.sh'
[1.055s] INFO:colcon.colcon_core.shell:Creating package script '/home/farog/ros2_ws/install/my_robot_bringup/share/my_robot_bringup/package.bash'
[1.055s] INFO:colcon.colcon_core.shell:Creating package script '/home/farog/ros2_ws/install/my_robot_bringup/share/my_robot_bringup/package.zsh'
[1.056s] Level 1:colcon.colcon_core.environment:create_file_with_runtime_dependencies(/home/farog/ros2_ws/install/my_robot_bringup/share/colcon-core/packages/my_robot_bringup)
[1.086s] Level 1:colcon.colcon_core.environment:create_environment_scripts_only(my_robot_bringup)
[1.095s] Level 1:colcon.colcon_core.environment:checking '/home/farog/ros2_ws/install/my_robot_bringup' for CMake module files
[1.095s] Level 1:colcon.colcon_core.environment:checking '/home/farog/ros2_ws/install/my_robot_bringup' for CMake config files
[1.096s] Level 1:colcon.colcon_core.shell:create_environment_hook('my_robot_bringup', 'cmake_prefix_path')
[1.104s] INFO:colcon.colcon_core.shell:Creating environment hook '/home/farog/ros2_ws/install/my_robot_bringup/share/my_robot_bringup/hook/cmake_prefix_path.ps1'
[1.105s] INFO:colcon.colcon_core.shell:Creating environment descriptor '/home/farog/ros2_ws/install/my_robot_bringup/share/my_robot_bringup/hook/cmake_prefix_path.dsv'
[1.106s] INFO:colcon.colcon_core.shell:Creating environment hook '/home/farog/ros2_ws/install/my_robot_bringup/share/my_robot_bringup/hook/cmake_prefix_path.sh'
[1.107s] Level 1:colcon.colcon_core.environment:checking '/home/farog/ros2_ws/install/my_robot_bringup/bin'
[1.107s] Level 1:colcon.colcon_core.environment:checking '/home/farog/ros2_ws/install/my_robot_bringup/lib/pkgconfig/my_robot_bringup.pc'
[1.107s] Level 1:colcon.colcon_core.environment:checking '/home/farog/ros2_ws/install/my_robot_bringup/lib/python3.10/site-packages'
[1.107s] Level 1:colcon.colcon_core.environment:checking '/home/farog/ros2_ws/install/my_robot_bringup/bin'
[1.114s] INFO:colcon.colcon_core.shell:Creating package script '/home/farog/ros2_ws/install/my_robot_bringup/share/my_robot_bringup/package.ps1'
[1.115s] INFO:colcon.colcon_core.shell:Creating package descriptor '/home/farog/ros2_ws/install/my_robot_bringup/share/my_robot_bringup/package.dsv'
[1.116s] INFO:colcon.colcon_core.shell:Creating package script '/home/farog/ros2_ws/install/my_robot_bringup/share/my_robot_bringup/package.sh'
[1.117s] INFO:colcon.colcon_core.shell:Creating package script '/home/farog/ros2_ws/install/my_robot_bringup/share/my_robot_bringup/package.bash'
[1.117s] INFO:colcon.colcon_core.shell:Creating package script '/home/farog/ros2_ws/install/my_robot_bringup/share/my_robot_bringup/package.zsh'
[1.118s] Level 1:colcon.colcon_core.environment:create_file_with_runtime_dependencies(/home/farog/ros2_ws/install/my_robot_bringup/share/colcon-core/packages/my_robot_bringup)
[1.119s] DEBUG:colcon.colcon_parallel_executor.executor.parallel:closing loop
[1.119s] DEBUG:colcon.colcon_parallel_executor.executor.parallel:loop closed
[1.119s] DEBUG:colcon.colcon_parallel_executor.executor.parallel:run_until_complete finished with '0'
[1.119s] DEBUG:colcon.colcon_core.event_reactor:joining thread
[1.129s] INFO:colcon.colcon_core.plugin_system:Skipping extension 'colcon_notification.desktop_notification.terminal_notifier': Not used on non-Darwin systems
[1.129s] INFO:colcon.colcon_core.plugin_system:Skipping extension 'colcon_notification.desktop_notification.win32': Not used on non-Windows systems
[1.129s] INFO:colcon.colcon_notification.desktop_notification:Sending desktop notification using 'notify2'
[1.136s] DEBUG:colcon.colcon_core.event_reactor:joined thread
[1.143s] INFO:colcon.colcon_core.shell:Creating prefix script '/home/farog/ros2_ws/install/local_setup.ps1'
[1.145s] INFO:colcon.colcon_core.shell:Creating prefix util module '/home/farog/ros2_ws/install/_local_setup_util_ps1.py'
[1.146s] INFO:colcon.colcon_core.shell:Creating prefix chain script '/home/farog/ros2_ws/install/setup.ps1'
[1.155s] INFO:colcon.colcon_core.shell:Creating prefix script '/home/farog/ros2_ws/install/local_setup.sh'
[1.156s] INFO:colcon.colcon_core.shell:Creating prefix util module '/home/farog/ros2_ws/install/_local_setup_util_sh.py'
[1.157s] INFO:colcon.colcon_core.shell:Creating prefix chain script '/home/farog/ros2_ws/install/setup.sh'
[1.165s] INFO:colcon.colcon_core.shell:Creating prefix script '/home/farog/ros2_ws/install/local_setup.bash'
[1.166s] INFO:colcon.colcon_core.shell:Creating prefix chain script '/home/farog/ros2_ws/install/setup.bash'
[1.174s] INFO:colcon.colcon_core.shell:Creating prefix script '/home/farog/ros2_ws/install/local_setup.zsh'
[1.175s] INFO:colcon.colcon_core.shell:Creating prefix chain script '/home/farog/ros2_ws/install/setup.zsh'
