[0.034s] Invoking command in '/home/farog/ros2_ws/build/car_gazebo_plugin': CMAKE_PREFIX_PATH=${CMAKE_PREFIX_PATH}:/opt/ros/humble /usr/bin/cmake --build /home/farog/ros2_ws/build/car_gazebo_plugin -- -j20 -l20
[0.051s] [33mCMake Warning (dev) at /usr/share/cmake-3.22/Modules/FindPackageHandleStandardArgs.cmake:438 (message):
[0.051s]   The package name passed to `find_package_handle_standard_args` (PkgConfig)
[0.051s]   does not match the name of the calling package (gazebo).  This can lead to
[0.051s]   problems in calling code that expects `find_package` result variables
[0.051s]   (e.g., `_FOUND`) to follow a certain pattern.
[0.051s] Call Stack (most recent call first):
[0.051s]   /usr/share/cmake-3.22/Modules/FindPkgConfig.cmake:99 (find_package_handle_standard_args)
[0.051s]   /usr/lib/x86_64-linux-gnu/cmake/gazebo/gazebo-config.cmake:72 (include)
[0.051s]   CMakeLists.txt:9 (find_package)
[0.051s] This warning is for project developers.  Use -Wno-dev to suppress it.
[0.051s] [0m
[0.065s] -- Found DART: /usr/include (Required is at least version "6.6") found components: dart 
[0.082s] -- Found Protobuf: /usr/lib/x86_64-linux-gnu/libprotobuf.so (found version "3.12.4") 
[0.083s] -- Looking for ignition-math6 -- found version 6.15.0
[0.085s] -- Searching for dependencies of ignition-math6
[0.086s] -- Looking for OGRE...
[0.089s] -- Found Ogre Ghadamon (1.9.0)
[0.089s] -- Found OGRE: optimized;/usr/lib/x86_64-linux-gnu/libOgreMain.so;debug;/usr/lib/x86_64-linux-gnu/libOgreMain.so
[0.095s] -- Looking for OGRE_Paging...
[0.095s] -- Found OGRE_Paging: optimized;/usr/lib/x86_64-linux-gnu/libOgrePaging.so;debug;/usr/lib/x86_64-linux-gnu/libOgrePaging.so
[0.095s] -- Looking for OGRE_Terrain...
[0.095s] -- Found OGRE_Terrain: optimized;/usr/lib/x86_64-linux-gnu/libOgreTerrain.so;debug;/usr/lib/x86_64-linux-gnu/libOgreTerrain.so
[0.096s] -- Looking for OGRE_Property...
[0.096s] -- Found OGRE_Property: optimized;/usr/lib/x86_64-linux-gnu/libOgreProperty.so;debug;/usr/lib/x86_64-linux-gnu/libOgreProperty.so
[0.096s] -- Looking for OGRE_RTShaderSystem...
[0.096s] -- Found OGRE_RTShaderSystem: optimized;/usr/lib/x86_64-linux-gnu/libOgreRTShaderSystem.so;debug;/usr/lib/x86_64-linux-gnu/libOgreRTShaderSystem.so
[0.096s] -- Looking for OGRE_Volume...
[0.096s] -- Found OGRE_Volume: optimized;/usr/lib/x86_64-linux-gnu/libOgreVolume.so;debug;/usr/lib/x86_64-linux-gnu/libOgreVolume.so
[0.096s] -- Looking for OGRE_Overlay...
[0.096s] -- Found OGRE_Overlay: optimized;/usr/lib/x86_64-linux-gnu/libOgreOverlay.so;debug;/usr/lib/x86_64-linux-gnu/libOgreOverlay.so
[0.158s] -- Looking for ignition-math6 -- found version 6.15.0
[0.158s] -- Looking for ignition-transport8 -- found version 8.2.1
[0.158s] -- Searching for dependencies of ignition-transport8
[0.168s] -- Found Protobuf: /usr/lib/x86_64-linux-gnu/libprotobuf.so (found suitable version "3.12.4", minimum required is "3") 
[0.174s] -- Config-file not installed for ZeroMQ -- checking for pkg-config
[0.177s] -- Checking for module 'libzmq >= 4'
[0.183s] --   Found libzmq , version 4.3.4
[0.203s] -- Checking for module 'uuid'
[0.210s] --   Found uuid, version 2.37.2
[0.231s] -- Looking for ignition-msgs5 -- found version 5.8.1
[0.232s] -- Searching for dependencies of ignition-msgs5
[0.241s] -- Looking for ignition-math6 -- found version 6.15.0
[0.244s] -- Checking for module 'tinyxml2'
[0.250s] --   Found tinyxml2, version 9.0.0
[0.266s] -- Looking for ignition-msgs5 -- found version 5.8.1
[0.266s] -- Looking for ignition-common3 -- found version 3.14.0
[0.266s] -- Searching for dependencies of ignition-common3
[0.267s] -- Looking for dlfcn.h - found
[0.267s] -- Looking for libdl - found
[0.272s] -- Searching for <ignition-common3> component [graphics]
[0.273s] -- Looking for ignition-common3-graphics -- found version 3.14.0
[0.273s] -- Searching for dependencies of ignition-common3-graphics
[0.273s] -- Looking for ignition-math6 -- found version 6.15.0
[0.274s] -- Looking for ignition-fuel_tools4 -- found version 4.4.0
[0.274s] -- Searching for dependencies of ignition-fuel_tools4
[0.293s] -- Checking for module 'jsoncpp'
[0.300s] --   Found jsoncpp, version 1.9.5
[0.317s] -- Checking for module 'libzip'
[0.323s] --   Found libzip, version 1.7.3
[0.339s] -- Looking for ignition-common3 -- found version 3.14.0
[0.339s] -- Looking for ignition-math6 -- found version 6.15.0
[0.340s] -- Looking for ignition-msgs5 -- found version 5.8.1
[0.341s] -- Found gazebo_ros: 3.7.0 (/opt/ros/humble/share/gazebo_ros/cmake)
[0.447s] -- Found rosidl_generator_c: 3.1.5 (/opt/ros/humble/share/rosidl_generator_c/cmake)
[0.448s] -- Found rosidl_adapter: 3.1.5 (/opt/ros/humble/share/rosidl_adapter/cmake)
[0.451s] -- Found rosidl_generator_cpp: 3.1.5 (/opt/ros/humble/share/rosidl_generator_cpp/cmake)
[0.457s] -- Using all available rosidl_typesupport_c: rosidl_typesupport_fastrtps_c;rosidl_typesupport_introspection_c
[0.465s] -- Using all available rosidl_typesupport_cpp: rosidl_typesupport_fastrtps_cpp;rosidl_typesupport_introspection_cpp
[0.495s] -- Found rmw_implementation_cmake: 6.1.1 (/opt/ros/humble/share/rmw_implementation_cmake/cmake)
[0.496s] -- Found rmw_cyclonedds_cpp: 1.3.4 (/opt/ros/humble/share/rmw_cyclonedds_cpp/cmake)
[0.511s] -- Using RMW implementation 'rmw_cyclonedds_cpp' as default
[0.598s] -- Gazebo version: 11.10
[0.603s] -- Found gazebo_ros_pkgs: 3.7.0 (/opt/ros/humble/share/gazebo_ros_pkgs/cmake)
[0.603s] -- Found sensor_msgs: 4.2.3 (/opt/ros/humble/share/sensor_msgs/cmake)
[0.668s] -- Found nav_msgs: 4.2.3 (/opt/ros/humble/share/nav_msgs/cmake)
[0.712s] -- Found ackermann_msgs: 2.0.2 (/opt/ros/humble/share/ackermann_msgs/cmake)
[0.734s] -- Found tf2: 0.25.4 (/opt/ros/humble/share/tf2/cmake)
[0.738s] -- Found tf2_ros: 0.25.4 (/opt/ros/humble/share/tf2_ros/cmake)
[0.912s] [33mCMake Warning at CMakeLists.txt:19 (find_package):
[0.912s]   By not providing "Findobstacle_avoidance.cmake" in CMAKE_MODULE_PATH this
[0.912s]   project has asked CMake to find a package configuration file provided by
[0.912s]   "obstacle_avoidance", but CMake did not find one.
[0.912s] 
[0.912s]   Could not find a package configuration file provided by
[0.912s]   "obstacle_avoidance" with any of the following names:
[0.912s] 
[0.912s]     obstacle_avoidanceConfig.cmake
[0.913s]     obstacle_avoidance-config.cmake
[0.913s] 
[0.913s]   Add the installation prefix of "obstacle_avoidance" to CMAKE_PREFIX_PATH or
[0.913s]   set "obstacle_avoidance_DIR" to a directory containing one of the above
[0.913s]   files.  If "obstacle_avoidance" provides a separate development package or
[0.913s]   SDK, be sure it has been installed.
[0.913s] 
[0.913s] [0m
[0.925s] -- Found ament_lint_auto: 0.12.8 (/opt/ros/humble/share/ament_lint_auto/cmake)
[0.962s] -- Added test 'cppcheck' to perform static code analysis on C / C++ code
[0.962s] -- Configured cppcheck include dirs: $<BUILD_INTERFACE:/home/farog/ros2_ws/src/car_gazebo_plugin/include>
[0.962s] -- Configured cppcheck exclude dirs and/or files: 
[0.962s] -- Added test 'cpplint' to check C / C++ code against the Google style
[0.962s] -- Configured cpplint exclude dirs and/or files: 
[0.962s] -- Added test 'lint_cmake' to check CMake code style
[0.963s] -- Added test 'uncrustify' to check C / C++ code style
[0.963s] -- Configured uncrustify additional arguments: 
[0.963s] -- Added test 'xmllint' to check XML markup files
[0.963s] -- Configuring done
[0.965s] [31mCMake Error at CMakeLists.txt:22 (add_library):
[0.965s]   Cannot find source file:
[0.965s] 
[0.965s]     src/car_gazebo_plugin.cpp,
[0.965s] 
[0.966s]   Tried extensions .c .C .c++ .cc .cpp .cxx .cu .mpp .m .M .mm .ixx .cppm .h
[0.966s]   .hh .h++ .hm .hpp .hxx .in .txx .f .F .for .f77 .f90 .f95 .f03 .hip .ispc
[0.966s] 
[0.966s] [0m
[0.967s] [31mCMake Error at CMakeLists.txt:22 (add_library):
[0.967s]   No SOURCES given to target: car_gazebo_plugin
[0.967s] 
[0.967s] [0m
[0.967s] [0mCMake Generate step failed.  Build files cannot be regenerated correctly.[0m
[0.972s] gmake: *** [Makefile:267: cmake_check_build_system] Error 1
[0.974s] Invoked command in '/home/farog/ros2_ws/build/car_gazebo_plugin' returned '2': CMAKE_PREFIX_PATH=${CMAKE_PREFIX_PATH}:/opt/ros/humble /usr/bin/cmake --build /home/farog/ros2_ws/build/car_gazebo_plugin -- -j20 -l20
