[0.037s] Invoking command in '/home/farog/ros2_ws/build/my_robot_bringup': CMAKE_PREFIX_PATH=/home/farog/ros2_ws/install/my_robot_description:/home/farog/ros2_ws/install/my_robot_bringup:/opt/ros/humble /usr/bin/cmake --build /home/farog/ros2_ws/build/my_robot_bringup -- -j20 -l20
[0.111s] Invoked command in '/home/farog/ros2_ws/build/my_robot_bringup' returned '0': CMAKE_PREFIX_PATH=/home/farog/ros2_ws/install/my_robot_description:/home/farog/ros2_ws/install/my_robot_bringup:/opt/ros/humble /usr/bin/cmake --build /home/farog/ros2_ws/build/my_robot_bringup -- -j20 -l20
[0.128s] Invoking command in '/home/farog/ros2_ws/build/my_robot_bringup': CMAKE_PREFIX_PATH=/home/farog/ros2_ws/install/my_robot_description:/home/farog/ros2_ws/install/my_robot_bringup:/opt/ros/humble /usr/bin/cmake --install /home/farog/ros2_ws/build/my_robot_bringup
[0.138s] -- Install configuration: ""
[0.138s] -- Up-to-date: /home/farog/ros2_ws/install/my_robot_bringup/share/my_robot_bringup//launch
[0.138s] -- Installing: /home/farog/ros2_ws/install/my_robot_bringup/share/my_robot_bringup//launch/my_robot_gazebo.launch.xml
[0.140s] -- Up-to-date: /home/farog/ros2_ws/install/my_robot_bringup/share/my_robot_bringup//rviz
[0.140s] -- Up-to-date: /home/farog/ros2_ws/install/my_robot_bringup/share/my_robot_bringup//rviz/urdf_config.rviz
[0.140s] -- Up-to-date: /home/farog/ros2_ws/install/my_robot_bringup/share/my_robot_bringup//worlds
[0.140s] -- Up-to-date: /home/farog/ros2_ws/install/my_robot_bringup/share/my_robot_bringup//worlds/my_world.world
[0.141s] -- Up-to-date: /home/farog/ros2_ws/install/my_robot_bringup/share/ament_index/resource_index/package_run_dependencies/my_robot_bringup
[0.141s] -- Up-to-date: /home/farog/ros2_ws/install/my_robot_bringup/share/ament_index/resource_index/parent_prefix_path/my_robot_bringup
[0.141s] -- Up-to-date: /home/farog/ros2_ws/install/my_robot_bringup/share/my_robot_bringup/environment/ament_prefix_path.sh
[0.141s] -- Up-to-date: /home/farog/ros2_ws/install/my_robot_bringup/share/my_robot_bringup/environment/ament_prefix_path.dsv
[0.141s] -- Up-to-date: /home/farog/ros2_ws/install/my_robot_bringup/share/my_robot_bringup/environment/path.sh
[0.141s] -- Up-to-date: /home/farog/ros2_ws/install/my_robot_bringup/share/my_robot_bringup/environment/path.dsv
[0.141s] -- Up-to-date: /home/farog/ros2_ws/install/my_robot_bringup/share/my_robot_bringup/local_setup.bash
[0.141s] -- Up-to-date: /home/farog/ros2_ws/install/my_robot_bringup/share/my_robot_bringup/local_setup.sh
[0.141s] -- Up-to-date: /home/farog/ros2_ws/install/my_robot_bringup/share/my_robot_bringup/local_setup.zsh
[0.142s] -- Up-to-date: /home/farog/ros2_ws/install/my_robot_bringup/share/my_robot_bringup/local_setup.dsv
[0.142s] -- Installing: /home/farog/ros2_ws/install/my_robot_bringup/share/my_robot_bringup/package.dsv
[0.144s] -- Up-to-date: /home/farog/ros2_ws/install/my_robot_bringup/share/ament_index/resource_index/packages/my_robot_bringup
[0.144s] -- Up-to-date: /home/farog/ros2_ws/install/my_robot_bringup/share/my_robot_bringup/cmake/my_robot_bringupConfig.cmake
[0.144s] -- Up-to-date: /home/farog/ros2_ws/install/my_robot_bringup/share/my_robot_bringup/cmake/my_robot_bringupConfig-version.cmake
[0.144s] -- Up-to-date: /home/farog/ros2_ws/install/my_robot_bringup/share/my_robot_bringup/package.xml
[0.148s] Invoked command in '/home/farog/ros2_ws/build/my_robot_bringup' returned '0': CMAKE_PREFIX_PATH=/home/farog/ros2_ws/install/my_robot_description:/home/farog/ros2_ws/install/my_robot_bringup:/opt/ros/humble /usr/bin/cmake --install /home/farog/ros2_ws/build/my_robot_bringup
