[0.035s] Invoking command in '/home/farog/ros2_ws/build/my_robot_description': CMAKE_PREFIX_PATH=${CMAKE_PREFIX_PATH}:/opt/ros/humble /usr/bin/cmake --build /home/farog/ros2_ws/build/my_robot_description -- -j20 -l20
[0.056s] Invoked command in '/home/farog/ros2_ws/build/my_robot_description' returned '0': CMAKE_PREFIX_PATH=${CMAKE_PREFIX_PATH}:/opt/ros/humble /usr/bin/cmake --build /home/farog/ros2_ws/build/my_robot_description -- -j20 -l20
[0.111s] Invoking command in '/home/farog/ros2_ws/build/my_robot_description': CMAKE_PREFIX_PATH=${CMAKE_PREFIX_PATH}:/opt/ros/humble /usr/bin/cmake --install /home/farog/ros2_ws/build/my_robot_description
[0.124s] -- Install configuration: ""
[0.124s] -- Up-to-date: /home/farog/ros2_ws/install/my_robot_description/share/my_robot_description//urdf
[0.124s] -- Up-to-date: /home/farog/ros2_ws/install/my_robot_description/share/my_robot_description//urdf/common_properties.xacro
[0.124s] -- Up-to-date: /home/farog/ros2_ws/install/my_robot_description/share/my_robot_description//urdf/ultrasonic.xacro
[0.124s] -- Up-to-date: /home/farog/ros2_ws/install/my_robot_description/share/my_robot_description//urdf/mobile_base_gazebo.xacro
[0.124s] -- Up-to-date: /home/farog/ros2_ws/install/my_robot_description/share/my_robot_description//urdf/ugv.urdf
[0.124s] -- Up-to-date: /home/farog/ros2_ws/install/my_robot_description/share/my_robot_description//urdf/camera.xacro
[0.124s] -- Up-to-date: /home/farog/ros2_ws/install/my_robot_description/share/my_robot_description//urdf/lidar.xacro
[0.124s] -- Installing: /home/farog/ros2_ws/install/my_robot_description/share/my_robot_description//urdf/ugv.urdf.xacro
[0.126s] -- Up-to-date: /home/farog/ros2_ws/install/my_robot_description/share/my_robot_description//urdf/ros2_control.xacro
[0.126s] -- Up-to-date: /home/farog/ros2_ws/install/my_robot_description/share/my_robot_description//launch
[0.126s] -- Up-to-date: /home/farog/ros2_ws/install/my_robot_description/share/my_robot_description//launch/display.launch.xml
[0.126s] -- Up-to-date: /home/farog/ros2_ws/install/my_robot_description/share/my_robot_description//launch/mapping.launch.py
[0.126s] -- Up-to-date: /home/farog/ros2_ws/install/my_robot_description/share/my_robot_description//meshes
[0.126s] -- Up-to-date: /home/farog/ros2_ws/install/my_robot_description/share/my_robot_description//meshes/wheel1.dae
[0.126s] -- Up-to-date: /home/farog/ros2_ws/install/my_robot_description/share/my_robot_description//meshes/body.dae
[0.126s] -- Up-to-date: /home/farog/ros2_ws/install/my_robot_description/share/my_robot_description//meshes/body1.dae
[0.126s] -- Up-to-date: /home/farog/ros2_ws/install/my_robot_description/share/my_robot_description//meshes/model.dae
[0.126s] -- Up-to-date: /home/farog/ros2_ws/install/my_robot_description/share/my_robot_description//rviz
[0.126s] -- Up-to-date: /home/farog/ros2_ws/install/my_robot_description/share/my_robot_description//rviz/urdf_config.rviz
[0.127s] -- Up-to-date: /home/farog/ros2_ws/install/my_robot_description/share/ament_index/resource_index/package_run_dependencies/my_robot_description
[0.127s] -- Up-to-date: /home/farog/ros2_ws/install/my_robot_description/share/ament_index/resource_index/parent_prefix_path/my_robot_description
[0.127s] -- Up-to-date: /home/farog/ros2_ws/install/my_robot_description/share/my_robot_description/environment/ament_prefix_path.sh
[0.127s] -- Up-to-date: /home/farog/ros2_ws/install/my_robot_description/share/my_robot_description/environment/ament_prefix_path.dsv
[0.127s] -- Up-to-date: /home/farog/ros2_ws/install/my_robot_description/share/my_robot_description/environment/path.sh
[0.127s] -- Up-to-date: /home/farog/ros2_ws/install/my_robot_description/share/my_robot_description/environment/path.dsv
[0.127s] -- Up-to-date: /home/farog/ros2_ws/install/my_robot_description/share/my_robot_description/local_setup.bash
[0.127s] -- Up-to-date: /home/farog/ros2_ws/install/my_robot_description/share/my_robot_description/local_setup.sh
[0.127s] -- Up-to-date: /home/farog/ros2_ws/install/my_robot_description/share/my_robot_description/local_setup.zsh
[0.127s] -- Up-to-date: /home/farog/ros2_ws/install/my_robot_description/share/my_robot_description/local_setup.dsv
[0.127s] -- Installing: /home/farog/ros2_ws/install/my_robot_description/share/my_robot_description/package.dsv
[0.128s] -- Up-to-date: /home/farog/ros2_ws/install/my_robot_description/share/ament_index/resource_index/packages/my_robot_description
[0.128s] -- Up-to-date: /home/farog/ros2_ws/install/my_robot_description/share/my_robot_description/cmake/my_robot_descriptionConfig.cmake
[0.128s] -- Up-to-date: /home/farog/ros2_ws/install/my_robot_description/share/my_robot_description/cmake/my_robot_descriptionConfig-version.cmake
[0.128s] -- Up-to-date: /home/farog/ros2_ws/install/my_robot_description/share/my_robot_description/package.xml
[0.131s] Invoked command in '/home/farog/ros2_ws/build/my_robot_description' returned '0': CMAKE_PREFIX_PATH=${CMAKE_PREFIX_PATH}:/opt/ros/humble /usr/bin/cmake --install /home/farog/ros2_ws/build/my_robot_description
