[0.040s] Invoking command in '/home/farog/ros2_ws/src/build/my_robot_description': CMAKE_PREFIX_PATH=${CMAKE_PREFIX_PATH}:/opt/ros/humble /usr/bin/cmake --build /home/farog/ros2_ws/src/build/my_robot_description -- -j20 -l20
[0.056s] -- Found ament_cmake: 1.3.5 (/opt/ros/humble/share/ament_cmake/cmake)
[0.202s] -- Configuring done
[0.217s] -- Generating done
[0.223s] -- Build files have been written to: /home/farog/ros2_ws/src/build/my_robot_description
[0.240s] Invoked command in '/home/farog/ros2_ws/src/build/my_robot_description' returned '0': CMAKE_PREFIX_PATH=${CMAKE_PREFIX_PATH}:/opt/ros/humble /usr/bin/cmake --build /home/farog/ros2_ws/src/build/my_robot_description -- -j20 -l20
[0.269s] Invoking command in '/home/farog/ros2_ws/src/build/my_robot_description': CMAKE_PREFIX_PATH=${CMAKE_PREFIX_PATH}:/opt/ros/humble /usr/bin/cmake --install /home/farog/ros2_ws/src/build/my_robot_description
[0.277s] -- Install configuration: ""
[0.277s] -- Up-to-date: /home/farog/ros2_ws/src/install/my_robot_description/share/my_robot_description//urdf
[0.277s] -- Installing: /home/farog/ros2_ws/src/install/my_robot_description/share/my_robot_description//urdf/common_properties.xacro
[0.279s] -- Installing: /home/farog/ros2_ws/src/install/my_robot_description/share/my_robot_description//urdf/ultrasonic.xacro
[0.282s] -- Installing: /home/farog/ros2_ws/src/install/my_robot_description/share/my_robot_description//urdf/ackermann_controller.xacro
[0.283s] -- Installing: /home/farog/ros2_ws/src/install/my_robot_description/share/my_robot_description//urdf/mobile_base_gazebo.xacro
[0.286s] -- Installing: /home/farog/ros2_ws/src/install/my_robot_description/share/my_robot_description//urdf/ugv.urdf
[0.289s] -- Installing: /home/farog/ros2_ws/src/install/my_robot_description/share/my_robot_description//urdf/camera.xacro
[0.291s] -- Installing: /home/farog/ros2_ws/src/install/my_robot_description/share/my_robot_description//urdf/lidar.xacro
[0.295s] -- Installing: /home/farog/ros2_ws/src/install/my_robot_description/share/my_robot_description//urdf/ugv.urdf.xacro
[0.297s] -- Installing: /home/farog/ros2_ws/src/install/my_robot_description/share/my_robot_description//urdf/ros2_control.xacro
[0.299s] -- Up-to-date: /home/farog/ros2_ws/src/install/my_robot_description/share/my_robot_description//launch
[0.299s] -- Up-to-date: /home/farog/ros2_ws/src/install/my_robot_description/share/my_robot_description//launch/display.launch.xml
[0.300s] -- Installing: /home/farog/ros2_ws/src/install/my_robot_description/share/my_robot_description//launch/mapping.launch.py
[0.309s] -- Up-to-date: /home/farog/ros2_ws/src/install/my_robot_description/share/my_robot_description//meshes
[0.309s] -- Up-to-date: /home/farog/ros2_ws/src/install/my_robot_description/share/my_robot_description//meshes/wheel1.dae
[0.309s] -- Up-to-date: /home/farog/ros2_ws/src/install/my_robot_description/share/my_robot_description//meshes/body.dae
[0.309s] -- Up-to-date: /home/farog/ros2_ws/src/install/my_robot_description/share/my_robot_description//meshes/body1.dae
[0.310s] -- Up-to-date: /home/farog/ros2_ws/src/install/my_robot_description/share/my_robot_description//meshes/model.dae
[0.310s] -- Up-to-date: /home/farog/ros2_ws/src/install/my_robot_description/share/my_robot_description//rviz
[0.310s] -- Up-to-date: /home/farog/ros2_ws/src/install/my_robot_description/share/my_robot_description//rviz/urdf_config.rviz
[0.310s] -- Installing: /home/farog/ros2_ws/src/install/my_robot_description/share/my_robot_description//config
[0.310s] -- Installing: /home/farog/ros2_ws/src/install/my_robot_description/share/my_robot_description//config/map_server_params.yaml
[0.310s] -- Installing: /home/farog/ros2_ws/src/install/my_robot_description/share/my_robot_description//config/gaz_ros2_ctl_use_sim.yaml
[0.312s] -- Installing: /home/farog/ros2_ws/src/install/my_robot_description/share/my_robot_description//config/diff_drive_controller.yaml
[0.314s] -- Installing: /home/farog/ros2_ws/src/install/my_robot_description/share/my_robot_description//config/ackermann_controll.yaml
[0.316s] -- Installing: /home/farog/ros2_ws/src/install/my_robot_description/share/my_robot_description//config/mapper_params_online_async.yaml
[0.318s] -- Up-to-date: /home/farog/ros2_ws/src/install/my_robot_description/share/ament_index/resource_index/package_run_dependencies/my_robot_description
[0.318s] -- Installing: /home/farog/ros2_ws/src/install/my_robot_description/share/ament_index/resource_index/parent_prefix_path/my_robot_description
[0.319s] -- Up-to-date: /home/farog/ros2_ws/src/install/my_robot_description/share/my_robot_description/environment/ament_prefix_path.sh
[0.319s] -- Installing: /home/farog/ros2_ws/src/install/my_robot_description/share/my_robot_description/environment/ament_prefix_path.dsv
[0.320s] -- Up-to-date: /home/farog/ros2_ws/src/install/my_robot_description/share/my_robot_description/environment/path.sh
[0.320s] -- Installing: /home/farog/ros2_ws/src/install/my_robot_description/share/my_robot_description/environment/path.dsv
[0.321s] -- Up-to-date: /home/farog/ros2_ws/src/install/my_robot_description/share/my_robot_description/local_setup.bash
[0.321s] -- Up-to-date: /home/farog/ros2_ws/src/install/my_robot_description/share/my_robot_description/local_setup.sh
[0.321s] -- Up-to-date: /home/farog/ros2_ws/src/install/my_robot_description/share/my_robot_description/local_setup.zsh
[0.321s] -- Installing: /home/farog/ros2_ws/src/install/my_robot_description/share/my_robot_description/local_setup.dsv
[0.322s] -- Installing: /home/farog/ros2_ws/src/install/my_robot_description/share/my_robot_description/package.dsv
[0.323s] -- Up-to-date: /home/farog/ros2_ws/src/install/my_robot_description/share/ament_index/resource_index/packages/my_robot_description
[0.323s] -- Up-to-date: /home/farog/ros2_ws/src/install/my_robot_description/share/my_robot_description/cmake/my_robot_descriptionConfig.cmake
[0.323s] -- Up-to-date: /home/farog/ros2_ws/src/install/my_robot_description/share/my_robot_description/cmake/my_robot_descriptionConfig-version.cmake
[0.323s] -- Up-to-date: /home/farog/ros2_ws/src/install/my_robot_description/share/my_robot_description/package.xml
[0.325s] Invoked command in '/home/farog/ros2_ws/src/build/my_robot_description' returned '0': CMAKE_PREFIX_PATH=${CMAKE_PREFIX_PATH}:/opt/ros/humble /usr/bin/cmake --install /home/farog/ros2_ws/src/build/my_robot_description
