[0.060s] Invoking command in '/home/farog/ros2_ws/build/my_robot_description': CMAKE_PREFIX_PATH=${CMAKE_PREFIX_PATH}:/opt/ros/humble /usr/bin/cmake /home/farog/ros2_ws/src/my_robot_description -DCMAKE_INSTALL_PREFIX=/home/farog/ros2_ws/install/my_robot_description
[0.251s] -- The C compiler identification is GNU 11.4.0
[0.347s] -- The CXX compiler identification is GNU 11.4.0
[0.365s] -- Detecting C compiler ABI info
[0.418s] -- Detecting C compiler ABI info - done
[0.425s] -- Check for working C compiler: /usr/bin/cc - skipped
[0.426s] -- Detecting C compile features
[0.427s] -- Detecting C compile features - done
[0.432s] -- Detecting CXX compiler ABI info
[0.490s] -- Detecting CXX compiler ABI info - done
[0.498s] -- Check for working CXX compiler: /usr/bin/c++ - skipped
[0.498s] -- Detecting CXX compile features
[0.498s] -- Detecting CXX compile features - done
[0.504s] -- Found ament_cmake: 1.3.5 (/opt/ros/humble/share/ament_cmake/cmake)
[0.621s] -- Found Python3: /usr/bin/python3.10 (found version "3.10.12") found components: Interpreter 
[0.779s] -- Configuring done
[0.788s] -- Generating done
[0.792s] -- Build files have been written to: /home/farog/ros2_ws/build/my_robot_description
[0.794s] Invoked command in '/home/farog/ros2_ws/build/my_robot_description' returned '0': CMAKE_PREFIX_PATH=${CMAKE_PREFIX_PATH}:/opt/ros/humble /usr/bin/cmake /home/farog/ros2_ws/src/my_robot_description -DCMAKE_INSTALL_PREFIX=/home/farog/ros2_ws/install/my_robot_description
[0.796s] Invoking command in '/home/farog/ros2_ws/build/my_robot_description': CMAKE_PREFIX_PATH=${CMAKE_PREFIX_PATH}:/opt/ros/humble /usr/bin/cmake --build /home/farog/ros2_ws/build/my_robot_description -- -j20 -l20
[0.815s] Invoked command in '/home/farog/ros2_ws/build/my_robot_description' returned '0': CMAKE_PREFIX_PATH=${CMAKE_PREFIX_PATH}:/opt/ros/humble /usr/bin/cmake --build /home/farog/ros2_ws/build/my_robot_description -- -j20 -l20
[0.832s] Invoking command in '/home/farog/ros2_ws/build/my_robot_description': CMAKE_PREFIX_PATH=${CMAKE_PREFIX_PATH}:/opt/ros/humble /usr/bin/cmake --install /home/farog/ros2_ws/build/my_robot_description
[0.835s] -- Install configuration: ""
[0.836s] -- Up-to-date: /home/farog/ros2_ws/install/my_robot_description/share/my_robot_description//urdf
[0.836s] -- Up-to-date: /home/farog/ros2_ws/install/my_robot_description/share/my_robot_description//urdf/common_properties.xacro
[0.837s] -- Up-to-date: /home/farog/ros2_ws/install/my_robot_description/share/my_robot_description//urdf/ultrasonic.xacro
[0.838s] -- Up-to-date: /home/farog/ros2_ws/install/my_robot_description/share/my_robot_description//urdf/ackermann_controller.xacro
[0.838s] -- Up-to-date: /home/farog/ros2_ws/install/my_robot_description/share/my_robot_description//urdf/mobile_base_gazebo.xacro
[0.839s] -- Up-to-date: /home/farog/ros2_ws/install/my_robot_description/share/my_robot_description//urdf/ugv.urdf
[0.839s] -- Up-to-date: /home/farog/ros2_ws/install/my_robot_description/share/my_robot_description//urdf/camera.xacro
[0.839s] -- Up-to-date: /home/farog/ros2_ws/install/my_robot_description/share/my_robot_description//urdf/lidar.xacro
[0.839s] -- Up-to-date: /home/farog/ros2_ws/install/my_robot_description/share/my_robot_description//urdf/ugv.urdf.xacro
[0.841s] -- Up-to-date: /home/farog/ros2_ws/install/my_robot_description/share/my_robot_description//urdf/ros2_control.xacro
[0.841s] -- Up-to-date: /home/farog/ros2_ws/install/my_robot_description/share/my_robot_description//launch
[0.841s] -- Up-to-date: /home/farog/ros2_ws/install/my_robot_description/share/my_robot_description//launch/display.launch.xml
[0.841s] -- Up-to-date: /home/farog/ros2_ws/install/my_robot_description/share/my_robot_description//launch/mapping.launch.py
[0.841s] -- Up-to-date: /home/farog/ros2_ws/install/my_robot_description/share/my_robot_description//meshes
[0.842s] -- Up-to-date: /home/farog/ros2_ws/install/my_robot_description/share/my_robot_description//meshes/wheel1.dae
[0.842s] -- Up-to-date: /home/farog/ros2_ws/install/my_robot_description/share/my_robot_description//meshes/body.dae
[0.842s] -- Up-to-date: /home/farog/ros2_ws/install/my_robot_description/share/my_robot_description//meshes/body1.dae
[0.842s] -- Up-to-date: /home/farog/ros2_ws/install/my_robot_description/share/my_robot_description//meshes/model.dae
[0.842s] -- Up-to-date: /home/farog/ros2_ws/install/my_robot_description/share/my_robot_description//rviz
[0.843s] -- Up-to-date: /home/farog/ros2_ws/install/my_robot_description/share/my_robot_description//rviz/urdf_config.rviz
[0.843s] -- Up-to-date: /home/farog/ros2_ws/install/my_robot_description/share/my_robot_description//config
[0.843s] -- Up-to-date: /home/farog/ros2_ws/install/my_robot_description/share/my_robot_description//config/map_server_params.yaml
[0.843s] -- Up-to-date: /home/farog/ros2_ws/install/my_robot_description/share/my_robot_description//config/gaz_ros2_ctl_use_sim.yaml
[0.843s] -- Up-to-date: /home/farog/ros2_ws/install/my_robot_description/share/my_robot_description//config/diff_drive_controller.yaml
[0.844s] -- Up-to-date: /home/farog/ros2_ws/install/my_robot_description/share/my_robot_description//config/ackermann_controll.yaml
[0.844s] -- Up-to-date: /home/farog/ros2_ws/install/my_robot_description/share/my_robot_description//config/mapper_params_online_async.yaml
[0.844s] -- Installing: /home/farog/ros2_ws/install/my_robot_description/share/ament_index/resource_index/package_run_dependencies/my_robot_description
[0.845s] -- Installing: /home/farog/ros2_ws/install/my_robot_description/share/ament_index/resource_index/parent_prefix_path/my_robot_description
[0.846s] -- Up-to-date: /home/farog/ros2_ws/install/my_robot_description/share/my_robot_description/environment/ament_prefix_path.sh
[0.846s] -- Installing: /home/farog/ros2_ws/install/my_robot_description/share/my_robot_description/environment/ament_prefix_path.dsv
[0.846s] -- Up-to-date: /home/farog/ros2_ws/install/my_robot_description/share/my_robot_description/environment/path.sh
[0.846s] -- Installing: /home/farog/ros2_ws/install/my_robot_description/share/my_robot_description/environment/path.dsv
[0.846s] -- Installing: /home/farog/ros2_ws/install/my_robot_description/share/my_robot_description/local_setup.bash
[0.847s] -- Installing: /home/farog/ros2_ws/install/my_robot_description/share/my_robot_description/local_setup.sh
[0.848s] -- Installing: /home/farog/ros2_ws/install/my_robot_description/share/my_robot_description/local_setup.zsh
[0.848s] -- Installing: /home/farog/ros2_ws/install/my_robot_description/share/my_robot_description/local_setup.dsv
[0.849s] -- Installing: /home/farog/ros2_ws/install/my_robot_description/share/my_robot_description/package.dsv
[0.849s] -- Installing: /home/farog/ros2_ws/install/my_robot_description/share/ament_index/resource_index/packages/my_robot_description
[0.849s] -- Installing: /home/farog/ros2_ws/install/my_robot_description/share/my_robot_description/cmake/my_robot_descriptionConfig.cmake
[0.850s] -- Installing: /home/farog/ros2_ws/install/my_robot_description/share/my_robot_description/cmake/my_robot_descriptionConfig-version.cmake
[0.850s] -- Up-to-date: /home/farog/ros2_ws/install/my_robot_description/share/my_robot_description/package.xml
[0.852s] Invoked command in '/home/farog/ros2_ws/build/my_robot_description' returned '0': CMAKE_PREFIX_PATH=${CMAKE_PREFIX_PATH}:/opt/ros/humble /usr/bin/cmake --install /home/farog/ros2_ws/build/my_robot_description
