-- Found ament_cmake: 1.3.5 (/opt/ros/humble/share/ament_cmake/cmake)
-- Configuring done
-- Generating done
-- Build files have been written to: /home/farog/ros2_ws/build/my_robot_bringup
-- Install configuration: ""
-- Up-to-date: /home/farog/ros2_ws/install/my_robot_bringup/share/my_robot_bringup//launch
-- Up-to-date: /home/farog/ros2_ws/install/my_robot_bringup/share/my_robot_bringup//launch/bringup.launch.py
-- Up-to-date: /home/farog/ros2_ws/install/my_robot_bringup/share/my_robot_bringup//launch/joystick.launch.py
-- Up-to-date: /home/farog/ros2_ws/install/my_robot_bringup/share/my_robot_bringup//launch/spawn_car.launch.py
-- Up-to-date: /home/farog/ros2_ws/install/my_robot_bringup/share/my_robot_bringup//launch/my_robot_gazebo.launch.xml
-- Up-to-date: /home/farog/ros2_ws/install/my_robot_bringup/share/my_robot_bringup//rviz
-- Up-to-date: /home/farog/ros2_ws/install/my_robot_bringup/share/my_robot_bringup//rviz/urdf_config.rviz
-- Up-to-date: /home/farog/ros2_ws/install/my_robot_bringup/share/my_robot_bringup//worlds
-- Up-to-date: /home/farog/ros2_ws/install/my_robot_bringup/share/my_robot_bringup//worlds/house.world
-- Up-to-date: /home/farog/ros2_ws/install/my_robot_bringup/share/my_robot_bringup//worlds/desert.world
-- Up-to-date: /home/farog/ros2_ws/install/my_robot_bringup/share/my_robot_bringup//worlds/nav1.world
-- Up-to-date: /home/farog/ros2_ws/install/my_robot_bringup/share/my_robot_bringup//worlds/nav2.world
-- Up-to-date: /home/farog/ros2_ws/install/my_robot_bringup/share/my_robot_bringup//worlds/my_world.world
[31mCMake Error at cmake_install.cmake:46 (file):
  file INSTALL cannot find
  "/home/farog/ros2_ws/src/my_robot_bringup/behavior": No such file or
  directory.

[0m
