[0.042s] Invoking command in '/home/farog/ros2_ws/build/car_gazebo_plugin': CMAKE_PREFIX_PATH=${CMAKE_PREFIX_PATH}:/opt/ros/humble /usr/bin/cmake --build /home/farog/ros2_ws/build/car_gazebo_plugin -- -j20 -l20
[0.084s] [ 50%] [32mBuilding CXX object CMakeFiles/car_gazebo_plugin.dir/src/car_gazebo_plugin.cpp.o[0m
[12.240s] [100%] [32m[1mLinking CXX shared library libcar_gazebo_plugin.so[0m
[13.066s] [100%] Built target car_gazebo_plugin
[13.072s] Invoked command in '/home/farog/ros2_ws/build/car_gazebo_plugin' returned '0': CMAKE_PREFIX_PATH=${CMAKE_PREFIX_PATH}:/opt/ros/humble /usr/bin/cmake --build /home/farog/ros2_ws/build/car_gazebo_plugin -- -j20 -l20
[13.091s] Invoking command in '/home/farog/ros2_ws/build/car_gazebo_plugin': CMAKE_PREFIX_PATH=${CMAKE_PREFIX_PATH}:/opt/ros/humble /usr/bin/cmake --install /home/farog/ros2_ws/build/car_gazebo_plugin
[13.096s] -- Install configuration: ""
[13.096s] -- Installing: /home/farog/ros2_ws/install/car_gazebo_plugin/share/car_gazebo_plugin/libcar_gazebo_plugin.so
[13.330s] -- Set runtime path of "/home/farog/ros2_ws/install/car_gazebo_plugin/share/car_gazebo_plugin/libcar_gazebo_plugin.so" to ""
[13.330s] -- Up-to-date: /home/farog/ros2_ws/install/car_gazebo_plugin/share/ament_index/resource_index/package_run_dependencies/car_gazebo_plugin
[13.330s] -- Up-to-date: /home/farog/ros2_ws/install/car_gazebo_plugin/share/ament_index/resource_index/parent_prefix_path/car_gazebo_plugin
[13.330s] -- Up-to-date: /home/farog/ros2_ws/install/car_gazebo_plugin/share/car_gazebo_plugin/environment/ament_prefix_path.sh
[13.330s] -- Up-to-date: /home/farog/ros2_ws/install/car_gazebo_plugin/share/car_gazebo_plugin/environment/ament_prefix_path.dsv
[13.330s] -- Up-to-date: /home/farog/ros2_ws/install/car_gazebo_plugin/share/car_gazebo_plugin/environment/path.sh
[13.330s] -- Up-to-date: /home/farog/ros2_ws/install/car_gazebo_plugin/share/car_gazebo_plugin/environment/path.dsv
[13.330s] -- Up-to-date: /home/farog/ros2_ws/install/car_gazebo_plugin/share/car_gazebo_plugin/local_setup.bash
[13.330s] -- Up-to-date: /home/farog/ros2_ws/install/car_gazebo_plugin/share/car_gazebo_plugin/local_setup.sh
[13.330s] -- Up-to-date: /home/farog/ros2_ws/install/car_gazebo_plugin/share/car_gazebo_plugin/local_setup.zsh
[13.330s] -- Up-to-date: /home/farog/ros2_ws/install/car_gazebo_plugin/share/car_gazebo_plugin/local_setup.dsv
[13.330s] -- Installing: /home/farog/ros2_ws/install/car_gazebo_plugin/share/car_gazebo_plugin/package.dsv
[13.330s] -- Up-to-date: /home/farog/ros2_ws/install/car_gazebo_plugin/share/ament_index/resource_index/packages/car_gazebo_plugin
[13.331s] -- Up-to-date: /home/farog/ros2_ws/install/car_gazebo_plugin/share/car_gazebo_plugin/cmake/car_gazebo_pluginConfig.cmake
[13.331s] -- Up-to-date: /home/farog/ros2_ws/install/car_gazebo_plugin/share/car_gazebo_plugin/cmake/car_gazebo_pluginConfig-version.cmake
[13.331s] -- Up-to-date: /home/farog/ros2_ws/install/car_gazebo_plugin/share/car_gazebo_plugin/package.xml
[13.332s] Invoked command in '/home/farog/ros2_ws/build/car_gazebo_plugin' returned '0': CMAKE_PREFIX_PATH=${CMAKE_PREFIX_PATH}:/opt/ros/humble /usr/bin/cmake --install /home/farog/ros2_ws/build/car_gazebo_plugin
