[0.068s] Invoking command in '/home/farog/ros2_ws/build/my_robot_bringup': /usr/bin/cmake /home/farog/ros2_ws/src/my_robot_bringup -DCMAKE_INSTALL_PREFIX=/home/farog/ros2_ws/install/my_robot_bringup
[0.104s] -- The C compiler identification is GNU 11.4.0
[0.141s] -- The CXX compiler identification is GNU 11.4.0
[0.147s] -- Detecting C compiler ABI info
[0.203s] -- Detecting C compiler ABI info - done
[0.210s] -- Check for working C compiler: /usr/bin/cc - skipped
[0.211s] -- Detecting C compile features
[0.211s] -- Detecting C compile features - done
[0.215s] -- Detecting CXX compiler ABI info
[0.273s] -- Detecting CXX compiler ABI info - done
[0.282s] -- Check for working CXX compiler: /usr/bin/c++ - skipped
[0.282s] -- Detecting CXX compile features
[0.282s] -- Detecting CXX compile features - done
[0.286s] -- Found ament_cmake: 1.3.5 (/opt/ros/humble/share/ament_cmake/cmake)
[0.381s] -- Found Python3: /usr/bin/python3.10 (found version "3.10.12") found components: Interpreter 
[0.467s] Error parsing '/home/farog/ros2_ws/src/my_robot_bringup/package.xml':
[0.533s] Traceback (most recent call last):
[0.533s]   File "/opt/ros/humble/share/ament_cmake_core/cmake/core/package_xml_2_cmake.py", line 150, in <module>
[0.533s]     main()
[0.533s]   File "/opt/ros/humble/share/ament_cmake_core/cmake/core/package_xml_2_cmake.py", line 53, in main
[0.533s]     raise e
[0.533s]   File "/opt/ros/humble/share/ament_cmake_core/cmake/core/package_xml_2_cmake.py", line 49, in main
[0.533s]     package = parse_package_string(
[0.533s]   File "/usr/lib/python3/dist-packages/catkin_pkg/package.py", line 786, in parse_package_string
[0.534s]     raise InvalidPackage('Error(s):%s' % (''.join(['\n- %s' % e for e in errors])), filename)
[0.534s] catkin_pkg.package.InvalidPackage: Error(s) in package '/home/farog/ros2_ws/src/my_robot_bringup/package.xml':
[0.534s] Error(s):
[0.534s] - The generic dependency on 'gazebo_ros' is redundant with: exec_depend
[0.544s] -- Configuring incomplete, errors occurred!
[0.544s] See also "/home/farog/ros2_ws/build/my_robot_bringup/CMakeFiles/CMakeOutput.log".
[0.544s] [31mCMake Error at /opt/ros/humble/share/ament_cmake_core/cmake/core/ament_package_xml.cmake:95 (message):
[0.544s]   execute_process(/usr/bin/python3.10
[0.544s]   /opt/ros/humble/share/ament_cmake_core/cmake/core/package_xml_2_cmake.py
[0.544s]   /home/farog/ros2_ws/src/my_robot_bringup/package.xml
[0.544s]   /home/farog/ros2_ws/build/my_robot_bringup/ament_cmake_core/package.cmake)
[0.544s]   returned error code 1
[0.544s] Call Stack (most recent call first):
[0.544s]   /opt/ros/humble/share/ament_cmake_core/cmake/core/ament_package_xml.cmake:49 (_ament_package_xml)
[0.544s]   /opt/ros/humble/share/ament_cmake_core/cmake/core/ament_package.cmake:63 (ament_package_xml)
[0.544s]   CMakeLists.txt:16 (ament_package)
[0.544s] 
[0.544s] [0m
[0.550s] Invoked command in '/home/farog/ros2_ws/build/my_robot_bringup' returned '1': /usr/bin/cmake /home/farog/ros2_ws/src/my_robot_bringup -DCMAKE_INSTALL_PREFIX=/home/farog/ros2_ws/install/my_robot_bringup
