[0.109s] Invoking command in '/home/farog/ros2_ws/build/car_gazebo_plugin': CMAKE_PREFIX_PATH=${CMAKE_PREFIX_PATH}:/opt/ros/humble /usr/bin/cmake /home/farog/ros2_ws/src/car_gazebo_plugin -DCMAKE_INSTALL_PREFIX=/home/farog/ros2_ws/install/car_gazebo_plugin
[0.757s] -- The C compiler identification is GNU 11.4.0
[1.117s] -- The CXX compiler identification is GNU 11.4.0
[1.141s] -- Detecting C compiler ABI info
[1.249s] -- Detecting C compiler ABI info - done
[1.256s] -- Check for working C compiler: /usr/bin/cc - skipped
[1.257s] -- Detecting C compile features
[1.257s] -- Detecting C compile features - done
[1.263s] -- Detecting CXX compiler ABI info
[1.390s] -- Detecting CXX compiler ABI info - done
[1.397s] -- Check for working CXX compiler: /usr/bin/c++ - skipped
[1.397s] -- Detecting CXX compile features
[1.398s] -- Detecting CXX compile features - done
[1.449s] [33mCMake Warning (dev) at /usr/share/cmake-3.22/Modules/FindPackageHandleStandardArgs.cmake:438 (message):
[1.449s]   The package name passed to `find_package_handle_standard_args` (PkgConfig)
[1.450s]   does not match the name of the calling package (gazebo).  This can lead to
[1.450s]   problems in calling code that expects `find_package` result variables
[1.450s]   (e.g., `_FOUND`) to follow a certain pattern.
[1.450s] Call Stack (most recent call first):
[1.450s]   /usr/share/cmake-3.22/Modules/FindPkgConfig.cmake:99 (find_package_handle_standard_args)
[1.451s]   /usr/lib/x86_64-linux-gnu/cmake/gazebo/gazebo-config.cmake:72 (include)
[1.451s]   CMakeLists.txt:8 (find_package)
[1.451s] This warning is for project developers.  Use -Wno-dev to suppress it.
[1.451s] [0m
[1.451s] -- Found PkgConfig: /usr/bin/pkg-config (found version "0.29.2") 
[1.461s] -- Checking for module 'bullet>=2.82'
[1.479s] --   Found bullet, version 3.05
[1.579s] -- Found fcl: /usr/include (found suitable version "0.7.0", minimum required is "0.5.0") 
[1.643s] -- Found assimp: /usr/include (found version "5.2.0") 
[1.728s] -- Found DART: /usr/include (Required is at least version "6.6") found components: dart 
[2.074s] -- Found Boost: /usr/lib/x86_64-linux-gnu/cmake/Boost-1.74.0/BoostConfig.cmake (found suitable version "1.74.0", minimum required is "1.40.0") found components: thread system filesystem program_options regex iostreams date_time 
[2.168s] -- Found Protobuf: /usr/lib/x86_64-linux-gnu/libprotobuf.so (found version "3.12.4") 
[2.178s] -- Looking for ignition-math6 -- found version 6.15.0
[2.232s] -- Searching for dependencies of ignition-math6
[2.247s] -- Looking for OGRE...
[2.248s] -- OGRE_PREFIX_WATCH changed.
[2.260s] -- Checking for module 'OGRE'
[2.284s] --   Found OGRE, version 1.9.0
[2.344s] -- Found Ogre Ghadamon (1.9.0)
[2.362s] -- Found OGRE: optimized;/usr/lib/x86_64-linux-gnu/libOgreMain.so;debug;/usr/lib/x86_64-linux-gnu/libOgreMain.so
[2.367s] -- Looking for OGRE_Paging...
[2.370s] -- Found OGRE_Paging: optimized;/usr/lib/x86_64-linux-gnu/libOgrePaging.so;debug;/usr/lib/x86_64-linux-gnu/libOgrePaging.so
[2.370s] -- Looking for OGRE_Terrain...
[2.373s] -- Found OGRE_Terrain: optimized;/usr/lib/x86_64-linux-gnu/libOgreTerrain.so;debug;/usr/lib/x86_64-linux-gnu/libOgreTerrain.so
[2.373s] -- Looking for OGRE_Property...
[2.376s] -- Found OGRE_Property: optimized;/usr/lib/x86_64-linux-gnu/libOgreProperty.so;debug;/usr/lib/x86_64-linux-gnu/libOgreProperty.so
[2.376s] -- Looking for OGRE_RTShaderSystem...
[2.378s] -- Found OGRE_RTShaderSystem: optimized;/usr/lib/x86_64-linux-gnu/libOgreRTShaderSystem.so;debug;/usr/lib/x86_64-linux-gnu/libOgreRTShaderSystem.so
[2.378s] -- Looking for OGRE_Volume...
[2.381s] -- Found OGRE_Volume: optimized;/usr/lib/x86_64-linux-gnu/libOgreVolume.so;debug;/usr/lib/x86_64-linux-gnu/libOgreVolume.so
[2.381s] -- Looking for OGRE_Overlay...
[2.384s] -- Found OGRE_Overlay: optimized;/usr/lib/x86_64-linux-gnu/libOgreOverlay.so;debug;/usr/lib/x86_64-linux-gnu/libOgreOverlay.so
[2.440s] -- Looking for ignition-math6 -- found version 6.15.0
[2.446s] -- Looking for ignition-transport8 -- found version 8.2.1
[2.446s] -- Searching for dependencies of ignition-transport8
[2.457s] -- Found Protobuf: /usr/lib/x86_64-linux-gnu/libprotobuf.so (found suitable version "3.12.4", minimum required is "3") 
[2.463s] -- Config-file not installed for ZeroMQ -- checking for pkg-config
[2.466s] -- Checking for module 'libzmq >= 4'
[2.477s] --   Found libzmq , version 4.3.4
[2.501s] -- Found ZeroMQ: TRUE (Required is at least version "4") 
[2.507s] -- Checking for module 'uuid'
[2.518s] --   Found uuid, version 2.37.2
[2.562s] -- Found UUID: TRUE  
[2.570s] -- Looking for ignition-msgs5 -- found version 5.8.1
[2.570s] -- Searching for dependencies of ignition-msgs5
[2.582s] -- Looking for ignition-math6 -- found version 6.15.0
[2.587s] -- Checking for module 'tinyxml2'
[2.594s] --   Found tinyxml2, version 9.0.0
[2.655s] -- Looking for ignition-msgs5 -- found version 5.8.1
[2.666s] -- Looking for ignition-common3 -- found version 3.14.0
[2.667s] -- Searching for dependencies of ignition-common3
[2.670s] -- Looking for dlfcn.h - found
[2.672s] -- Looking for libdl - found
[2.674s] -- Found DL: TRUE  
[2.688s] -- Found tinyobjloader: /usr/lib/x86_64-linux-gnu/cmake/tinyobjloader/tinyobjloader-config.cmake (found version "2.0.0") 
[2.689s] -- Searching for <ignition-common3> component [graphics]
[2.692s] -- Looking for ignition-common3-graphics -- found version 3.14.0
[2.692s] -- Searching for dependencies of ignition-common3-graphics
[2.693s] -- Looking for ignition-math6 -- found version 6.15.0
[2.697s] -- Looking for ignition-fuel_tools4 -- found version 4.4.0
[2.698s] -- Searching for dependencies of ignition-fuel_tools4
[2.775s] -- Found CURL: /usr/lib/x86_64-linux-gnu/libcurl.so (found version "7.81.0")  
[2.807s] -- Checking for module 'jsoncpp'
[2.833s] --   Found jsoncpp, version 1.9.5
[2.902s] -- Found JSONCPP: TRUE  
[2.936s] -- Checking for module 'libzip'
[2.967s] --   Found libzip, version 1.7.3
[3.037s] -- Found ZIP: TRUE  
[3.038s] -- Looking for ignition-common3 -- found version 3.14.0
[3.039s] -- Looking for ignition-math6 -- found version 6.15.0
[3.040s] -- Looking for ignition-msgs5 -- found version 5.8.1
[3.073s] -- Found gazebo_ros: 3.7.0 (/opt/ros/humble/share/gazebo_ros/cmake)
[3.311s] -- Found Python3: /usr/bin/python3.10 (found version "3.10.12") found components: Interpreter 
[3.562s] -- Found rosidl_generator_c: 3.1.5 (/opt/ros/humble/share/rosidl_generator_c/cmake)
[3.576s] -- Found rosidl_adapter: 3.1.5 (/opt/ros/humble/share/rosidl_adapter/cmake)
[3.614s] -- Found rosidl_generator_cpp: 3.1.5 (/opt/ros/humble/share/rosidl_generator_cpp/cmake)
[3.654s] -- Using all available rosidl_typesupport_c: rosidl_typesupport_fastrtps_c;rosidl_typesupport_introspection_c
[3.695s] -- Using all available rosidl_typesupport_cpp: rosidl_typesupport_fastrtps_cpp;rosidl_typesupport_introspection_cpp
[3.794s] -- Found rmw_implementation_cmake: 6.1.1 (/opt/ros/humble/share/rmw_implementation_cmake/cmake)
[3.800s] -- Found rmw_cyclonedds_cpp: 1.3.4 (/opt/ros/humble/share/rmw_cyclonedds_cpp/cmake)
[3.860s] -- Using RMW implementation 'rmw_cyclonedds_cpp' as default
[3.872s] -- Found Threads: TRUE  
[4.042s] -- Gazebo version: 11.10
[4.042s] -- Checking for module 'tbb'
[4.050s] --   Found tbb, version 2021.5.0
[4.079s] -- Found gazebo_ros_pkgs: 3.7.0 (/opt/ros/humble/share/gazebo_ros_pkgs/cmake)
[4.081s] -- Found sensor_msgs: 4.2.3 (/opt/ros/humble/share/sensor_msgs/cmake)
[4.189s] -- Found nav_msgs: 4.2.3 (/opt/ros/humble/share/nav_msgs/cmake)
[4.254s] -- Found ackermann_msgs: 2.0.2 (/opt/ros/humble/share/ackermann_msgs/cmake)
[4.299s] -- Found tf2: 0.25.4 (/opt/ros/humble/share/tf2/cmake)
[4.322s] -- Found tf2_ros: 0.25.4 (/opt/ros/humble/share/tf2_ros/cmake)
[4.668s] -- Found ament_lint_auto: 0.12.8 (/opt/ros/humble/share/ament_lint_auto/cmake)
[4.757s] -- Added test 'cppcheck' to perform static code analysis on C / C++ code
[4.757s] -- Configured cppcheck include dirs: $<BUILD_INTERFACE:/home/farog/ros2_ws/src/car_gazebo_plugin/include>
[4.757s] -- Configured cppcheck exclude dirs and/or files: 
[4.758s] -- Added test 'cpplint' to check C / C++ code against the Google style
[4.758s] -- Configured cpplint exclude dirs and/or files: 
[4.759s] -- Added test 'lint_cmake' to check CMake code style
[4.761s] -- Added test 'uncrustify' to check C / C++ code style
[4.761s] -- Configured uncrustify additional arguments: 
[4.762s] -- Added test 'xmllint' to check XML markup files
[4.771s] -- Configuring done
[4.904s] -- Generating done
[4.943s] -- Build files have been written to: /home/farog/ros2_ws/build/car_gazebo_plugin
[4.964s] Invoked command in '/home/farog/ros2_ws/build/car_gazebo_plugin' returned '0': CMAKE_PREFIX_PATH=${CMAKE_PREFIX_PATH}:/opt/ros/humble /usr/bin/cmake /home/farog/ros2_ws/src/car_gazebo_plugin -DCMAKE_INSTALL_PREFIX=/home/farog/ros2_ws/install/car_gazebo_plugin
[4.969s] Invoking command in '/home/farog/ros2_ws/build/car_gazebo_plugin': CMAKE_PREFIX_PATH=${CMAKE_PREFIX_PATH}:/opt/ros/humble /usr/bin/cmake --build /home/farog/ros2_ws/build/car_gazebo_plugin -- -j20 -l20
[5.053s] [ 50%] [32mBuilding CXX object CMakeFiles/car_gazebo_plugin.dir/src/car_gazebo_plugin.cpp.o[0m
[17.950s] [100%] [32m[1mLinking CXX shared library libcar_gazebo_plugin.so[0m
[18.845s] [100%] Built target car_gazebo_plugin
[18.855s] Invoked command in '/home/farog/ros2_ws/build/car_gazebo_plugin' returned '0': CMAKE_PREFIX_PATH=${CMAKE_PREFIX_PATH}:/opt/ros/humble /usr/bin/cmake --build /home/farog/ros2_ws/build/car_gazebo_plugin -- -j20 -l20
[18.888s] Invoking command in '/home/farog/ros2_ws/build/car_gazebo_plugin': CMAKE_PREFIX_PATH=${CMAKE_PREFIX_PATH}:/opt/ros/humble /usr/bin/cmake --install /home/farog/ros2_ws/build/car_gazebo_plugin
[18.897s] -- Install configuration: ""
[18.898s] -- Installing: /home/farog/ros2_ws/install/car_gazebo_plugin/share/car_gazebo_plugin/libcar_gazebo_plugin.so
[19.088s] -- Set runtime path of "/home/farog/ros2_ws/install/car_gazebo_plugin/share/car_gazebo_plugin/libcar_gazebo_plugin.so" to ""
[19.089s] -- Installing: /home/farog/ros2_ws/install/car_gazebo_plugin/share/ament_index/resource_index/package_run_dependencies/car_gazebo_plugin
[19.089s] -- Installing: /home/farog/ros2_ws/install/car_gazebo_plugin/share/ament_index/resource_index/parent_prefix_path/car_gazebo_plugin
[19.090s] -- Installing: /home/farog/ros2_ws/install/car_gazebo_plugin/share/car_gazebo_plugin/environment/ament_prefix_path.sh
[19.091s] -- Installing: /home/farog/ros2_ws/install/car_gazebo_plugin/share/car_gazebo_plugin/environment/ament_prefix_path.dsv
[19.091s] -- Installing: /home/farog/ros2_ws/install/car_gazebo_plugin/share/car_gazebo_plugin/environment/path.sh
[19.092s] -- Installing: /home/farog/ros2_ws/install/car_gazebo_plugin/share/car_gazebo_plugin/environment/path.dsv
[19.092s] -- Installing: /home/farog/ros2_ws/install/car_gazebo_plugin/share/car_gazebo_plugin/local_setup.bash
[19.092s] -- Installing: /home/farog/ros2_ws/install/car_gazebo_plugin/share/car_gazebo_plugin/local_setup.sh
[19.093s] -- Installing: /home/farog/ros2_ws/install/car_gazebo_plugin/share/car_gazebo_plugin/local_setup.zsh
[19.095s] -- Installing: /home/farog/ros2_ws/install/car_gazebo_plugin/share/car_gazebo_plugin/local_setup.dsv
[19.095s] -- Installing: /home/farog/ros2_ws/install/car_gazebo_plugin/share/car_gazebo_plugin/package.dsv
[19.095s] -- Installing: /home/farog/ros2_ws/install/car_gazebo_plugin/share/ament_index/resource_index/packages/car_gazebo_plugin
[19.095s] -- Installing: /home/farog/ros2_ws/install/car_gazebo_plugin/share/car_gazebo_plugin/cmake/car_gazebo_pluginConfig.cmake
[19.096s] -- Installing: /home/farog/ros2_ws/install/car_gazebo_plugin/share/car_gazebo_plugin/cmake/car_gazebo_pluginConfig-version.cmake
[19.096s] -- Installing: /home/farog/ros2_ws/install/car_gazebo_plugin/share/car_gazebo_plugin/package.xml
[19.098s] Invoked command in '/home/farog/ros2_ws/build/car_gazebo_plugin' returned '0': CMAKE_PREFIX_PATH=${CMAKE_PREFIX_PATH}:/opt/ros/humble /usr/bin/cmake --install /home/farog/ros2_ws/build/car_gazebo_plugin
