[1.178s] DEBUG:colcon:Command line arguments: ['/usr/bin/colcon', 'build']
[1.178s] DEBUG:colcon:Parsed command line arguments: Namespace(log_base=None, log_level=None, verb_name='build', build_base='build', install_base='install', merge_install=False, symlink_install=False, test_result_base=None, continue_on_error=False, executor='parallel', parallel_workers=20, event_handlers=None, ignore_user_meta=False, metas=['./colcon.meta'], base_paths=['.'], packages_ignore=None, packages_ignore_regex=None, paths=None, packages_up_to=None, packages_up_to_regex=None, packages_above=None, packages_above_and_dependencies=None, packages_above_depth=None, packages_select_by_dep=None, packages_skip_by_dep=None, packages_skip_up_to=None, packages_select_build_failed=False, packages_skip_build_finished=False, packages_select_test_failures=False, packages_skip_test_passed=False, packages_select=None, packages_skip=None, packages_select_regex=None, packages_skip_regex=None, packages_start=None, packages_end=None, allow_overriding=[], cmake_args=None, cmake_target=None, cmake_target_skip_unavailable=False, cmake_clean_cache=False, cmake_clean_first=False, cmake_force_configure=False, ament_cmake_args=None, catkin_cmake_args=None, catkin_skip_building_tests=False, verb_parser=<colcon_defaults.argument_parser.defaults.DefaultArgumentsDecorator object at 0x7fea796bfdf0>, verb_extension=<colcon_core.verb.build.BuildVerb object at 0x7fea79a31e40>, main=<bound method BuildVerb.main of <colcon_core.verb.build.BuildVerb object at 0x7fea79a31e40>>)
[1.306s] Level 1:colcon.colcon_core.package_discovery:discover_packages(colcon_meta) check parameters
[1.306s] Level 1:colcon.colcon_core.package_discovery:discover_packages(recursive) check parameters
[1.307s] Level 1:colcon.colcon_core.package_discovery:discover_packages(ignore) check parameters
[1.307s] Level 1:colcon.colcon_core.package_discovery:discover_packages(path) check parameters
[1.307s] Level 1:colcon.colcon_core.package_discovery:discover_packages(colcon_meta) discover
[1.307s] Level 1:colcon.colcon_core.package_discovery:discover_packages(recursive) discover
[1.307s] INFO:colcon.colcon_core.package_discovery:Crawling recursively for packages in '/home/farog/ros2_ws'
[1.307s] Level 1:colcon.colcon_core.package_identification:_identify(.) by extensions ['ignore', 'ignore_ament_install']
[1.307s] Level 1:colcon.colcon_core.package_identification:_identify(.) by extension 'ignore'
[1.307s] Level 1:colcon.colcon_core.package_identification:_identify(.) by extension 'ignore_ament_install'
[1.307s] Level 1:colcon.colcon_core.package_identification:_identify(.) by extensions ['colcon_pkg']
[1.307s] Level 1:colcon.colcon_core.package_identification:_identify(.) by extension 'colcon_pkg'
[1.307s] Level 1:colcon.colcon_core.package_identification:_identify(.) by extensions ['colcon_meta']
[1.307s] Level 1:colcon.colcon_core.package_identification:_identify(.) by extension 'colcon_meta'
[1.307s] Level 1:colcon.colcon_core.package_identification:_identify(.) by extensions ['ros']
[1.307s] Level 1:colcon.colcon_core.package_identification:_identify(.) by extension 'ros'
[1.338s] Level 1:colcon.colcon_core.package_identification:_identify(.) by extensions ['cmake', 'python']
[1.338s] Level 1:colcon.colcon_core.package_identification:_identify(.) by extension 'cmake'
[1.338s] Level 1:colcon.colcon_core.package_identification:_identify(.) by extension 'python'
[1.338s] Level 1:colcon.colcon_core.package_identification:_identify(.) by extensions ['python_setup_py']
[1.338s] Level 1:colcon.colcon_core.package_identification:_identify(.) by extension 'python_setup_py'
[1.338s] Level 1:colcon.colcon_core.package_identification:_identify(build) by extensions ['ignore', 'ignore_ament_install']
[1.338s] Level 1:colcon.colcon_core.package_identification:_identify(build) by extension 'ignore'
[1.338s] Level 1:colcon.colcon_core.package_identification:_identify(build) ignored
[1.338s] Level 1:colcon.colcon_core.package_identification:_identify(install) by extensions ['ignore', 'ignore_ament_install']
[1.338s] Level 1:colcon.colcon_core.package_identification:_identify(install) by extension 'ignore'
[1.338s] Level 1:colcon.colcon_core.package_identification:_identify(install) ignored
[1.339s] Level 1:colcon.colcon_core.package_identification:_identify(log) by extensions ['ignore', 'ignore_ament_install']
[1.339s] Level 1:colcon.colcon_core.package_identification:_identify(log) by extension 'ignore'
[1.339s] Level 1:colcon.colcon_core.package_identification:_identify(log) ignored
[1.339s] Level 1:colcon.colcon_core.package_identification:_identify(src) by extensions ['ignore', 'ignore_ament_install']
[1.339s] Level 1:colcon.colcon_core.package_identification:_identify(src) by extension 'ignore'
[1.339s] Level 1:colcon.colcon_core.package_identification:_identify(src) by extension 'ignore_ament_install'
[1.339s] Level 1:colcon.colcon_core.package_identification:_identify(src) by extensions ['colcon_pkg']
[1.339s] Level 1:colcon.colcon_core.package_identification:_identify(src) by extension 'colcon_pkg'
[1.339s] Level 1:colcon.colcon_core.package_identification:_identify(src) by extensions ['colcon_meta']
[1.339s] Level 1:colcon.colcon_core.package_identification:_identify(src) by extension 'colcon_meta'
[1.339s] Level 1:colcon.colcon_core.package_identification:_identify(src) by extensions ['ros']
[1.339s] Level 1:colcon.colcon_core.package_identification:_identify(src) by extension 'ros'
[1.339s] Level 1:colcon.colcon_core.package_identification:_identify(src) by extensions ['cmake', 'python']
[1.339s] Level 1:colcon.colcon_core.package_identification:_identify(src) by extension 'cmake'
[1.339s] Level 1:colcon.colcon_core.package_identification:_identify(src) by extension 'python'
[1.339s] Level 1:colcon.colcon_core.package_identification:_identify(src) by extensions ['python_setup_py']
[1.339s] Level 1:colcon.colcon_core.package_identification:_identify(src) by extension 'python_setup_py'
[1.339s] Level 1:colcon.colcon_core.package_identification:_identify(src/build) by extensions ['ignore', 'ignore_ament_install']
[1.339s] Level 1:colcon.colcon_core.package_identification:_identify(src/build) by extension 'ignore'
[1.339s] Level 1:colcon.colcon_core.package_identification:_identify(src/build) ignored
[1.339s] Level 1:colcon.colcon_core.package_identification:_identify(src/car_gazebo_plugin) by extensions ['ignore', 'ignore_ament_install']
[1.339s] Level 1:colcon.colcon_core.package_identification:_identify(src/car_gazebo_plugin) by extension 'ignore'
[1.339s] Level 1:colcon.colcon_core.package_identification:_identify(src/car_gazebo_plugin) by extension 'ignore_ament_install'
[1.339s] Level 1:colcon.colcon_core.package_identification:_identify(src/car_gazebo_plugin) by extensions ['colcon_pkg']
[1.339s] Level 1:colcon.colcon_core.package_identification:_identify(src/car_gazebo_plugin) by extension 'colcon_pkg'
[1.340s] Level 1:colcon.colcon_core.package_identification:_identify(src/car_gazebo_plugin) by extensions ['colcon_meta']
[1.340s] Level 1:colcon.colcon_core.package_identification:_identify(src/car_gazebo_plugin) by extension 'colcon_meta'
[1.340s] Level 1:colcon.colcon_core.package_identification:_identify(src/car_gazebo_plugin) by extensions ['ros']
[1.340s] Level 1:colcon.colcon_core.package_identification:_identify(src/car_gazebo_plugin) by extension 'ros'
[1.344s] DEBUG:colcon.colcon_core.package_identification:Package 'src/car_gazebo_plugin' with type 'ros.ament_cmake' and name 'car_gazebo_plugin'
[1.344s] Level 1:colcon.colcon_core.package_identification:_identify(src/install) by extensions ['ignore', 'ignore_ament_install']
[1.344s] Level 1:colcon.colcon_core.package_identification:_identify(src/install) by extension 'ignore'
[1.344s] Level 1:colcon.colcon_core.package_identification:_identify(src/install) ignored
[1.345s] Level 1:colcon.colcon_core.package_identification:_identify(src/log) by extensions ['ignore', 'ignore_ament_install']
[1.345s] Level 1:colcon.colcon_core.package_identification:_identify(src/log) by extension 'ignore'
[1.345s] Level 1:colcon.colcon_core.package_identification:_identify(src/log) ignored
[1.345s] Level 1:colcon.colcon_core.package_identification:_identify(src/my_robot_bringup) by extensions ['ignore', 'ignore_ament_install']
[1.345s] Level 1:colcon.colcon_core.package_identification:_identify(src/my_robot_bringup) by extension 'ignore'
[1.345s] Level 1:colcon.colcon_core.package_identification:_identify(src/my_robot_bringup) by extension 'ignore_ament_install'
[1.345s] Level 1:colcon.colcon_core.package_identification:_identify(src/my_robot_bringup) by extensions ['colcon_pkg']
[1.345s] Level 1:colcon.colcon_core.package_identification:_identify(src/my_robot_bringup) by extension 'colcon_pkg'
[1.345s] Level 1:colcon.colcon_core.package_identification:_identify(src/my_robot_bringup) by extensions ['colcon_meta']
[1.345s] Level 1:colcon.colcon_core.package_identification:_identify(src/my_robot_bringup) by extension 'colcon_meta'
[1.345s] Level 1:colcon.colcon_core.package_identification:_identify(src/my_robot_bringup) by extensions ['ros']
[1.345s] Level 1:colcon.colcon_core.package_identification:_identify(src/my_robot_bringup) by extension 'ros'
[1.345s] DEBUG:colcon.colcon_core.package_identification:Package 'src/my_robot_bringup' with type 'ros.ament_cmake' and name 'my_robot_bringup'
[1.345s] Level 1:colcon.colcon_core.package_identification:_identify(src/my_robot_description) by extensions ['ignore', 'ignore_ament_install']
[1.346s] Level 1:colcon.colcon_core.package_identification:_identify(src/my_robot_description) by extension 'ignore'
[1.346s] Level 1:colcon.colcon_core.package_identification:_identify(src/my_robot_description) by extension 'ignore_ament_install'
[1.346s] Level 1:colcon.colcon_core.package_identification:_identify(src/my_robot_description) by extensions ['colcon_pkg']
[1.346s] Level 1:colcon.colcon_core.package_identification:_identify(src/my_robot_description) by extension 'colcon_pkg'
[1.346s] Level 1:colcon.colcon_core.package_identification:_identify(src/my_robot_description) by extensions ['colcon_meta']
[1.346s] Level 1:colcon.colcon_core.package_identification:_identify(src/my_robot_description) by extension 'colcon_meta'
[1.346s] Level 1:colcon.colcon_core.package_identification:_identify(src/my_robot_description) by extensions ['ros']
[1.346s] Level 1:colcon.colcon_core.package_identification:_identify(src/my_robot_description) by extension 'ros'
[1.346s] DEBUG:colcon.colcon_core.package_identification:Package 'src/my_robot_description' with type 'ros.ament_cmake' and name 'my_robot_description'
[1.346s] Level 1:colcon.colcon_core.package_discovery:discover_packages(recursive) using defaults
[1.346s] Level 1:colcon.colcon_core.package_discovery:discover_packages(ignore) discover
[1.346s] Level 1:colcon.colcon_core.package_discovery:discover_packages(ignore) using defaults
[1.346s] Level 1:colcon.colcon_core.package_discovery:discover_packages(path) discover
[1.346s] Level 1:colcon.colcon_core.package_discovery:discover_packages(path) using defaults
[1.431s] Level 1:colcon.colcon_core.package_discovery:discover_packages(prefix_path) check parameters
[1.431s] Level 1:colcon.colcon_core.package_discovery:discover_packages(prefix_path) discover
[1.449s] DEBUG:colcon.colcon_installed_package_information.package_discovery:Found 6 installed packages in /home/farog/ros2_ws/install
[1.457s] DEBUG:colcon.colcon_installed_package_information.package_discovery:Found 395 installed packages in /opt/ros/humble
[1.458s] Level 1:colcon.colcon_core.package_discovery:discover_packages(prefix_path) using defaults
[1.632s] Level 5:colcon.colcon_core.verb:set package 'car_gazebo_plugin' build argument 'cmake_args' from command line to 'None'
[1.632s] Level 5:colcon.colcon_core.verb:set package 'car_gazebo_plugin' build argument 'cmake_target' from command line to 'None'
[1.632s] Level 5:colcon.colcon_core.verb:set package 'car_gazebo_plugin' build argument 'cmake_target_skip_unavailable' from command line to 'False'
[1.632s] Level 5:colcon.colcon_core.verb:set package 'car_gazebo_plugin' build argument 'cmake_clean_cache' from command line to 'False'
[1.632s] Level 5:colcon.colcon_core.verb:set package 'car_gazebo_plugin' build argument 'cmake_clean_first' from command line to 'False'
[1.632s] Level 5:colcon.colcon_core.verb:set package 'car_gazebo_plugin' build argument 'cmake_force_configure' from command line to 'False'
[1.632s] Level 5:colcon.colcon_core.verb:set package 'car_gazebo_plugin' build argument 'ament_cmake_args' from command line to 'None'
[1.632s] Level 5:colcon.colcon_core.verb:set package 'car_gazebo_plugin' build argument 'catkin_cmake_args' from command line to 'None'
[1.632s] Level 5:colcon.colcon_core.verb:set package 'car_gazebo_plugin' build argument 'catkin_skip_building_tests' from command line to 'False'
[1.632s] DEBUG:colcon.colcon_core.verb:Building package 'car_gazebo_plugin' with the following arguments: {'ament_cmake_args': None, 'build_base': '/home/farog/ros2_ws/build/car_gazebo_plugin', 'catkin_cmake_args': None, 'catkin_skip_building_tests': False, 'cmake_args': None, 'cmake_clean_cache': False, 'cmake_clean_first': False, 'cmake_force_configure': False, 'cmake_target': None, 'cmake_target_skip_unavailable': False, 'install_base': '/home/farog/ros2_ws/install/car_gazebo_plugin', 'merge_install': False, 'path': '/home/farog/ros2_ws/src/car_gazebo_plugin', 'symlink_install': False, 'test_result_base': None}
[1.639s] Level 5:colcon.colcon_core.verb:set package 'my_robot_description' build argument 'cmake_args' from command line to 'None'
[1.639s] Level 5:colcon.colcon_core.verb:set package 'my_robot_description' build argument 'cmake_target' from command line to 'None'
[1.639s] Level 5:colcon.colcon_core.verb:set package 'my_robot_description' build argument 'cmake_target_skip_unavailable' from command line to 'False'
[1.639s] Level 5:colcon.colcon_core.verb:set package 'my_robot_description' build argument 'cmake_clean_cache' from command line to 'False'
[1.639s] Level 5:colcon.colcon_core.verb:set package 'my_robot_description' build argument 'cmake_clean_first' from command line to 'False'
[1.639s] Level 5:colcon.colcon_core.verb:set package 'my_robot_description' build argument 'cmake_force_configure' from command line to 'False'
[1.639s] Level 5:colcon.colcon_core.verb:set package 'my_robot_description' build argument 'ament_cmake_args' from command line to 'None'
[1.639s] Level 5:colcon.colcon_core.verb:set package 'my_robot_description' build argument 'catkin_cmake_args' from command line to 'None'
[1.639s] Level 5:colcon.colcon_core.verb:set package 'my_robot_description' build argument 'catkin_skip_building_tests' from command line to 'False'
[1.639s] DEBUG:colcon.colcon_core.verb:Building package 'my_robot_description' with the following arguments: {'ament_cmake_args': None, 'build_base': '/home/farog/ros2_ws/build/my_robot_description', 'catkin_cmake_args': None, 'catkin_skip_building_tests': False, 'cmake_args': None, 'cmake_clean_cache': False, 'cmake_clean_first': False, 'cmake_force_configure': False, 'cmake_target': None, 'cmake_target_skip_unavailable': False, 'install_base': '/home/farog/ros2_ws/install/my_robot_description', 'merge_install': False, 'path': '/home/farog/ros2_ws/src/my_robot_description', 'symlink_install': False, 'test_result_base': None}
[1.646s] Level 5:colcon.colcon_core.verb:set package 'my_robot_bringup' build argument 'cmake_args' from command line to 'None'
[1.646s] Level 5:colcon.colcon_core.verb:set package 'my_robot_bringup' build argument 'cmake_target' from command line to 'None'
[1.646s] Level 5:colcon.colcon_core.verb:set package 'my_robot_bringup' build argument 'cmake_target_skip_unavailable' from command line to 'False'
[1.646s] Level 5:colcon.colcon_core.verb:set package 'my_robot_bringup' build argument 'cmake_clean_cache' from command line to 'False'
[1.646s] Level 5:colcon.colcon_core.verb:set package 'my_robot_bringup' build argument 'cmake_clean_first' from command line to 'False'
[1.646s] Level 5:colcon.colcon_core.verb:set package 'my_robot_bringup' build argument 'cmake_force_configure' from command line to 'False'
[1.646s] Level 5:colcon.colcon_core.verb:set package 'my_robot_bringup' build argument 'ament_cmake_args' from command line to 'None'
[1.646s] Level 5:colcon.colcon_core.verb:set package 'my_robot_bringup' build argument 'catkin_cmake_args' from command line to 'None'
[1.646s] Level 5:colcon.colcon_core.verb:set package 'my_robot_bringup' build argument 'catkin_skip_building_tests' from command line to 'False'
[1.646s] DEBUG:colcon.colcon_core.verb:Building package 'my_robot_bringup' with the following arguments: {'ament_cmake_args': None, 'build_base': '/home/farog/ros2_ws/build/my_robot_bringup', 'catkin_cmake_args': None, 'catkin_skip_building_tests': False, 'cmake_args': None, 'cmake_clean_cache': False, 'cmake_clean_first': False, 'cmake_force_configure': False, 'cmake_target': None, 'cmake_target_skip_unavailable': False, 'install_base': '/home/farog/ros2_ws/install/my_robot_bringup', 'merge_install': False, 'path': '/home/farog/ros2_ws/src/my_robot_bringup', 'symlink_install': False, 'test_result_base': None}
[1.653s] INFO:colcon.colcon_core.executor:Executing jobs using 'parallel' executor
[1.660s] DEBUG:colcon.colcon_parallel_executor.executor.parallel:run_until_complete
[1.660s] INFO:colcon.colcon_ros.task.ament_cmake.build:Building ROS package in '/home/farog/ros2_ws/src/my_robot_description' with build type 'ament_cmake'
[1.660s] INFO:colcon.colcon_cmake.task.cmake.build:Building CMake package in '/home/farog/ros2_ws/src/my_robot_description'
[1.675s] INFO:colcon.colcon_core.plugin_system:Skipping extension 'colcon_core.shell.bat': Not used on non-Windows systems
[1.676s] INFO:colcon.colcon_core.shell:Skip shell extension 'powershell' for command environment: Not usable outside of PowerShell
[1.676s] DEBUG:colcon.colcon_core.shell:Skip shell extension 'dsv' for command environment
[1.703s] INFO:colcon.colcon_ros.task.ament_cmake.build:Building ROS package in '/home/farog/ros2_ws/src/car_gazebo_plugin' with build type 'ament_cmake'
[1.703s] INFO:colcon.colcon_cmake.task.cmake.build:Building CMake package in '/home/farog/ros2_ws/src/car_gazebo_plugin'
[1.710s] INFO:colcon.colcon_core.shell:Skip shell extension 'powershell' for command environment: Not usable outside of PowerShell
[1.710s] DEBUG:colcon.colcon_core.shell:Skip shell extension 'dsv' for command environment
[1.800s] DEBUG:colcon.colcon_core.event_handler.log_command:Invoking command in '/home/farog/ros2_ws/build/my_robot_description': CMAKE_PREFIX_PATH=${CMAKE_PREFIX_PATH}:/opt/ros/humble /usr/bin/cmake --build /home/farog/ros2_ws/build/my_robot_description -- -j20 -l20
[1.808s] DEBUG:colcon.colcon_core.event_handler.log_command:Invoking command in '/home/farog/ros2_ws/build/car_gazebo_plugin': CMAKE_PREFIX_PATH=${CMAKE_PREFIX_PATH}:/opt/ros/humble /usr/bin/cmake --build /home/farog/ros2_ws/build/car_gazebo_plugin -- -j20 -l20
[2.247s] DEBUG:colcon.colcon_core.event_handler.log_command:Invoked command in '/home/farog/ros2_ws/build/my_robot_description' returned '0': CMAKE_PREFIX_PATH=${CMAKE_PREFIX_PATH}:/opt/ros/humble /usr/bin/cmake --build /home/farog/ros2_ws/build/my_robot_description -- -j20 -l20
[2.266s] DEBUG:colcon.colcon_core.event_handler.log_command:Invoking command in '/home/farog/ros2_ws/build/my_robot_description': CMAKE_PREFIX_PATH=${CMAKE_PREFIX_PATH}:/opt/ros/humble /usr/bin/cmake --install /home/farog/ros2_ws/build/my_robot_description
[2.272s] Level 1:colcon.colcon_core.environment:create_environment_scripts_only(my_robot_description)
[2.273s] DEBUG:colcon.colcon_core.event_handler.log_command:Invoked command in '/home/farog/ros2_ws/build/my_robot_description' returned '0': CMAKE_PREFIX_PATH=${CMAKE_PREFIX_PATH}:/opt/ros/humble /usr/bin/cmake --install /home/farog/ros2_ws/build/my_robot_description
[2.286s] Level 1:colcon.colcon_core.environment:checking '/home/farog/ros2_ws/install/my_robot_description' for CMake module files
[2.287s] Level 1:colcon.colcon_core.environment:checking '/home/farog/ros2_ws/install/my_robot_description' for CMake config files
[2.287s] Level 1:colcon.colcon_core.shell:create_environment_hook('my_robot_description', 'cmake_prefix_path')
[2.294s] INFO:colcon.colcon_core.shell:Creating environment hook '/home/farog/ros2_ws/install/my_robot_description/share/my_robot_description/hook/cmake_prefix_path.ps1'
[2.299s] INFO:colcon.colcon_core.shell:Creating environment descriptor '/home/farog/ros2_ws/install/my_robot_description/share/my_robot_description/hook/cmake_prefix_path.dsv'
[2.299s] INFO:colcon.colcon_core.shell:Creating environment hook '/home/farog/ros2_ws/install/my_robot_description/share/my_robot_description/hook/cmake_prefix_path.sh'
[2.301s] Level 1:colcon.colcon_core.environment:checking '/home/farog/ros2_ws/install/my_robot_description/bin'
[2.301s] Level 1:colcon.colcon_core.environment:checking '/home/farog/ros2_ws/install/my_robot_description/lib/pkgconfig/my_robot_description.pc'
[2.301s] Level 1:colcon.colcon_core.environment:checking '/home/farog/ros2_ws/install/my_robot_description/lib/python3.10/site-packages'
[2.301s] Level 1:colcon.colcon_core.environment:checking '/home/farog/ros2_ws/install/my_robot_description/bin'
[2.308s] INFO:colcon.colcon_core.shell:Creating package script '/home/farog/ros2_ws/install/my_robot_description/share/my_robot_description/package.ps1'
[2.310s] INFO:colcon.colcon_core.shell:Creating package descriptor '/home/farog/ros2_ws/install/my_robot_description/share/my_robot_description/package.dsv'
[2.311s] INFO:colcon.colcon_core.shell:Creating package script '/home/farog/ros2_ws/install/my_robot_description/share/my_robot_description/package.sh'
[2.313s] INFO:colcon.colcon_core.shell:Creating package script '/home/farog/ros2_ws/install/my_robot_description/share/my_robot_description/package.bash'
[2.314s] INFO:colcon.colcon_core.shell:Creating package script '/home/farog/ros2_ws/install/my_robot_description/share/my_robot_description/package.zsh'
[2.315s] Level 1:colcon.colcon_core.environment:create_file_with_runtime_dependencies(/home/farog/ros2_ws/install/my_robot_description/share/colcon-core/packages/my_robot_description)
[2.318s] DEBUG:colcon.colcon_core.event_handler.log_command:Invoked command in '/home/farog/ros2_ws/build/car_gazebo_plugin' returned '0': CMAKE_PREFIX_PATH=${CMAKE_PREFIX_PATH}:/opt/ros/humble /usr/bin/cmake --build /home/farog/ros2_ws/build/car_gazebo_plugin -- -j20 -l20
[2.336s] Level 1:colcon.colcon_core.environment:create_environment_scripts_only(my_robot_description)
[2.343s] Level 1:colcon.colcon_core.environment:checking '/home/farog/ros2_ws/install/my_robot_description' for CMake module files
[2.344s] Level 1:colcon.colcon_core.environment:checking '/home/farog/ros2_ws/install/my_robot_description' for CMake config files
[2.344s] Level 1:colcon.colcon_core.shell:create_environment_hook('my_robot_description', 'cmake_prefix_path')
[2.351s] INFO:colcon.colcon_core.shell:Creating environment hook '/home/farog/ros2_ws/install/my_robot_description/share/my_robot_description/hook/cmake_prefix_path.ps1'
[2.352s] INFO:colcon.colcon_core.shell:Creating environment descriptor '/home/farog/ros2_ws/install/my_robot_description/share/my_robot_description/hook/cmake_prefix_path.dsv'
[2.352s] INFO:colcon.colcon_core.shell:Creating environment hook '/home/farog/ros2_ws/install/my_robot_description/share/my_robot_description/hook/cmake_prefix_path.sh'
[2.353s] Level 1:colcon.colcon_core.environment:checking '/home/farog/ros2_ws/install/my_robot_description/bin'
[2.353s] Level 1:colcon.colcon_core.environment:checking '/home/farog/ros2_ws/install/my_robot_description/lib/pkgconfig/my_robot_description.pc'
[2.353s] Level 1:colcon.colcon_core.environment:checking '/home/farog/ros2_ws/install/my_robot_description/lib/python3.10/site-packages'
[2.353s] Level 1:colcon.colcon_core.environment:checking '/home/farog/ros2_ws/install/my_robot_description/bin'
[2.361s] INFO:colcon.colcon_core.shell:Creating package script '/home/farog/ros2_ws/install/my_robot_description/share/my_robot_description/package.ps1'
[2.362s] INFO:colcon.colcon_core.shell:Creating package descriptor '/home/farog/ros2_ws/install/my_robot_description/share/my_robot_description/package.dsv'
[2.363s] INFO:colcon.colcon_core.shell:Creating package script '/home/farog/ros2_ws/install/my_robot_description/share/my_robot_description/package.sh'
[2.364s] INFO:colcon.colcon_core.shell:Creating package script '/home/farog/ros2_ws/install/my_robot_description/share/my_robot_description/package.bash'
[2.364s] INFO:colcon.colcon_core.shell:Creating package script '/home/farog/ros2_ws/install/my_robot_description/share/my_robot_description/package.zsh'
[2.365s] Level 1:colcon.colcon_core.environment:create_file_with_runtime_dependencies(/home/farog/ros2_ws/install/my_robot_description/share/colcon-core/packages/my_robot_description)
[2.365s] INFO:colcon.colcon_ros.task.ament_cmake.build:Building ROS package in '/home/farog/ros2_ws/src/my_robot_bringup' with build type 'ament_cmake'
[2.366s] INFO:colcon.colcon_cmake.task.cmake.build:Building CMake package in '/home/farog/ros2_ws/src/my_robot_bringup'
[2.373s] INFO:colcon.colcon_core.shell:Skip shell extension 'powershell' for command environment: Not usable outside of PowerShell
[2.373s] DEBUG:colcon.colcon_core.shell:Skip shell extension 'dsv' for command environment
[2.400s] DEBUG:colcon.colcon_core.event_handler.log_command:Invoking command in '/home/farog/ros2_ws/build/car_gazebo_plugin': CMAKE_PREFIX_PATH=${CMAKE_PREFIX_PATH}:/opt/ros/humble /usr/bin/cmake --install /home/farog/ros2_ws/build/car_gazebo_plugin
[2.404s] DEBUG:colcon.colcon_core.event_handler.log_command:Invoking command in '/home/farog/ros2_ws/build/my_robot_bringup': CMAKE_PREFIX_PATH=/home/farog/ros2_ws/install/my_robot_description:/home/farog/ros2_ws/install/turtlebot3_simulations:/home/farog/ros2_ws/install/turtlebot3_gazebo:/home/farog/ros2_ws/install/turtlebot3_fake_node:/home/farog/ros2_ws/install/my_robot_bringup:/home/farog/ros2_ws/install/car_gazebo_plugin:/opt/ros/humble /usr/bin/cmake --build /home/farog/ros2_ws/build/my_robot_bringup -- -j20 -l20
[2.416s] Level 1:colcon.colcon_core.environment:create_environment_scripts_only(car_gazebo_plugin)
[2.417s] DEBUG:colcon.colcon_core.event_handler.log_command:Invoked command in '/home/farog/ros2_ws/build/car_gazebo_plugin' returned '0': CMAKE_PREFIX_PATH=${CMAKE_PREFIX_PATH}:/opt/ros/humble /usr/bin/cmake --install /home/farog/ros2_ws/build/car_gazebo_plugin
[2.425s] Level 1:colcon.colcon_core.environment:checking '/home/farog/ros2_ws/install/car_gazebo_plugin' for CMake module files
[2.425s] Level 1:colcon.colcon_core.environment:checking '/home/farog/ros2_ws/install/car_gazebo_plugin' for CMake config files
[2.425s] Level 1:colcon.colcon_core.shell:create_environment_hook('car_gazebo_plugin', 'cmake_prefix_path')
[2.433s] INFO:colcon.colcon_core.shell:Creating environment hook '/home/farog/ros2_ws/install/car_gazebo_plugin/share/car_gazebo_plugin/hook/cmake_prefix_path.ps1'
[2.434s] INFO:colcon.colcon_core.shell:Creating environment descriptor '/home/farog/ros2_ws/install/car_gazebo_plugin/share/car_gazebo_plugin/hook/cmake_prefix_path.dsv'
[2.434s] INFO:colcon.colcon_core.shell:Creating environment hook '/home/farog/ros2_ws/install/car_gazebo_plugin/share/car_gazebo_plugin/hook/cmake_prefix_path.sh'
[2.435s] Level 1:colcon.colcon_core.environment:checking '/home/farog/ros2_ws/install/car_gazebo_plugin/bin'
[2.435s] Level 1:colcon.colcon_core.environment:checking '/home/farog/ros2_ws/install/car_gazebo_plugin/lib/pkgconfig/car_gazebo_plugin.pc'
[2.435s] Level 1:colcon.colcon_core.environment:checking '/home/farog/ros2_ws/install/car_gazebo_plugin/lib/python3.10/site-packages'
[2.436s] Level 1:colcon.colcon_core.environment:checking '/home/farog/ros2_ws/install/car_gazebo_plugin/bin'
[2.444s] INFO:colcon.colcon_core.shell:Creating package script '/home/farog/ros2_ws/install/car_gazebo_plugin/share/car_gazebo_plugin/package.ps1'
[2.446s] INFO:colcon.colcon_core.shell:Creating package descriptor '/home/farog/ros2_ws/install/car_gazebo_plugin/share/car_gazebo_plugin/package.dsv'
[2.446s] INFO:colcon.colcon_core.shell:Creating package script '/home/farog/ros2_ws/install/car_gazebo_plugin/share/car_gazebo_plugin/package.sh'
[2.447s] INFO:colcon.colcon_core.shell:Creating package script '/home/farog/ros2_ws/install/car_gazebo_plugin/share/car_gazebo_plugin/package.bash'
[2.448s] INFO:colcon.colcon_core.shell:Creating package script '/home/farog/ros2_ws/install/car_gazebo_plugin/share/car_gazebo_plugin/package.zsh'
[2.448s] Level 1:colcon.colcon_core.environment:create_file_with_runtime_dependencies(/home/farog/ros2_ws/install/car_gazebo_plugin/share/colcon-core/packages/car_gazebo_plugin)
[2.451s] DEBUG:colcon.colcon_core.event_handler.log_command:Invoked command in '/home/farog/ros2_ws/build/my_robot_bringup' returned '0': CMAKE_PREFIX_PATH=/home/farog/ros2_ws/install/my_robot_description:/home/farog/ros2_ws/install/turtlebot3_simulations:/home/farog/ros2_ws/install/turtlebot3_gazebo:/home/farog/ros2_ws/install/turtlebot3_fake_node:/home/farog/ros2_ws/install/my_robot_bringup:/home/farog/ros2_ws/install/car_gazebo_plugin:/opt/ros/humble /usr/bin/cmake --build /home/farog/ros2_ws/build/my_robot_bringup -- -j20 -l20
[2.464s] DEBUG:colcon.colcon_core.event_handler.log_command:Invoking command in '/home/farog/ros2_ws/build/my_robot_bringup': CMAKE_PREFIX_PATH=/home/farog/ros2_ws/install/my_robot_description:/home/farog/ros2_ws/install/turtlebot3_simulations:/home/farog/ros2_ws/install/turtlebot3_gazebo:/home/farog/ros2_ws/install/turtlebot3_fake_node:/home/farog/ros2_ws/install/my_robot_bringup:/home/farog/ros2_ws/install/car_gazebo_plugin:/opt/ros/humble /usr/bin/cmake --install /home/farog/ros2_ws/build/my_robot_bringup
[2.472s] Level 1:colcon.colcon_core.environment:create_environment_scripts_only(car_gazebo_plugin)
[2.479s] Level 1:colcon.colcon_core.environment:checking '/home/farog/ros2_ws/install/car_gazebo_plugin' for CMake module files
[2.479s] Level 1:colcon.colcon_core.environment:checking '/home/farog/ros2_ws/install/car_gazebo_plugin' for CMake config files
[2.479s] Level 1:colcon.colcon_core.shell:create_environment_hook('car_gazebo_plugin', 'cmake_prefix_path')
[2.486s] INFO:colcon.colcon_core.shell:Creating environment hook '/home/farog/ros2_ws/install/car_gazebo_plugin/share/car_gazebo_plugin/hook/cmake_prefix_path.ps1'
[2.487s] INFO:colcon.colcon_core.shell:Creating environment descriptor '/home/farog/ros2_ws/install/car_gazebo_plugin/share/car_gazebo_plugin/hook/cmake_prefix_path.dsv'
[2.487s] INFO:colcon.colcon_core.shell:Creating environment hook '/home/farog/ros2_ws/install/car_gazebo_plugin/share/car_gazebo_plugin/hook/cmake_prefix_path.sh'
[2.488s] Level 1:colcon.colcon_core.environment:checking '/home/farog/ros2_ws/install/car_gazebo_plugin/bin'
[2.488s] Level 1:colcon.colcon_core.environment:checking '/home/farog/ros2_ws/install/car_gazebo_plugin/lib/pkgconfig/car_gazebo_plugin.pc'
[2.488s] Level 1:colcon.colcon_core.environment:checking '/home/farog/ros2_ws/install/car_gazebo_plugin/lib/python3.10/site-packages'
[2.488s] Level 1:colcon.colcon_core.environment:checking '/home/farog/ros2_ws/install/car_gazebo_plugin/bin'
[2.495s] INFO:colcon.colcon_core.shell:Creating package script '/home/farog/ros2_ws/install/car_gazebo_plugin/share/car_gazebo_plugin/package.ps1'
[2.497s] INFO:colcon.colcon_core.shell:Creating package descriptor '/home/farog/ros2_ws/install/car_gazebo_plugin/share/car_gazebo_plugin/package.dsv'
[2.497s] INFO:colcon.colcon_core.shell:Creating package script '/home/farog/ros2_ws/install/car_gazebo_plugin/share/car_gazebo_plugin/package.sh'
[2.498s] INFO:colcon.colcon_core.shell:Creating package script '/home/farog/ros2_ws/install/car_gazebo_plugin/share/car_gazebo_plugin/package.bash'
[2.499s] INFO:colcon.colcon_core.shell:Creating package script '/home/farog/ros2_ws/install/car_gazebo_plugin/share/car_gazebo_plugin/package.zsh'
[2.500s] Level 1:colcon.colcon_core.environment:create_file_with_runtime_dependencies(/home/farog/ros2_ws/install/car_gazebo_plugin/share/colcon-core/packages/car_gazebo_plugin)
[2.501s] Level 1:colcon.colcon_core.environment:create_environment_scripts_only(my_robot_bringup)
[2.502s] DEBUG:colcon.colcon_core.event_handler.log_command:Invoked command in '/home/farog/ros2_ws/build/my_robot_bringup' returned '0': CMAKE_PREFIX_PATH=/home/farog/ros2_ws/install/my_robot_description:/home/farog/ros2_ws/install/turtlebot3_simulations:/home/farog/ros2_ws/install/turtlebot3_gazebo:/home/farog/ros2_ws/install/turtlebot3_fake_node:/home/farog/ros2_ws/install/my_robot_bringup:/home/farog/ros2_ws/install/car_gazebo_plugin:/opt/ros/humble /usr/bin/cmake --install /home/farog/ros2_ws/build/my_robot_bringup
[2.509s] Level 1:colcon.colcon_core.environment:checking '/home/farog/ros2_ws/install/my_robot_bringup' for CMake module files
[2.509s] Level 1:colcon.colcon_core.environment:checking '/home/farog/ros2_ws/install/my_robot_bringup' for CMake config files
[2.509s] Level 1:colcon.colcon_core.shell:create_environment_hook('my_robot_bringup', 'cmake_prefix_path')
[2.516s] INFO:colcon.colcon_core.shell:Creating environment hook '/home/farog/ros2_ws/install/my_robot_bringup/share/my_robot_bringup/hook/cmake_prefix_path.ps1'
[2.517s] INFO:colcon.colcon_core.shell:Creating environment descriptor '/home/farog/ros2_ws/install/my_robot_bringup/share/my_robot_bringup/hook/cmake_prefix_path.dsv'
[2.518s] INFO:colcon.colcon_core.shell:Creating environment hook '/home/farog/ros2_ws/install/my_robot_bringup/share/my_robot_bringup/hook/cmake_prefix_path.sh'
[2.518s] Level 1:colcon.colcon_core.environment:checking '/home/farog/ros2_ws/install/my_robot_bringup/bin'
[2.518s] Level 1:colcon.colcon_core.environment:checking '/home/farog/ros2_ws/install/my_robot_bringup/lib/pkgconfig/my_robot_bringup.pc'
[2.519s] Level 1:colcon.colcon_core.environment:checking '/home/farog/ros2_ws/install/my_robot_bringup/lib/python3.10/site-packages'
[2.519s] Level 1:colcon.colcon_core.environment:checking '/home/farog/ros2_ws/install/my_robot_bringup/bin'
[2.526s] INFO:colcon.colcon_core.shell:Creating package script '/home/farog/ros2_ws/install/my_robot_bringup/share/my_robot_bringup/package.ps1'
[2.527s] INFO:colcon.colcon_core.shell:Creating package descriptor '/home/farog/ros2_ws/install/my_robot_bringup/share/my_robot_bringup/package.dsv'
[2.528s] INFO:colcon.colcon_core.shell:Creating package script '/home/farog/ros2_ws/install/my_robot_bringup/share/my_robot_bringup/package.sh'
[2.528s] INFO:colcon.colcon_core.shell:Creating package script '/home/farog/ros2_ws/install/my_robot_bringup/share/my_robot_bringup/package.bash'
[2.529s] INFO:colcon.colcon_core.shell:Creating package script '/home/farog/ros2_ws/install/my_robot_bringup/share/my_robot_bringup/package.zsh'
[2.530s] Level 1:colcon.colcon_core.environment:create_file_with_runtime_dependencies(/home/farog/ros2_ws/install/my_robot_bringup/share/colcon-core/packages/my_robot_bringup)
[2.550s] Level 1:colcon.colcon_core.environment:create_environment_scripts_only(my_robot_bringup)
[2.557s] Level 1:colcon.colcon_core.environment:checking '/home/farog/ros2_ws/install/my_robot_bringup' for CMake module files
[2.557s] Level 1:colcon.colcon_core.environment:checking '/home/farog/ros2_ws/install/my_robot_bringup' for CMake config files
[2.557s] Level 1:colcon.colcon_core.shell:create_environment_hook('my_robot_bringup', 'cmake_prefix_path')
[2.564s] INFO:colcon.colcon_core.shell:Creating environment hook '/home/farog/ros2_ws/install/my_robot_bringup/share/my_robot_bringup/hook/cmake_prefix_path.ps1'
[2.565s] INFO:colcon.colcon_core.shell:Creating environment descriptor '/home/farog/ros2_ws/install/my_robot_bringup/share/my_robot_bringup/hook/cmake_prefix_path.dsv'
[2.566s] INFO:colcon.colcon_core.shell:Creating environment hook '/home/farog/ros2_ws/install/my_robot_bringup/share/my_robot_bringup/hook/cmake_prefix_path.sh'
[2.567s] Level 1:colcon.colcon_core.environment:checking '/home/farog/ros2_ws/install/my_robot_bringup/bin'
[2.567s] Level 1:colcon.colcon_core.environment:checking '/home/farog/ros2_ws/install/my_robot_bringup/lib/pkgconfig/my_robot_bringup.pc'
[2.567s] Level 1:colcon.colcon_core.environment:checking '/home/farog/ros2_ws/install/my_robot_bringup/lib/python3.10/site-packages'
[2.567s] Level 1:colcon.colcon_core.environment:checking '/home/farog/ros2_ws/install/my_robot_bringup/bin'
[2.574s] INFO:colcon.colcon_core.shell:Creating package script '/home/farog/ros2_ws/install/my_robot_bringup/share/my_robot_bringup/package.ps1'
[2.575s] INFO:colcon.colcon_core.shell:Creating package descriptor '/home/farog/ros2_ws/install/my_robot_bringup/share/my_robot_bringup/package.dsv'
[2.576s] INFO:colcon.colcon_core.shell:Creating package script '/home/farog/ros2_ws/install/my_robot_bringup/share/my_robot_bringup/package.sh'
[2.577s] INFO:colcon.colcon_core.shell:Creating package script '/home/farog/ros2_ws/install/my_robot_bringup/share/my_robot_bringup/package.bash'
[2.577s] INFO:colcon.colcon_core.shell:Creating package script '/home/farog/ros2_ws/install/my_robot_bringup/share/my_robot_bringup/package.zsh'
[2.578s] Level 1:colcon.colcon_core.environment:create_file_with_runtime_dependencies(/home/farog/ros2_ws/install/my_robot_bringup/share/colcon-core/packages/my_robot_bringup)
[2.578s] DEBUG:colcon.colcon_parallel_executor.executor.parallel:closing loop
[2.578s] DEBUG:colcon.colcon_parallel_executor.executor.parallel:loop closed
[2.578s] DEBUG:colcon.colcon_parallel_executor.executor.parallel:run_until_complete finished with '0'
[2.578s] DEBUG:colcon.colcon_core.event_reactor:joining thread
[2.602s] INFO:colcon.colcon_core.plugin_system:Skipping extension 'colcon_notification.desktop_notification.terminal_notifier': Not used on non-Darwin systems
[2.602s] INFO:colcon.colcon_core.plugin_system:Skipping extension 'colcon_notification.desktop_notification.win32': Not used on non-Windows systems
[2.602s] INFO:colcon.colcon_notification.desktop_notification:Sending desktop notification using 'notify2'
[2.608s] DEBUG:colcon.colcon_core.event_reactor:joined thread
[2.616s] INFO:colcon.colcon_core.shell:Creating prefix script '/home/farog/ros2_ws/install/local_setup.ps1'
[2.617s] INFO:colcon.colcon_core.shell:Creating prefix util module '/home/farog/ros2_ws/install/_local_setup_util_ps1.py'
[2.620s] INFO:colcon.colcon_core.shell:Creating prefix chain script '/home/farog/ros2_ws/install/setup.ps1'
[2.629s] INFO:colcon.colcon_core.shell:Creating prefix script '/home/farog/ros2_ws/install/local_setup.sh'
[2.631s] INFO:colcon.colcon_core.shell:Creating prefix util module '/home/farog/ros2_ws/install/_local_setup_util_sh.py'
[2.632s] INFO:colcon.colcon_core.shell:Creating prefix chain script '/home/farog/ros2_ws/install/setup.sh'
[2.641s] INFO:colcon.colcon_core.shell:Creating prefix script '/home/farog/ros2_ws/install/local_setup.bash'
[2.642s] INFO:colcon.colcon_core.shell:Creating prefix chain script '/home/farog/ros2_ws/install/setup.bash'
[2.651s] INFO:colcon.colcon_core.shell:Creating prefix script '/home/farog/ros2_ws/install/local_setup.zsh'
[2.652s] INFO:colcon.colcon_core.shell:Creating prefix chain script '/home/farog/ros2_ws/install/setup.zsh'
