[0.043s] Invoking command in '/home/farog/ros2_ws/build/car_gazebo_plugin': CMAKE_PREFIX_PATH=${CMAKE_PREFIX_PATH}:/opt/ros/humble /usr/bin/cmake --build /home/farog/ros2_ws/build/car_gazebo_plugin -- -j20 -l20
[0.076s] [35m[1mConsolidate compiler generated dependencies of target car_gazebo_plugin[0m
[0.111s] [ 50%] [32mBuilding CXX object CMakeFiles/car_gazebo_plugin.dir/src/car_gazebo_plugin.cpp.o[0m
[12.497s] [100%] [32m[1mLinking CXX shared library libcar_gazebo_plugin.so[0m
[13.394s] [100%] Built target car_gazebo_plugin
[13.400s] Invoked command in '/home/farog/ros2_ws/build/car_gazebo_plugin' returned '0': CMAKE_PREFIX_PATH=${CMAKE_PREFIX_PATH}:/opt/ros/humble /usr/bin/cmake --build /home/farog/ros2_ws/build/car_gazebo_plugin -- -j20 -l20
[13.416s] Invoking command in '/home/farog/ros2_ws/build/car_gazebo_plugin': CMAKE_PREFIX_PATH=${CMAKE_PREFIX_PATH}:/opt/ros/humble /usr/bin/cmake --install /home/farog/ros2_ws/build/car_gazebo_plugin
[13.421s] -- Install configuration: ""
[13.430s] -- Installing: /home/farog/ros2_ws/install/car_gazebo_plugin/share/car_gazebo_plugin/libcar_gazebo_plugin.so
[13.642s] -- Set runtime path of "/home/farog/ros2_ws/install/car_gazebo_plugin/share/car_gazebo_plugin/libcar_gazebo_plugin.so" to ""
[13.642s] -- Installing: /home/farog/ros2_ws/install/car_gazebo_plugin/share/ament_index/resource_index/package_run_dependencies/car_gazebo_plugin
[13.642s] -- Installing: /home/farog/ros2_ws/install/car_gazebo_plugin/share/ament_index/resource_index/parent_prefix_path/car_gazebo_plugin
[13.643s] -- Up-to-date: /home/farog/ros2_ws/install/car_gazebo_plugin/share/car_gazebo_plugin/environment/ament_prefix_path.sh
[13.643s] -- Installing: /home/farog/ros2_ws/install/car_gazebo_plugin/share/car_gazebo_plugin/environment/ament_prefix_path.dsv
[13.644s] -- Up-to-date: /home/farog/ros2_ws/install/car_gazebo_plugin/share/car_gazebo_plugin/environment/path.sh
[13.644s] -- Installing: /home/farog/ros2_ws/install/car_gazebo_plugin/share/car_gazebo_plugin/environment/path.dsv
[13.644s] -- Installing: /home/farog/ros2_ws/install/car_gazebo_plugin/share/car_gazebo_plugin/local_setup.bash
[13.645s] -- Installing: /home/farog/ros2_ws/install/car_gazebo_plugin/share/car_gazebo_plugin/local_setup.sh
[13.646s] -- Installing: /home/farog/ros2_ws/install/car_gazebo_plugin/share/car_gazebo_plugin/local_setup.zsh
[13.647s] -- Installing: /home/farog/ros2_ws/install/car_gazebo_plugin/share/car_gazebo_plugin/local_setup.dsv
[13.648s] -- Installing: /home/farog/ros2_ws/install/car_gazebo_plugin/share/car_gazebo_plugin/package.dsv
[13.649s] -- Installing: /home/farog/ros2_ws/install/car_gazebo_plugin/share/ament_index/resource_index/packages/car_gazebo_plugin
[13.649s] -- Installing: /home/farog/ros2_ws/install/car_gazebo_plugin/share/car_gazebo_plugin/cmake/car_gazebo_pluginConfig.cmake
[13.650s] -- Installing: /home/farog/ros2_ws/install/car_gazebo_plugin/share/car_gazebo_plugin/cmake/car_gazebo_pluginConfig-version.cmake
[13.651s] -- Installing: /home/farog/ros2_ws/install/car_gazebo_plugin/share/car_gazebo_plugin/package.xml
[13.653s] Invoked command in '/home/farog/ros2_ws/build/car_gazebo_plugin' returned '0': CMAKE_PREFIX_PATH=${CMAKE_PREFIX_PATH}:/opt/ros/humble /usr/bin/cmake --install /home/farog/ros2_ws/build/car_gazebo_plugin
