[0.032s] Invoking command in '/home/farog/ros2_ws/build/car_gazebo_plugin': CMAKE_PREFIX_PATH=${CMAKE_PREFIX_PATH}:/opt/ros/humble /usr/bin/cmake --build /home/farog/ros2_ws/build/car_gazebo_plugin -- -j20 -l20
[0.049s] [33mCMake Warning (dev) at /usr/share/cmake-3.22/Modules/FindPackageHandleStandardArgs.cmake:438 (message):
[0.049s]   The package name passed to `find_package_handle_standard_args` (PkgConfig)
[0.049s]   does not match the name of the calling package (gazebo).  This can lead to
[0.049s]   problems in calling code that expects `find_package` result variables
[0.049s]   (e.g., `_FOUND`) to follow a certain pattern.
[0.049s] Call Stack (most recent call first):
[0.049s]   /usr/share/cmake-3.22/Modules/FindPkgConfig.cmake:99 (find_package_handle_standard_args)
[0.049s]   /usr/lib/x86_64-linux-gnu/cmake/gazebo/gazebo-config.cmake:72 (include)
[0.049s]   CMakeLists.txt:9 (find_package)
[0.049s] This warning is for project developers.  Use -Wno-dev to suppress it.
[0.049s] [0m
[0.062s] -- Found DART: /usr/include (Required is at least version "6.6") found components: dart 
[0.078s] -- Found Protobuf: /usr/lib/x86_64-linux-gnu/libprotobuf.so (found version "3.12.4") 
[0.079s] -- Looking for ignition-math6 -- found version 6.15.0
[0.082s] -- Searching for dependencies of ignition-math6
[0.082s] -- Looking for OGRE...
[0.085s] -- Found Ogre Ghadamon (1.9.0)
[0.085s] -- Found OGRE: optimized;/usr/lib/x86_64-linux-gnu/libOgreMain.so;debug;/usr/lib/x86_64-linux-gnu/libOgreMain.so
[0.091s] -- Looking for OGRE_Paging...
[0.091s] -- Found OGRE_Paging: optimized;/usr/lib/x86_64-linux-gnu/libOgrePaging.so;debug;/usr/lib/x86_64-linux-gnu/libOgrePaging.so
[0.091s] -- Looking for OGRE_Terrain...
[0.091s] -- Found OGRE_Terrain: optimized;/usr/lib/x86_64-linux-gnu/libOgreTerrain.so;debug;/usr/lib/x86_64-linux-gnu/libOgreTerrain.so
[0.091s] -- Looking for OGRE_Property...
[0.091s] -- Found OGRE_Property: optimized;/usr/lib/x86_64-linux-gnu/libOgreProperty.so;debug;/usr/lib/x86_64-linux-gnu/libOgreProperty.so
[0.091s] -- Looking for OGRE_RTShaderSystem...
[0.092s] -- Found OGRE_RTShaderSystem: optimized;/usr/lib/x86_64-linux-gnu/libOgreRTShaderSystem.so;debug;/usr/lib/x86_64-linux-gnu/libOgreRTShaderSystem.so
[0.092s] -- Looking for OGRE_Volume...
[0.092s] -- Found OGRE_Volume: optimized;/usr/lib/x86_64-linux-gnu/libOgreVolume.so;debug;/usr/lib/x86_64-linux-gnu/libOgreVolume.so
[0.092s] -- Looking for OGRE_Overlay...
[0.092s] -- Found OGRE_Overlay: optimized;/usr/lib/x86_64-linux-gnu/libOgreOverlay.so;debug;/usr/lib/x86_64-linux-gnu/libOgreOverlay.so
[0.153s] -- Looking for ignition-math6 -- found version 6.15.0
[0.153s] -- Looking for ignition-transport8 -- found version 8.2.1
[0.153s] -- Searching for dependencies of ignition-transport8
[0.163s] -- Found Protobuf: /usr/lib/x86_64-linux-gnu/libprotobuf.so (found suitable version "3.12.4", minimum required is "3") 
[0.169s] -- Config-file not installed for ZeroMQ -- checking for pkg-config
[0.171s] -- Checking for module 'libzmq >= 4'
[0.178s] --   Found libzmq , version 4.3.4
[0.197s] -- Checking for module 'uuid'
[0.203s] --   Found uuid, version 2.37.2
[0.219s] -- Looking for ignition-msgs5 -- found version 5.8.1
[0.219s] -- Searching for dependencies of ignition-msgs5
[0.229s] -- Looking for ignition-math6 -- found version 6.15.0
[0.232s] -- Checking for module 'tinyxml2'
[0.238s] --   Found tinyxml2, version 9.0.0
[0.253s] -- Looking for ignition-msgs5 -- found version 5.8.1
[0.253s] -- Looking for ignition-common3 -- found version 3.14.0
[0.253s] -- Searching for dependencies of ignition-common3
[0.253s] -- Looking for dlfcn.h - found
[0.253s] -- Looking for libdl - found
[0.259s] -- Searching for <ignition-common3> component [graphics]
[0.259s] -- Looking for ignition-common3-graphics -- found version 3.14.0
[0.260s] -- Searching for dependencies of ignition-common3-graphics
[0.260s] -- Looking for ignition-math6 -- found version 6.15.0
[0.260s] -- Looking for ignition-fuel_tools4 -- found version 4.4.0
[0.260s] -- Searching for dependencies of ignition-fuel_tools4
[0.280s] -- Checking for module 'jsoncpp'
[0.286s] --   Found jsoncpp, version 1.9.5
[0.304s] -- Checking for module 'libzip'
[0.310s] --   Found libzip, version 1.7.3
[0.326s] -- Looking for ignition-common3 -- found version 3.14.0
[0.326s] -- Looking for ignition-math6 -- found version 6.15.0
[0.326s] -- Looking for ignition-msgs5 -- found version 5.8.1
[0.327s] -- Found gazebo_ros: 3.7.0 (/opt/ros/humble/share/gazebo_ros/cmake)
[0.433s] -- Found rosidl_generator_c: 3.1.5 (/opt/ros/humble/share/rosidl_generator_c/cmake)
[0.434s] -- Found rosidl_adapter: 3.1.5 (/opt/ros/humble/share/rosidl_adapter/cmake)
[0.438s] -- Found rosidl_generator_cpp: 3.1.5 (/opt/ros/humble/share/rosidl_generator_cpp/cmake)
[0.444s] -- Using all available rosidl_typesupport_c: rosidl_typesupport_fastrtps_c;rosidl_typesupport_introspection_c
[0.452s] -- Using all available rosidl_typesupport_cpp: rosidl_typesupport_fastrtps_cpp;rosidl_typesupport_introspection_cpp
[0.482s] -- Found rmw_implementation_cmake: 6.1.1 (/opt/ros/humble/share/rmw_implementation_cmake/cmake)
[0.483s] -- Found rmw_cyclonedds_cpp: 1.3.4 (/opt/ros/humble/share/rmw_cyclonedds_cpp/cmake)
[0.498s] -- Using RMW implementation 'rmw_cyclonedds_cpp' as default
[0.584s] -- Gazebo version: 11.10
[0.588s] -- Found gazebo_ros_pkgs: 3.7.0 (/opt/ros/humble/share/gazebo_ros_pkgs/cmake)
[0.589s] -- Found sensor_msgs: 4.2.3 (/opt/ros/humble/share/sensor_msgs/cmake)
[0.655s] -- Found nav_msgs: 4.2.3 (/opt/ros/humble/share/nav_msgs/cmake)
[0.700s] -- Found ackermann_msgs: 2.0.2 (/opt/ros/humble/share/ackermann_msgs/cmake)
[0.723s] -- Found tf2: 0.25.4 (/opt/ros/humble/share/tf2/cmake)
[0.727s] -- Found tf2_ros: 0.25.4 (/opt/ros/humble/share/tf2_ros/cmake)
[0.905s] [33mCMake Warning at CMakeLists.txt:19 (find_package):
[0.905s]   By not providing "Findobstacle_avoidance.cmake" in CMAKE_MODULE_PATH this
[0.905s]   project has asked CMake to find a package configuration file provided by
[0.905s]   "obstacle_avoidance", but CMake did not find one.
[0.905s] 
[0.905s]   Could not find a package configuration file provided by
[0.905s]   "obstacle_avoidance" with any of the following names:
[0.905s] 
[0.905s]     obstacle_avoidanceConfig.cmake
[0.905s]     obstacle_avoidance-config.cmake
[0.905s] 
[0.905s]   Add the installation prefix of "obstacle_avoidance" to CMAKE_PREFIX_PATH or
[0.905s]   set "obstacle_avoidance_DIR" to a directory containing one of the above
[0.905s]   files.  If "obstacle_avoidance" provides a separate development package or
[0.905s]   SDK, be sure it has been installed.
[0.905s] 
[0.905s] [0m
[0.905s] [31mCMake Error at CMakeLists.txt:23 (add_library):
[0.905s]   add_library cannot create target "car_gazebo_plugin" because another target
[0.905s]   with the same name already exists.  The existing target is a shared library
[0.905s]   created in source directory "/home/farog/ros2_ws/src/car_gazebo_plugin".
[0.905s]   See documentation for policy CMP0002 for more details.
[0.905s] 
[0.905s] [0m
[0.906s] -- Configuring incomplete, errors occurred!
[0.906s] See also "/home/farog/ros2_ws/build/car_gazebo_plugin/CMakeFiles/CMakeOutput.log".
[0.906s] [31mCMake Error at /opt/ros/humble/share/ament_cmake_target_dependencies/cmake/ament_target_dependencies.cmake:77 (message):
[0.906s]   ament_target_dependencies() the passed package name 'obstacle_avoidance'
[0.906s]   was not found before
[0.906s] Call Stack (most recent call first):
[0.906s]   CMakeLists.txt:30 (ament_target_dependencies)
[0.906s] 
[0.906s] [0m
[0.912s] gmake: *** [Makefile:267: cmake_check_build_system] Error 1
[0.913s] Invoked command in '/home/farog/ros2_ws/build/car_gazebo_plugin' returned '2': CMAKE_PREFIX_PATH=${CMAKE_PREFIX_PATH}:/opt/ros/humble /usr/bin/cmake --build /home/farog/ros2_ws/build/car_gazebo_plugin -- -j20 -l20
