[0.042s] Invoking command in '/home/farog/ros2_ws/build/car_gazebo_plugin': CMAKE_PREFIX_PATH=${CMAKE_PREFIX_PATH}:/opt/ros/humble /usr/bin/cmake --build /home/farog/ros2_ws/build/car_gazebo_plugin -- -j20 -l20
[0.074s] [35m[1mConsolidate compiler generated dependencies of target car_gazebo_plugin[0m
[0.101s] [ 50%] [32mBuilding CXX object CMakeFiles/car_gazebo_plugin.dir/src/car_gazebo_plugin.cpp.o[0m
[12.861s] [100%] [32m[1mLinking CXX shared library libcar_gazebo_plugin.so[0m
[13.758s] [100%] Built target car_gazebo_plugin
[13.764s] Invoked command in '/home/farog/ros2_ws/build/car_gazebo_plugin' returned '0': CMAKE_PREFIX_PATH=${CMAKE_PREFIX_PATH}:/opt/ros/humble /usr/bin/cmake --build /home/farog/ros2_ws/build/car_gazebo_plugin -- -j20 -l20
[13.781s] Invoking command in '/home/farog/ros2_ws/build/car_gazebo_plugin': CMAKE_PREFIX_PATH=${CMAKE_PREFIX_PATH}:/opt/ros/humble /usr/bin/cmake --install /home/farog/ros2_ws/build/car_gazebo_plugin
[13.786s] -- Install configuration: ""
[13.787s] -- Installing: /home/farog/ros2_ws/install/car_gazebo_plugin/share/car_gazebo_plugin/libcar_gazebo_plugin.so
[14.013s] -- Set runtime path of "/home/farog/ros2_ws/install/car_gazebo_plugin/share/car_gazebo_plugin/libcar_gazebo_plugin.so" to ""
[14.013s] -- Up-to-date: /home/farog/ros2_ws/install/car_gazebo_plugin/share/ament_index/resource_index/package_run_dependencies/car_gazebo_plugin
[14.013s] -- Up-to-date: /home/farog/ros2_ws/install/car_gazebo_plugin/share/ament_index/resource_index/parent_prefix_path/car_gazebo_plugin
[14.013s] -- Up-to-date: /home/farog/ros2_ws/install/car_gazebo_plugin/share/car_gazebo_plugin/environment/ament_prefix_path.sh
[14.013s] -- Up-to-date: /home/farog/ros2_ws/install/car_gazebo_plugin/share/car_gazebo_plugin/environment/ament_prefix_path.dsv
[14.013s] -- Up-to-date: /home/farog/ros2_ws/install/car_gazebo_plugin/share/car_gazebo_plugin/environment/path.sh
[14.013s] -- Up-to-date: /home/farog/ros2_ws/install/car_gazebo_plugin/share/car_gazebo_plugin/environment/path.dsv
[14.013s] -- Up-to-date: /home/farog/ros2_ws/install/car_gazebo_plugin/share/car_gazebo_plugin/local_setup.bash
[14.013s] -- Up-to-date: /home/farog/ros2_ws/install/car_gazebo_plugin/share/car_gazebo_plugin/local_setup.sh
[14.013s] -- Up-to-date: /home/farog/ros2_ws/install/car_gazebo_plugin/share/car_gazebo_plugin/local_setup.zsh
[14.013s] -- Up-to-date: /home/farog/ros2_ws/install/car_gazebo_plugin/share/car_gazebo_plugin/local_setup.dsv
[14.013s] -- Installing: /home/farog/ros2_ws/install/car_gazebo_plugin/share/car_gazebo_plugin/package.dsv
[14.014s] -- Up-to-date: /home/farog/ros2_ws/install/car_gazebo_plugin/share/ament_index/resource_index/packages/car_gazebo_plugin
[14.014s] -- Up-to-date: /home/farog/ros2_ws/install/car_gazebo_plugin/share/car_gazebo_plugin/cmake/car_gazebo_pluginConfig.cmake
[14.014s] -- Up-to-date: /home/farog/ros2_ws/install/car_gazebo_plugin/share/car_gazebo_plugin/cmake/car_gazebo_pluginConfig-version.cmake
[14.014s] -- Up-to-date: /home/farog/ros2_ws/install/car_gazebo_plugin/share/car_gazebo_plugin/package.xml
[14.016s] Invoked command in '/home/farog/ros2_ws/build/car_gazebo_plugin' returned '0': CMAKE_PREFIX_PATH=${CMAKE_PREFIX_PATH}:/opt/ros/humble /usr/bin/cmake --install /home/farog/ros2_ws/build/car_gazebo_plugin
