-- Install configuration: ""
-- Up-to-date: /home/farog/ros2_ws/install/my_robot_bringup/share/my_robot_bringup//launch
-- Up-to-date: /home/farog/ros2_ws/install/my_robot_bringup/share/my_robot_bringup//launch/bringup.launch.py
-- Up-to-date: /home/farog/ros2_ws/install/my_robot_bringup/share/my_robot_bringup//launch/ugv_test1_map.pgm
-- Up-to-date: /home/farog/ros2_ws/install/my_robot_bringup/share/my_robot_bringup//launch/blue_launch.py
-- Up-to-date: /home/farog/ros2_ws/install/my_robot_bringup/share/my_robot_bringup//launch/spawn_car.launch.py
-- Up-to-date: /home/farog/ros2_ws/install/my_robot_bringup/share/my_robot_bringup//launch/ugv_test1_map.posegraph
-- Installing: /home/farog/ros2_ws/install/my_robot_bringup/share/my_robot_bringup//launch/my_robot_gazebo.launch.xml
-- Up-to-date: /home/farog/ros2_ws/install/my_robot_bringup/share/my_robot_bringup//launch/ugv_test1_map.yaml
-- Up-to-date: /home/farog/ros2_ws/install/my_robot_bringup/share/my_robot_bringup//launch/ugv_test1_map.data
-- Up-to-date: /home/farog/ros2_ws/install/my_robot_bringup/share/my_robot_bringup//rviz
-- Up-to-date: /home/farog/ros2_ws/install/my_robot_bringup/share/my_robot_bringup//rviz/urdf_config.rviz
-- Up-to-date: /home/farog/ros2_ws/install/my_robot_bringup/share/my_robot_bringup//worlds
-- Up-to-date: /home/farog/ros2_ws/install/my_robot_bringup/share/my_robot_bringup//worlds/house.world
-- Up-to-date: /home/farog/ros2_ws/install/my_robot_bringup/share/my_robot_bringup//worlds/desert.world
-- Up-to-date: /home/farog/ros2_ws/install/my_robot_bringup/share/my_robot_bringup//worlds/smalltown.world
-- Up-to-date: /home/farog/ros2_ws/install/my_robot_bringup/share/my_robot_bringup//worlds/nav1.world
-- Up-to-date: /home/farog/ros2_ws/install/my_robot_bringup/share/my_robot_bringup//worlds/nav2.world
-- Up-to-date: /home/farog/ros2_ws/install/my_robot_bringup/share/my_robot_bringup//worlds/my_world.world
-- Up-to-date: /home/farog/ros2_ws/install/my_robot_bringup/share/my_robot_bringup//config
-- Up-to-date: /home/farog/ros2_ws/install/my_robot_bringup/share/my_robot_bringup//config/nav2_params.yaml
-- Up-to-date: /home/farog/ros2_ws/install/my_robot_bringup/share/my_robot_bringup//config/red-crash.rviz
-- Up-to-date: /home/farog/ros2_ws/install/my_robot_bringup/share/my_robot_bringup//config/ekf.yaml
-- Up-to-date: /home/farog/ros2_ws/install/my_robot_bringup/share/my_robot_bringup//config/blue_params.yaml
-- Up-to-date: /home/farog/ros2_ws/install/my_robot_bringup/share/my_robot_bringup//config/teleop_twist_joy.yaml
-- Installing: /home/farog/ros2_ws/install/my_robot_bringup/share/my_robot_bringup//config/nav2_params1.yaml
-- Up-to-date: /home/farog/ros2_ws/install/my_robot_bringup/share/my_robot_bringup//maps
-- Up-to-date: /home/farog/ros2_ws/install/my_robot_bringup/share/my_robot_bringup//maps/map.posegraph
-- Up-to-date: /home/farog/ros2_ws/install/my_robot_bringup/share/my_robot_bringup//maps/map.yaml
-- Up-to-date: /home/farog/ros2_ws/install/my_robot_bringup/share/my_robot_bringup//maps/map.pgm
-- Up-to-date: /home/farog/ros2_ws/install/my_robot_bringup/share/my_robot_bringup//maps/map1.yaml
-- Up-to-date: /home/farog/ros2_ws/install/my_robot_bringup/share/my_robot_bringup//maps/map.data
-- Up-to-date: /home/farog/ros2_ws/install/my_robot_bringup/share/my_robot_bringup//maps/map1.pgm
-- Up-to-date: /home/farog/ros2_ws/install/my_robot_bringup/share/my_robot_bringup//behavior_trees
-- Up-to-date: /home/farog/ros2_ws/install/my_robot_bringup/share/my_robot_bringup//behavior_trees/navigate_w_replanning_time2.xml
-- Up-to-date: /home/farog/ros2_ws/install/my_robot_bringup/share/my_robot_bringup//params
-- Up-to-date: /home/farog/ros2_ws/install/my_robot_bringup/share/my_robot_bringup//params/intentionally_empty
-- Up-to-date: /home/farog/ros2_ws/install/my_robot_bringup/share/ament_index/resource_index/package_run_dependencies/my_robot_bringup
-- Up-to-date: /home/farog/ros2_ws/install/my_robot_bringup/share/ament_index/resource_index/parent_prefix_path/my_robot_bringup
-- Up-to-date: /home/farog/ros2_ws/install/my_robot_bringup/share/my_robot_bringup/environment/ament_prefix_path.sh
-- Up-to-date: /home/farog/ros2_ws/install/my_robot_bringup/share/my_robot_bringup/environment/ament_prefix_path.dsv
-- Up-to-date: /home/farog/ros2_ws/install/my_robot_bringup/share/my_robot_bringup/environment/path.sh
-- Up-to-date: /home/farog/ros2_ws/install/my_robot_bringup/share/my_robot_bringup/environment/path.dsv
-- Up-to-date: /home/farog/ros2_ws/install/my_robot_bringup/share/my_robot_bringup/local_setup.bash
-- Up-to-date: /home/farog/ros2_ws/install/my_robot_bringup/share/my_robot_bringup/local_setup.sh
-- Up-to-date: /home/farog/ros2_ws/install/my_robot_bringup/share/my_robot_bringup/local_setup.zsh
-- Up-to-date: /home/farog/ros2_ws/install/my_robot_bringup/share/my_robot_bringup/local_setup.dsv
-- Installing: /home/farog/ros2_ws/install/my_robot_bringup/share/my_robot_bringup/package.dsv
-- Up-to-date: /home/farog/ros2_ws/install/my_robot_bringup/share/ament_index/resource_index/packages/my_robot_bringup
-- Up-to-date: /home/farog/ros2_ws/install/my_robot_bringup/share/my_robot_bringup/cmake/my_robot_bringupConfig.cmake
-- Up-to-date: /home/farog/ros2_ws/install/my_robot_bringup/share/my_robot_bringup/cmake/my_robot_bringupConfig-version.cmake
-- Up-to-date: /home/farog/ros2_ws/install/my_robot_bringup/share/my_robot_bringup/package.xml
