[0.080s] Invoking command in '/home/farog/ros2_ws/src/build/turtlebot3_fake_node': CMAKE_PREFIX_PATH=${CMAKE_PREFIX_PATH}:/opt/ros/humble /usr/bin/cmake /home/farog/ros2_ws/src/turtlebot3_simulations/turtlebot3_fake_node -DCMAKE_INSTALL_PREFIX=/home/farog/ros2_ws/src/install/turtlebot3_fake_node
[0.581s] -- The C compiler identification is GNU 11.4.0
[0.674s] -- The CXX compiler identification is GNU 11.4.0
[0.690s] -- Detecting C compiler ABI info
[0.747s] -- Detecting C compiler ABI info - done
[0.757s] -- Check for working C compiler: /usr/bin/cc - skipped
[0.758s] -- Detecting C compile features
[0.760s] -- Detecting C compile features - done
[0.765s] -- Detecting CXX compiler ABI info
[0.827s] -- Detecting CXX compiler ABI info - done
[0.839s] -- Check for working CXX compiler: /usr/bin/c++ - skipped
[0.840s] -- Detecting CXX compile features
[0.840s] -- Detecting CXX compile features - done
[0.846s] -- Found ament_cmake: 1.3.5 (/opt/ros/humble/share/ament_cmake/cmake)
[0.947s] -- Found Python3: /usr/bin/python3.10 (found version "3.10.12") found components: Interpreter 
[1.007s] -- Found geometry_msgs: 4.2.3 (/opt/ros/humble/share/geometry_msgs/cmake)
[1.102s] -- Found rosidl_generator_c: 3.1.5 (/opt/ros/humble/share/rosidl_generator_c/cmake)
[1.113s] -- Found rosidl_adapter: 3.1.5 (/opt/ros/humble/share/rosidl_adapter/cmake)
[1.147s] -- Found rosidl_generator_cpp: 3.1.5 (/opt/ros/humble/share/rosidl_generator_cpp/cmake)
[1.200s] -- Using all available rosidl_typesupport_c: rosidl_typesupport_fastrtps_c;rosidl_typesupport_introspection_c
[1.243s] -- Using all available rosidl_typesupport_cpp: rosidl_typesupport_fastrtps_cpp;rosidl_typesupport_introspection_cpp
[1.368s] -- Found nav_msgs: 4.2.3 (/opt/ros/humble/share/nav_msgs/cmake)
[1.440s] -- Found rclcpp: 16.0.5 (/opt/ros/humble/share/rclcpp/cmake)
[1.539s] -- Found rmw_implementation_cmake: 6.1.1 (/opt/ros/humble/share/rmw_implementation_cmake/cmake)
[1.545s] -- Found rmw_cyclonedds_cpp: 1.3.4 (/opt/ros/humble/share/rmw_cyclonedds_cpp/cmake)
[1.610s] -- Using RMW implementation 'rmw_cyclonedds_cpp' as default
[1.624s] -- Looking for pthread.h
[1.676s] -- Looking for pthread.h - found
[1.679s] -- Performing Test CMAKE_HAVE_LIBC_PTHREAD
[1.741s] -- Performing Test CMAKE_HAVE_LIBC_PTHREAD - Success
[1.744s] -- Found Threads: TRUE  
[1.872s] -- Found sensor_msgs: 4.2.3 (/opt/ros/humble/share/sensor_msgs/cmake)
[1.945s] -- Found tf2: 0.25.3 (/opt/ros/humble/share/tf2/cmake)
[1.962s] -- Found tf2_msgs: 0.25.3 (/opt/ros/humble/share/tf2_msgs/cmake)
[2.107s] -- Found turtlebot3_msgs: 2.2.3 (/opt/ros/humble/share/turtlebot3_msgs/cmake)
[2.240s] -- Configuring done
[2.260s] -- Generating done
[2.268s] -- Build files have been written to: /home/farog/ros2_ws/src/build/turtlebot3_fake_node
[2.273s] Invoked command in '/home/farog/ros2_ws/src/build/turtlebot3_fake_node' returned '0': CMAKE_PREFIX_PATH=${CMAKE_PREFIX_PATH}:/opt/ros/humble /usr/bin/cmake /home/farog/ros2_ws/src/turtlebot3_simulations/turtlebot3_fake_node -DCMAKE_INSTALL_PREFIX=/home/farog/ros2_ws/src/install/turtlebot3_fake_node
[2.279s] Invoking command in '/home/farog/ros2_ws/src/build/turtlebot3_fake_node': CMAKE_PREFIX_PATH=${CMAKE_PREFIX_PATH}:/opt/ros/humble /usr/bin/cmake --build /home/farog/ros2_ws/src/build/turtlebot3_fake_node -- -j20 -l20
[2.308s] [ 50%] [32mBuilding CXX object CMakeFiles/turtlebot3_fake_node.dir/src/turtlebot3_fake_node.cpp.o[0m
[8.247s] [100%] [32m[1mLinking CXX executable turtlebot3_fake_node[0m
[8.687s] [100%] Built target turtlebot3_fake_node
[8.693s] Invoked command in '/home/farog/ros2_ws/src/build/turtlebot3_fake_node' returned '0': CMAKE_PREFIX_PATH=${CMAKE_PREFIX_PATH}:/opt/ros/humble /usr/bin/cmake --build /home/farog/ros2_ws/src/build/turtlebot3_fake_node -- -j20 -l20
[8.714s] Invoking command in '/home/farog/ros2_ws/src/build/turtlebot3_fake_node': CMAKE_PREFIX_PATH=${CMAKE_PREFIX_PATH}:/opt/ros/humble /usr/bin/cmake --install /home/farog/ros2_ws/src/build/turtlebot3_fake_node
[8.719s] -- Install configuration: ""
[8.719s] -- Installing: /home/farog/ros2_ws/src/install/turtlebot3_fake_node/lib/turtlebot3_fake_node/turtlebot3_fake_node
[8.765s] -- Set runtime path of "/home/farog/ros2_ws/src/install/turtlebot3_fake_node/lib/turtlebot3_fake_node/turtlebot3_fake_node" to ""
[8.765s] -- Installing: /home/farog/ros2_ws/src/install/turtlebot3_fake_node/share/turtlebot3_fake_node/launch
[8.765s] -- Installing: /home/farog/ros2_ws/src/install/turtlebot3_fake_node/share/turtlebot3_fake_node/launch/rviz2.launch.py
[8.767s] -- Installing: /home/farog/ros2_ws/src/install/turtlebot3_fake_node/share/turtlebot3_fake_node/launch/turtlebot3_fake_node.launch.py
[8.767s] -- Installing: /home/farog/ros2_ws/src/install/turtlebot3_fake_node/share/turtlebot3_fake_node/param
[8.767s] -- Installing: /home/farog/ros2_ws/src/install/turtlebot3_fake_node/share/turtlebot3_fake_node/param/waffle.yaml
[8.768s] -- Installing: /home/farog/ros2_ws/src/install/turtlebot3_fake_node/share/turtlebot3_fake_node/param/waffle_pi.yaml
[8.769s] -- Installing: /home/farog/ros2_ws/src/install/turtlebot3_fake_node/share/turtlebot3_fake_node/param/burger.yaml
[8.770s] -- Installing: /home/farog/ros2_ws/src/install/turtlebot3_fake_node/include/
[8.770s] -- Installing: /home/farog/ros2_ws/src/install/turtlebot3_fake_node/include//turtlebot3_fake_node
[8.770s] -- Installing: /home/farog/ros2_ws/src/install/turtlebot3_fake_node/include//turtlebot3_fake_node/turtlebot3_fake_node.hpp
[8.770s] -- Installing: /home/farog/ros2_ws/src/install/turtlebot3_fake_node/share/ament_index/resource_index/package_run_dependencies/turtlebot3_fake_node
[8.771s] -- Installing: /home/farog/ros2_ws/src/install/turtlebot3_fake_node/share/ament_index/resource_index/parent_prefix_path/turtlebot3_fake_node
[8.771s] -- Installing: /home/farog/ros2_ws/src/install/turtlebot3_fake_node/share/turtlebot3_fake_node/environment/ament_prefix_path.sh
[8.772s] -- Installing: /home/farog/ros2_ws/src/install/turtlebot3_fake_node/share/turtlebot3_fake_node/environment/ament_prefix_path.dsv
[8.772s] -- Installing: /home/farog/ros2_ws/src/install/turtlebot3_fake_node/share/turtlebot3_fake_node/environment/path.sh
[8.773s] -- Installing: /home/farog/ros2_ws/src/install/turtlebot3_fake_node/share/turtlebot3_fake_node/environment/path.dsv
[8.773s] -- Installing: /home/farog/ros2_ws/src/install/turtlebot3_fake_node/share/turtlebot3_fake_node/local_setup.bash
[8.774s] -- Installing: /home/farog/ros2_ws/src/install/turtlebot3_fake_node/share/turtlebot3_fake_node/local_setup.sh
[8.775s] -- Installing: /home/farog/ros2_ws/src/install/turtlebot3_fake_node/share/turtlebot3_fake_node/local_setup.zsh
[8.776s] -- Installing: /home/farog/ros2_ws/src/install/turtlebot3_fake_node/share/turtlebot3_fake_node/local_setup.dsv
[8.777s] -- Installing: /home/farog/ros2_ws/src/install/turtlebot3_fake_node/share/turtlebot3_fake_node/package.dsv
[8.777s] -- Installing: /home/farog/ros2_ws/src/install/turtlebot3_fake_node/share/ament_index/resource_index/packages/turtlebot3_fake_node
[8.777s] -- Installing: /home/farog/ros2_ws/src/install/turtlebot3_fake_node/share/turtlebot3_fake_node/cmake/ament_cmake_export_include_directories-extras.cmake
[8.778s] -- Installing: /home/farog/ros2_ws/src/install/turtlebot3_fake_node/share/turtlebot3_fake_node/cmake/ament_cmake_export_dependencies-extras.cmake
[8.779s] -- Installing: /home/farog/ros2_ws/src/install/turtlebot3_fake_node/share/turtlebot3_fake_node/cmake/turtlebot3_fake_nodeConfig.cmake
[8.780s] -- Installing: /home/farog/ros2_ws/src/install/turtlebot3_fake_node/share/turtlebot3_fake_node/cmake/turtlebot3_fake_nodeConfig-version.cmake
[8.780s] -- Installing: /home/farog/ros2_ws/src/install/turtlebot3_fake_node/share/turtlebot3_fake_node/package.xml
[8.784s] Invoked command in '/home/farog/ros2_ws/src/build/turtlebot3_fake_node' returned '0': CMAKE_PREFIX_PATH=${CMAKE_PREFIX_PATH}:/opt/ros/humble /usr/bin/cmake --install /home/farog/ros2_ws/src/build/turtlebot3_fake_node
