[0.173s] DEBUG:colcon:Command line arguments: ['/usr/bin/colcon', 'build']
[0.173s] DEBUG:colcon:Parsed command line arguments: Namespace(log_base=None, log_level=None, verb_name='build', build_base='build', install_base='install', merge_install=False, symlink_install=False, test_result_base=None, continue_on_error=False, executor='parallel', parallel_workers=20, event_handlers=None, ignore_user_meta=False, metas=['./colcon.meta'], base_paths=['.'], packages_ignore=None, packages_ignore_regex=None, paths=None, packages_up_to=None, packages_up_to_regex=None, packages_above=None, packages_above_and_dependencies=None, packages_above_depth=None, packages_select_by_dep=None, packages_skip_by_dep=None, packages_skip_up_to=None, packages_select_build_failed=False, packages_skip_build_finished=False, packages_select_test_failures=False, packages_skip_test_passed=False, packages_select=None, packages_skip=None, packages_select_regex=None, packages_skip_regex=None, packages_start=None, packages_end=None, allow_overriding=[], cmake_args=None, cmake_target=None, cmake_target_skip_unavailable=False, cmake_clean_cache=False, cmake_clean_first=False, cmake_force_configure=False, ament_cmake_args=None, catkin_cmake_args=None, catkin_skip_building_tests=False, verb_parser=<colcon_defaults.argument_parser.defaults.DefaultArgumentsDecorator object at 0x7f190238bcd0>, verb_extension=<colcon_core.verb.build.BuildVerb object at 0x7f19023693f0>, main=<bound method BuildVerb.main of <colcon_core.verb.build.BuildVerb object at 0x7f19023693f0>>)
[0.185s] Level 1:colcon.colcon_core.package_discovery:discover_packages(colcon_meta) check parameters
[0.185s] Level 1:colcon.colcon_core.package_discovery:discover_packages(recursive) check parameters
[0.185s] Level 1:colcon.colcon_core.package_discovery:discover_packages(ignore) check parameters
[0.185s] Level 1:colcon.colcon_core.package_discovery:discover_packages(path) check parameters
[0.185s] Level 1:colcon.colcon_core.package_discovery:discover_packages(colcon_meta) discover
[0.185s] Level 1:colcon.colcon_core.package_discovery:discover_packages(recursive) discover
[0.185s] INFO:colcon.colcon_core.package_discovery:Crawling recursively for packages in '/home/farog/ros2_ws'
[0.185s] Level 1:colcon.colcon_core.package_identification:_identify(.) by extensions ['ignore', 'ignore_ament_install']
[0.185s] Level 1:colcon.colcon_core.package_identification:_identify(.) by extension 'ignore'
[0.185s] Level 1:colcon.colcon_core.package_identification:_identify(.) by extension 'ignore_ament_install'
[0.185s] Level 1:colcon.colcon_core.package_identification:_identify(.) by extensions ['colcon_pkg']
[0.185s] Level 1:colcon.colcon_core.package_identification:_identify(.) by extension 'colcon_pkg'
[0.185s] Level 1:colcon.colcon_core.package_identification:_identify(.) by extensions ['colcon_meta']
[0.185s] Level 1:colcon.colcon_core.package_identification:_identify(.) by extension 'colcon_meta'
[0.185s] Level 1:colcon.colcon_core.package_identification:_identify(.) by extensions ['ros']
[0.185s] Level 1:colcon.colcon_core.package_identification:_identify(.) by extension 'ros'
[0.191s] Level 1:colcon.colcon_core.package_identification:_identify(.) by extensions ['cmake', 'python']
[0.191s] Level 1:colcon.colcon_core.package_identification:_identify(.) by extension 'cmake'
[0.191s] Level 1:colcon.colcon_core.package_identification:_identify(.) by extension 'python'
[0.191s] Level 1:colcon.colcon_core.package_identification:_identify(.) by extensions ['python_setup_py']
[0.191s] Level 1:colcon.colcon_core.package_identification:_identify(.) by extension 'python_setup_py'
[0.191s] Level 1:colcon.colcon_core.package_identification:_identify(build) by extensions ['ignore', 'ignore_ament_install']
[0.191s] Level 1:colcon.colcon_core.package_identification:_identify(build) by extension 'ignore'
[0.191s] Level 1:colcon.colcon_core.package_identification:_identify(build) ignored
[0.191s] Level 1:colcon.colcon_core.package_identification:_identify(install) by extensions ['ignore', 'ignore_ament_install']
[0.191s] Level 1:colcon.colcon_core.package_identification:_identify(install) by extension 'ignore'
[0.191s] Level 1:colcon.colcon_core.package_identification:_identify(install) ignored
[0.191s] Level 1:colcon.colcon_core.package_identification:_identify(log) by extensions ['ignore', 'ignore_ament_install']
[0.192s] Level 1:colcon.colcon_core.package_identification:_identify(log) by extension 'ignore'
[0.192s] Level 1:colcon.colcon_core.package_identification:_identify(log) ignored
[0.192s] Level 1:colcon.colcon_core.package_identification:_identify(src) by extensions ['ignore', 'ignore_ament_install']
[0.192s] Level 1:colcon.colcon_core.package_identification:_identify(src) by extension 'ignore'
[0.192s] Level 1:colcon.colcon_core.package_identification:_identify(src) by extension 'ignore_ament_install'
[0.192s] Level 1:colcon.colcon_core.package_identification:_identify(src) by extensions ['colcon_pkg']
[0.192s] Level 1:colcon.colcon_core.package_identification:_identify(src) by extension 'colcon_pkg'
[0.192s] Level 1:colcon.colcon_core.package_identification:_identify(src) by extensions ['colcon_meta']
[0.192s] Level 1:colcon.colcon_core.package_identification:_identify(src) by extension 'colcon_meta'
[0.192s] Level 1:colcon.colcon_core.package_identification:_identify(src) by extensions ['ros']
[0.192s] Level 1:colcon.colcon_core.package_identification:_identify(src) by extension 'ros'
[0.192s] Level 1:colcon.colcon_core.package_identification:_identify(src) by extensions ['cmake', 'python']
[0.192s] Level 1:colcon.colcon_core.package_identification:_identify(src) by extension 'cmake'
[0.192s] Level 1:colcon.colcon_core.package_identification:_identify(src) by extension 'python'
[0.192s] Level 1:colcon.colcon_core.package_identification:_identify(src) by extensions ['python_setup_py']
[0.192s] Level 1:colcon.colcon_core.package_identification:_identify(src) by extension 'python_setup_py'
[0.192s] Level 1:colcon.colcon_core.package_identification:_identify(src/build) by extensions ['ignore', 'ignore_ament_install']
[0.192s] Level 1:colcon.colcon_core.package_identification:_identify(src/build) by extension 'ignore'
[0.192s] Level 1:colcon.colcon_core.package_identification:_identify(src/build) ignored
[0.192s] Level 1:colcon.colcon_core.package_identification:_identify(src/install) by extensions ['ignore', 'ignore_ament_install']
[0.192s] Level 1:colcon.colcon_core.package_identification:_identify(src/install) by extension 'ignore'
[0.192s] Level 1:colcon.colcon_core.package_identification:_identify(src/install) ignored
[0.192s] Level 1:colcon.colcon_core.package_identification:_identify(src/log) by extensions ['ignore', 'ignore_ament_install']
[0.192s] Level 1:colcon.colcon_core.package_identification:_identify(src/log) by extension 'ignore'
[0.192s] Level 1:colcon.colcon_core.package_identification:_identify(src/log) ignored
[0.192s] Level 1:colcon.colcon_core.package_identification:_identify(src/my_robot_bringup) by extensions ['ignore', 'ignore_ament_install']
[0.192s] Level 1:colcon.colcon_core.package_identification:_identify(src/my_robot_bringup) by extension 'ignore'
[0.192s] Level 1:colcon.colcon_core.package_identification:_identify(src/my_robot_bringup) by extension 'ignore_ament_install'
[0.192s] Level 1:colcon.colcon_core.package_identification:_identify(src/my_robot_bringup) by extensions ['colcon_pkg']
[0.192s] Level 1:colcon.colcon_core.package_identification:_identify(src/my_robot_bringup) by extension 'colcon_pkg'
[0.192s] Level 1:colcon.colcon_core.package_identification:_identify(src/my_robot_bringup) by extensions ['colcon_meta']
[0.192s] Level 1:colcon.colcon_core.package_identification:_identify(src/my_robot_bringup) by extension 'colcon_meta'
[0.192s] Level 1:colcon.colcon_core.package_identification:_identify(src/my_robot_bringup) by extensions ['ros']
[0.192s] Level 1:colcon.colcon_core.package_identification:_identify(src/my_robot_bringup) by extension 'ros'
[0.193s] DEBUG:colcon.colcon_core.package_identification:Package 'src/my_robot_bringup' with type 'ros.ament_cmake' and name 'my_robot_bringup'
[0.193s] Level 1:colcon.colcon_core.package_identification:_identify(src/my_robot_description) by extensions ['ignore', 'ignore_ament_install']
[0.194s] Level 1:colcon.colcon_core.package_identification:_identify(src/my_robot_description) by extension 'ignore'
[0.194s] Level 1:colcon.colcon_core.package_identification:_identify(src/my_robot_description) by extension 'ignore_ament_install'
[0.194s] Level 1:colcon.colcon_core.package_identification:_identify(src/my_robot_description) by extensions ['colcon_pkg']
[0.194s] Level 1:colcon.colcon_core.package_identification:_identify(src/my_robot_description) by extension 'colcon_pkg'
[0.194s] Level 1:colcon.colcon_core.package_identification:_identify(src/my_robot_description) by extensions ['colcon_meta']
[0.194s] Level 1:colcon.colcon_core.package_identification:_identify(src/my_robot_description) by extension 'colcon_meta'
[0.194s] Level 1:colcon.colcon_core.package_identification:_identify(src/my_robot_description) by extensions ['ros']
[0.194s] Level 1:colcon.colcon_core.package_identification:_identify(src/my_robot_description) by extension 'ros'
[0.194s] DEBUG:colcon.colcon_core.package_identification:Package 'src/my_robot_description' with type 'ros.ament_cmake' and name 'my_robot_description'
[0.194s] Level 1:colcon.colcon_core.package_identification:_identify(src/turtlebot3_simulations) by extensions ['ignore', 'ignore_ament_install']
[0.194s] Level 1:colcon.colcon_core.package_identification:_identify(src/turtlebot3_simulations) by extension 'ignore'
[0.194s] Level 1:colcon.colcon_core.package_identification:_identify(src/turtlebot3_simulations) by extension 'ignore_ament_install'
[0.194s] Level 1:colcon.colcon_core.package_identification:_identify(src/turtlebot3_simulations) by extensions ['colcon_pkg']
[0.194s] Level 1:colcon.colcon_core.package_identification:_identify(src/turtlebot3_simulations) by extension 'colcon_pkg'
[0.194s] Level 1:colcon.colcon_core.package_identification:_identify(src/turtlebot3_simulations) by extensions ['colcon_meta']
[0.194s] Level 1:colcon.colcon_core.package_identification:_identify(src/turtlebot3_simulations) by extension 'colcon_meta'
[0.194s] Level 1:colcon.colcon_core.package_identification:_identify(src/turtlebot3_simulations) by extensions ['ros']
[0.194s] Level 1:colcon.colcon_core.package_identification:_identify(src/turtlebot3_simulations) by extension 'ros'
[0.194s] Level 1:colcon.colcon_core.package_identification:_identify(src/turtlebot3_simulations) by extensions ['cmake', 'python']
[0.194s] Level 1:colcon.colcon_core.package_identification:_identify(src/turtlebot3_simulations) by extension 'cmake'
[0.194s] Level 1:colcon.colcon_core.package_identification:_identify(src/turtlebot3_simulations) by extension 'python'
[0.194s] Level 1:colcon.colcon_core.package_identification:_identify(src/turtlebot3_simulations) by extensions ['python_setup_py']
[0.194s] Level 1:colcon.colcon_core.package_identification:_identify(src/turtlebot3_simulations) by extension 'python_setup_py'
[0.194s] Level 1:colcon.colcon_core.package_identification:_identify(src/turtlebot3_simulations/turtlebot3_fake_node) by extensions ['ignore', 'ignore_ament_install']
[0.194s] Level 1:colcon.colcon_core.package_identification:_identify(src/turtlebot3_simulations/turtlebot3_fake_node) by extension 'ignore'
[0.194s] Level 1:colcon.colcon_core.package_identification:_identify(src/turtlebot3_simulations/turtlebot3_fake_node) by extension 'ignore_ament_install'
[0.194s] Level 1:colcon.colcon_core.package_identification:_identify(src/turtlebot3_simulations/turtlebot3_fake_node) by extensions ['colcon_pkg']
[0.194s] Level 1:colcon.colcon_core.package_identification:_identify(src/turtlebot3_simulations/turtlebot3_fake_node) by extension 'colcon_pkg'
[0.194s] Level 1:colcon.colcon_core.package_identification:_identify(src/turtlebot3_simulations/turtlebot3_fake_node) by extensions ['colcon_meta']
[0.194s] Level 1:colcon.colcon_core.package_identification:_identify(src/turtlebot3_simulations/turtlebot3_fake_node) by extension 'colcon_meta'
[0.194s] Level 1:colcon.colcon_core.package_identification:_identify(src/turtlebot3_simulations/turtlebot3_fake_node) by extensions ['ros']
[0.194s] Level 1:colcon.colcon_core.package_identification:_identify(src/turtlebot3_simulations/turtlebot3_fake_node) by extension 'ros'
[0.195s] DEBUG:colcon.colcon_core.package_identification:Package 'src/turtlebot3_simulations/turtlebot3_fake_node' with type 'ros.ament_cmake' and name 'turtlebot3_fake_node'
[0.195s] Level 1:colcon.colcon_core.package_identification:_identify(src/turtlebot3_simulations/turtlebot3_gazebo) by extensions ['ignore', 'ignore_ament_install']
[0.195s] Level 1:colcon.colcon_core.package_identification:_identify(src/turtlebot3_simulations/turtlebot3_gazebo) by extension 'ignore'
[0.195s] Level 1:colcon.colcon_core.package_identification:_identify(src/turtlebot3_simulations/turtlebot3_gazebo) by extension 'ignore_ament_install'
[0.195s] Level 1:colcon.colcon_core.package_identification:_identify(src/turtlebot3_simulations/turtlebot3_gazebo) by extensions ['colcon_pkg']
[0.195s] Level 1:colcon.colcon_core.package_identification:_identify(src/turtlebot3_simulations/turtlebot3_gazebo) by extension 'colcon_pkg'
[0.195s] Level 1:colcon.colcon_core.package_identification:_identify(src/turtlebot3_simulations/turtlebot3_gazebo) by extensions ['colcon_meta']
[0.195s] Level 1:colcon.colcon_core.package_identification:_identify(src/turtlebot3_simulations/turtlebot3_gazebo) by extension 'colcon_meta'
[0.195s] Level 1:colcon.colcon_core.package_identification:_identify(src/turtlebot3_simulations/turtlebot3_gazebo) by extensions ['ros']
[0.195s] Level 1:colcon.colcon_core.package_identification:_identify(src/turtlebot3_simulations/turtlebot3_gazebo) by extension 'ros'
[0.196s] DEBUG:colcon.colcon_core.package_identification:Package 'src/turtlebot3_simulations/turtlebot3_gazebo' with type 'ros.ament_cmake' and name 'turtlebot3_gazebo'
[0.196s] Level 1:colcon.colcon_core.package_identification:_identify(src/turtlebot3_simulations/turtlebot3_simulations) by extensions ['ignore', 'ignore_ament_install']
[0.196s] Level 1:colcon.colcon_core.package_identification:_identify(src/turtlebot3_simulations/turtlebot3_simulations) by extension 'ignore'
[0.196s] Level 1:colcon.colcon_core.package_identification:_identify(src/turtlebot3_simulations/turtlebot3_simulations) by extension 'ignore_ament_install'
[0.196s] Level 1:colcon.colcon_core.package_identification:_identify(src/turtlebot3_simulations/turtlebot3_simulations) by extensions ['colcon_pkg']
[0.196s] Level 1:colcon.colcon_core.package_identification:_identify(src/turtlebot3_simulations/turtlebot3_simulations) by extension 'colcon_pkg'
[0.196s] Level 1:colcon.colcon_core.package_identification:_identify(src/turtlebot3_simulations/turtlebot3_simulations) by extensions ['colcon_meta']
[0.196s] Level 1:colcon.colcon_core.package_identification:_identify(src/turtlebot3_simulations/turtlebot3_simulations) by extension 'colcon_meta'
[0.196s] Level 1:colcon.colcon_core.package_identification:_identify(src/turtlebot3_simulations/turtlebot3_simulations) by extensions ['ros']
[0.196s] Level 1:colcon.colcon_core.package_identification:_identify(src/turtlebot3_simulations/turtlebot3_simulations) by extension 'ros'
[0.196s] DEBUG:colcon.colcon_core.package_identification:Package 'src/turtlebot3_simulations/turtlebot3_simulations' with type 'ros.ament_cmake' and name 'turtlebot3_simulations'
[0.196s] Level 1:colcon.colcon_core.package_discovery:discover_packages(recursive) using defaults
[0.196s] Level 1:colcon.colcon_core.package_discovery:discover_packages(ignore) discover
[0.196s] Level 1:colcon.colcon_core.package_discovery:discover_packages(ignore) using defaults
[0.196s] Level 1:colcon.colcon_core.package_discovery:discover_packages(path) discover
[0.196s] Level 1:colcon.colcon_core.package_discovery:discover_packages(path) using defaults
[0.207s] Level 1:colcon.colcon_core.package_discovery:discover_packages(prefix_path) check parameters
[0.207s] Level 1:colcon.colcon_core.package_discovery:discover_packages(prefix_path) discover
[0.208s] DEBUG:colcon.colcon_installed_package_information.package_discovery:Found 5 installed packages in /home/farog/ros2_ws/install
[0.209s] DEBUG:colcon.colcon_installed_package_information.package_discovery:Found 388 installed packages in /opt/ros/humble
[0.211s] Level 1:colcon.colcon_core.package_discovery:discover_packages(prefix_path) using defaults
[0.247s] Level 5:colcon.colcon_core.verb:set package 'my_robot_description' build argument 'cmake_args' from command line to 'None'
[0.247s] Level 5:colcon.colcon_core.verb:set package 'my_robot_description' build argument 'cmake_target' from command line to 'None'
[0.247s] Level 5:colcon.colcon_core.verb:set package 'my_robot_description' build argument 'cmake_target_skip_unavailable' from command line to 'False'
[0.247s] Level 5:colcon.colcon_core.verb:set package 'my_robot_description' build argument 'cmake_clean_cache' from command line to 'False'
[0.247s] Level 5:colcon.colcon_core.verb:set package 'my_robot_description' build argument 'cmake_clean_first' from command line to 'False'
[0.247s] Level 5:colcon.colcon_core.verb:set package 'my_robot_description' build argument 'cmake_force_configure' from command line to 'False'
[0.247s] Level 5:colcon.colcon_core.verb:set package 'my_robot_description' build argument 'ament_cmake_args' from command line to 'None'
[0.247s] Level 5:colcon.colcon_core.verb:set package 'my_robot_description' build argument 'catkin_cmake_args' from command line to 'None'
[0.247s] Level 5:colcon.colcon_core.verb:set package 'my_robot_description' build argument 'catkin_skip_building_tests' from command line to 'False'
[0.247s] DEBUG:colcon.colcon_core.verb:Building package 'my_robot_description' with the following arguments: {'ament_cmake_args': None, 'build_base': '/home/farog/ros2_ws/build/my_robot_description', 'catkin_cmake_args': None, 'catkin_skip_building_tests': False, 'cmake_args': None, 'cmake_clean_cache': False, 'cmake_clean_first': False, 'cmake_force_configure': False, 'cmake_target': None, 'cmake_target_skip_unavailable': False, 'install_base': '/home/farog/ros2_ws/install/my_robot_description', 'merge_install': False, 'path': '/home/farog/ros2_ws/src/my_robot_description', 'symlink_install': False, 'test_result_base': None}
[0.248s] Level 5:colcon.colcon_core.verb:set package 'turtlebot3_fake_node' build argument 'cmake_args' from command line to 'None'
[0.248s] Level 5:colcon.colcon_core.verb:set package 'turtlebot3_fake_node' build argument 'cmake_target' from command line to 'None'
[0.248s] Level 5:colcon.colcon_core.verb:set package 'turtlebot3_fake_node' build argument 'cmake_target_skip_unavailable' from command line to 'False'
[0.248s] Level 5:colcon.colcon_core.verb:set package 'turtlebot3_fake_node' build argument 'cmake_clean_cache' from command line to 'False'
[0.248s] Level 5:colcon.colcon_core.verb:set package 'turtlebot3_fake_node' build argument 'cmake_clean_first' from command line to 'False'
[0.248s] Level 5:colcon.colcon_core.verb:set package 'turtlebot3_fake_node' build argument 'cmake_force_configure' from command line to 'False'
[0.248s] Level 5:colcon.colcon_core.verb:set package 'turtlebot3_fake_node' build argument 'ament_cmake_args' from command line to 'None'
[0.248s] Level 5:colcon.colcon_core.verb:set package 'turtlebot3_fake_node' build argument 'catkin_cmake_args' from command line to 'None'
[0.248s] Level 5:colcon.colcon_core.verb:set package 'turtlebot3_fake_node' build argument 'catkin_skip_building_tests' from command line to 'False'
[0.248s] DEBUG:colcon.colcon_core.verb:Building package 'turtlebot3_fake_node' with the following arguments: {'ament_cmake_args': None, 'build_base': '/home/farog/ros2_ws/build/turtlebot3_fake_node', 'catkin_cmake_args': None, 'catkin_skip_building_tests': False, 'cmake_args': None, 'cmake_clean_cache': False, 'cmake_clean_first': False, 'cmake_force_configure': False, 'cmake_target': None, 'cmake_target_skip_unavailable': False, 'install_base': '/home/farog/ros2_ws/install/turtlebot3_fake_node', 'merge_install': False, 'path': '/home/farog/ros2_ws/src/turtlebot3_simulations/turtlebot3_fake_node', 'symlink_install': False, 'test_result_base': None}
[0.249s] Level 5:colcon.colcon_core.verb:set package 'turtlebot3_gazebo' build argument 'cmake_args' from command line to 'None'
[0.249s] Level 5:colcon.colcon_core.verb:set package 'turtlebot3_gazebo' build argument 'cmake_target' from command line to 'None'
[0.249s] Level 5:colcon.colcon_core.verb:set package 'turtlebot3_gazebo' build argument 'cmake_target_skip_unavailable' from command line to 'False'
[0.249s] Level 5:colcon.colcon_core.verb:set package 'turtlebot3_gazebo' build argument 'cmake_clean_cache' from command line to 'False'
[0.249s] Level 5:colcon.colcon_core.verb:set package 'turtlebot3_gazebo' build argument 'cmake_clean_first' from command line to 'False'
[0.249s] Level 5:colcon.colcon_core.verb:set package 'turtlebot3_gazebo' build argument 'cmake_force_configure' from command line to 'False'
[0.249s] Level 5:colcon.colcon_core.verb:set package 'turtlebot3_gazebo' build argument 'ament_cmake_args' from command line to 'None'
[0.249s] Level 5:colcon.colcon_core.verb:set package 'turtlebot3_gazebo' build argument 'catkin_cmake_args' from command line to 'None'
[0.249s] Level 5:colcon.colcon_core.verb:set package 'turtlebot3_gazebo' build argument 'catkin_skip_building_tests' from command line to 'False'
[0.249s] DEBUG:colcon.colcon_core.verb:Building package 'turtlebot3_gazebo' with the following arguments: {'ament_cmake_args': None, 'build_base': '/home/farog/ros2_ws/build/turtlebot3_gazebo', 'catkin_cmake_args': None, 'catkin_skip_building_tests': False, 'cmake_args': None, 'cmake_clean_cache': False, 'cmake_clean_first': False, 'cmake_force_configure': False, 'cmake_target': None, 'cmake_target_skip_unavailable': False, 'install_base': '/home/farog/ros2_ws/install/turtlebot3_gazebo', 'merge_install': False, 'path': '/home/farog/ros2_ws/src/turtlebot3_simulations/turtlebot3_gazebo', 'symlink_install': False, 'test_result_base': None}
[0.249s] Level 5:colcon.colcon_core.verb:set package 'my_robot_bringup' build argument 'cmake_args' from command line to 'None'
[0.249s] Level 5:colcon.colcon_core.verb:set package 'my_robot_bringup' build argument 'cmake_target' from command line to 'None'
[0.249s] Level 5:colcon.colcon_core.verb:set package 'my_robot_bringup' build argument 'cmake_target_skip_unavailable' from command line to 'False'
[0.249s] Level 5:colcon.colcon_core.verb:set package 'my_robot_bringup' build argument 'cmake_clean_cache' from command line to 'False'
[0.249s] Level 5:colcon.colcon_core.verb:set package 'my_robot_bringup' build argument 'cmake_clean_first' from command line to 'False'
[0.249s] Level 5:colcon.colcon_core.verb:set package 'my_robot_bringup' build argument 'cmake_force_configure' from command line to 'False'
[0.249s] Level 5:colcon.colcon_core.verb:set package 'my_robot_bringup' build argument 'ament_cmake_args' from command line to 'None'
[0.249s] Level 5:colcon.colcon_core.verb:set package 'my_robot_bringup' build argument 'catkin_cmake_args' from command line to 'None'
[0.249s] Level 5:colcon.colcon_core.verb:set package 'my_robot_bringup' build argument 'catkin_skip_building_tests' from command line to 'False'
[0.249s] DEBUG:colcon.colcon_core.verb:Building package 'my_robot_bringup' with the following arguments: {'ament_cmake_args': None, 'build_base': '/home/farog/ros2_ws/build/my_robot_bringup', 'catkin_cmake_args': None, 'catkin_skip_building_tests': False, 'cmake_args': None, 'cmake_clean_cache': False, 'cmake_clean_first': False, 'cmake_force_configure': False, 'cmake_target': None, 'cmake_target_skip_unavailable': False, 'install_base': '/home/farog/ros2_ws/install/my_robot_bringup', 'merge_install': False, 'path': '/home/farog/ros2_ws/src/my_robot_bringup', 'symlink_install': False, 'test_result_base': None}
[0.250s] Level 5:colcon.colcon_core.verb:set package 'turtlebot3_simulations' build argument 'cmake_args' from command line to 'None'
[0.250s] Level 5:colcon.colcon_core.verb:set package 'turtlebot3_simulations' build argument 'cmake_target' from command line to 'None'
[0.250s] Level 5:colcon.colcon_core.verb:set package 'turtlebot3_simulations' build argument 'cmake_target_skip_unavailable' from command line to 'False'
[0.250s] Level 5:colcon.colcon_core.verb:set package 'turtlebot3_simulations' build argument 'cmake_clean_cache' from command line to 'False'
[0.250s] Level 5:colcon.colcon_core.verb:set package 'turtlebot3_simulations' build argument 'cmake_clean_first' from command line to 'False'
[0.250s] Level 5:colcon.colcon_core.verb:set package 'turtlebot3_simulations' build argument 'cmake_force_configure' from command line to 'False'
[0.250s] Level 5:colcon.colcon_core.verb:set package 'turtlebot3_simulations' build argument 'ament_cmake_args' from command line to 'None'
[0.250s] Level 5:colcon.colcon_core.verb:set package 'turtlebot3_simulations' build argument 'catkin_cmake_args' from command line to 'None'
[0.250s] Level 5:colcon.colcon_core.verb:set package 'turtlebot3_simulations' build argument 'catkin_skip_building_tests' from command line to 'False'
[0.250s] DEBUG:colcon.colcon_core.verb:Building package 'turtlebot3_simulations' with the following arguments: {'ament_cmake_args': None, 'build_base': '/home/farog/ros2_ws/build/turtlebot3_simulations', 'catkin_cmake_args': None, 'catkin_skip_building_tests': False, 'cmake_args': None, 'cmake_clean_cache': False, 'cmake_clean_first': False, 'cmake_force_configure': False, 'cmake_target': None, 'cmake_target_skip_unavailable': False, 'install_base': '/home/farog/ros2_ws/install/turtlebot3_simulations', 'merge_install': False, 'path': '/home/farog/ros2_ws/src/turtlebot3_simulations/turtlebot3_simulations', 'symlink_install': False, 'test_result_base': None}
[0.250s] INFO:colcon.colcon_core.executor:Executing jobs using 'parallel' executor
[0.252s] DEBUG:colcon.colcon_parallel_executor.executor.parallel:run_until_complete
[0.252s] INFO:colcon.colcon_ros.task.ament_cmake.build:Building ROS package in '/home/farog/ros2_ws/src/my_robot_description' with build type 'ament_cmake'
[0.252s] INFO:colcon.colcon_cmake.task.cmake.build:Building CMake package in '/home/farog/ros2_ws/src/my_robot_description'
[0.254s] INFO:colcon.colcon_core.plugin_system:Skipping extension 'colcon_core.shell.bat': Not used on non-Windows systems
[0.254s] INFO:colcon.colcon_core.shell:Skip shell extension 'powershell' for command environment: Not usable outside of PowerShell
[0.254s] DEBUG:colcon.colcon_core.shell:Skip shell extension 'dsv' for command environment
[0.259s] INFO:colcon.colcon_ros.task.ament_cmake.build:Building ROS package in '/home/farog/ros2_ws/src/turtlebot3_simulations/turtlebot3_fake_node' with build type 'ament_cmake'
[0.259s] INFO:colcon.colcon_cmake.task.cmake.build:Building CMake package in '/home/farog/ros2_ws/src/turtlebot3_simulations/turtlebot3_fake_node'
[0.260s] INFO:colcon.colcon_core.shell:Skip shell extension 'powershell' for command environment: Not usable outside of PowerShell
[0.260s] DEBUG:colcon.colcon_core.shell:Skip shell extension 'dsv' for command environment
[0.263s] INFO:colcon.colcon_ros.task.ament_cmake.build:Building ROS package in '/home/farog/ros2_ws/src/turtlebot3_simulations/turtlebot3_gazebo' with build type 'ament_cmake'
[0.263s] INFO:colcon.colcon_cmake.task.cmake.build:Building CMake package in '/home/farog/ros2_ws/src/turtlebot3_simulations/turtlebot3_gazebo'
[0.263s] INFO:colcon.colcon_core.shell:Skip shell extension 'powershell' for command environment: Not usable outside of PowerShell
[0.263s] DEBUG:colcon.colcon_core.shell:Skip shell extension 'dsv' for command environment
[0.270s] DEBUG:colcon.colcon_core.event_handler.log_command:Invoking command in '/home/farog/ros2_ws/build/my_robot_description': CMAKE_PREFIX_PATH=${CMAKE_PREFIX_PATH}:/opt/ros/humble /usr/bin/cmake --build /home/farog/ros2_ws/build/my_robot_description -- -j20 -l20
[0.275s] DEBUG:colcon.colcon_core.event_handler.log_command:Invoking command in '/home/farog/ros2_ws/build/turtlebot3_fake_node': CMAKE_PREFIX_PATH=${CMAKE_PREFIX_PATH}:/opt/ros/humble /usr/bin/cmake --build /home/farog/ros2_ws/build/turtlebot3_fake_node -- -j20 -l20
[0.281s] DEBUG:colcon.colcon_core.event_handler.log_command:Invoking command in '/home/farog/ros2_ws/build/turtlebot3_gazebo': CMAKE_PREFIX_PATH=${CMAKE_PREFIX_PATH}:/opt/ros/humble /usr/bin/cmake --build /home/farog/ros2_ws/build/turtlebot3_gazebo -- -j20 -l20
[0.290s] DEBUG:colcon.colcon_core.event_handler.log_command:Invoked command in '/home/farog/ros2_ws/build/my_robot_description' returned '0': CMAKE_PREFIX_PATH=${CMAKE_PREFIX_PATH}:/opt/ros/humble /usr/bin/cmake --build /home/farog/ros2_ws/build/my_robot_description -- -j20 -l20
[0.309s] DEBUG:colcon.colcon_core.event_handler.log_command:Invoking command in '/home/farog/ros2_ws/build/my_robot_description': CMAKE_PREFIX_PATH=${CMAKE_PREFIX_PATH}:/opt/ros/humble /usr/bin/cmake --install /home/farog/ros2_ws/build/my_robot_description
[0.310s] DEBUG:colcon.colcon_core.event_handler.log_command:Invoked command in '/home/farog/ros2_ws/build/turtlebot3_fake_node' returned '0': CMAKE_PREFIX_PATH=${CMAKE_PREFIX_PATH}:/opt/ros/humble /usr/bin/cmake --build /home/farog/ros2_ws/build/turtlebot3_fake_node -- -j20 -l20
[0.316s] Level 1:colcon.colcon_core.environment:create_environment_scripts_only(my_robot_description)
[0.317s] DEBUG:colcon.colcon_core.event_handler.log_command:Invoked command in '/home/farog/ros2_ws/build/my_robot_description' returned '0': CMAKE_PREFIX_PATH=${CMAKE_PREFIX_PATH}:/opt/ros/humble /usr/bin/cmake --install /home/farog/ros2_ws/build/my_robot_description
[0.320s] Level 1:colcon.colcon_core.environment:checking '/home/farog/ros2_ws/install/my_robot_description' for CMake module files
[0.320s] Level 1:colcon.colcon_core.environment:checking '/home/farog/ros2_ws/install/my_robot_description' for CMake config files
[0.320s] Level 1:colcon.colcon_core.shell:create_environment_hook('my_robot_description', 'cmake_prefix_path')
[0.321s] INFO:colcon.colcon_core.shell:Creating environment hook '/home/farog/ros2_ws/install/my_robot_description/share/my_robot_description/hook/cmake_prefix_path.ps1'
[0.325s] INFO:colcon.colcon_core.shell:Creating environment descriptor '/home/farog/ros2_ws/install/my_robot_description/share/my_robot_description/hook/cmake_prefix_path.dsv'
[0.325s] INFO:colcon.colcon_core.shell:Creating environment hook '/home/farog/ros2_ws/install/my_robot_description/share/my_robot_description/hook/cmake_prefix_path.sh'
[0.327s] Level 1:colcon.colcon_core.environment:checking '/home/farog/ros2_ws/install/my_robot_description/bin'
[0.327s] Level 1:colcon.colcon_core.environment:checking '/home/farog/ros2_ws/install/my_robot_description/lib/pkgconfig/my_robot_description.pc'
[0.327s] Level 1:colcon.colcon_core.environment:checking '/home/farog/ros2_ws/install/my_robot_description/lib/python3.10/site-packages'
[0.327s] Level 1:colcon.colcon_core.environment:checking '/home/farog/ros2_ws/install/my_robot_description/bin'
[0.328s] INFO:colcon.colcon_core.shell:Creating package script '/home/farog/ros2_ws/install/my_robot_description/share/my_robot_description/package.ps1'
[0.329s] INFO:colcon.colcon_core.shell:Creating package descriptor '/home/farog/ros2_ws/install/my_robot_description/share/my_robot_description/package.dsv'
[0.330s] INFO:colcon.colcon_core.shell:Creating package script '/home/farog/ros2_ws/install/my_robot_description/share/my_robot_description/package.sh'
[0.331s] INFO:colcon.colcon_core.shell:Creating package script '/home/farog/ros2_ws/install/my_robot_description/share/my_robot_description/package.bash'
[0.332s] INFO:colcon.colcon_core.shell:Creating package script '/home/farog/ros2_ws/install/my_robot_description/share/my_robot_description/package.zsh'
[0.333s] Level 1:colcon.colcon_core.environment:create_file_with_runtime_dependencies(/home/farog/ros2_ws/install/my_robot_description/share/colcon-core/packages/my_robot_description)
[0.336s] DEBUG:colcon.colcon_core.event_handler.log_command:Invoking command in '/home/farog/ros2_ws/build/turtlebot3_fake_node': CMAKE_PREFIX_PATH=${CMAKE_PREFIX_PATH}:/opt/ros/humble /usr/bin/cmake --install /home/farog/ros2_ws/build/turtlebot3_fake_node
[0.337s] DEBUG:colcon.colcon_core.event_handler.log_command:Invoked command in '/home/farog/ros2_ws/build/turtlebot3_gazebo' returned '0': CMAKE_PREFIX_PATH=${CMAKE_PREFIX_PATH}:/opt/ros/humble /usr/bin/cmake --build /home/farog/ros2_ws/build/turtlebot3_gazebo -- -j20 -l20
[0.345s] Level 1:colcon.colcon_core.environment:create_environment_scripts_only(my_robot_description)
[0.346s] Level 1:colcon.colcon_core.environment:checking '/home/farog/ros2_ws/install/my_robot_description' for CMake module files
[0.346s] Level 1:colcon.colcon_core.environment:checking '/home/farog/ros2_ws/install/my_robot_description' for CMake config files
[0.346s] Level 1:colcon.colcon_core.shell:create_environment_hook('my_robot_description', 'cmake_prefix_path')
[0.347s] INFO:colcon.colcon_core.shell:Creating environment hook '/home/farog/ros2_ws/install/my_robot_description/share/my_robot_description/hook/cmake_prefix_path.ps1'
[0.348s] INFO:colcon.colcon_core.shell:Creating environment descriptor '/home/farog/ros2_ws/install/my_robot_description/share/my_robot_description/hook/cmake_prefix_path.dsv'
[0.348s] INFO:colcon.colcon_core.shell:Creating environment hook '/home/farog/ros2_ws/install/my_robot_description/share/my_robot_description/hook/cmake_prefix_path.sh'
[0.349s] Level 1:colcon.colcon_core.environment:checking '/home/farog/ros2_ws/install/my_robot_description/bin'
[0.349s] Level 1:colcon.colcon_core.environment:checking '/home/farog/ros2_ws/install/my_robot_description/lib/pkgconfig/my_robot_description.pc'
[0.349s] Level 1:colcon.colcon_core.environment:checking '/home/farog/ros2_ws/install/my_robot_description/lib/python3.10/site-packages'
[0.349s] Level 1:colcon.colcon_core.environment:checking '/home/farog/ros2_ws/install/my_robot_description/bin'
[0.350s] INFO:colcon.colcon_core.shell:Creating package script '/home/farog/ros2_ws/install/my_robot_description/share/my_robot_description/package.ps1'
[0.351s] INFO:colcon.colcon_core.shell:Creating package descriptor '/home/farog/ros2_ws/install/my_robot_description/share/my_robot_description/package.dsv'
[0.352s] INFO:colcon.colcon_core.shell:Creating package script '/home/farog/ros2_ws/install/my_robot_description/share/my_robot_description/package.sh'
[0.353s] INFO:colcon.colcon_core.shell:Creating package script '/home/farog/ros2_ws/install/my_robot_description/share/my_robot_description/package.bash'
[0.353s] INFO:colcon.colcon_core.shell:Creating package script '/home/farog/ros2_ws/install/my_robot_description/share/my_robot_description/package.zsh'
[0.354s] Level 1:colcon.colcon_core.environment:create_file_with_runtime_dependencies(/home/farog/ros2_ws/install/my_robot_description/share/colcon-core/packages/my_robot_description)
[0.355s] INFO:colcon.colcon_ros.task.ament_cmake.build:Building ROS package in '/home/farog/ros2_ws/src/my_robot_bringup' with build type 'ament_cmake'
[0.355s] INFO:colcon.colcon_cmake.task.cmake.build:Building CMake package in '/home/farog/ros2_ws/src/my_robot_bringup'
[0.355s] INFO:colcon.colcon_core.shell:Skip shell extension 'powershell' for command environment: Not usable outside of PowerShell
[0.355s] DEBUG:colcon.colcon_core.shell:Skip shell extension 'dsv' for command environment
[0.361s] Level 1:colcon.colcon_core.environment:create_environment_scripts_only(turtlebot3_fake_node)
[0.361s] DEBUG:colcon.colcon_core.event_handler.log_command:Invoking command in '/home/farog/ros2_ws/build/turtlebot3_gazebo': CMAKE_PREFIX_PATH=${CMAKE_PREFIX_PATH}:/opt/ros/humble /usr/bin/cmake --install /home/farog/ros2_ws/build/turtlebot3_gazebo
[0.362s] Level 1:colcon.colcon_core.environment:checking '/home/farog/ros2_ws/install/turtlebot3_fake_node' for CMake module files
[0.362s] DEBUG:colcon.colcon_core.event_handler.log_command:Invoked command in '/home/farog/ros2_ws/build/turtlebot3_fake_node' returned '0': CMAKE_PREFIX_PATH=${CMAKE_PREFIX_PATH}:/opt/ros/humble /usr/bin/cmake --install /home/farog/ros2_ws/build/turtlebot3_fake_node
[0.362s] Level 1:colcon.colcon_core.environment:checking '/home/farog/ros2_ws/install/turtlebot3_fake_node' for CMake config files
[0.362s] Level 1:colcon.colcon_core.shell:create_environment_hook('turtlebot3_fake_node', 'cmake_prefix_path')
[0.363s] INFO:colcon.colcon_core.shell:Creating environment hook '/home/farog/ros2_ws/install/turtlebot3_fake_node/share/turtlebot3_fake_node/hook/cmake_prefix_path.ps1'
[0.364s] INFO:colcon.colcon_core.shell:Creating environment descriptor '/home/farog/ros2_ws/install/turtlebot3_fake_node/share/turtlebot3_fake_node/hook/cmake_prefix_path.dsv'
[0.364s] INFO:colcon.colcon_core.shell:Creating environment hook '/home/farog/ros2_ws/install/turtlebot3_fake_node/share/turtlebot3_fake_node/hook/cmake_prefix_path.sh'
[0.365s] Level 1:colcon.colcon_core.environment:checking '/home/farog/ros2_ws/install/turtlebot3_fake_node/lib'
[0.366s] Level 1:colcon.colcon_core.environment:checking '/home/farog/ros2_ws/install/turtlebot3_fake_node/bin'
[0.366s] Level 1:colcon.colcon_core.environment:checking '/home/farog/ros2_ws/install/turtlebot3_fake_node/lib/pkgconfig/turtlebot3_fake_node.pc'
[0.366s] Level 1:colcon.colcon_core.environment:checking '/home/farog/ros2_ws/install/turtlebot3_fake_node/lib/python3.10/site-packages'
[0.366s] Level 1:colcon.colcon_core.environment:checking '/home/farog/ros2_ws/install/turtlebot3_fake_node/bin'
[0.367s] INFO:colcon.colcon_core.shell:Creating package script '/home/farog/ros2_ws/install/turtlebot3_fake_node/share/turtlebot3_fake_node/package.ps1'
[0.368s] INFO:colcon.colcon_core.shell:Creating package descriptor '/home/farog/ros2_ws/install/turtlebot3_fake_node/share/turtlebot3_fake_node/package.dsv'
[0.368s] INFO:colcon.colcon_core.shell:Creating package script '/home/farog/ros2_ws/install/turtlebot3_fake_node/share/turtlebot3_fake_node/package.sh'
[0.371s] INFO:colcon.colcon_core.shell:Creating package script '/home/farog/ros2_ws/install/turtlebot3_fake_node/share/turtlebot3_fake_node/package.bash'
[0.373s] INFO:colcon.colcon_core.shell:Creating package script '/home/farog/ros2_ws/install/turtlebot3_fake_node/share/turtlebot3_fake_node/package.zsh'
[0.373s] Level 1:colcon.colcon_core.environment:create_file_with_runtime_dependencies(/home/farog/ros2_ws/install/turtlebot3_fake_node/share/colcon-core/packages/turtlebot3_fake_node)
[0.378s] Level 1:colcon.colcon_core.environment:create_environment_scripts_only(turtlebot3_gazebo)
[0.379s] Level 1:colcon.colcon_core.environment:checking '/home/farog/ros2_ws/install/turtlebot3_gazebo' for CMake module files
[0.380s] DEBUG:colcon.colcon_core.event_handler.log_command:Invoking command in '/home/farog/ros2_ws/build/my_robot_bringup': CMAKE_PREFIX_PATH=/home/farog/ros2_ws/install/my_robot_description:/home/farog/ros2_ws/install/turtlebot3_simulations:/home/farog/ros2_ws/install/turtlebot3_gazebo:/home/farog/ros2_ws/install/turtlebot3_fake_node:/home/farog/ros2_ws/install/my_robot_bringup:/opt/ros/humble /usr/bin/cmake --build /home/farog/ros2_ws/build/my_robot_bringup -- -j20 -l20
[0.380s] DEBUG:colcon.colcon_core.event_handler.log_command:Invoked command in '/home/farog/ros2_ws/build/turtlebot3_gazebo' returned '0': CMAKE_PREFIX_PATH=${CMAKE_PREFIX_PATH}:/opt/ros/humble /usr/bin/cmake --install /home/farog/ros2_ws/build/turtlebot3_gazebo
[0.380s] Level 1:colcon.colcon_core.environment:checking '/home/farog/ros2_ws/install/turtlebot3_gazebo' for CMake config files
[0.380s] Level 1:colcon.colcon_core.shell:create_environment_hook('turtlebot3_gazebo', 'cmake_prefix_path')
[0.381s] INFO:colcon.colcon_core.shell:Creating environment hook '/home/farog/ros2_ws/install/turtlebot3_gazebo/share/turtlebot3_gazebo/hook/cmake_prefix_path.ps1'
[0.382s] INFO:colcon.colcon_core.shell:Creating environment descriptor '/home/farog/ros2_ws/install/turtlebot3_gazebo/share/turtlebot3_gazebo/hook/cmake_prefix_path.dsv'
[0.383s] INFO:colcon.colcon_core.shell:Creating environment hook '/home/farog/ros2_ws/install/turtlebot3_gazebo/share/turtlebot3_gazebo/hook/cmake_prefix_path.sh'
[0.383s] Level 1:colcon.colcon_core.environment:checking '/home/farog/ros2_ws/install/turtlebot3_gazebo/lib'
[0.383s] Level 1:colcon.colcon_core.environment:checking '/home/farog/ros2_ws/install/turtlebot3_gazebo/bin'
[0.383s] Level 1:colcon.colcon_core.environment:checking '/home/farog/ros2_ws/install/turtlebot3_gazebo/lib/pkgconfig/turtlebot3_gazebo.pc'
[0.384s] Level 1:colcon.colcon_core.environment:checking '/home/farog/ros2_ws/install/turtlebot3_gazebo/lib/python3.10/site-packages'
[0.384s] Level 1:colcon.colcon_core.environment:checking '/home/farog/ros2_ws/install/turtlebot3_gazebo/bin'
[0.384s] INFO:colcon.colcon_core.shell:Creating package script '/home/farog/ros2_ws/install/turtlebot3_gazebo/share/turtlebot3_gazebo/package.ps1'
[0.386s] INFO:colcon.colcon_core.shell:Creating package descriptor '/home/farog/ros2_ws/install/turtlebot3_gazebo/share/turtlebot3_gazebo/package.dsv'
[0.386s] INFO:colcon.colcon_core.shell:Creating package script '/home/farog/ros2_ws/install/turtlebot3_gazebo/share/turtlebot3_gazebo/package.sh'
[0.387s] INFO:colcon.colcon_core.shell:Creating package script '/home/farog/ros2_ws/install/turtlebot3_gazebo/share/turtlebot3_gazebo/package.bash'
[0.388s] INFO:colcon.colcon_core.shell:Creating package script '/home/farog/ros2_ws/install/turtlebot3_gazebo/share/turtlebot3_gazebo/package.zsh'
[0.389s] Level 1:colcon.colcon_core.environment:create_file_with_runtime_dependencies(/home/farog/ros2_ws/install/turtlebot3_gazebo/share/colcon-core/packages/turtlebot3_gazebo)
[0.392s] Level 1:colcon.colcon_core.environment:create_environment_scripts_only(turtlebot3_fake_node)
[0.393s] Level 1:colcon.colcon_core.environment:checking '/home/farog/ros2_ws/install/turtlebot3_fake_node' for CMake module files
[0.393s] Level 1:colcon.colcon_core.environment:checking '/home/farog/ros2_ws/install/turtlebot3_fake_node' for CMake config files
[0.393s] Level 1:colcon.colcon_core.shell:create_environment_hook('turtlebot3_fake_node', 'cmake_prefix_path')
[0.394s] INFO:colcon.colcon_core.shell:Creating environment hook '/home/farog/ros2_ws/install/turtlebot3_fake_node/share/turtlebot3_fake_node/hook/cmake_prefix_path.ps1'
[0.395s] INFO:colcon.colcon_core.shell:Creating environment descriptor '/home/farog/ros2_ws/install/turtlebot3_fake_node/share/turtlebot3_fake_node/hook/cmake_prefix_path.dsv'
[0.395s] INFO:colcon.colcon_core.shell:Creating environment hook '/home/farog/ros2_ws/install/turtlebot3_fake_node/share/turtlebot3_fake_node/hook/cmake_prefix_path.sh'
[0.396s] Level 1:colcon.colcon_core.environment:checking '/home/farog/ros2_ws/install/turtlebot3_fake_node/lib'
[0.396s] Level 1:colcon.colcon_core.environment:checking '/home/farog/ros2_ws/install/turtlebot3_fake_node/bin'
[0.396s] Level 1:colcon.colcon_core.environment:checking '/home/farog/ros2_ws/install/turtlebot3_fake_node/lib/pkgconfig/turtlebot3_fake_node.pc'
[0.396s] Level 1:colcon.colcon_core.environment:checking '/home/farog/ros2_ws/install/turtlebot3_fake_node/lib/python3.10/site-packages'
[0.396s] Level 1:colcon.colcon_core.environment:checking '/home/farog/ros2_ws/install/turtlebot3_fake_node/bin'
[0.397s] INFO:colcon.colcon_core.shell:Creating package script '/home/farog/ros2_ws/install/turtlebot3_fake_node/share/turtlebot3_fake_node/package.ps1'
[0.398s] INFO:colcon.colcon_core.shell:Creating package descriptor '/home/farog/ros2_ws/install/turtlebot3_fake_node/share/turtlebot3_fake_node/package.dsv'
[0.399s] INFO:colcon.colcon_core.shell:Creating package script '/home/farog/ros2_ws/install/turtlebot3_fake_node/share/turtlebot3_fake_node/package.sh'
[0.400s] INFO:colcon.colcon_core.shell:Creating package script '/home/farog/ros2_ws/install/turtlebot3_fake_node/share/turtlebot3_fake_node/package.bash'
[0.401s] INFO:colcon.colcon_core.shell:Creating package script '/home/farog/ros2_ws/install/turtlebot3_fake_node/share/turtlebot3_fake_node/package.zsh'
[0.402s] Level 1:colcon.colcon_core.environment:create_file_with_runtime_dependencies(/home/farog/ros2_ws/install/turtlebot3_fake_node/share/colcon-core/packages/turtlebot3_fake_node)
[0.405s] DEBUG:colcon.colcon_core.event_handler.log_command:Invoked command in '/home/farog/ros2_ws/build/my_robot_bringup' returned '0': CMAKE_PREFIX_PATH=/home/farog/ros2_ws/install/my_robot_description:/home/farog/ros2_ws/install/turtlebot3_simulations:/home/farog/ros2_ws/install/turtlebot3_gazebo:/home/farog/ros2_ws/install/turtlebot3_fake_node:/home/farog/ros2_ws/install/my_robot_bringup:/opt/ros/humble /usr/bin/cmake --build /home/farog/ros2_ws/build/my_robot_bringup -- -j20 -l20
[0.408s] Level 1:colcon.colcon_core.environment:create_environment_scripts_only(turtlebot3_gazebo)
[0.409s] Level 1:colcon.colcon_core.environment:checking '/home/farog/ros2_ws/install/turtlebot3_gazebo' for CMake module files
[0.409s] Level 1:colcon.colcon_core.environment:checking '/home/farog/ros2_ws/install/turtlebot3_gazebo' for CMake config files
[0.410s] Level 1:colcon.colcon_core.shell:create_environment_hook('turtlebot3_gazebo', 'cmake_prefix_path')
[0.410s] INFO:colcon.colcon_core.shell:Creating environment hook '/home/farog/ros2_ws/install/turtlebot3_gazebo/share/turtlebot3_gazebo/hook/cmake_prefix_path.ps1'
[0.411s] INFO:colcon.colcon_core.shell:Creating environment descriptor '/home/farog/ros2_ws/install/turtlebot3_gazebo/share/turtlebot3_gazebo/hook/cmake_prefix_path.dsv'
[0.412s] INFO:colcon.colcon_core.shell:Creating environment hook '/home/farog/ros2_ws/install/turtlebot3_gazebo/share/turtlebot3_gazebo/hook/cmake_prefix_path.sh'
[0.412s] Level 1:colcon.colcon_core.environment:checking '/home/farog/ros2_ws/install/turtlebot3_gazebo/lib'
[0.412s] Level 1:colcon.colcon_core.environment:checking '/home/farog/ros2_ws/install/turtlebot3_gazebo/bin'
[0.412s] Level 1:colcon.colcon_core.environment:checking '/home/farog/ros2_ws/install/turtlebot3_gazebo/lib/pkgconfig/turtlebot3_gazebo.pc'
[0.413s] Level 1:colcon.colcon_core.environment:checking '/home/farog/ros2_ws/install/turtlebot3_gazebo/lib/python3.10/site-packages'
[0.413s] Level 1:colcon.colcon_core.environment:checking '/home/farog/ros2_ws/install/turtlebot3_gazebo/bin'
[0.413s] INFO:colcon.colcon_core.shell:Creating package script '/home/farog/ros2_ws/install/turtlebot3_gazebo/share/turtlebot3_gazebo/package.ps1'
[0.415s] INFO:colcon.colcon_core.shell:Creating package descriptor '/home/farog/ros2_ws/install/turtlebot3_gazebo/share/turtlebot3_gazebo/package.dsv'
[0.416s] INFO:colcon.colcon_core.shell:Creating package script '/home/farog/ros2_ws/install/turtlebot3_gazebo/share/turtlebot3_gazebo/package.sh'
[0.417s] INFO:colcon.colcon_core.shell:Creating package script '/home/farog/ros2_ws/install/turtlebot3_gazebo/share/turtlebot3_gazebo/package.bash'
[0.417s] INFO:colcon.colcon_core.shell:Creating package script '/home/farog/ros2_ws/install/turtlebot3_gazebo/share/turtlebot3_gazebo/package.zsh'
[0.418s] Level 1:colcon.colcon_core.environment:create_file_with_runtime_dependencies(/home/farog/ros2_ws/install/turtlebot3_gazebo/share/colcon-core/packages/turtlebot3_gazebo)
[0.419s] INFO:colcon.colcon_ros.task.ament_cmake.build:Building ROS package in '/home/farog/ros2_ws/src/turtlebot3_simulations/turtlebot3_simulations' with build type 'ament_cmake'
[0.419s] INFO:colcon.colcon_cmake.task.cmake.build:Building CMake package in '/home/farog/ros2_ws/src/turtlebot3_simulations/turtlebot3_simulations'
[0.420s] INFO:colcon.colcon_core.shell:Skip shell extension 'powershell' for command environment: Not usable outside of PowerShell
[0.420s] DEBUG:colcon.colcon_core.shell:Skip shell extension 'dsv' for command environment
[0.427s] DEBUG:colcon.colcon_core.event_handler.log_command:Invoking command in '/home/farog/ros2_ws/build/my_robot_bringup': CMAKE_PREFIX_PATH=/home/farog/ros2_ws/install/my_robot_description:/home/farog/ros2_ws/install/turtlebot3_simulations:/home/farog/ros2_ws/install/turtlebot3_gazebo:/home/farog/ros2_ws/install/turtlebot3_fake_node:/home/farog/ros2_ws/install/my_robot_bringup:/opt/ros/humble /usr/bin/cmake --install /home/farog/ros2_ws/build/my_robot_bringup
[0.435s] Level 1:colcon.colcon_core.environment:create_environment_scripts_only(my_robot_bringup)
[0.437s] Level 1:colcon.colcon_core.environment:checking '/home/farog/ros2_ws/install/my_robot_bringup' for CMake module files
[0.438s] DEBUG:colcon.colcon_core.event_handler.log_command:Invoking command in '/home/farog/ros2_ws/build/turtlebot3_simulations': CMAKE_PREFIX_PATH=/home/farog/ros2_ws/install/turtlebot3_gazebo:/home/farog/ros2_ws/install/turtlebot3_fake_node:/home/farog/ros2_ws/install/turtlebot3_simulations:/home/farog/ros2_ws/install/my_robot_bringup:/home/farog/ros2_ws/install/my_robot_description:/opt/ros/humble /usr/bin/cmake --build /home/farog/ros2_ws/build/turtlebot3_simulations -- -j20 -l20
[0.438s] DEBUG:colcon.colcon_core.event_handler.log_command:Invoked command in '/home/farog/ros2_ws/build/my_robot_bringup' returned '0': CMAKE_PREFIX_PATH=/home/farog/ros2_ws/install/my_robot_description:/home/farog/ros2_ws/install/turtlebot3_simulations:/home/farog/ros2_ws/install/turtlebot3_gazebo:/home/farog/ros2_ws/install/turtlebot3_fake_node:/home/farog/ros2_ws/install/my_robot_bringup:/opt/ros/humble /usr/bin/cmake --install /home/farog/ros2_ws/build/my_robot_bringup
[0.438s] Level 1:colcon.colcon_core.environment:checking '/home/farog/ros2_ws/install/my_robot_bringup' for CMake config files
[0.439s] Level 1:colcon.colcon_core.shell:create_environment_hook('my_robot_bringup', 'cmake_prefix_path')
[0.440s] INFO:colcon.colcon_core.shell:Creating environment hook '/home/farog/ros2_ws/install/my_robot_bringup/share/my_robot_bringup/hook/cmake_prefix_path.ps1'
[0.440s] INFO:colcon.colcon_core.shell:Creating environment descriptor '/home/farog/ros2_ws/install/my_robot_bringup/share/my_robot_bringup/hook/cmake_prefix_path.dsv'
[0.441s] INFO:colcon.colcon_core.shell:Creating environment hook '/home/farog/ros2_ws/install/my_robot_bringup/share/my_robot_bringup/hook/cmake_prefix_path.sh'
[0.442s] Level 1:colcon.colcon_core.environment:checking '/home/farog/ros2_ws/install/my_robot_bringup/bin'
[0.442s] Level 1:colcon.colcon_core.environment:checking '/home/farog/ros2_ws/install/my_robot_bringup/lib/pkgconfig/my_robot_bringup.pc'
[0.442s] Level 1:colcon.colcon_core.environment:checking '/home/farog/ros2_ws/install/my_robot_bringup/lib/python3.10/site-packages'
[0.442s] Level 1:colcon.colcon_core.environment:checking '/home/farog/ros2_ws/install/my_robot_bringup/bin'
[0.443s] INFO:colcon.colcon_core.shell:Creating package script '/home/farog/ros2_ws/install/my_robot_bringup/share/my_robot_bringup/package.ps1'
[0.444s] INFO:colcon.colcon_core.shell:Creating package descriptor '/home/farog/ros2_ws/install/my_robot_bringup/share/my_robot_bringup/package.dsv'
[0.445s] INFO:colcon.colcon_core.shell:Creating package script '/home/farog/ros2_ws/install/my_robot_bringup/share/my_robot_bringup/package.sh'
[0.446s] INFO:colcon.colcon_core.shell:Creating package script '/home/farog/ros2_ws/install/my_robot_bringup/share/my_robot_bringup/package.bash'
[0.446s] INFO:colcon.colcon_core.shell:Creating package script '/home/farog/ros2_ws/install/my_robot_bringup/share/my_robot_bringup/package.zsh'
[0.447s] Level 1:colcon.colcon_core.environment:create_file_with_runtime_dependencies(/home/farog/ros2_ws/install/my_robot_bringup/share/colcon-core/packages/my_robot_bringup)
[0.455s] DEBUG:colcon.colcon_core.event_handler.log_command:Invoked command in '/home/farog/ros2_ws/build/turtlebot3_simulations' returned '0': CMAKE_PREFIX_PATH=/home/farog/ros2_ws/install/turtlebot3_gazebo:/home/farog/ros2_ws/install/turtlebot3_fake_node:/home/farog/ros2_ws/install/turtlebot3_simulations:/home/farog/ros2_ws/install/my_robot_bringup:/home/farog/ros2_ws/install/my_robot_description:/opt/ros/humble /usr/bin/cmake --build /home/farog/ros2_ws/build/turtlebot3_simulations -- -j20 -l20
[0.461s] Level 1:colcon.colcon_core.environment:create_environment_scripts_only(my_robot_bringup)
[0.462s] Level 1:colcon.colcon_core.environment:checking '/home/farog/ros2_ws/install/my_robot_bringup' for CMake module files
[0.463s] Level 1:colcon.colcon_core.environment:checking '/home/farog/ros2_ws/install/my_robot_bringup' for CMake config files
[0.463s] Level 1:colcon.colcon_core.shell:create_environment_hook('my_robot_bringup', 'cmake_prefix_path')
[0.463s] INFO:colcon.colcon_core.shell:Creating environment hook '/home/farog/ros2_ws/install/my_robot_bringup/share/my_robot_bringup/hook/cmake_prefix_path.ps1'
[0.464s] INFO:colcon.colcon_core.shell:Creating environment descriptor '/home/farog/ros2_ws/install/my_robot_bringup/share/my_robot_bringup/hook/cmake_prefix_path.dsv'
[0.465s] INFO:colcon.colcon_core.shell:Creating environment hook '/home/farog/ros2_ws/install/my_robot_bringup/share/my_robot_bringup/hook/cmake_prefix_path.sh'
[0.466s] Level 1:colcon.colcon_core.environment:checking '/home/farog/ros2_ws/install/my_robot_bringup/bin'
[0.466s] Level 1:colcon.colcon_core.environment:checking '/home/farog/ros2_ws/install/my_robot_bringup/lib/pkgconfig/my_robot_bringup.pc'
[0.466s] Level 1:colcon.colcon_core.environment:checking '/home/farog/ros2_ws/install/my_robot_bringup/lib/python3.10/site-packages'
[0.466s] Level 1:colcon.colcon_core.environment:checking '/home/farog/ros2_ws/install/my_robot_bringup/bin'
[0.467s] INFO:colcon.colcon_core.shell:Creating package script '/home/farog/ros2_ws/install/my_robot_bringup/share/my_robot_bringup/package.ps1'
[0.468s] INFO:colcon.colcon_core.shell:Creating package descriptor '/home/farog/ros2_ws/install/my_robot_bringup/share/my_robot_bringup/package.dsv'
[0.469s] INFO:colcon.colcon_core.shell:Creating package script '/home/farog/ros2_ws/install/my_robot_bringup/share/my_robot_bringup/package.sh'
[0.470s] INFO:colcon.colcon_core.shell:Creating package script '/home/farog/ros2_ws/install/my_robot_bringup/share/my_robot_bringup/package.bash'
[0.470s] INFO:colcon.colcon_core.shell:Creating package script '/home/farog/ros2_ws/install/my_robot_bringup/share/my_robot_bringup/package.zsh'
[0.471s] Level 1:colcon.colcon_core.environment:create_file_with_runtime_dependencies(/home/farog/ros2_ws/install/my_robot_bringup/share/colcon-core/packages/my_robot_bringup)
[0.475s] DEBUG:colcon.colcon_core.event_handler.log_command:Invoking command in '/home/farog/ros2_ws/build/turtlebot3_simulations': CMAKE_PREFIX_PATH=/home/farog/ros2_ws/install/turtlebot3_gazebo:/home/farog/ros2_ws/install/turtlebot3_fake_node:/home/farog/ros2_ws/install/turtlebot3_simulations:/home/farog/ros2_ws/install/my_robot_bringup:/home/farog/ros2_ws/install/my_robot_description:/opt/ros/humble /usr/bin/cmake --install /home/farog/ros2_ws/build/turtlebot3_simulations
[0.482s] Level 1:colcon.colcon_core.environment:create_environment_scripts_only(turtlebot3_simulations)
[0.484s] Level 1:colcon.colcon_core.environment:checking '/home/farog/ros2_ws/install/turtlebot3_simulations' for CMake module files
[0.484s] DEBUG:colcon.colcon_core.event_handler.log_command:Invoked command in '/home/farog/ros2_ws/build/turtlebot3_simulations' returned '0': CMAKE_PREFIX_PATH=/home/farog/ros2_ws/install/turtlebot3_gazebo:/home/farog/ros2_ws/install/turtlebot3_fake_node:/home/farog/ros2_ws/install/turtlebot3_simulations:/home/farog/ros2_ws/install/my_robot_bringup:/home/farog/ros2_ws/install/my_robot_description:/opt/ros/humble /usr/bin/cmake --install /home/farog/ros2_ws/build/turtlebot3_simulations
[0.485s] Level 1:colcon.colcon_core.environment:checking '/home/farog/ros2_ws/install/turtlebot3_simulations' for CMake config files
[0.485s] Level 1:colcon.colcon_core.shell:create_environment_hook('turtlebot3_simulations', 'cmake_prefix_path')
[0.486s] INFO:colcon.colcon_core.shell:Creating environment hook '/home/farog/ros2_ws/install/turtlebot3_simulations/share/turtlebot3_simulations/hook/cmake_prefix_path.ps1'
[0.487s] INFO:colcon.colcon_core.shell:Creating environment descriptor '/home/farog/ros2_ws/install/turtlebot3_simulations/share/turtlebot3_simulations/hook/cmake_prefix_path.dsv'
[0.488s] INFO:colcon.colcon_core.shell:Creating environment hook '/home/farog/ros2_ws/install/turtlebot3_simulations/share/turtlebot3_simulations/hook/cmake_prefix_path.sh'
[0.488s] Level 1:colcon.colcon_core.environment:checking '/home/farog/ros2_ws/install/turtlebot3_simulations/bin'
[0.488s] Level 1:colcon.colcon_core.environment:checking '/home/farog/ros2_ws/install/turtlebot3_simulations/lib/pkgconfig/turtlebot3_simulations.pc'
[0.489s] Level 1:colcon.colcon_core.environment:checking '/home/farog/ros2_ws/install/turtlebot3_simulations/lib/python3.10/site-packages'
[0.489s] Level 1:colcon.colcon_core.environment:checking '/home/farog/ros2_ws/install/turtlebot3_simulations/bin'
[0.490s] INFO:colcon.colcon_core.shell:Creating package script '/home/farog/ros2_ws/install/turtlebot3_simulations/share/turtlebot3_simulations/package.ps1'
[0.491s] INFO:colcon.colcon_core.shell:Creating package descriptor '/home/farog/ros2_ws/install/turtlebot3_simulations/share/turtlebot3_simulations/package.dsv'
[0.492s] INFO:colcon.colcon_core.shell:Creating package script '/home/farog/ros2_ws/install/turtlebot3_simulations/share/turtlebot3_simulations/package.sh'
[0.493s] INFO:colcon.colcon_core.shell:Creating package script '/home/farog/ros2_ws/install/turtlebot3_simulations/share/turtlebot3_simulations/package.bash'
[0.494s] INFO:colcon.colcon_core.shell:Creating package script '/home/farog/ros2_ws/install/turtlebot3_simulations/share/turtlebot3_simulations/package.zsh'
[0.495s] Level 1:colcon.colcon_core.environment:create_file_with_runtime_dependencies(/home/farog/ros2_ws/install/turtlebot3_simulations/share/colcon-core/packages/turtlebot3_simulations)
[0.521s] Level 1:colcon.colcon_core.environment:create_environment_scripts_only(turtlebot3_simulations)
[0.524s] Level 1:colcon.colcon_core.environment:checking '/home/farog/ros2_ws/install/turtlebot3_simulations' for CMake module files
[0.524s] Level 1:colcon.colcon_core.environment:checking '/home/farog/ros2_ws/install/turtlebot3_simulations' for CMake config files
[0.525s] Level 1:colcon.colcon_core.shell:create_environment_hook('turtlebot3_simulations', 'cmake_prefix_path')
[0.526s] INFO:colcon.colcon_core.shell:Creating environment hook '/home/farog/ros2_ws/install/turtlebot3_simulations/share/turtlebot3_simulations/hook/cmake_prefix_path.ps1'
[0.527s] INFO:colcon.colcon_core.shell:Creating environment descriptor '/home/farog/ros2_ws/install/turtlebot3_simulations/share/turtlebot3_simulations/hook/cmake_prefix_path.dsv'
[0.528s] INFO:colcon.colcon_core.shell:Creating environment hook '/home/farog/ros2_ws/install/turtlebot3_simulations/share/turtlebot3_simulations/hook/cmake_prefix_path.sh'
[0.530s] Level 1:colcon.colcon_core.environment:checking '/home/farog/ros2_ws/install/turtlebot3_simulations/bin'
[0.530s] Level 1:colcon.colcon_core.environment:checking '/home/farog/ros2_ws/install/turtlebot3_simulations/lib/pkgconfig/turtlebot3_simulations.pc'
[0.530s] Level 1:colcon.colcon_core.environment:checking '/home/farog/ros2_ws/install/turtlebot3_simulations/lib/python3.10/site-packages'
[0.530s] Level 1:colcon.colcon_core.environment:checking '/home/farog/ros2_ws/install/turtlebot3_simulations/bin'
[0.532s] INFO:colcon.colcon_core.shell:Creating package script '/home/farog/ros2_ws/install/turtlebot3_simulations/share/turtlebot3_simulations/package.ps1'
[0.534s] INFO:colcon.colcon_core.shell:Creating package descriptor '/home/farog/ros2_ws/install/turtlebot3_simulations/share/turtlebot3_simulations/package.dsv'
[0.536s] INFO:colcon.colcon_core.shell:Creating package script '/home/farog/ros2_ws/install/turtlebot3_simulations/share/turtlebot3_simulations/package.sh'
[0.537s] INFO:colcon.colcon_core.shell:Creating package script '/home/farog/ros2_ws/install/turtlebot3_simulations/share/turtlebot3_simulations/package.bash'
[0.539s] INFO:colcon.colcon_core.shell:Creating package script '/home/farog/ros2_ws/install/turtlebot3_simulations/share/turtlebot3_simulations/package.zsh'
[0.541s] Level 1:colcon.colcon_core.environment:create_file_with_runtime_dependencies(/home/farog/ros2_ws/install/turtlebot3_simulations/share/colcon-core/packages/turtlebot3_simulations)
[0.542s] DEBUG:colcon.colcon_parallel_executor.executor.parallel:closing loop
[0.542s] DEBUG:colcon.colcon_parallel_executor.executor.parallel:loop closed
[0.542s] DEBUG:colcon.colcon_parallel_executor.executor.parallel:run_until_complete finished with '0'
[0.542s] DEBUG:colcon.colcon_core.event_reactor:joining thread
[0.553s] INFO:colcon.colcon_core.plugin_system:Skipping extension 'colcon_notification.desktop_notification.terminal_notifier': Not used on non-Darwin systems
[0.553s] INFO:colcon.colcon_core.plugin_system:Skipping extension 'colcon_notification.desktop_notification.win32': Not used on non-Windows systems
[0.553s] INFO:colcon.colcon_notification.desktop_notification:Sending desktop notification using 'notify2'
[0.574s] DEBUG:colcon.colcon_core.event_reactor:joined thread
[0.576s] INFO:colcon.colcon_core.shell:Creating prefix script '/home/farog/ros2_ws/install/local_setup.ps1'
[0.579s] INFO:colcon.colcon_core.shell:Creating prefix util module '/home/farog/ros2_ws/install/_local_setup_util_ps1.py'
[0.583s] INFO:colcon.colcon_core.shell:Creating prefix chain script '/home/farog/ros2_ws/install/setup.ps1'
[0.586s] INFO:colcon.colcon_core.shell:Creating prefix script '/home/farog/ros2_ws/install/local_setup.sh'
[0.589s] INFO:colcon.colcon_core.shell:Creating prefix util module '/home/farog/ros2_ws/install/_local_setup_util_sh.py'
[0.594s] INFO:colcon.colcon_core.shell:Creating prefix chain script '/home/farog/ros2_ws/install/setup.sh'
[0.600s] INFO:colcon.colcon_core.shell:Creating prefix script '/home/farog/ros2_ws/install/local_setup.bash'
[0.603s] INFO:colcon.colcon_core.shell:Creating prefix chain script '/home/farog/ros2_ws/install/setup.bash'
[0.608s] INFO:colcon.colcon_core.shell:Creating prefix script '/home/farog/ros2_ws/install/local_setup.zsh'
[0.611s] INFO:colcon.colcon_core.shell:Creating prefix chain script '/home/farog/ros2_ws/install/setup.zsh'
