[0.010s] Invoking command in '/home/farog/ros2_ws/src/build/my_robot_description': CMAKE_PREFIX_PATH=${CMAKE_PREFIX_PATH}:/opt/ros/humble /usr/bin/cmake /home/farog/ros2_ws/src/my_robot_description -DCMAKE_INSTALL_PREFIX=/home/farog/ros2_ws/src/install/my_robot_description
[0.053s] -- The C compiler identification is GNU 11.4.0
[0.147s] -- The CXX compiler identification is GNU 11.4.0
[0.155s] -- Detecting C compiler ABI info
[0.307s] -- Detecting C compiler ABI info - done
[0.315s] -- Check for working C compiler: /usr/bin/cc - skipped
[0.315s] -- Detecting C compile features
[0.315s] -- Detecting C compile features - done
[0.324s] -- Detecting CXX compiler ABI info
[0.444s] -- Detecting CXX compiler ABI info - done
[0.452s] -- Check for working CXX compiler: /usr/bin/c++ - skipped
[0.452s] -- Detecting CXX compile features
[0.453s] -- Detecting CXX compile features - done
[0.457s] -- Found ament_cmake: 1.3.5 (/opt/ros/humble/share/ament_cmake/cmake)
[0.551s] -- Found Python3: /usr/bin/python3.10 (found version "3.10.12") found components: Interpreter 
[0.664s] -- Configuring done
[0.674s] -- Generating done
[0.678s] -- Build files have been written to: /home/farog/ros2_ws/src/build/my_robot_description
[0.680s] Invoked command in '/home/farog/ros2_ws/src/build/my_robot_description' returned '0': CMAKE_PREFIX_PATH=${CMAKE_PREFIX_PATH}:/opt/ros/humble /usr/bin/cmake /home/farog/ros2_ws/src/my_robot_description -DCMAKE_INSTALL_PREFIX=/home/farog/ros2_ws/src/install/my_robot_description
[0.683s] Invoking command in '/home/farog/ros2_ws/src/build/my_robot_description': CMAKE_PREFIX_PATH=${CMAKE_PREFIX_PATH}:/opt/ros/humble /usr/bin/cmake --build /home/farog/ros2_ws/src/build/my_robot_description -- -j20 -l20
[0.715s] Invoked command in '/home/farog/ros2_ws/src/build/my_robot_description' returned '0': CMAKE_PREFIX_PATH=${CMAKE_PREFIX_PATH}:/opt/ros/humble /usr/bin/cmake --build /home/farog/ros2_ws/src/build/my_robot_description -- -j20 -l20
[0.768s] Invoking command in '/home/farog/ros2_ws/src/build/my_robot_description': CMAKE_PREFIX_PATH=${CMAKE_PREFIX_PATH}:/opt/ros/humble /usr/bin/cmake --install /home/farog/ros2_ws/src/build/my_robot_description
[0.783s] -- Install configuration: ""
[0.783s] -- Installing: /home/farog/ros2_ws/src/install/my_robot_description/share/my_robot_description//urdf
[0.784s] -- Installing: /home/farog/ros2_ws/src/install/my_robot_description/share/my_robot_description//urdf/common_properties.xacro
[0.787s] -- Installing: /home/farog/ros2_ws/src/install/my_robot_description/share/my_robot_description//urdf/ugv.urdf.xacro
[0.791s] -- Installing: /home/farog/ros2_ws/src/install/my_robot_description/share/my_robot_description//launch
[0.791s] -- Installing: /home/farog/ros2_ws/src/install/my_robot_description/share/my_robot_description//launch/display.launch.xml
[0.794s] -- Installing: /home/farog/ros2_ws/src/install/my_robot_description/share/my_robot_description//meshes
[0.794s] -- Installing: /home/farog/ros2_ws/src/install/my_robot_description/share/my_robot_description//meshes/wheel1.dae
[0.810s] -- Installing: /home/farog/ros2_ws/src/install/my_robot_description/share/my_robot_description//meshes/body.dae
[0.822s] -- Installing: /home/farog/ros2_ws/src/install/my_robot_description/share/my_robot_description//meshes/wheel2.dae
[0.829s] -- Installing: /home/farog/ros2_ws/src/install/my_robot_description/share/my_robot_description//rviz
[0.829s] -- Installing: /home/farog/ros2_ws/src/install/my_robot_description/share/my_robot_description//rviz/urdf_config.rviz
[0.830s] -- Installing: /home/farog/ros2_ws/src/install/my_robot_description/share/ament_index/resource_index/package_run_dependencies/my_robot_description
[0.831s] -- Installing: /home/farog/ros2_ws/src/install/my_robot_description/share/ament_index/resource_index/parent_prefix_path/my_robot_description
[0.831s] -- Installing: /home/farog/ros2_ws/src/install/my_robot_description/share/my_robot_description/environment/ament_prefix_path.sh
[0.835s] -- Installing: /home/farog/ros2_ws/src/install/my_robot_description/share/my_robot_description/environment/ament_prefix_path.dsv
[0.836s] -- Installing: /home/farog/ros2_ws/src/install/my_robot_description/share/my_robot_description/environment/path.sh
[0.836s] -- Installing: /home/farog/ros2_ws/src/install/my_robot_description/share/my_robot_description/environment/path.dsv
[0.837s] -- Installing: /home/farog/ros2_ws/src/install/my_robot_description/share/my_robot_description/local_setup.bash
[0.837s] -- Installing: /home/farog/ros2_ws/src/install/my_robot_description/share/my_robot_description/local_setup.sh
[0.838s] -- Installing: /home/farog/ros2_ws/src/install/my_robot_description/share/my_robot_description/local_setup.zsh
[0.839s] -- Installing: /home/farog/ros2_ws/src/install/my_robot_description/share/my_robot_description/local_setup.dsv
[0.839s] -- Installing: /home/farog/ros2_ws/src/install/my_robot_description/share/my_robot_description/package.dsv
[0.840s] -- Installing: /home/farog/ros2_ws/src/install/my_robot_description/share/ament_index/resource_index/packages/my_robot_description
[0.840s] -- Installing: /home/farog/ros2_ws/src/install/my_robot_description/share/my_robot_description/cmake/my_robot_descriptionConfig.cmake
[0.840s] -- Installing: /home/farog/ros2_ws/src/install/my_robot_description/share/my_robot_description/cmake/my_robot_descriptionConfig-version.cmake
[0.841s] -- Installing: /home/farog/ros2_ws/src/install/my_robot_description/share/my_robot_description/package.xml
[0.843s] Invoked command in '/home/farog/ros2_ws/src/build/my_robot_description' returned '0': CMAKE_PREFIX_PATH=${CMAKE_PREFIX_PATH}:/opt/ros/humble /usr/bin/cmake --install /home/farog/ros2_ws/src/build/my_robot_description
