[0.039s] Invoking command in '/home/farog/ros2_ws/src/build/my_robot_bringup': AMENT_PREFIX_PATH=/home/farog/ros2_ws/src/install/my_robot_description:${AMENT_PREFIX_PATH} CMAKE_PREFIX_PATH=/home/farog/ros2_ws/src/install/my_robot_description:/home/farog/ros2_ws/install/turtlebot3_simulations:/home/farog/ros2_ws/install/turtlebot3_gazebo:/home/farog/ros2_ws/install/turtlebot3_fake_node:/home/farog/ros2_ws/install/my_robot_bringup:/home/farog/ros2_ws/install/my_robot_description:/opt/ros/humble /usr/bin/cmake --build /home/farog/ros2_ws/src/build/my_robot_bringup -- -j20 -l20
[0.052s] -- Found ament_cmake: 1.3.5 (/opt/ros/humble/share/ament_cmake/cmake)
[0.196s] -- Configuring done
[0.204s] -- Generating done
[0.208s] -- Build files have been written to: /home/farog/ros2_ws/src/build/my_robot_bringup
[0.220s] Invoked command in '/home/farog/ros2_ws/src/build/my_robot_bringup' returned '0': AMENT_PREFIX_PATH=/home/farog/ros2_ws/src/install/my_robot_description:${AMENT_PREFIX_PATH} CMAKE_PREFIX_PATH=/home/farog/ros2_ws/src/install/my_robot_description:/home/farog/ros2_ws/install/turtlebot3_simulations:/home/farog/ros2_ws/install/turtlebot3_gazebo:/home/farog/ros2_ws/install/turtlebot3_fake_node:/home/farog/ros2_ws/install/my_robot_bringup:/home/farog/ros2_ws/install/my_robot_description:/opt/ros/humble /usr/bin/cmake --build /home/farog/ros2_ws/src/build/my_robot_bringup -- -j20 -l20
[0.235s] Invoking command in '/home/farog/ros2_ws/src/build/my_robot_bringup': AMENT_PREFIX_PATH=/home/farog/ros2_ws/src/install/my_robot_description:${AMENT_PREFIX_PATH} CMAKE_PREFIX_PATH=/home/farog/ros2_ws/src/install/my_robot_description:/home/farog/ros2_ws/install/turtlebot3_simulations:/home/farog/ros2_ws/install/turtlebot3_gazebo:/home/farog/ros2_ws/install/turtlebot3_fake_node:/home/farog/ros2_ws/install/my_robot_bringup:/home/farog/ros2_ws/install/my_robot_description:/opt/ros/humble /usr/bin/cmake --install /home/farog/ros2_ws/src/build/my_robot_bringup
[0.244s] -- Install configuration: ""
[0.244s] -- Up-to-date: /home/farog/ros2_ws/src/install/my_robot_bringup/share/my_robot_bringup//launch
[0.244s] -- Up-to-date: /home/farog/ros2_ws/src/install/my_robot_bringup/share/my_robot_bringup//launch/my_robot_gazebo.launch.xml
[0.244s] -- Up-to-date: /home/farog/ros2_ws/src/install/my_robot_bringup/share/my_robot_bringup//rviz
[0.244s] -- Up-to-date: /home/farog/ros2_ws/src/install/my_robot_bringup/share/my_robot_bringup//rviz/urdf_config.rviz
[0.244s] -- Up-to-date: /home/farog/ros2_ws/src/install/my_robot_bringup/share/my_robot_bringup//worlds
[0.244s] -- Up-to-date: /home/farog/ros2_ws/src/install/my_robot_bringup/share/my_robot_bringup//worlds/house.world
[0.244s] -- Up-to-date: /home/farog/ros2_ws/src/install/my_robot_bringup/share/my_robot_bringup//worlds/desert.world
[0.244s] -- Up-to-date: /home/farog/ros2_ws/src/install/my_robot_bringup/share/my_robot_bringup//worlds/my_world.world
[0.244s] -- Up-to-date: /home/farog/ros2_ws/src/install/my_robot_bringup/share/ament_index/resource_index/package_run_dependencies/my_robot_bringup
[0.244s] -- Installing: /home/farog/ros2_ws/src/install/my_robot_bringup/share/ament_index/resource_index/parent_prefix_path/my_robot_bringup
[0.244s] -- Up-to-date: /home/farog/ros2_ws/src/install/my_robot_bringup/share/my_robot_bringup/environment/ament_prefix_path.sh
[0.244s] -- Installing: /home/farog/ros2_ws/src/install/my_robot_bringup/share/my_robot_bringup/environment/ament_prefix_path.dsv
[0.245s] -- Up-to-date: /home/farog/ros2_ws/src/install/my_robot_bringup/share/my_robot_bringup/environment/path.sh
[0.245s] -- Installing: /home/farog/ros2_ws/src/install/my_robot_bringup/share/my_robot_bringup/environment/path.dsv
[0.246s] -- Up-to-date: /home/farog/ros2_ws/src/install/my_robot_bringup/share/my_robot_bringup/local_setup.bash
[0.246s] -- Up-to-date: /home/farog/ros2_ws/src/install/my_robot_bringup/share/my_robot_bringup/local_setup.sh
[0.246s] -- Up-to-date: /home/farog/ros2_ws/src/install/my_robot_bringup/share/my_robot_bringup/local_setup.zsh
[0.246s] -- Installing: /home/farog/ros2_ws/src/install/my_robot_bringup/share/my_robot_bringup/local_setup.dsv
[0.247s] -- Installing: /home/farog/ros2_ws/src/install/my_robot_bringup/share/my_robot_bringup/package.dsv
[0.247s] -- Up-to-date: /home/farog/ros2_ws/src/install/my_robot_bringup/share/ament_index/resource_index/packages/my_robot_bringup
[0.247s] -- Up-to-date: /home/farog/ros2_ws/src/install/my_robot_bringup/share/my_robot_bringup/cmake/my_robot_bringupConfig.cmake
[0.247s] -- Up-to-date: /home/farog/ros2_ws/src/install/my_robot_bringup/share/my_robot_bringup/cmake/my_robot_bringupConfig-version.cmake
[0.247s] -- Installing: /home/farog/ros2_ws/src/install/my_robot_bringup/share/my_robot_bringup/package.xml
[0.250s] Invoked command in '/home/farog/ros2_ws/src/build/my_robot_bringup' returned '0': AMENT_PREFIX_PATH=/home/farog/ros2_ws/src/install/my_robot_description:${AMENT_PREFIX_PATH} CMAKE_PREFIX_PATH=/home/farog/ros2_ws/src/install/my_robot_description:/home/farog/ros2_ws/install/turtlebot3_simulations:/home/farog/ros2_ws/install/turtlebot3_gazebo:/home/farog/ros2_ws/install/turtlebot3_fake_node:/home/farog/ros2_ws/install/my_robot_bringup:/home/farog/ros2_ws/install/my_robot_description:/opt/ros/humble /usr/bin/cmake --install /home/farog/ros2_ws/src/build/my_robot_bringup
