[0.020s] Invoking command in '/home/farog/ros2_ws/src/build/my_robot_bringup': AMENT_PREFIX_PATH=/home/farog/ros2_ws/src/install/my_robot_description:${AMENT_PREFIX_PATH} CMAKE_PREFIX_PATH=/home/farog/ros2_ws/src/install/my_robot_description:/home/farog/ros2_ws/install/my_robot_description:/opt/ros/humble /usr/bin/cmake /home/farog/ros2_ws/src/my_robot_bringup -DCMAKE_INSTALL_PREFIX=/home/farog/ros2_ws/src/install/my_robot_bringup
[0.108s] -- The C compiler identification is GNU 11.4.0
[0.179s] -- The CXX compiler identification is GNU 11.4.0
[0.186s] -- Detecting C compiler ABI info
[0.268s] -- Detecting C compiler ABI info - done
[0.279s] -- Check for working C compiler: /usr/bin/cc - skipped
[0.279s] -- Detecting C compile features
[0.279s] -- Detecting C compile features - done
[0.284s] -- Detecting CXX compiler ABI info
[0.359s] -- Detecting CXX compiler ABI info - done
[0.382s] -- Check for working CXX compiler: /usr/bin/c++ - skipped
[0.382s] -- Detecting CXX compile features
[0.383s] -- Detecting CXX compile features - done
[0.390s] -- Found ament_cmake: 1.3.5 (/opt/ros/humble/share/ament_cmake/cmake)
[0.497s] -- Found Python3: /usr/bin/python3.10 (found version "3.10.12") found components: Interpreter 
[0.551s] [31mCMake Error at CMakeLists.txt:11 (install):
[0.551s]   install DIRECTORY given non-directory "launch" to install.
[0.551s] 
[0.551s] [0m
[0.601s] -- Configuring incomplete, errors occurred!
[0.601s] See also "/home/farog/ros2_ws/src/build/my_robot_bringup/CMakeFiles/CMakeOutput.log".
[0.605s] Invoked command in '/home/farog/ros2_ws/src/build/my_robot_bringup' returned '1': AMENT_PREFIX_PATH=/home/farog/ros2_ws/src/install/my_robot_description:${AMENT_PREFIX_PATH} CMAKE_PREFIX_PATH=/home/farog/ros2_ws/src/install/my_robot_description:/home/farog/ros2_ws/install/my_robot_description:/opt/ros/humble /usr/bin/cmake /home/farog/ros2_ws/src/my_robot_bringup -DCMAKE_INSTALL_PREFIX=/home/farog/ros2_ws/src/install/my_robot_bringup
