[0.039s] Invoking command in '/home/farog/ros2_ws/src/build/my_robot_bringup': AMENT_PREFIX_PATH=/home/farog/ros2_ws/src/install/my_robot_description:${AMENT_PREFIX_PATH} CMAKE_PREFIX_PATH=/home/farog/ros2_ws/src/install/my_robot_description:/home/farog/ros2_ws/install/turtlebot3_simulations:/home/farog/ros2_ws/install/turtlebot3_gazebo:/home/farog/ros2_ws/install/turtlebot3_fake_node:/home/farog/ros2_ws/install/my_robot_bringup:/home/farog/ros2_ws/install/my_robot_description:/opt/ros/humble /usr/bin/cmake --build /home/farog/ros2_ws/src/build/my_robot_bringup -- -j20 -l20
[0.055s] -- Found ament_cmake: 1.3.5 (/opt/ros/humble/share/ament_cmake/cmake)
[0.195s] -- Configuring done
[0.206s] -- Generating done
[0.210s] -- Build files have been written to: /home/farog/ros2_ws/src/build/my_robot_bringup
[0.222s] Invoked command in '/home/farog/ros2_ws/src/build/my_robot_bringup' returned '0': AMENT_PREFIX_PATH=/home/farog/ros2_ws/src/install/my_robot_description:${AMENT_PREFIX_PATH} CMAKE_PREFIX_PATH=/home/farog/ros2_ws/src/install/my_robot_description:/home/farog/ros2_ws/install/turtlebot3_simulations:/home/farog/ros2_ws/install/turtlebot3_gazebo:/home/farog/ros2_ws/install/turtlebot3_fake_node:/home/farog/ros2_ws/install/my_robot_bringup:/home/farog/ros2_ws/install/my_robot_description:/opt/ros/humble /usr/bin/cmake --build /home/farog/ros2_ws/src/build/my_robot_bringup -- -j20 -l20
[0.241s] Invoking command in '/home/farog/ros2_ws/src/build/my_robot_bringup': AMENT_PREFIX_PATH=/home/farog/ros2_ws/src/install/my_robot_description:${AMENT_PREFIX_PATH} CMAKE_PREFIX_PATH=/home/farog/ros2_ws/src/install/my_robot_description:/home/farog/ros2_ws/install/turtlebot3_simulations:/home/farog/ros2_ws/install/turtlebot3_gazebo:/home/farog/ros2_ws/install/turtlebot3_fake_node:/home/farog/ros2_ws/install/my_robot_bringup:/home/farog/ros2_ws/install/my_robot_description:/opt/ros/humble /usr/bin/cmake --install /home/farog/ros2_ws/src/build/my_robot_bringup
[0.249s] -- Install configuration: ""
[0.249s] -- Up-to-date: /home/farog/ros2_ws/src/install/my_robot_bringup/share/my_robot_bringup//launch
[0.249s] -- Installing: /home/farog/ros2_ws/src/install/my_robot_bringup/share/my_robot_bringup//launch/my_robot_gazebo.launch.xml
[0.250s] -- Up-to-date: /home/farog/ros2_ws/src/install/my_robot_bringup/share/my_robot_bringup//rviz
[0.251s] -- Up-to-date: /home/farog/ros2_ws/src/install/my_robot_bringup/share/my_robot_bringup//rviz/urdf_config.rviz
[0.251s] -- Up-to-date: /home/farog/ros2_ws/src/install/my_robot_bringup/share/my_robot_bringup//worlds
[0.251s] -- Up-to-date: /home/farog/ros2_ws/src/install/my_robot_bringup/share/my_robot_bringup//worlds/house.world
[0.251s] -- Installing: /home/farog/ros2_ws/src/install/my_robot_bringup/share/my_robot_bringup//worlds/desert.world
[0.254s] -- Up-to-date: /home/farog/ros2_ws/src/install/my_robot_bringup/share/my_robot_bringup//worlds/my_world.world
[0.255s] [31mCMake Error at cmake_install.cmake:46 (file):
[0.255s]   file INSTALL cannot find "/home/farog/ros2_ws/src/my_robot_bringup/config":
[0.255s]   No such file or directory.
[0.255s] 
[0.255s] [0m
[0.256s] Invoked command in '/home/farog/ros2_ws/src/build/my_robot_bringup' returned '1': AMENT_PREFIX_PATH=/home/farog/ros2_ws/src/install/my_robot_description:${AMENT_PREFIX_PATH} CMAKE_PREFIX_PATH=/home/farog/ros2_ws/src/install/my_robot_description:/home/farog/ros2_ws/install/turtlebot3_simulations:/home/farog/ros2_ws/install/turtlebot3_gazebo:/home/farog/ros2_ws/install/turtlebot3_fake_node:/home/farog/ros2_ws/install/my_robot_bringup:/home/farog/ros2_ws/install/my_robot_description:/opt/ros/humble /usr/bin/cmake --install /home/farog/ros2_ws/src/build/my_robot_bringup
