[0.014s] Invoking command in '/home/farog/ros2_ws/src/build/my_robot_bringup': AMENT_PREFIX_PATH=/home/farog/ros2_ws/src/install/my_robot_description:${AMENT_PREFIX_PATH} CMAKE_PREFIX_PATH=/home/farog/ros2_ws/src/install/my_robot_description:/home/farog/ros2_ws/install/my_robot_bringup:/home/farog/ros2_ws/install/my_robot_description:/opt/ros/humble /usr/bin/cmake /home/farog/ros2_ws/src/my_robot_bringup -DCMAKE_INSTALL_PREFIX=/home/farog/ros2_ws/src/install/my_robot_bringup
[0.064s] -- Found ament_cmake: 1.3.5 (/opt/ros/humble/share/ament_cmake/cmake)
[0.351s] -- Configuring done
[0.365s] -- Generating done
[0.372s] -- Build files have been written to: /home/farog/ros2_ws/src/build/my_robot_bringup
[0.375s] Invoked command in '/home/farog/ros2_ws/src/build/my_robot_bringup' returned '0': AMENT_PREFIX_PATH=/home/farog/ros2_ws/src/install/my_robot_description:${AMENT_PREFIX_PATH} CMAKE_PREFIX_PATH=/home/farog/ros2_ws/src/install/my_robot_description:/home/farog/ros2_ws/install/my_robot_bringup:/home/farog/ros2_ws/install/my_robot_description:/opt/ros/humble /usr/bin/cmake /home/farog/ros2_ws/src/my_robot_bringup -DCMAKE_INSTALL_PREFIX=/home/farog/ros2_ws/src/install/my_robot_bringup
[0.379s] Invoking command in '/home/farog/ros2_ws/src/build/my_robot_bringup': AMENT_PREFIX_PATH=/home/farog/ros2_ws/src/install/my_robot_description:${AMENT_PREFIX_PATH} CMAKE_PREFIX_PATH=/home/farog/ros2_ws/src/install/my_robot_description:/home/farog/ros2_ws/install/my_robot_bringup:/home/farog/ros2_ws/install/my_robot_description:/opt/ros/humble /usr/bin/cmake --build /home/farog/ros2_ws/src/build/my_robot_bringup -- -j20 -l20
[0.417s] Invoked command in '/home/farog/ros2_ws/src/build/my_robot_bringup' returned '0': AMENT_PREFIX_PATH=/home/farog/ros2_ws/src/install/my_robot_description:${AMENT_PREFIX_PATH} CMAKE_PREFIX_PATH=/home/farog/ros2_ws/src/install/my_robot_description:/home/farog/ros2_ws/install/my_robot_bringup:/home/farog/ros2_ws/install/my_robot_description:/opt/ros/humble /usr/bin/cmake --build /home/farog/ros2_ws/src/build/my_robot_bringup -- -j20 -l20
[0.450s] Invoking command in '/home/farog/ros2_ws/src/build/my_robot_bringup': AMENT_PREFIX_PATH=/home/farog/ros2_ws/src/install/my_robot_description:${AMENT_PREFIX_PATH} CMAKE_PREFIX_PATH=/home/farog/ros2_ws/src/install/my_robot_description:/home/farog/ros2_ws/install/my_robot_bringup:/home/farog/ros2_ws/install/my_robot_description:/opt/ros/humble /usr/bin/cmake --install /home/farog/ros2_ws/src/build/my_robot_bringup
[0.462s] -- Install configuration: ""
[0.462s] -- Installing: /home/farog/ros2_ws/src/install/my_robot_bringup/share/my_robot_bringup//launch
[0.462s] -- Installing: /home/farog/ros2_ws/src/install/my_robot_bringup/share/my_robot_bringup//launch/my_robot_gazebo.launch.xml
[0.462s] -- Installing: /home/farog/ros2_ws/src/install/my_robot_bringup/share/my_robot_bringup//rviz
[0.463s] -- Installing: /home/farog/ros2_ws/src/install/my_robot_bringup/share/my_robot_bringup//rviz/urdf_config.rviz
[0.464s] -- Installing: /home/farog/ros2_ws/src/install/my_robot_bringup/share/ament_index/resource_index/package_run_dependencies/my_robot_bringup
[0.465s] -- Installing: /home/farog/ros2_ws/src/install/my_robot_bringup/share/ament_index/resource_index/parent_prefix_path/my_robot_bringup
[0.466s] -- Installing: /home/farog/ros2_ws/src/install/my_robot_bringup/share/my_robot_bringup/environment/ament_prefix_path.sh
[0.477s] -- Installing: /home/farog/ros2_ws/src/install/my_robot_bringup/share/my_robot_bringup/environment/ament_prefix_path.dsv
[0.478s] -- Installing: /home/farog/ros2_ws/src/install/my_robot_bringup/share/my_robot_bringup/environment/path.sh
[0.479s] -- Installing: /home/farog/ros2_ws/src/install/my_robot_bringup/share/my_robot_bringup/environment/path.dsv
[0.481s] -- Installing: /home/farog/ros2_ws/src/install/my_robot_bringup/share/my_robot_bringup/local_setup.bash
[0.483s] -- Installing: /home/farog/ros2_ws/src/install/my_robot_bringup/share/my_robot_bringup/local_setup.sh
[0.489s] -- Installing: /home/farog/ros2_ws/src/install/my_robot_bringup/share/my_robot_bringup/local_setup.zsh
[0.493s] -- Installing: /home/farog/ros2_ws/src/install/my_robot_bringup/share/my_robot_bringup/local_setup.dsv
[0.495s] -- Installing: /home/farog/ros2_ws/src/install/my_robot_bringup/share/my_robot_bringup/package.dsv
[0.497s] -- Installing: /home/farog/ros2_ws/src/install/my_robot_bringup/share/ament_index/resource_index/packages/my_robot_bringup
[0.497s] -- Installing: /home/farog/ros2_ws/src/install/my_robot_bringup/share/my_robot_bringup/cmake/my_robot_bringupConfig.cmake
[0.499s] -- Installing: /home/farog/ros2_ws/src/install/my_robot_bringup/share/my_robot_bringup/cmake/my_robot_bringupConfig-version.cmake
[0.501s] -- Installing: /home/farog/ros2_ws/src/install/my_robot_bringup/share/my_robot_bringup/package.xml
[0.507s] Invoked command in '/home/farog/ros2_ws/src/build/my_robot_bringup' returned '0': AMENT_PREFIX_PATH=/home/farog/ros2_ws/src/install/my_robot_description:${AMENT_PREFIX_PATH} CMAKE_PREFIX_PATH=/home/farog/ros2_ws/src/install/my_robot_description:/home/farog/ros2_ws/install/my_robot_bringup:/home/farog/ros2_ws/install/my_robot_description:/opt/ros/humble /usr/bin/cmake --install /home/farog/ros2_ws/src/build/my_robot_bringup
