[0.017s] Invoking command in '/home/farog/ros2_ws/build/my_robot_bringup': CMAKE_PREFIX_PATH=/home/farog/ros2_ws/install/my_robot_description:/home/farog/ros2_ws/install/turtlebot3_simulations:/home/farog/ros2_ws/install/turtlebot3_gazebo:/home/farog/ros2_ws/install/turtlebot3_fake_node:/home/farog/ros2_ws/install/my_robot_bringup:/opt/ros/humble /usr/bin/cmake --build /home/farog/ros2_ws/build/my_robot_bringup -- -j20 -l20
[0.036s] -- Found ament_cmake: 1.3.5 (/opt/ros/humble/share/ament_cmake/cmake)
[0.191s] -- Configuring done
[0.211s] -- Generating done
[0.219s] -- Build files have been written to: /home/farog/ros2_ws/build/my_robot_bringup
[0.239s] Invoked command in '/home/farog/ros2_ws/build/my_robot_bringup' returned '0': CMAKE_PREFIX_PATH=/home/farog/ros2_ws/install/my_robot_description:/home/farog/ros2_ws/install/turtlebot3_simulations:/home/farog/ros2_ws/install/turtlebot3_gazebo:/home/farog/ros2_ws/install/turtlebot3_fake_node:/home/farog/ros2_ws/install/my_robot_bringup:/opt/ros/humble /usr/bin/cmake --build /home/farog/ros2_ws/build/my_robot_bringup -- -j20 -l20
[0.298s] Invoking command in '/home/farog/ros2_ws/build/my_robot_bringup': CMAKE_PREFIX_PATH=/home/farog/ros2_ws/install/my_robot_description:/home/farog/ros2_ws/install/turtlebot3_simulations:/home/farog/ros2_ws/install/turtlebot3_gazebo:/home/farog/ros2_ws/install/turtlebot3_fake_node:/home/farog/ros2_ws/install/my_robot_bringup:/opt/ros/humble /usr/bin/cmake --install /home/farog/ros2_ws/build/my_robot_bringup
[0.318s] -- Install configuration: ""
[0.318s] -- Up-to-date: /home/farog/ros2_ws/install/my_robot_bringup/share/my_robot_bringup//launch
[0.318s] -- Up-to-date: /home/farog/ros2_ws/install/my_robot_bringup/share/my_robot_bringup//launch/my_robot_gazebo.launch.xml
[0.318s] -- Up-to-date: /home/farog/ros2_ws/install/my_robot_bringup/share/my_robot_bringup//rviz
[0.319s] -- Up-to-date: /home/farog/ros2_ws/install/my_robot_bringup/share/my_robot_bringup//rviz/urdf_config.rviz
[0.319s] -- Up-to-date: /home/farog/ros2_ws/install/my_robot_bringup/share/my_robot_bringup//worlds
[0.319s] -- Up-to-date: /home/farog/ros2_ws/install/my_robot_bringup/share/my_robot_bringup//worlds/house.world
[0.319s] -- Up-to-date: /home/farog/ros2_ws/install/my_robot_bringup/share/my_robot_bringup//worlds/desert.world
[0.320s] -- Up-to-date: /home/farog/ros2_ws/install/my_robot_bringup/share/my_robot_bringup//worlds/my_world.world
[0.320s] -- Installing: /home/farog/ros2_ws/install/my_robot_bringup/share/my_robot_bringup//src
[0.320s] -- Installing: /home/farog/ros2_ws/install/my_robot_bringup/share/my_robot_bringup//src/ObstacleAvoider.hpp
[0.321s] -- Installing: /home/farog/ros2_ws/install/my_robot_bringup/share/my_robot_bringup//src/ObstacleAvoider.cpp
[0.324s] -- Up-to-date: /home/farog/ros2_ws/install/my_robot_bringup/share/ament_index/resource_index/package_run_dependencies/my_robot_bringup
[0.324s] -- Installing: /home/farog/ros2_ws/install/my_robot_bringup/share/ament_index/resource_index/parent_prefix_path/my_robot_bringup
[0.327s] -- Up-to-date: /home/farog/ros2_ws/install/my_robot_bringup/share/my_robot_bringup/environment/ament_prefix_path.sh
[0.327s] -- Installing: /home/farog/ros2_ws/install/my_robot_bringup/share/my_robot_bringup/environment/ament_prefix_path.dsv
[0.329s] -- Up-to-date: /home/farog/ros2_ws/install/my_robot_bringup/share/my_robot_bringup/environment/path.sh
[0.329s] -- Installing: /home/farog/ros2_ws/install/my_robot_bringup/share/my_robot_bringup/environment/path.dsv
[0.331s] -- Up-to-date: /home/farog/ros2_ws/install/my_robot_bringup/share/my_robot_bringup/local_setup.bash
[0.332s] -- Up-to-date: /home/farog/ros2_ws/install/my_robot_bringup/share/my_robot_bringup/local_setup.sh
[0.332s] -- Up-to-date: /home/farog/ros2_ws/install/my_robot_bringup/share/my_robot_bringup/local_setup.zsh
[0.332s] -- Installing: /home/farog/ros2_ws/install/my_robot_bringup/share/my_robot_bringup/local_setup.dsv
[0.334s] -- Installing: /home/farog/ros2_ws/install/my_robot_bringup/share/my_robot_bringup/package.dsv
[0.336s] -- Up-to-date: /home/farog/ros2_ws/install/my_robot_bringup/share/ament_index/resource_index/packages/my_robot_bringup
[0.336s] -- Up-to-date: /home/farog/ros2_ws/install/my_robot_bringup/share/my_robot_bringup/cmake/my_robot_bringupConfig.cmake
[0.336s] -- Up-to-date: /home/farog/ros2_ws/install/my_robot_bringup/share/my_robot_bringup/cmake/my_robot_bringupConfig-version.cmake
[0.336s] -- Up-to-date: /home/farog/ros2_ws/install/my_robot_bringup/share/my_robot_bringup/package.xml
[0.341s] Invoked command in '/home/farog/ros2_ws/build/my_robot_bringup' returned '0': CMAKE_PREFIX_PATH=/home/farog/ros2_ws/install/my_robot_description:/home/farog/ros2_ws/install/turtlebot3_simulations:/home/farog/ros2_ws/install/turtlebot3_gazebo:/home/farog/ros2_ws/install/turtlebot3_fake_node:/home/farog/ros2_ws/install/my_robot_bringup:/opt/ros/humble /usr/bin/cmake --install /home/farog/ros2_ws/build/my_robot_bringup
