[0.034s] Invoking command in '/home/farog/ros2_ws/build/car_gazebo_plugin': CMAKE_PREFIX_PATH=${CMAKE_PREFIX_PATH}:/opt/ros/humble /usr/bin/cmake --build /home/farog/ros2_ws/build/car_gazebo_plugin -- -j20 -l20
[0.049s] [33mCMake Warning (dev) at /usr/share/cmake-3.22/Modules/FindPackageHandleStandardArgs.cmake:438 (message):
[0.049s]   The package name passed to `find_package_handle_standard_args` (PkgConfig)
[0.049s]   does not match the name of the calling package (gazebo).  This can lead to
[0.049s]   problems in calling code that expects `find_package` result variables
[0.050s]   (e.g., `_FOUND`) to follow a certain pattern.
[0.050s] Call Stack (most recent call first):
[0.050s]   /usr/share/cmake-3.22/Modules/FindPkgConfig.cmake:99 (find_package_handle_standard_args)
[0.050s]   /usr/lib/x86_64-linux-gnu/cmake/gazebo/gazebo-config.cmake:72 (include)
[0.050s]   CMakeLists.txt:9 (find_package)
[0.050s] This warning is for project developers.  Use -Wno-dev to suppress it.
[0.050s] [0m
[0.062s] -- Found DART: /usr/include (Required is at least version "6.6") found components: dart 
[0.079s] -- Found Protobuf: /usr/lib/x86_64-linux-gnu/libprotobuf.so (found version "3.12.4") 
[0.079s] -- Looking for ignition-math6 -- found version 6.15.0
[0.082s] -- Searching for dependencies of ignition-math6
[0.082s] -- Looking for OGRE...
[0.086s] -- Found Ogre Ghadamon (1.9.0)
[0.086s] -- Found OGRE: optimized;/usr/lib/x86_64-linux-gnu/libOgreMain.so;debug;/usr/lib/x86_64-linux-gnu/libOgreMain.so
[0.091s] -- Looking for OGRE_Paging...
[0.092s] -- Found OGRE_Paging: optimized;/usr/lib/x86_64-linux-gnu/libOgrePaging.so;debug;/usr/lib/x86_64-linux-gnu/libOgrePaging.so
[0.092s] -- Looking for OGRE_Terrain...
[0.092s] -- Found OGRE_Terrain: optimized;/usr/lib/x86_64-linux-gnu/libOgreTerrain.so;debug;/usr/lib/x86_64-linux-gnu/libOgreTerrain.so
[0.092s] -- Looking for OGRE_Property...
[0.092s] -- Found OGRE_Property: optimized;/usr/lib/x86_64-linux-gnu/libOgreProperty.so;debug;/usr/lib/x86_64-linux-gnu/libOgreProperty.so
[0.092s] -- Looking for OGRE_RTShaderSystem...
[0.092s] -- Found OGRE_RTShaderSystem: optimized;/usr/lib/x86_64-linux-gnu/libOgreRTShaderSystem.so;debug;/usr/lib/x86_64-linux-gnu/libOgreRTShaderSystem.so
[0.092s] -- Looking for OGRE_Volume...
[0.092s] -- Found OGRE_Volume: optimized;/usr/lib/x86_64-linux-gnu/libOgreVolume.so;debug;/usr/lib/x86_64-linux-gnu/libOgreVolume.so
[0.092s] -- Looking for OGRE_Overlay...
[0.092s] -- Found OGRE_Overlay: optimized;/usr/lib/x86_64-linux-gnu/libOgreOverlay.so;debug;/usr/lib/x86_64-linux-gnu/libOgreOverlay.so
[0.155s] -- Looking for ignition-math6 -- found version 6.15.0
[0.155s] -- Looking for ignition-transport8 -- found version 8.2.1
[0.155s] -- Searching for dependencies of ignition-transport8
[0.165s] -- Found Protobuf: /usr/lib/x86_64-linux-gnu/libprotobuf.so (found suitable version "3.12.4", minimum required is "3") 
[0.171s] -- Config-file not installed for ZeroMQ -- checking for pkg-config
[0.173s] -- Checking for module 'libzmq >= 4'
[0.179s] --   Found libzmq , version 4.3.4
[0.198s] -- Checking for module 'uuid'
[0.205s] --   Found uuid, version 2.37.2
[0.223s] -- Looking for ignition-msgs5 -- found version 5.8.1
[0.223s] -- Searching for dependencies of ignition-msgs5
[0.234s] -- Looking for ignition-math6 -- found version 6.15.0
[0.236s] -- Checking for module 'tinyxml2'
[0.242s] --   Found tinyxml2, version 9.0.0
[0.256s] -- Looking for ignition-msgs5 -- found version 5.8.1
[0.256s] -- Looking for ignition-common3 -- found version 3.14.0
[0.256s] -- Searching for dependencies of ignition-common3
[0.256s] -- Looking for dlfcn.h - found
[0.256s] -- Looking for libdl - found
[0.262s] -- Searching for <ignition-common3> component [graphics]
[0.262s] -- Looking for ignition-common3-graphics -- found version 3.14.0
[0.263s] -- Searching for dependencies of ignition-common3-graphics
[0.263s] -- Looking for ignition-math6 -- found version 6.15.0
[0.263s] -- Looking for ignition-fuel_tools4 -- found version 4.4.0
[0.264s] -- Searching for dependencies of ignition-fuel_tools4
[0.283s] -- Checking for module 'jsoncpp'
[0.289s] --   Found jsoncpp, version 1.9.5
[0.309s] -- Checking for module 'libzip'
[0.320s] --   Found libzip, version 1.7.3
[0.367s] -- Looking for ignition-common3 -- found version 3.14.0
[0.368s] -- Looking for ignition-math6 -- found version 6.15.0
[0.368s] -- Looking for ignition-msgs5 -- found version 5.8.1
[0.370s] -- Found gazebo_ros: 3.7.0 (/opt/ros/humble/share/gazebo_ros/cmake)
[0.486s] -- Found rosidl_generator_c: 3.1.5 (/opt/ros/humble/share/rosidl_generator_c/cmake)
[0.487s] -- Found rosidl_adapter: 3.1.5 (/opt/ros/humble/share/rosidl_adapter/cmake)
[0.490s] -- Found rosidl_generator_cpp: 3.1.5 (/opt/ros/humble/share/rosidl_generator_cpp/cmake)
[0.496s] -- Using all available rosidl_typesupport_c: rosidl_typesupport_fastrtps_c;rosidl_typesupport_introspection_c
[0.504s] -- Using all available rosidl_typesupport_cpp: rosidl_typesupport_fastrtps_cpp;rosidl_typesupport_introspection_cpp
[0.534s] -- Found rmw_implementation_cmake: 6.1.1 (/opt/ros/humble/share/rmw_implementation_cmake/cmake)
[0.534s] -- Found rmw_cyclonedds_cpp: 1.3.4 (/opt/ros/humble/share/rmw_cyclonedds_cpp/cmake)
[0.549s] -- Using RMW implementation 'rmw_cyclonedds_cpp' as default
[0.633s] -- Gazebo version: 11.10
[0.638s] -- Found gazebo_ros_pkgs: 3.7.0 (/opt/ros/humble/share/gazebo_ros_pkgs/cmake)
[0.638s] -- Found sensor_msgs: 4.2.3 (/opt/ros/humble/share/sensor_msgs/cmake)
[0.703s] -- Found nav_msgs: 4.2.3 (/opt/ros/humble/share/nav_msgs/cmake)
[0.747s] -- Found ackermann_msgs: 2.0.2 (/opt/ros/humble/share/ackermann_msgs/cmake)
[0.769s] -- Found tf2: 0.25.4 (/opt/ros/humble/share/tf2/cmake)
[0.773s] -- Found tf2_ros: 0.25.4 (/opt/ros/humble/share/tf2_ros/cmake)
[0.942s] [31mCMake Error at CMakeLists.txt:29 (add_executable):
[0.942s]   add_executable cannot create target "car_gazebo_plugin" because another
[0.942s]   target with the same name already exists.  The existing target is an
[0.942s]   executable created in source directory
[0.942s]   "/home/farog/ros2_ws/src/car_gazebo_plugin".  See documentation for policy
[0.942s]   CMP0002 for more details.
[0.942s] 
[0.942s] [0m
[0.955s] -- Found ament_lint_auto: 0.12.8 (/opt/ros/humble/share/ament_lint_auto/cmake)
[0.990s] -- Added test 'cppcheck' to perform static code analysis on C / C++ code
[0.990s] -- Configured cppcheck include dirs: $<BUILD_INTERFACE:/home/farog/ros2_ws/src/car_gazebo_plugin/include>
[0.990s] -- Configured cppcheck exclude dirs and/or files: 
[0.991s] -- Added test 'cpplint' to check C / C++ code against the Google style
[0.991s] -- Configured cpplint exclude dirs and/or files: 
[0.991s] -- Added test 'lint_cmake' to check CMake code style
[0.991s] -- Added test 'uncrustify' to check C / C++ code style
[0.992s] -- Configured uncrustify additional arguments: 
[0.992s] -- Added test 'xmllint' to check XML markup files
[0.992s] -- Configuring incomplete, errors occurred!
[0.992s] See also "/home/farog/ros2_ws/build/car_gazebo_plugin/CMakeFiles/CMakeOutput.log".
[0.998s] gmake: *** [Makefile:267: cmake_check_build_system] Error 1
[1.000s] Invoked command in '/home/farog/ros2_ws/build/car_gazebo_plugin' returned '2': CMAKE_PREFIX_PATH=${CMAKE_PREFIX_PATH}:/opt/ros/humble /usr/bin/cmake --build /home/farog/ros2_ws/build/car_gazebo_plugin -- -j20 -l20
